          0.713006        0.00378308
          0.443236         0.0026908
          0.379433        0.00264697
          0.303602        0.00243869
          0.395653        0.00252895
          0.327077        0.00239247
          0.280308        0.00228479
          0.147306        0.00232809
          0.147647        0.00176729
          0.223731        0.00197168
          0.150193        0.00179779
          0.164524        0.00170748
         0.0668842        0.00183994
          0.283696        0.00185168
          0.184999        0.00193684
          0.146696        0.00180146
        -0.0653627        0.00144144
         0.0425261        0.00163124
         0.0425261        0.00163124
           0.10249         0.0020912
          0.336882        0.00226913
         0.0863494         0.0017549
          0.124233        0.00194199
       0.000604494        0.00188752
        -0.0485451        0.00150021
         -0.196477        0.00126589
         -0.233758        0.00107683
         -0.246859       0.000958687
         -0.142332        0.00123005
         -0.259043       0.000934836
         -0.326185       0.000842824
         -0.293239       0.000830814
         -0.294769        0.00077992
         -0.226689        0.00117412
         -0.218613        0.00104068
         -0.218613        0.00104068
         -0.195888        0.00124405
        -0.0533488        0.00182659
         -0.175939        0.00112901
         -0.246179        0.00100002
         -0.190763       0.000960102
         -0.164116        0.00161339
         -0.202957        0.00111784
        -0.0320156        0.00158429
         -0.196468        0.00124168
         -0.229531        0.00108857
         -0.185791        0.00114269
         -0.188536        0.00105674
         -0.160265        0.00110737
         -0.055058        0.00129534
         -0.199092        0.00104192
         -0.299878       0.000823045
         -0.161987        0.00126981
          0.048974        0.00153311
          0.143534        0.00178571
          0.218964           0.00201
          0.319061        0.00187747
          0.378128        0.00172527
          0.469824        0.00206995
          0.644056        0.00237615
          0.648151        0.00227636
          0.763586        0.00254952
          0.763586        0.00254952
          0.763586        0.00254952
          0.788291        0.00310602
          0.844408        0.00324176
           1.16496        0.00345663
           1.08443        0.00272131
           1.08893        0.00344697
           0.69103         0.0026313
          0.373107        0.00224083
          0.215781        0.00167568
          0.205062        0.00174197
         0.0771058        0.00145637
         -0.101301        0.00133421
         -0.221344        0.00085817
         -0.341652       0.000575731
         -0.369437       0.000566522
         -0.419557       0.000367521
         -0.417065       0.000413517
         -0.440001       0.000312087
         -0.431975       0.000301257
         -0.442295       0.000317407
         -0.404343       0.000533445
         -0.398691       0.000437832
         -0.411981       0.000424895
         -0.431181       0.000360935
         -0.416883       0.000382568
         -0.425426        0.00040407
         -0.424502       0.000456611
         -0.427817       0.000376386
         -0.411702       0.000473355
         -0.439012       0.000267098
         -0.433542       0.000246527
         -0.428634       0.000280146
          -0.43971       0.000281925
         -0.442113        0.00028137
         -0.438377       0.000267986
         -0.440324       0.000237433
         -0.443905       0.000235187
         -0.442816       0.000239088
         -0.438113        0.00031552
         -0.420065       0.000338184
         -0.413677       0.000463228
         -0.434946       0.000321107
         -0.437279       0.000349252
         -0.407508        0.00046694
         -0.399878        0.00049325
         -0.351919       0.000700312
         -0.395817       0.000447189
         -0.386069       0.000439687
         -0.412934       0.000446497
         -0.377529       0.000543305
         -0.414847       0.000443142
          -0.42347       0.000315891
         -0.434844       0.000325622
         -0.376784       0.000434959
         -0.407629       0.000318636
         -0.364204       0.000399286
         -0.404402       0.000381293
         -0.337597       0.000582159
          -0.35842       0.000619559
         -0.297063       0.000704514
         -0.300778       0.000777063
         -0.215731       0.000905944
         -0.109069        0.00108463
         -0.174475        0.00108504
          0.032158         0.0015803
         0.0973083        0.00147355
         0.0405959        0.00156865
        -0.0138607        0.00146995
        -0.0409007        0.00151397
        0.00945586        0.00158044
        -0.0612477        0.00123644
         0.0214699        0.00123902
         0.0899917         0.0012558
         0.0562978        0.00137894
          0.187258        0.00160009
          0.184957        0.00155402
          0.206976        0.00153802
           0.18634        0.00172928
           0.18634        0.00172928
          0.350245        0.00225162
          0.142341        0.00158996
        -0.0680586        0.00138748
         -0.130124        0.00125416
         -0.223486       0.000881381
         -0.215648        0.00104412
         -0.233044        0.00093548
         -0.246122       0.000876834
         -0.193858       0.000783182
         -0.202376        0.00103783
         -0.289165       0.000907158
          -0.28194       0.000707464
         -0.238971        0.00082107
         -0.219347       0.000884091
         -0.327473         0.0006977
         -0.374353       0.000776233
         -0.332804       0.000642951
         -0.350589       0.000580049
         -0.365839       0.000627541
         -0.351216       0.000589668
         -0.271191       0.000867112
         -0.230146       0.000890738
         -0.279942       0.000804256
         -0.309463       0.000762357
         -0.278142       0.000871031
         -0.347568       0.000645128
         -0.322891       0.000800636
         -0.388124       0.000576225
         -0.393498       0.000505041
         -0.367381       0.000551467
         -0.287133       0.000804522
         -0.275396       0.000940039
         -0.283733       0.000903177
         -0.275575       0.000868403
         -0.299329       0.000854752
         -0.264774       0.000880806
         -0.343171       0.000657513
         -0.378658        0.00052054
          -0.34906       0.000584956
         -0.309399       0.000602092
         -0.350574       0.000437132
         -0.388974       0.000398474
         -0.369459       0.000401815
         -0.417334       0.000422501
         -0.427693       0.000366039
         -0.440467       0.000302613
         -0.432224       0.000327088
         -0.377717       0.000560367
         -0.386173       0.000538954
         -0.383378       0.000546448
         -0.284664       0.000843746
         -0.284664       0.000843746
          -0.32036       0.000671648
         -0.186205        0.00103395
         -0.282786        0.00085596
         -0.291005       0.000727974
         -0.298918       0.000825248
         -0.370233       0.000551635
         -0.347172       0.000613784
         -0.414582       0.000347452
         -0.380217       0.000531416
         -0.331923        0.00066651
         -0.313194       0.000805521
         -0.364916       0.000549879
         -0.346918       0.000615683
         -0.354125       0.000631933
         -0.310021       0.000873797
         -0.175086        0.00091065
         -0.263065       0.000818295
          -0.21248       0.000893291
         -0.208513        0.00101857
         -0.204955       0.000970578
         0.0219918        0.00145529
          0.146278        0.00156659
          0.099478        0.00168099
          0.099478        0.00168099
         0.0580986        0.00134367
         -0.146008        0.00111003
         -0.294561       0.000777893
         -0.364706       0.000557718
         -0.316982       0.000683761
         -0.350655       0.000491926
         -0.350655       0.000491926
         -0.359728       0.000372002
         -0.412639        0.00035352
         -0.418306       0.000373069
         -0.441279       0.000277257
         -0.430686       0.000317806
         -0.443665       0.000294662
         -0.438529       0.000317082
         -0.441055       0.000285114
         -0.399217       0.000487749
         -0.415535       0.000417055
         -0.340366       0.000683228
         -0.402742       0.000500978
         -0.340943        0.00075301
         -0.406839       0.000436916
         -0.368341       0.000649897
         -0.239111       0.000916309
        -0.0571067        0.00133272
        -0.0715395        0.00133484
         -0.159495        0.00108936
         -0.240105       0.000929602
        -0.0315737        0.00148608
        -0.0251373        0.00129583
         -0.160542       0.000966328
        -0.0652232        0.00104969
        -0.0615831         0.0013036
        -0.0337482        0.00138508
         -0.200724       0.000911313
         -0.263599       0.000748019
         -0.286427       0.000596007
         -0.268747       0.000625757
         -0.163892       0.000726355
         0.0030914        0.00117776
          0.122937        0.00141842
          0.104001        0.00146146
          0.172334        0.00131278
          0.222335        0.00140167
        -0.0170076        0.00113809
          0.264772        0.00148729
          0.301558        0.00161446
          0.301558        0.00161446
          0.552152        0.00198964
          0.390532        0.00174175
         0.0815592        0.00134328
         -0.052027        0.00107747
         -0.151093       0.000845876
         -0.191889       0.000614053
         -0.126138       0.000834413
         -0.121999        0.00062216
         -0.112318       0.000470213
         -0.132317       0.000570471
         -0.133226       0.000584585
           -0.2074       0.000574235
          -0.21072       0.000685735
         -0.172186        0.00073501
         -0.172186        0.00073501
         -0.214756         0.0008239
         -0.249407       0.000694213
         -0.315315       0.000671866
         -0.315315       0.000671866
         -0.304101       0.000608276
          -0.26379        0.00056775
          -0.23041       0.000806899
         -0.314493       0.000625362
         -0.282817       0.000693237
         -0.264775       0.000728379
         -0.280865       0.000853848
         -0.329008       0.000662309
         -0.254769       0.000899914
         -0.137814        0.00120505
        -0.0592475        0.00163821
            0.0485        0.00185769
         0.0348497        0.00158307
        -0.0556433        0.00161409
         -0.133953        0.00118594
         -0.207484        0.00118997
         -0.176796        0.00127095
         -0.094957        0.00167167
         -0.101286         0.0016776
          -0.18343        0.00133142
         -0.213454        0.00110153
         -0.184345        0.00137418
         -0.169312        0.00106988
         -0.172844         0.0012317
         -0.172844         0.0012317
         -0.172844         0.0012317
         -0.101703        0.00144193
        -0.0844058        0.00149347
         -0.068842        0.00154366
         0.0219692        0.00186878
         0.0570995        0.00213657
         0.0406272        0.00201401
        -0.0305676         0.0016351
        -0.0305676         0.0016351
          -0.09845        0.00154608
        -0.0674736        0.00179736
         -0.143978        0.00139106
         -0.170512        0.00128356
         -0.170512        0.00128356
          -0.20396        0.00127663
         -0.254255         0.0010018
           -0.1911        0.00130836
           -0.1911        0.00130836
          -0.28282       0.000920618
          -0.28199        0.00104181
          -0.31026       0.000953378
         -0.313518       0.000744144
         -0.193651        0.00121014
         -0.292235       0.000894181
         -0.218513        0.00122503
         -0.109998         0.0012273
         -0.075693        0.00139765
         -0.251652       0.000972525
         -0.298068       0.000817106
         -0.358589       0.000690277
         -0.352672       0.000714433
         -0.343786       0.000722657
         -0.355394       0.000613406
         -0.383309       0.000507817
         -0.397164       0.000449455
         -0.391234       0.000320628
         -0.412715        0.00029313
         -0.394538       0.000326965
         -0.425882       0.000273663
         -0.408933       0.000282655
         -0.413591       0.000351144
         -0.406066       0.000325306
         -0.375499       0.000319282
          -0.38346       0.000337965
         -0.420168       0.000285745
         -0.381836       0.000380663
          -0.34472       0.000377061
         -0.368616       0.000343033
          -0.32249       0.000443057
          -0.30718       0.000433779
         -0.351912       0.000354386
         -0.319116       0.000441585
         -0.329079       0.000418865
         -0.304877       0.000563305
          -0.28648        0.00050145
         -0.314617       0.000442111
         -0.314617       0.000442111
         -0.345761       0.000411342
         -0.342455       0.000399306
         -0.286815       0.000501825
         -0.333682       0.000442118
         -0.304231       0.000458409
         -0.325784        0.00046868
         -0.284263       0.000721595
         -0.225607        0.00059632
         -0.122881       0.000959843
        -0.0748299        0.00101829
         -0.169055       0.000715446
         -0.276928       0.000577309
         -0.311574       0.000439336
         -0.299936        0.00046762
         -0.307508       0.000471653
         -0.342606       0.000412979
          -0.35441       0.000423907
         -0.349567       0.000484966
         -0.341552       0.000538456
         -0.360577       0.000587714
         -0.347542       0.000543687
         -0.322815       0.000543866
         -0.326657       0.000460597
         -0.345279       0.000428447
         -0.355387       0.000402236
         -0.387954       0.000316862
         -0.413202       0.000310261
         -0.395179        0.00046674
         -0.395179        0.00046674
          -0.36596       0.000474192
         -0.335003       0.000709895
         -0.315785       0.000790076
         -0.259642        0.00106712
         -0.250442        0.00112587
         -0.194517        0.00129016
         -0.235998        0.00107353
         -0.130111        0.00146417
        -0.0323498        0.00156192
        -0.0839589        0.00165301
         -0.157958        0.00128186
         -0.134108         0.0013023
        -0.0996409        0.00144637
        -0.0971661        0.00136863
         -0.149879        0.00142965
         -0.197282        0.00126792
        -0.0817987        0.00150913
        -0.0465551        0.00180985
        0.00373814        0.00153542
        -0.0891777        0.00162179
          0.104803        0.00194994
          0.268988        0.00236944
          0.172113        0.00200049
          0.194154        0.00221284
          0.252403        0.00238927
          0.306598        0.00227489
          0.282941        0.00218773
          0.282941        0.00218773
          0.191572        0.00220444
          0.212425        0.00206625
            0.1139         0.0021097
          0.257837        0.00276377
          0.207413         0.0022265
          0.207413         0.0022265
          0.129071        0.00269184
         0.0343533         0.0018442
        -0.0733964        0.00169063
         -0.148842        0.00139726
         0.0163885         0.0018588
        -0.0294895        0.00168583
        -0.0235519        0.00158973
         0.0208619        0.00209911
          -0.12749        0.00138582
        -0.0940691         0.0016401
        -0.0940691         0.0016401
        -0.0624736         0.0014056
        -0.0624736         0.0014056
        -0.0624736         0.0014056
         -0.119614        0.00128293
         -0.150822        0.00131636
         -0.143505        0.00123095
        -0.0878065        0.00159163
         -0.149983        0.00121142
         -0.158894        0.00144245
         -0.112137        0.00131425
         0.0489313          0.001925
          0.135845        0.00206026
          0.169382        0.00218911
         0.0614629        0.00187876
       -0.00809227        0.00152164
          -0.03061        0.00151472
          -0.03061        0.00151472
         -0.170968        0.00116853
         -0.246617       0.000968645
         -0.183037       0.000877206
         -0.127505        0.00094987
        -0.0725835        0.00115826
        -0.0725835        0.00115826
         -0.022254        0.00121319
         0.0696397        0.00114032
        -0.0356949       0.000987749
         -0.059035       0.000923185
         0.0300819       0.000953233
         0.0370168       0.000957592
          0.136881        0.00129493
       -0.00274169       0.000923466
        -0.0306307       0.000867643
         -0.118101       0.000853594
         -0.145284        0.00109415
         -0.166796       0.000846681
         -0.196952       0.000750874
         -0.171685       0.000544607
         -0.160846       0.000517503
         -0.246345       0.000547693
         -0.169656       0.000694787
         -0.070025       0.000929726
        -0.0986433       0.000666769
        -0.0566014        0.00101238
       -0.00390405        0.00104072
       -0.00559635        0.00109318
         -0.102729        0.00119065
        -0.0755602       0.000863572
        -0.0122794       0.000816078
         0.0577738        0.00107322
         0.0577738        0.00107322
         -0.047998       0.000725753
         -0.042282       0.000744116
         -0.109777       0.000698524
         -0.109777       0.000698524
         -0.176798       0.000826042
         -0.140447       0.000733298
        -0.0727605       0.000749274
         0.0333302        0.00095942
        0.00366288        0.00103262
        -0.0843223       0.000964777
       -0.00891219         0.0010856
        -0.0236482        0.00102446
        0.00157741        0.00106023
        0.00157741        0.00106023
         0.0962847       0.000970092
         0.0962847       0.000970092
         0.0962847       0.000970092
        -0.0479406        0.00064929
         0.0431396       0.000799106
         0.0525225       0.000788644
         0.0809562       0.000767037
         0.0851465       0.000740152
          0.213899       0.000724601
          0.216557       0.000958545
         0.0970221       0.000985437
         0.0970221       0.000985437
          0.053382       0.000707562
         0.0906996       0.000835701
          0.178732       0.000781122
          0.178732       0.000781122
          0.178732       0.000781122
          0.178732       0.000781122
          0.300209       0.000687335
          0.315402       0.000680882
          0.319571       0.000854146
          0.319571       0.000854146
          0.229419       0.000697383
          0.250679       0.000750217
          0.216538       0.000605006
          0.354305       0.000763259
          0.213696       0.000691301
          0.163495       0.000626717
          0.247263       0.000729378
          0.226113       0.000721044
          0.100554       0.000744573
         0.0733276       0.000925009
         0.0144927       0.000755334
         0.0144927       0.000755334
       -0.00790431       0.000875217
        -0.0175686       0.000891146
         -0.106284       0.000777732
         -0.106284       0.000777732
        -0.0476161        0.00101316
         0.0222469        0.00124052
          0.157626        0.00131155
         0.0285904        0.00104577
         0.0285904        0.00104577
         0.0347227       0.000966632
        -0.0376796       0.000679909
         -0.120051       0.000574403
         -0.128243       0.000570297
         -0.080631       0.000526812
        -0.0154776       0.000595522
        -0.0106675       0.000705729
        -0.0304149       0.000825285
        -0.0304149       0.000825285
        -0.0205739        0.00087383
        -0.0930286       0.000520253
         -0.134904       0.000562175
          -0.20825       0.000485292
          -0.20825       0.000485292
         -0.212792       0.000737628
         -0.167679       0.000784781
         -0.166316       0.000647254
         -0.164892       0.000771735
         -0.117223       0.000780323
         -0.230004       0.000618977
          -0.22568       0.000646915
         -0.246645       0.000586565
         -0.246645       0.000586565
         -0.281051       0.000692701
         -0.259939        0.00067458
         -0.259939        0.00067458
         -0.320471       0.000673987
         -0.374668       0.000503041
         -0.389867       0.000383329
         -0.342988       0.000394938
         -0.371135       0.000449202
         -0.328355       0.000559023
         -0.328355       0.000559023
          -0.31082        0.00053168
         -0.243521       0.000662419
         -0.168168       0.000841362
         -0.275058       0.000494195
         -0.368653       0.000419073
         -0.358946       0.000410786
         -0.367716       0.000520649
         -0.236812       0.000807727
          -0.23146       0.000824785
         -0.276691       0.000875545
        -0.0541838        0.00129905
         -0.269694       0.000905925
          -0.17489        0.00113857
        0.00362957        0.00132556
             0.103        0.00167903
          0.120307        0.00167193
         0.0640845          0.001361
         0.0640845          0.001361
         0.0640845          0.001361
          -0.20699        0.00108889
         0.0376059        0.00152143
        0.00518104        0.00160121
          0.178363        0.00153752
          0.178363        0.00153752
        -0.0480742        0.00141832
         -0.212283       0.000920351
         -0.322566       0.000636837
         -0.339227       0.000518798
           -0.2682       0.000704549
         -0.301347        0.00067165
         -0.185077       0.000964922
         -0.264228        0.00071738
         -0.264228        0.00071738
         -0.294571       0.000536271
         -0.328282       0.000461249
         -0.285594        0.00056586
         -0.245173       0.000537402
         -0.177005       0.000617003
         -0.177005       0.000617003
          -0.15731        0.00073334
         -0.146926        0.00071766
         -0.218507       0.000718996
         -0.306178       0.000532716
         -0.352388       0.000391624
          -0.30331       0.000525392
         -0.311111       0.000484992
         -0.325551       0.000365169
         -0.326958       0.000398372
         -0.332122       0.000395486
         -0.332122       0.000395486
         -0.364578       0.000388526
         -0.345552       0.000356173
         -0.330246       0.000456643
         -0.303271       0.000582836
         -0.306007       0.000434296
         -0.269763       0.000557057
         -0.240454       0.000543051
         -0.240454       0.000543051
          -0.17513       0.000639301
         -0.162201       0.000708513
         -0.202808       0.000664765
          -0.16557       0.000767431
         -0.163125       0.000773363
         -0.153875       0.000628243
         -0.178147       0.000647551
         -0.178147       0.000647551
           -0.1493       0.000710588
         -0.138001       0.000775469
         -0.138001       0.000775469
         -0.152219       0.000681063
         -0.152363       0.000726379
         -0.173276        0.00072211
         -0.191537       0.000687308
         -0.172102       0.000738251
         -0.175996       0.000793039
         -0.170162       0.000707783
         -0.187258       0.000687252
         -0.180178       0.000732113
         -0.201146        0.00078787
           -0.1864       0.000780042
         -0.177833       0.000648199
         -0.219508       0.000678993
         -0.178302       0.000750644
         -0.191568       0.000748389
         -0.164614       0.000699277
         -0.160723       0.000669766
         -0.182006       0.000742604
          -0.12428        0.00076916
         -0.105178       0.000762797
         -0.110927        0.00083075
         -0.123845       0.000807508
         -0.110934       0.000795856
        -0.0746616       0.000827212
         -0.123499       0.000792157
         -0.167014       0.000752213
         -0.180055       0.000649581
         -0.215687       0.000687508
         -0.241352       0.000753514
         -0.226011       0.000674835
         -0.206602       0.000714597
         -0.182614       0.000718382
         -0.155244       0.000662657
         -0.186565       0.000691437
         -0.149861       0.000828271
         -0.191368       0.000709032
         -0.173375       0.000750222
         -0.165679       0.000697243
         -0.207442       0.000755687
         -0.230072       0.000731097
         -0.246929       0.000764636
          -0.24926       0.000759036
         -0.248395       0.000846302
         -0.241895       0.000914576
         -0.245984       0.000887426
         -0.244208       0.000878864
          -0.25093       0.000769208
         -0.249066       0.000687284
         -0.235662       0.000672569
         -0.212442       0.000630629
         -0.216756       0.000691981
         -0.238593       0.000734035
          -0.23455       0.000702614
         -0.210615       0.000637189
         -0.190556       0.000753529
         -0.207591       0.000806524
         -0.188248       0.000774718
         -0.219305       0.000572994
         -0.197301        0.00074086
         -0.215237       0.000826779
         -0.201041       0.000734663
         -0.210841       0.000665317
         -0.219747        0.00065036
         -0.246481       0.000759306
          -0.24967       0.000806687
         -0.244637       0.000710665
         -0.250711       0.000727233
         -0.247869        0.00077668
         -0.242929       0.000779907
         -0.219597       0.000658158
         -0.188183       0.000749792
         -0.202175       0.000728562
         -0.177591       0.000758783
         -0.186659       0.000726161
         -0.160859       0.000818721
         -0.148371       0.000731677
         -0.182699       0.000791009
         -0.202783       0.000666578
          -0.23383       0.000645494
          -0.23383       0.000645494
          -0.23983       0.000761292
         -0.235896       0.000749481
          -0.24573       0.000766397
         -0.250817       0.000714222
         -0.240771       0.000730622
         -0.222319       0.000749825
          -0.23971       0.000690603
         -0.247501       0.000746925
         -0.230707       0.000665749
         -0.203192       0.000660829
         -0.206701       0.000667658
            -0.217        0.00072996
         -0.222591       0.000715006
         -0.224691       0.000707896
         -0.218857       0.000651427
         -0.246873       0.000672173
         -0.247364       0.000669195
          -0.23729       0.000805515
         -0.233253       0.000706807
         -0.207929       0.000707341
         -0.219458       0.000652985
         -0.223833       0.000791436
         -0.236181       0.000611776
         -0.248035       0.000787617
         -0.232541       0.000727372
         -0.218846       0.000653287
         -0.205349       0.000747726
         -0.205349       0.000747726
         -0.232975       0.000722185
         -0.212412       0.000725518
         -0.216312       0.000705181
         -0.187292       0.000687007
         -0.205438       0.000760785
         -0.181468       0.000794578
         -0.153637       0.000720702
          -0.10607       0.000702745
        -0.0894221       0.000780745
         -0.102219       0.000819412
        -0.0963577       0.000858642
        -0.0997794       0.000864921
        -0.0842099       0.000849485
         -0.135878       0.000799424
         -0.185356       0.000605505
         -0.210996       0.000760434
         -0.200257       0.000725577
         -0.200257       0.000725577
         -0.213345       0.000703748
         -0.196774       0.000807823
         -0.168307       0.000782664
         -0.168307       0.000782664
         -0.174538       0.000756167
         -0.122295       0.000712546
         -0.172497       0.000771324
         -0.135371       0.000726574
         -0.177493       0.000704419
         -0.182408        0.00071991
         -0.152981       0.000791692
         -0.119406       0.000759729
           -0.1584       0.000742613
         -0.195586       0.000625019
         -0.130738       0.000869454
         -0.138326       0.000718863
         -0.126299         0.0008055
         -0.122425       0.000814577
         -0.122425       0.000814577
         -0.157178       0.000723646
         -0.190195       0.000784971
         -0.224782       0.000722769
         -0.244812       0.000721298
         -0.244262        0.00070182
         -0.228497       0.000796444
         -0.244761       0.000705348
         -0.249432       0.000807202
         -0.235532       0.000789798
         -0.250176       0.000753849
         -0.247944        0.00090439
         -0.251761       0.000767001
         -0.248111       0.000917849
         -0.252314       0.000788651
         -0.251111       0.000814834
         -0.247424       0.000854875
          -0.24979       0.000879483
         -0.252474       0.000805325
         -0.250014       0.000755612
          -0.24926       0.000783414
         -0.250651       0.000741169
         -0.248708       0.000749613
         -0.250004       0.000725779
         -0.250074       0.000853684
         -0.250893       0.000750203
         -0.250671       0.000814621
         -0.237902       0.000655256
         -0.248235       0.000750595
         -0.249596       0.000893092
         -0.250217       0.000785604
         -0.250207       0.000765484
         -0.247722       0.000787068
         -0.243098       0.000837554
         -0.246955       0.000958858
         -0.224853       0.000962351
         -0.225629        0.00108513
         -0.239625        0.00096082
         -0.250821       0.000827354
         -0.236035       0.000956057
         -0.236284        0.00092881
          -0.23151        0.00102176
         -0.217292        0.00109691
         -0.201907        0.00121898
         -0.210864        0.00117249
         -0.227035        0.00100237
          -0.18754        0.00135505
         -0.200286        0.00120341
         -0.198269        0.00135269
         -0.174646        0.00137574
         -0.110253        0.00160831
         -0.127846        0.00169829
        -0.0999603        0.00161761
         -0.080513         0.0018189
         -0.166827        0.00140552
         -0.191287        0.00133594
         -0.210809        0.00113452
         -0.203893        0.00139612
         -0.209967        0.00126854
         -0.209967        0.00126854
         -0.158188        0.00138716
         -0.206328        0.00110156
         -0.214592        0.00116697
         -0.214592        0.00116697
         -0.211108        0.00115812
         -0.193439        0.00122855
         -0.211489        0.00129913
         -0.240803       0.000892026
          -0.24185       0.000941113
          -0.24185       0.000941113
         -0.246973       0.000841691
         -0.254648       0.000965979
         -0.247092       0.000808777
         -0.250599        0.00085295
         -0.249433        0.00073613
         -0.246863       0.000657877
         -0.252663       0.000700793
         -0.254361       0.000698053
         -0.230891       0.000716779
         -0.246841       0.000795521
         -0.239985       0.000617827
         -0.245318       0.000700265
         -0.251813       0.000801565
         -0.251297       0.000843389
         -0.251297       0.000843389
         -0.250535       0.000856062
         -0.248736       0.000891051
         -0.242855       0.000942371
         -0.254065       0.000797327
          -0.24354       0.000869729
         -0.244833       0.000736911
         -0.235588       0.000967092
         -0.248971       0.000961121
         -0.245191       0.000777714
         -0.234076        0.00100583
         -0.216961        0.00123917
          -0.24292       0.000851156
         -0.251896       0.000763942
         -0.251896       0.000763942
         -0.252991       0.000758163
         -0.247888       0.000842294
         -0.255002        0.00070919
         -0.257185       0.000847325
         -0.259689       0.000745778
         -0.254523       0.000641713
         -0.254791        0.00068353
         -0.240372         0.0007815
         -0.248686       0.000734157
         -0.253103       0.000751856
         -0.258113        0.00072675
         -0.263961       0.000629087
         -0.265235       0.000706927
         -0.280935       0.000660665
         -0.283466       0.000641704
         -0.272291       0.000646432
         -0.272291       0.000646432
         -0.272291       0.000646432
         -0.289393       0.000580451
         -0.304516       0.000634217
         -0.311219       0.000682992
         -0.308903       0.000665091
         -0.293373       0.000593817
         -0.287968       0.000555144
         -0.301218       0.000589511
         -0.281058       0.000529614
         -0.305508       0.000525592
         -0.335421        0.00047078
         -0.337832       0.000533805
         -0.337832       0.000533805
         -0.341998       0.000575817
         -0.359313         0.0005812
         -0.359313         0.0005812
          -0.34697        0.00072194
         -0.342341       0.000778385
         -0.319784       0.000773865
         -0.382542       0.000468049
         -0.379625       0.000541563
         -0.371932       0.000579065
         -0.332799       0.000726885
          -0.34128       0.000614108
          -0.33873       0.000466447
          -0.33873       0.000466447
          -0.34891       0.000604834
         -0.366898       0.000427888
         -0.396849       0.000320804
         -0.417648       0.000286741
         -0.416594       0.000310051
         -0.424725       0.000352688
          -0.42334       0.000333698
         -0.403789       0.000366317
         -0.396096       0.000495202
         -0.387948       0.000449612
         -0.352916       0.000640953
         -0.336974       0.000790756
         -0.383743        0.00052855
         -0.383743        0.00052855
         -0.398855       0.000607388
         -0.372915       0.000653059
         -0.352943       0.000630564
         -0.374076       0.000535305
          -0.38736       0.000567874
          -0.40522       0.000480236
         -0.403424       0.000463826
         -0.423434       0.000390511
         -0.433849       0.000324418
         -0.422724       0.000347158
         -0.400081       0.000464427
          -0.34966       0.000787396
          -0.35631       0.000676738
         -0.367774       0.000657572
         -0.370578       0.000597193
         -0.373427       0.000563223
         -0.384279       0.000434082
         -0.376046        0.00056148
          -0.38496       0.000459602
         -0.422583       0.000381468
         -0.422583       0.000381468
         -0.398477       0.000566739
         -0.365067         0.0007075
         -0.405256       0.000434525
         -0.408022       0.000312764
         -0.389194       0.000323828
         -0.401987       0.000285655
         -0.407408       0.000304854
         -0.417008       0.000320681
         -0.402675       0.000352937
         -0.426447       0.000326374
         -0.433024       0.000220137
         -0.409503       0.000276429
         -0.415825       0.000319581
         -0.401674       0.000427199
          -0.43151       0.000316502
         -0.420048       0.000398625
         -0.426899       0.000286715
         -0.435219       0.000313421
         -0.441742       0.000288514
         -0.434923       0.000220392
         -0.442761       0.000292609
         -0.438475        0.00027161
         -0.438475        0.00027161
         -0.433511       0.000322049
         -0.431306       0.000346447
         -0.431306       0.000346447
         -0.382673       0.000605235
         -0.424274       0.000361953
         -0.401056       0.000417899
         -0.401056       0.000417899
         -0.400901       0.000474125
         -0.400901       0.000474125
         -0.410696       0.000393738
         -0.410696       0.000393738
         -0.383484       0.000456926
         -0.345025       0.000551928
         -0.345025       0.000551928
         -0.345025       0.000551928
         -0.345025       0.000551928
         -0.394598       0.000463049
         -0.394598       0.000463049
         -0.393434       0.000371584
         -0.384512       0.000430429
         -0.376543       0.000355625
          -0.28333       0.000476396
          -0.28333       0.000476396
         -0.291214       0.000520076
         -0.286829       0.000466331
         -0.331086       0.000473635
         -0.314922       0.000417874
         -0.376431       0.000395429
         -0.420799       0.000307226
         -0.418658       0.000422793
           -0.3912       0.000589223
         -0.372645       0.000643798
         -0.318567       0.000731709
         -0.353076       0.000671603
         -0.398544       0.000463398
          -0.36811       0.000634365
         -0.427949       0.000392238
         -0.421374       0.000456952
         -0.432547       0.000374586
         -0.430006       0.000323899
         -0.440579       0.000273516
         -0.424744       0.000419694
          -0.44309       0.000296234
         -0.436163       0.000323866
         -0.397057        0.00051708
         -0.314375       0.000720704
         -0.356548       0.000669214
         -0.356548       0.000669214
         -0.331065       0.000811798
         -0.243981       0.000948304
         -0.260702       0.000811514
         -0.373242       0.000597663
         -0.432406       0.000306044
          -0.40227       0.000490144
          -0.40227       0.000490144
         -0.439712       0.000317304
         -0.441782       0.000253796
         -0.427451       0.000247801
         -0.397841       0.000277326
         -0.375468       0.000340184
         -0.386611       0.000375084
         -0.372906       0.000371051
         -0.398608       0.000303057
         -0.410811       0.000347076
         -0.429136       0.000362231
         -0.433639       0.000323625
         -0.429461        0.00031896
         -0.437073       0.000283957
         -0.411376       0.000458849
         -0.411376       0.000458849
         -0.381891       0.000578604
         -0.382426       0.000584912
         -0.407834       0.000454957
         -0.376454       0.000581119
         -0.359666       0.000546727
         -0.368279       0.000469062
         -0.347318       0.000517376
         -0.342085       0.000592431
         -0.326093       0.000510978
         -0.325287       0.000630322
         -0.315076       0.000685177
         -0.315076       0.000685177
         -0.320292        0.00064787
         -0.341102       0.000622809
         -0.365092       0.000419262
         -0.355461       0.000595086
         -0.331071       0.000703145
         -0.306153       0.000769906
         -0.340775       0.000656867
         -0.340775       0.000656867
         -0.331343       0.000608114
         -0.331343       0.000608114
         -0.330433       0.000588576
         -0.330433       0.000588576
         -0.318648       0.000705043
         -0.312957        0.00077116
         -0.292987       0.000920875
         -0.300207       0.000709072
         -0.322888       0.000748502
         -0.310907       0.000818657
         -0.291891       0.000634281
         -0.308026       0.000737958
         -0.295379       0.000793948
          -0.32325       0.000697826
         -0.290264       0.000884637
         -0.287814       0.000826953
         -0.292223       0.000840936
         -0.239112        0.00120013
         -0.281102        0.00103949
         -0.261681        0.00109618
         -0.242027        0.00107523
         -0.208329        0.00116299
         -0.238287        0.00110822
          -0.25372        0.00087314
           -0.2775       0.000830369
         -0.269433       0.000835133
         -0.261601       0.000771525
         -0.230027        0.00109453
         -0.257231       0.000880001
         -0.270977       0.000894819
         -0.279987       0.000708822
         -0.289832        0.00062913
         -0.289832        0.00062913
         -0.297943       0.000539182
         -0.314966       0.000542676
         -0.325604        0.00058961
         -0.309613       0.000440372
         -0.300403       0.000582055
         -0.311638       0.000460174
         -0.287966       0.000594633
          -0.29546       0.000561178
         -0.296737       0.000638514
         -0.278069       0.000742175
         -0.279242         0.0007258
         -0.293628       0.000580985
         -0.278398       0.000566316
         -0.271964       0.000666424
         -0.255401       0.000646924
         -0.226707       0.000540171
         -0.260478       0.000615724
         -0.256733       0.000626881
         -0.262397       0.000564649
         -0.283046       0.000609812
         -0.256409       0.000685408
         -0.284809       0.000595966
          -0.30376       0.000576204
         -0.288097       0.000603104
         -0.275307       0.000609988
          -0.26893       0.000558257
         -0.254762       0.000696273
         -0.256168       0.000669309
         -0.256168       0.000669309
         -0.269996       0.000577392
         -0.276183       0.000634442
         -0.280734       0.000589754
          -0.29424       0.000514635
         -0.321484       0.000517608
         -0.293549       0.000550632
         -0.260704       0.000583945
         -0.271312       0.000547178
         -0.298403       0.000522912
         -0.308706       0.000530282
         -0.306466        0.00058371
         -0.306466        0.00058371
         -0.264385       0.000616072
         -0.242064       0.000572231
         -0.240068       0.000661681
         -0.282763       0.000520762
         -0.303415       0.000476439
         -0.315729       0.000530032
         -0.319545        0.00051781
         -0.314139       0.000538782
         -0.299272       0.000544182
         -0.315071       0.000514836
         -0.334378       0.000458333
          -0.32384       0.000504337
         -0.291114       0.000638912
          -0.26923       0.000589928
         -0.304021        0.00051133
         -0.306671       0.000557125
         -0.315408       0.000539645
          -0.32579        0.00056542
         -0.327882       0.000525171
         -0.349884       0.000508161
         -0.349884       0.000508161
         -0.329864        0.00041069
         -0.290004        0.00054026
         -0.320992         0.0004644
         -0.288795       0.000564605
         -0.242692       0.000575634
         -0.209627       0.000622308
         -0.227479       0.000542611
          -0.22169       0.000590586
         -0.290013        0.00048263
         -0.290013        0.00048263
         -0.292942       0.000536683
         -0.311585       0.000498146
         -0.324022        0.00055044
         -0.327331       0.000503433
         -0.330853       0.000474605
         -0.333851       0.000439496
         -0.347909         0.0004691
         -0.335183        0.00064759
         -0.351253       0.000509141
         -0.351253       0.000509141
          -0.35005       0.000439189
         -0.363388       0.000395519
         -0.392329       0.000364351
         -0.420472       0.000342876
         -0.426795       0.000264387
         -0.426795       0.000264387
         -0.426921       0.000370861
         -0.426921       0.000370861
         -0.417245       0.000335262
         -0.436151       0.000332313
          -0.43661       0.000302763
         -0.425652       0.000282706
         -0.388675       0.000422571
         -0.415699       0.000327257
         -0.395996       0.000515938
         -0.395996       0.000515938
         -0.400087       0.000453097
         -0.413465       0.000396482
         -0.396365       0.000464626
         -0.406849       0.000435452
         -0.396047       0.000490078
          -0.42153       0.000321072
         -0.416875       0.000427855
         -0.436366       0.000327525
         -0.439565       0.000303361
         -0.420956        0.00041737
         -0.408962       0.000437684
         -0.369596       0.000638019
         -0.376694       0.000615103
         -0.349985       0.000644764
          -0.38823       0.000591397
         -0.344147       0.000750853
         -0.363657       0.000655739
         -0.363657       0.000655739
          -0.41121       0.000447769
         -0.370668       0.000516313
         -0.376413       0.000618698
         -0.424252       0.000434037
          -0.39031       0.000595623
         -0.382443       0.000452253
         -0.391403       0.000499909
         -0.317809       0.000728249
         -0.245977       0.000896258
         -0.245977       0.000896258
         -0.211023       0.000971293
         -0.331335        0.00062193
         -0.341512       0.000537519
         -0.341512       0.000537519
         -0.341512       0.000537519
          -0.34847       0.000596246
         -0.323311       0.000829899
         -0.345388       0.000660614
         -0.345388       0.000660614
         -0.411451       0.000422946
         -0.387876       0.000507871
         -0.412121       0.000348872
         -0.429373       0.000311142
          -0.37683       0.000467738
         -0.401408        0.00040257
          -0.41195       0.000359912
         -0.385814       0.000370259
         -0.385814       0.000370259
         -0.368261       0.000435992
         -0.323946       0.000683153
          -0.36167       0.000423953
         -0.269356       0.000657128
         -0.269356       0.000657128
         -0.360615       0.000499034
         -0.360615       0.000499034
         -0.345929       0.000548899
         -0.358261       0.000626182
         -0.306086       0.000663833
         -0.294866       0.000755132
         -0.259956       0.000853492
         -0.259956       0.000853492
         -0.292055       0.000838041
        -0.0693464        0.00135737
          -0.25514        0.00080103
          -0.25514        0.00080103
         -0.306886       0.000711293
          -0.30782       0.000641006
         -0.390515       0.000380544
         -0.379515       0.000467364
         -0.379515       0.000467364
         -0.379515       0.000467364
         -0.393466       0.000382444
          -0.39145       0.000411572
         -0.386772       0.000427769
         -0.386772       0.000427769
         -0.351371       0.000515787
         -0.356718       0.000468837
          -0.36651       0.000442621
         -0.391217       0.000492801
         -0.382169       0.000500875
         -0.382169       0.000500875
         -0.420968       0.000378915
         -0.420968       0.000378915
          -0.43921       0.000301757
           -0.4426       0.000320955
           -0.4426       0.000320955
         -0.438204       0.000262879
         -0.437876       0.000262533
          -0.43621       0.000328982
         -0.436723       0.000260043
         -0.419926       0.000311468
         -0.401964       0.000326939
          -0.41779       0.000316838
          -0.41779       0.000316838
          -0.41779       0.000316838
         -0.400796       0.000414737
         -0.400796       0.000414737
         -0.383358       0.000369554
         -0.373497       0.000421534
         -0.426473       0.000272857
         -0.406857       0.000475694
         -0.361188       0.000487739
         -0.366706       0.000598054
         -0.410733       0.000351094
         -0.410733       0.000351094
         -0.357437       0.000659868
         -0.357437       0.000659868
         -0.328155       0.000701346
         -0.340333       0.000699997
         -0.391112       0.000432145
          -0.33752       0.000579298
          -0.33752       0.000579298
          -0.33752       0.000579298
         -0.376008         0.0006219
         -0.376008         0.0006219
         -0.399485       0.000321955
           -0.4166       0.000270958
         -0.413155       0.000370677
         -0.437231       0.000288558
         -0.437654       0.000303896
         -0.440192       0.000266417
         -0.432829       0.000335123
         -0.432829       0.000335123
         -0.432829       0.000335123
          -0.41476       0.000393945
          -0.44165       0.000268979
          -0.44051       0.000252587
         -0.439845       0.000258448
         -0.438935       0.000279288
         -0.427489       0.000299641
         -0.433694       0.000248871
         -0.436703       0.000287932
         -0.417426       0.000464871
         -0.388753       0.000592504
         -0.423287       0.000396314
         -0.392283       0.000514454
         -0.392674        0.00050033
         -0.358286       0.000637127
         -0.400864       0.000409918
         -0.405276       0.000404383
         -0.428691       0.000275284
         -0.439532       0.000320779
         -0.430367        0.00031703
         -0.429803       0.000323402
         -0.403339       0.000431052
         -0.393388       0.000557207
          -0.39276       0.000429902
          -0.39276       0.000429902
         -0.361907       0.000702988
         -0.383245        0.00059946
         -0.383245        0.00059946
         -0.416817       0.000400772
         -0.409967       0.000450975
         -0.409967       0.000450975
         -0.374059        0.00057418
         -0.377269        0.00052766
         -0.403794       0.000504392
         -0.403794       0.000504392
         -0.403794       0.000504392
         -0.403794       0.000504392
          -0.42114         0.0003957
         -0.400875       0.000538643
         -0.400875       0.000538643
          -0.38299       0.000572385
         -0.319316       0.000862587
         -0.285386       0.000945025
         -0.332169       0.000770556
          -0.34141       0.000829173
          -0.34141       0.000829173
         -0.271222        0.00105688
         -0.259955       0.000894504
         -0.281642       0.000856609
         -0.293941       0.000878033
         -0.258624       0.000997118
         -0.281776       0.000887477
         -0.235692        0.00102805
         -0.202902        0.00127014
         -0.202902        0.00127014
         -0.228214        0.00112794
         -0.224983        0.00111474
         -0.275509        0.00092907
         -0.368927       0.000709553
         -0.350355       0.000676271
         -0.350321       0.000672778
         -0.324829       0.000815272
         -0.359293       0.000642926
         -0.359293       0.000642926
         -0.367286        0.00068267
         -0.331552       0.000613102
         -0.331552       0.000613102
         -0.352176       0.000591194
         -0.352176       0.000591194
         -0.352176       0.000591194
         -0.367348        0.00063537
           -0.3381       0.000774962
         -0.344555       0.000686874
          -0.40095       0.000498469
         -0.423823       0.000428847
         -0.429958       0.000344292
         -0.417942       0.000448324
         -0.382179       0.000636077
         -0.382179       0.000636077
         -0.409322       0.000514046
         -0.394037        0.00045467
         -0.376321       0.000678558
          -0.39948       0.000536578
         -0.417865       0.000461018
         -0.389452       0.000542985
         -0.389452       0.000542985
         -0.386489       0.000556628
         -0.430828       0.000361205
         -0.414815       0.000439144
         -0.422435       0.000386873
         -0.422435       0.000386873
         -0.418555       0.000324356
         -0.398852       0.000399186
         -0.410443       0.000405136
         -0.381631       0.000377059
         -0.381631       0.000377059
         -0.412386       0.000420695
         -0.412386       0.000420695
         -0.360741       0.000491652
         -0.350927       0.000509683
         -0.339344        0.00040138
         -0.349787       0.000526489
         -0.338211       0.000430196
         -0.379005       0.000420244
         -0.409976       0.000344526
         -0.409976       0.000344526
         -0.385589        0.00040298
         -0.345035       0.000448215
         -0.345035       0.000448215
         -0.383839       0.000405982
         -0.383839       0.000405982
         -0.433869        0.00038053
          -0.44003        0.00028644
         -0.436193       0.000352492
         -0.419158       0.000435783
         -0.431399       0.000346651
          -0.44157       0.000291679
          -0.44157       0.000291679
         -0.439735       0.000328116
         -0.442622       0.000307295
         -0.435009       0.000270848
          -0.44237       0.000272643
         -0.415197       0.000412342
         -0.439433       0.000263256
          -0.42558        0.00028801
         -0.440957       0.000308714
         -0.425962       0.000244422
         -0.425378       0.000317905
         -0.430866       0.000330529
         -0.435882       0.000271073
         -0.439916       0.000286855
         -0.439916       0.000286855
         -0.439916       0.000286855
         -0.443724       0.000282244
         -0.423462       0.000392406
         -0.391444       0.000463322
         -0.347449       0.000548302
         -0.343176        0.00056411
         -0.401506       0.000390571
         -0.431724       0.000333779
         -0.408771       0.000450646
         -0.408771       0.000450646
         -0.434943       0.000353297
         -0.435817       0.000318804
         -0.425467       0.000359428
         -0.401946       0.000440592
         -0.401946       0.000440592
         -0.432624       0.000324067
         -0.436339       0.000236742
         -0.436339       0.000236742
         -0.433206       0.000335606
         -0.440109       0.000293582
         -0.432963       0.000266597
         -0.432963       0.000266597
         -0.405171       0.000295576
         -0.396353        0.00031637
         -0.378715       0.000396369
         -0.340466       0.000420722
         -0.340466       0.000420722
         -0.361806       0.000371273
         -0.331965       0.000429743
         -0.349615       0.000383373
         -0.347062        0.00040431
         -0.347062        0.00040431
         -0.335761        0.00039449
         -0.335761        0.00039449
         -0.369051       0.000421368
         -0.359091       0.000383696
         -0.359091       0.000383696
         -0.384156       0.000357375
           -0.3596       0.000420011
           -0.3596       0.000420011
          -0.36829       0.000340811
          -0.36829       0.000340811
         -0.379059       0.000319483
         -0.373121       0.000375206
         -0.405555       0.000291678
         -0.431564       0.000266941
         -0.436439       0.000273855
         -0.440912       0.000322442
         -0.440912       0.000322442
         -0.421808       0.000422417
         -0.419801       0.000434324
         -0.419801       0.000434324
         -0.427348       0.000364883
          -0.39693       0.000375026
          -0.39693       0.000375026
         -0.368516       0.000424653
         -0.368516       0.000424653
         -0.415003       0.000391989
         -0.373703       0.000427527
         -0.373703       0.000427527
         -0.410603       0.000303272
         -0.409814       0.000362242
         -0.418117       0.000388356
         -0.418117       0.000388356
         -0.436876       0.000339138
         -0.440738       0.000324161
         -0.442266       0.000310795
         -0.431524       0.000306938
         -0.436398        0.00033962
         -0.428524       0.000293761
         -0.412078       0.000364991
         -0.415269       0.000337404
         -0.412612       0.000398833
         -0.412612       0.000398833
         -0.433485       0.000319935
         -0.438078       0.000343853
          -0.44199       0.000287655
         -0.438684        0.00027573
         -0.438195       0.000277166
         -0.415699       0.000301756
         -0.389509       0.000310441
         -0.386255       0.000371274
         -0.353349       0.000482124
         -0.353349       0.000482124
         -0.353349       0.000482124
         -0.353349       0.000482124
         -0.363022       0.000403751
         -0.368896       0.000541501
         -0.399483       0.000397006
         -0.364299       0.000560337
         -0.382051        0.00039994
         -0.366573       0.000584555
         -0.392213       0.000488415
         -0.381343       0.000582201
         -0.381343       0.000582201
         -0.387146        0.00052884
          -0.41209       0.000470715
         -0.429316       0.000299393
          -0.43078       0.000323586
          -0.43976       0.000248062
         -0.441956       0.000259159
         -0.406048       0.000472879
         -0.389982       0.000451807
         -0.421307       0.000308256
         -0.421307       0.000308256
         -0.411059        0.00033082
         -0.411059        0.00033082
         -0.411059        0.00033082
         -0.352884       0.000461733
         -0.360198       0.000401004
         -0.380137       0.000432713
         -0.369062       0.000559532
         -0.380254       0.000571148
         -0.297242       0.000818027
         -0.297242       0.000818027
         -0.297242       0.000818027
          -0.34417       0.000656633
          -0.34417       0.000656633
         -0.389484       0.000369143
          -0.41228       0.000346709
         -0.415612       0.000411003
         -0.413785       0.000334902
         -0.391621       0.000333288
         -0.391621       0.000333288
         -0.391621       0.000333288
         -0.391621       0.000333288
         -0.391621       0.000333288
         -0.391621       0.000333288
         -0.383587       0.000359125
         -0.383587       0.000359125
         -0.377753       0.000394119
         -0.381562       0.000391922
         -0.355612       0.000549132
         -0.355612       0.000549132
         -0.355612       0.000549132
         -0.385065       0.000385145
         -0.425303       0.000274936
         -0.387349       0.000377534
         -0.395988       0.000385628
         -0.395988       0.000385628
         -0.418488       0.000364928
         -0.436896       0.000298634
         -0.436896       0.000298634
         -0.443251       0.000277193
         -0.443251       0.000277193
         -0.443667       0.000267255
         -0.443667       0.000267255
         -0.438927       0.000259832
         -0.440578       0.000292678
         -0.440578       0.000292678
         -0.432611       0.000339117
         -0.432611       0.000339117
         -0.442924       0.000256438
         -0.427724       0.000376434
         -0.423889       0.000369063
         -0.439302       0.000286042
         -0.439797       0.000272733
         -0.439797       0.000272733
         -0.439797       0.000272733
         -0.439797       0.000272733
           -0.4367       0.000253746
         -0.443146       0.000280096
         -0.443146       0.000280096
         -0.443146       0.000280096
         -0.443146       0.000280096
         -0.440094        0.00028553
         -0.438681       0.000303664
         -0.438681       0.000303664
         -0.437968       0.000318884
         -0.437532       0.000314764
         -0.422583       0.000364218
         -0.425617       0.000361571
         -0.425784       0.000412573
         -0.435548       0.000305422
         -0.444464        0.00025251
         -0.444464        0.00025251
          -0.44288        0.00030277
         -0.430067       0.000242686
         -0.426532       0.000384627
         -0.392625       0.000464846
         -0.427593       0.000340027
         -0.398856       0.000529524
         -0.398856       0.000529524
         -0.398856       0.000529524
         -0.435473       0.000320184
         -0.440743       0.000258948
         -0.441585       0.000290255
         -0.441585       0.000290255
         -0.435686        0.00024674
         -0.435686        0.00024674
         -0.435686        0.00024674
         -0.409975        0.00028578
         -0.409975        0.00028578
         -0.403267       0.000366709
          -0.41945       0.000302559
          -0.41945       0.000302559
         -0.390152       0.000432727
         -0.412899       0.000292881
         -0.439692       0.000260969
         -0.439692       0.000260969
         -0.439692       0.000260969
         -0.439692       0.000260969
         -0.421238       0.000306673
         -0.414169       0.000377739
         -0.404425       0.000445053
         -0.404425       0.000445053
         -0.404425       0.000445053
         -0.404425       0.000445053
         -0.416754       0.000388477
         -0.438959       0.000275764
         -0.425535       0.000373379
         -0.424614       0.000338577
         -0.426375       0.000262081
         -0.426375       0.000262081
         -0.426375       0.000262081
         -0.440497       0.000265909
          -0.43991       0.000298718
         -0.433725       0.000286274
         -0.442174       0.000246239
         -0.440692       0.000256091
         -0.430966       0.000327612
         -0.432358       0.000291172
         -0.428989       0.000293318
         -0.425027       0.000279233
         -0.425027       0.000279233
         -0.419375       0.000360609
         -0.419375       0.000360609
         -0.434175       0.000238209
         -0.428915       0.000280359
         -0.425653       0.000417566
         -0.433976       0.000296151
         -0.420089       0.000238001
         -0.429724       0.000260702
         -0.441009       0.000266579
         -0.430131       0.000346354
         -0.413825       0.000454028
         -0.413428       0.000392012
         -0.434088       0.000328724
         -0.440703       0.000269956
         -0.440703       0.000269956
         -0.435813       0.000283447
         -0.432618       0.000273169
         -0.442629       0.000288704
         -0.442629       0.000288704
         -0.442629       0.000288704
         -0.440094       0.000313891
         -0.428667       0.000314484
         -0.443511       0.000261152
         -0.443511       0.000261152
         -0.433245       0.000295443
          -0.41848       0.000349293
          -0.43406       0.000372101
         -0.396491       0.000562014
         -0.396491       0.000562014
         -0.396491       0.000562014
         -0.396491       0.000562014
         -0.421408       0.000356802
         -0.421408       0.000356802
         -0.424407       0.000303147
         -0.424407       0.000303147
         -0.424407       0.000303147
          -0.41599       0.000388477
          -0.41599       0.000388477
         -0.429331       0.000247281
         -0.429331       0.000247281
          -0.42252       0.000250031
         -0.433504       0.000270238
         -0.435896       0.000248165
          -0.43848       0.000292743
          -0.43848       0.000292743
          -0.43848       0.000292743
          -0.43848       0.000292743
          -0.43848       0.000292743
          -0.43848       0.000292743
         -0.442673        0.00028486
         -0.442673        0.00028486
         -0.441774       0.000268038
         -0.441431       0.000305308
         -0.441431       0.000305308
         -0.431808       0.000309708
         -0.438055       0.000301581
         -0.441858       0.000280272
         -0.439195       0.000343567
         -0.439195       0.000343567
         -0.438914       0.000286022
         -0.442477       0.000293197
         -0.442477       0.000293197
         -0.441508       0.000260617
         -0.441508       0.000260617
         -0.441508       0.000260617
         -0.441508       0.000260617
         -0.441508       0.000260617
         -0.441508       0.000260617
         -0.440625       0.000273205
         -0.440729       0.000308121
         -0.441027       0.000283628
         -0.440994       0.000274244
         -0.442238       0.000272295
         -0.438002       0.000310069
         -0.438002       0.000310069
         -0.422073       0.000418192
         -0.438886       0.000339647
         -0.438886       0.000339647
         -0.438886       0.000339647
         -0.438886       0.000339647
         -0.439327       0.000296022
         -0.435166       0.000285658
         -0.441294       0.000317732
         -0.434126       0.000299257
         -0.436822       0.000288555
         -0.426821        0.00028253
         -0.426821        0.00028253
         -0.426821        0.00028253
         -0.411953         0.0003312
         -0.411953         0.0003312
         -0.398897       0.000453532
         -0.398897       0.000453532
         -0.398897       0.000453532
         -0.427419       0.000393252
         -0.429575       0.000364336
         -0.434299       0.000272183
         -0.405713       0.000378457
         -0.403497       0.000321152
         -0.390168       0.000482771
         -0.432696       0.000280224
         -0.432696       0.000280224
         -0.432696       0.000280224
         -0.439535        0.00032741
         -0.439535        0.00032741
         -0.423914       0.000400889
         -0.423914       0.000400889
         -0.423914       0.000400889
         -0.436505       0.000313724
         -0.436505       0.000313724
          -0.43382        0.00037376
          -0.43382        0.00037376
         -0.443597       0.000302116
         -0.443597       0.000302116
         -0.439607       0.000316779
         -0.439607       0.000316779
         -0.430881       0.000333384
         -0.425947        0.00037798
         -0.436626       0.000304633
         -0.443772       0.000234655
         -0.431718       0.000366764
         -0.411315       0.000321067
         -0.411315       0.000321067
         -0.411315       0.000321067
         -0.411315       0.000321067
         -0.435651       0.000297098
         -0.418288       0.000267443
         -0.438912       0.000291616
         -0.435861       0.000288815
         -0.434831       0.000348786
         -0.440902       0.000299666
         -0.436934       0.000317124
         -0.435407       0.000327586
         -0.419039       0.000363339
         -0.406094       0.000497788
         -0.427657       0.000343469
         -0.426379       0.000387024
         -0.426379       0.000387024
          -0.42537       0.000312368
         -0.407262       0.000420626
         -0.380059       0.000536936
         -0.380059       0.000536936
         -0.410721       0.000331816
         -0.410721       0.000331816
         -0.416987       0.000342704
         -0.416987       0.000342704
         -0.441958       0.000288846
         -0.436498       0.000299777
         -0.440359       0.000321019
         -0.430491       0.000349912
         -0.430491       0.000349912
         -0.430491       0.000349912
         -0.430491       0.000349912
         -0.416996       0.000399611
         -0.416996       0.000399611
         -0.416996       0.000399611
         -0.409069       0.000473262
         -0.409069       0.000473262
         -0.433775       0.000352849
         -0.443264       0.000312439
         -0.439722       0.000257511
         -0.431077       0.000318675
         -0.443754       0.000294654
         -0.440509        0.00024035
         -0.423339       0.000318387
         -0.423339       0.000318387
         -0.423339       0.000318387
         -0.423339       0.000318387
         -0.423339       0.000318387
         -0.423339       0.000318387
         -0.423339       0.000318387
         -0.428306       0.000244526
         -0.428306       0.000244526
         -0.439747       0.000283585
         -0.434988       0.000262429
         -0.440343       0.000270654
         -0.440343       0.000270654
         -0.440343       0.000270654
         -0.440343       0.000270654
         -0.438636       0.000237945
         -0.438636       0.000237945
         -0.438636       0.000237945
         -0.426177        0.00026577
         -0.426177        0.00026577
         -0.431422       0.000323984
         -0.429098       0.000321055
         -0.429098       0.000321055
         -0.437967       0.000262897
         -0.437967       0.000262897
         -0.440309       0.000319564
         -0.438843       0.000342381
         -0.438843       0.000342381
         -0.420578       0.000457996
         -0.419639        0.00031385
         -0.419234       0.000432161
         -0.429939       0.000439436
         -0.434433       0.000355276
          -0.43094       0.000371628
          -0.43094       0.000371628
         -0.433752       0.000334568
         -0.438108       0.000264135
         -0.437653       0.000336533
         -0.421829       0.000311665
         -0.438955       0.000277478
         -0.434921       0.000276351
         -0.430596       0.000390552
         -0.430596       0.000390552
         -0.441472       0.000344108
         -0.441472       0.000344108
         -0.440666       0.000255362
         -0.440666       0.000255362
         -0.437933       0.000251556
         -0.433884       0.000320625
         -0.433884       0.000320625
         -0.437049       0.000305107
         -0.428047       0.000319594
         -0.428119       0.000285691
         -0.428119       0.000285691
         -0.415628        0.00030189
         -0.415628        0.00030189
         -0.428243       0.000302584
         -0.434895       0.000256529
         -0.420865       0.000394218
         -0.435953       0.000309897
         -0.435953       0.000309897
         -0.435953       0.000309897
         -0.435953       0.000309897
         -0.443003        0.00032136
         -0.443003        0.00032136
         -0.443003        0.00032136
         -0.441125       0.000285726
         -0.438801       0.000308792
         -0.419387       0.000405175
         -0.435919       0.000361172
         -0.436298       0.000355774
         -0.436989         0.0003157
         -0.429669       0.000359524
         -0.429669       0.000359524
         -0.424186        0.00039546
         -0.431092       0.000362119
         -0.443327       0.000285095
         -0.443327       0.000285095
         -0.435101       0.000344243
         -0.439664        0.00031104
         -0.441567        0.00028526
         -0.433441       0.000357996
          -0.42551       0.000376291
          -0.42551       0.000376291
         -0.416519       0.000409626
         -0.418461       0.000399919
         -0.439122       0.000292607
          -0.41704       0.000400147
         -0.417797       0.000447007
         -0.440186       0.000253338
         -0.442809       0.000290657
         -0.437253       0.000292333
         -0.422074       0.000406472
         -0.418283        0.00039224
         -0.429193       0.000329295
         -0.429193       0.000329295
         -0.429193       0.000329295
         -0.413213       0.000391985
         -0.431824       0.000328982
         -0.433303       0.000362093
         -0.433303       0.000362093
         -0.433303       0.000362093
         -0.433577       0.000350578
         -0.443966       0.000253099
          -0.41705       0.000372326
         -0.442579       0.000269432
         -0.436579        0.00031821
         -0.433975        0.00026048
         -0.438403       0.000245612
          -0.43662       0.000285005
         -0.437317       0.000393976
         -0.442438       0.000268035
         -0.424253       0.000360781
         -0.424253       0.000360781
         -0.421199       0.000442222
         -0.421199       0.000442222
         -0.421199       0.000442222
         -0.425918       0.000325154
         -0.428482       0.000408303
         -0.428482       0.000408303
         -0.434028       0.000308466
         -0.434552       0.000288903
         -0.442969       0.000328927
         -0.442465       0.000289035
         -0.442465       0.000289035
         -0.442465       0.000289035
         -0.432703       0.000338101
         -0.432703       0.000338101
         -0.432703       0.000338101
         -0.442408       0.000258472
         -0.432011       0.000350884
         -0.417254       0.000423296
         -0.423005       0.000399888
         -0.417822       0.000388897
         -0.417822       0.000388897
         -0.433332       0.000286314
         -0.433332       0.000286314
         -0.444481       0.000262188
         -0.441274       0.000308671
         -0.441274       0.000308671
          -0.44371       0.000258237
         -0.421229       0.000381903
         -0.421229       0.000381903
         -0.435261       0.000338161
         -0.435261       0.000338161
         -0.435261       0.000338161
         -0.435261       0.000338161
         -0.431235         0.0003042
         -0.430757       0.000348063
         -0.435888       0.000367584
         -0.442063       0.000307862
         -0.442063       0.000307862
         -0.442063       0.000307862
         -0.442186       0.000287981
         -0.442186       0.000287981
         -0.439649       0.000255784
         -0.434769       0.000245135
         -0.425312       0.000305797
         -0.403284        0.00045749
         -0.403284        0.00045749
         -0.403284        0.00045749
         -0.426254       0.000369649
         -0.407838       0.000440913
         -0.407838       0.000440913
         -0.415854       0.000392895
         -0.398904        0.00049966
         -0.398904        0.00049966
         -0.398904        0.00049966
         -0.398904        0.00049966
         -0.398904        0.00049966
         -0.398904        0.00049966
         -0.398904        0.00049966
         -0.387361       0.000511688
         -0.399297       0.000426847
         -0.428314       0.000361202
         -0.433413       0.000310461
         -0.441644       0.000302497
         -0.439784       0.000263095
         -0.440889       0.000273796
         -0.440889       0.000273796
         -0.440889       0.000273796
         -0.440889       0.000273796
         -0.439533       0.000284477
         -0.439533       0.000284477
         -0.439533       0.000284477
         -0.440554       0.000281621
         -0.440269       0.000289381
         -0.443953       0.000278072
         -0.439022       0.000289427
         -0.439022       0.000289427
         -0.432161       0.000377458
         -0.432161       0.000377458
         -0.432161       0.000377458
         -0.432161       0.000377458
         -0.428717       0.000341286
         -0.437092       0.000335074
          -0.41163       0.000436436
          -0.41163       0.000436436
         -0.430241       0.000346588
         -0.430241       0.000346588
         -0.430241       0.000346588
         -0.427507       0.000323328
         -0.444098       0.000292042
         -0.444098       0.000292042
         -0.444098       0.000292042
         -0.444098       0.000292042
         -0.443207       0.000303717
         -0.443207       0.000303717
         -0.443207       0.000303717
         -0.442268       0.000305367
         -0.442428         0.0003191
         -0.443584       0.000261678
         -0.443584       0.000261678
         -0.443584       0.000261678
         -0.428112       0.000306288
         -0.428112       0.000306288
         -0.441402        0.00028611
         -0.441765       0.000302588
         -0.439815       0.000259819
         -0.431772       0.000343884
         -0.437958       0.000298879
         -0.437958       0.000298879
         -0.437958       0.000298879
         -0.444598        0.00025223
         -0.444598        0.00025223
         -0.433614       0.000310443
         -0.433614       0.000310443
         -0.423975       0.000329989
         -0.428339       0.000255435
         -0.428339       0.000255435
         -0.421562       0.000412104
         -0.440389       0.000267659
         -0.440389       0.000267659
         -0.434353       0.000304933
         -0.433656       0.000340062
         -0.431073       0.000267456
         -0.439082         0.0003158
         -0.439082         0.0003158
         -0.424667       0.000278792
         -0.433787       0.000292217
         -0.433787       0.000292217
         -0.433787       0.000292217
         -0.432214       0.000242319
         -0.438363       0.000289913
         -0.439298       0.000285844
         -0.439298       0.000285844
         -0.439298       0.000285844
         -0.441618       0.000265181
         -0.436153       0.000280023
         -0.436153       0.000280023
         -0.436153       0.000280023
         -0.441175       0.000274366
         -0.444118       0.000247054
         -0.444118       0.000247054
         -0.440675         0.0002648
         -0.437395       0.000274118
         -0.425623        0.00023479
         -0.421592       0.000280788
         -0.423218       0.000298659
         -0.401634       0.000545988
         -0.401634       0.000545988
         -0.401634       0.000545988
         -0.401634       0.000545988
         -0.397984       0.000492111
         -0.405663       0.000442972
         -0.405663       0.000442972
         -0.411986       0.000399443
         -0.411545       0.000366079
         -0.411545       0.000366079
         -0.411545       0.000366079
         -0.411545       0.000366079
          -0.43261       0.000307798
         -0.438646       0.000258059
         -0.435959        0.00027862
         -0.432267       0.000328363
         -0.432267       0.000328363
         -0.432564       0.000336274
         -0.429523       0.000328722
         -0.435363         0.0002975
         -0.435363         0.0002975
          -0.41873       0.000410956
          -0.41873       0.000410956
         -0.439454       0.000290661
          -0.44379       0.000249478
         -0.436125       0.000307249
         -0.441786       0.000323816
         -0.441786       0.000323816
         -0.441786       0.000323816
         -0.441786       0.000323816
         -0.441786       0.000323816
         -0.441786       0.000323816
         -0.442202       0.000297912
         -0.443275       0.000248744
          -0.44285       0.000253969
         -0.443625        0.00027413
         -0.443625        0.00027413
         -0.443625        0.00027413
         -0.441978       0.000295322
         -0.442702       0.000244029
         -0.442702       0.000244029
         -0.442702       0.000244029
         -0.442702       0.000244029
         -0.442702       0.000244029
         -0.442702       0.000244029
         -0.442702       0.000244029
         -0.442702       0.000244029
         -0.442702       0.000244029
         -0.442702       0.000244029
         -0.442702       0.000244029
         -0.442702       0.000244029
          -0.43603       0.000287481
          -0.43603       0.000287481
         -0.442328       0.000280313
         -0.442328       0.000280313
         -0.442328       0.000280313
         -0.442328       0.000280313
         -0.442328       0.000280313
         -0.436013       0.000312582
         -0.436013       0.000312582
         -0.436013       0.000312582
         -0.436013       0.000312582
         -0.434186       0.000343222
          -0.43475       0.000321201
         -0.427767       0.000348754
         -0.436995       0.000328842
         -0.444583       0.000292818
         -0.444583       0.000292818
         -0.444583       0.000292818
         -0.444583       0.000292818
          -0.44126       0.000292844
         -0.435123       0.000310282
         -0.435123       0.000310282
         -0.426659       0.000366836
         -0.443691        0.00027221
         -0.443691        0.00027221
         -0.437976       0.000353906
         -0.436286       0.000322339
          -0.42999       0.000330645
          -0.42999       0.000330645
          -0.42999       0.000330645
          -0.42999       0.000330645
         -0.431539       0.000317202
         -0.442216       0.000326576
         -0.444061       0.000294421
         -0.444061       0.000294421
         -0.444061       0.000294421
         -0.444061       0.000294421
         -0.444061       0.000294421
         -0.444061       0.000294421
         -0.444061       0.000294421
         -0.444061       0.000294421
         -0.444061       0.000294421
         -0.439345       0.000344137
         -0.439345       0.000344137
         -0.439345       0.000344137
         -0.441639       0.000269649
         -0.441639       0.000269649
         -0.444508       0.000229344
         -0.444508       0.000229344
         -0.444508       0.000229344
         -0.444508       0.000229344
         -0.443308       0.000295355
         -0.443308       0.000295355
         -0.443308       0.000295355
         -0.443308       0.000295355
         -0.444656       0.000286348
         -0.438533       0.000315963
         -0.438533       0.000315963
         -0.433185       0.000345636
         -0.433185       0.000345636
         -0.439559        0.00030168
         -0.439559        0.00030168
         -0.434077       0.000321563
         -0.434955       0.000286258
         -0.429679         0.0003745
         -0.429679         0.0003745
         -0.429679         0.0003745
         -0.429679         0.0003745
         -0.429679         0.0003745
         -0.429679         0.0003745
         -0.429679         0.0003745
         -0.437462       0.000319042
          -0.43608       0.000331672
         -0.444174       0.000289944
         -0.444174       0.000289944
         -0.444174       0.000289944
         -0.444174       0.000289944
         -0.443553       0.000284185
         -0.443553       0.000284185
         -0.436515       0.000299453
         -0.418433       0.000422629
         -0.433129       0.000224847
         -0.440417        0.00026913
         -0.441899       0.000328862
         -0.441899       0.000328862
         -0.441899       0.000328862
         -0.441899       0.000328862
         -0.435825       0.000304261
         -0.443321        0.00033495
         -0.443321        0.00033495
         -0.440384       0.000274182
         -0.440384       0.000274182
          -0.43968       0.000254549
          -0.43234       0.000283291
         -0.425894       0.000371062
         -0.430772       0.000399705
         -0.430772       0.000399705
         -0.430772       0.000399705
         -0.430772       0.000399705
         -0.430772       0.000399705
         -0.444108       0.000263613
         -0.444108       0.000263613
         -0.444108       0.000263613
         -0.444108       0.000263613
         -0.444108       0.000263613
         -0.443805       0.000295691
         -0.443805       0.000295691
         -0.443805       0.000295691
         -0.443805       0.000295691
         -0.427645       0.000427674
         -0.416654       0.000461254
         -0.434801       0.000303335
         -0.434801       0.000303335
         -0.435559       0.000264438
         -0.435559       0.000264438
         -0.435559       0.000264438
         -0.444213       0.000289884
         -0.444213       0.000289884
         -0.444213       0.000289884
         -0.432131       0.000333333
         -0.426356       0.000338675
         -0.426356       0.000338675
         -0.441658       0.000266151
         -0.441658       0.000266151
         -0.441658       0.000266151
         -0.441658       0.000266151
         -0.443523        0.00026479
         -0.443523        0.00026479
         -0.443523        0.00026479
         -0.443523        0.00026479
         -0.443523        0.00026479
         -0.443523        0.00026479
         -0.443523        0.00026479
         -0.443523        0.00026479
         -0.438626        0.00029937
         -0.439682       0.000288377
         -0.439682       0.000288377
         -0.439682       0.000288377
         -0.442806       0.000287934
         -0.442806       0.000287934
         -0.442806       0.000287934
         -0.442806       0.000287934
         -0.442806       0.000287934
         -0.442806       0.000287934
         -0.442806       0.000287934
         -0.441295       0.000326346
         -0.443908       0.000267626
         -0.443908       0.000267626
         -0.443908       0.000267626
         -0.423228       0.000404371
         -0.423228       0.000404371
         -0.427247       0.000417242
         -0.427247       0.000417242
         -0.438547       0.000337796
         -0.438547       0.000337796
         -0.438547       0.000337796
         -0.438547       0.000337796
         -0.438547       0.000337796
         -0.438547       0.000337796
         -0.441682       0.000297109
         -0.441494       0.000335946
         -0.441494       0.000335946
         -0.441494       0.000335946
         -0.441494       0.000335946
         -0.441494       0.000335946
         -0.443221       0.000284685
         -0.443221       0.000284685
         -0.443221       0.000284685
         -0.442058       0.000305374
         -0.441458       0.000260049
         -0.438693       0.000352897
         -0.442016       0.000299403
         -0.442016       0.000299403
         -0.441634       0.000300749
         -0.443488       0.000273992
         -0.443488       0.000273992
           -0.4433       0.000253224
           -0.4433       0.000253224
           -0.4433       0.000253224
         -0.442345        0.00027682
         -0.442345        0.00027682
         -0.442345        0.00027682
         -0.437183       0.000344862
         -0.437183       0.000344862
         -0.437183       0.000344862
          -0.43883       0.000306505
          -0.43883       0.000306505
         -0.436235       0.000298705
         -0.436235       0.000298705
         -0.436235       0.000298705
         -0.427542       0.000366734
         -0.441363       0.000286436
          -0.44295       0.000293739
          -0.44295       0.000293739
         -0.443875       0.000295834
         -0.443875       0.000295834
         -0.443875       0.000295834
         -0.443875       0.000295834
         -0.443875       0.000295834
         -0.443875       0.000295834
         -0.443875       0.000295834
         -0.443875       0.000295834
         -0.438648       0.000288475
         -0.438648       0.000288475
         -0.438648       0.000288475
         -0.434303       0.000290863
         -0.434303       0.000290863
         -0.434303       0.000290863
         -0.434187       0.000310046
         -0.434187       0.000310046
         -0.432877       0.000307527
         -0.432877       0.000307527
         -0.432877       0.000307527
         -0.432877       0.000307527
          -0.44238       0.000279276
          -0.44238       0.000279276
          -0.44238       0.000279276
         -0.442117       0.000280283
         -0.437732       0.000348125
          -0.44298       0.000259745
         -0.442107       0.000305023
         -0.442107       0.000305023
         -0.442107       0.000305023
         -0.442738       0.000290094
         -0.435406       0.000337453
         -0.433241       0.000334293
         -0.443218       0.000281453
         -0.443218       0.000281453
         -0.443218       0.000281453
         -0.443218       0.000281453
         -0.443218       0.000281453
         -0.443218       0.000281453
         -0.443218       0.000281453
         -0.443218       0.000281453
         -0.443218       0.000281453
         -0.437857       0.000265374
         -0.437857       0.000265374
         -0.437174       0.000348668
         -0.437174       0.000348668
         -0.437174       0.000348668
         -0.437174       0.000348668
         -0.440282       0.000241105
         -0.442182         0.0002675
         -0.436773       0.000338506
         -0.436773       0.000338506
         -0.436773       0.000338506
         -0.436773       0.000338506
         -0.436773       0.000338506
         -0.436773       0.000338506
         -0.434579       0.000308533
         -0.439636       0.000310486
         -0.439636       0.000310486
         -0.427866       0.000348871
         -0.428399       0.000366646
         -0.431952       0.000365705
         -0.437674       0.000306678
         -0.435608       0.000342286
         -0.435608       0.000342286
         -0.442002       0.000209216
         -0.442357       0.000302287
         -0.442357       0.000302287
         -0.427865       0.000357125
         -0.427865       0.000357125
         -0.427865       0.000357125
         -0.427865       0.000357125
         -0.424247       0.000363114
         -0.424247       0.000363114
         -0.424247       0.000363114
         -0.424247       0.000363114
          -0.44214       0.000336623
          -0.44214       0.000336623
          -0.44214       0.000336623
          -0.44214       0.000336623
         -0.439924       0.000331989
         -0.439924       0.000331989
         -0.440091       0.000274557
         -0.436219       0.000303324
         -0.436219       0.000303324
         -0.436219       0.000303324
         -0.436219       0.000303324
         -0.436219       0.000303324
         -0.436219       0.000303324
         -0.436219       0.000303324
         -0.436219       0.000303324
         -0.436219       0.000303324
         -0.428762       0.000365278
         -0.428762       0.000365278
         -0.428762       0.000365278
         -0.424328       0.000347983
         -0.443903       0.000263507
         -0.443903       0.000263507
         -0.443903       0.000263507
         -0.443903       0.000263507
         -0.443903       0.000263507
         -0.443903       0.000263507
         -0.442647       0.000249901
         -0.442647       0.000249901
         -0.442647       0.000249901
         -0.442647       0.000249901
         -0.444152       0.000252886
         -0.444152       0.000252886
         -0.441022       0.000251965
         -0.442512       0.000278635
         -0.442512       0.000278635
         -0.443786       0.000266428
         -0.443786       0.000266428
         -0.442071       0.000247746
         -0.439875       0.000311695
         -0.439875       0.000311695
         -0.443981       0.000268528
         -0.443981       0.000268528
         -0.433025       0.000367603
         -0.433025       0.000367603
         -0.437459       0.000289128
         -0.439416        0.00031915
         -0.439416        0.00031915
         -0.439416        0.00031915
         -0.443186       0.000263011
         -0.443186       0.000263011
         -0.442693       0.000305871
         -0.435558       0.000358185
         -0.435558       0.000358185
         -0.439113       0.000285546
         -0.440008       0.000299747
         -0.440008       0.000299747
         -0.440008       0.000299747
         -0.440008       0.000299747
         -0.440008       0.000299747
         -0.443525       0.000254004
         -0.443525       0.000254004
         -0.435667       0.000300694
         -0.432563       0.000303158
         -0.432563       0.000303158
         -0.441939       0.000273622
         -0.441146       0.000267589
         -0.441146       0.000267589
