         0   35.1466
         1   30.1886
         2   27.2827
         3   25.6813
         4   22.9267
         5   20.8533
         6    19.465
         7   18.5221
         8   17.7355
         9   17.0736
        10   16.9845
        11   16.7759
        12   16.1021
        13   14.6879
        14   13.9215
        15   13.7363
        16   13.3068
        17   13.0445
        18   12.5536
        19   12.2924
        20   12.2187
        21   12.1802
        22    12.169
        23   12.1055
        24   11.8237
        25   11.2755
        26   10.8461
        27   10.4944
        28   10.3731
        29   10.1303
        30   10.0905
        31   9.92472
        32   9.63199
        33    9.4317
        34   9.27563
        35   8.58925
        36   7.69574
        37   7.54326
        38   7.54326
        39   7.54326
        40   7.54326
        41   7.54326
        42   7.54318
        43   7.54281
        44   7.54249
        45   7.54247
        46   7.54148
        47   7.49482
        48   7.31727
        49   7.29432
        50   7.29429
        51   7.29429
        52   7.29413
        53   7.28951
        54   7.27209
        55   7.26277
        56   7.25404
        57   7.25298
        58   7.25244
        59    7.2295
        60   7.15369
        61   7.11805
        62   7.11805
        63   7.11805
        64   7.11805
        65   7.11805
        66   7.11805
        67   7.11805
        68   7.11805
        69   7.11805
        70   7.11805
        71   7.11805
        72   7.11805
        73   7.11805
        74   7.11683
        75   7.06674
        76   6.85053
        77   6.81266
        78   6.81266
        79   6.81231
        80   6.80381
        81   6.76702
        82   6.72514
        83   6.72514
        84   6.72514
        85   6.72514
        86   6.72514
        87   6.72321
        88   6.67307
        89   6.49857
        90   6.24306
        91   6.24306
        92   6.24306
        93   6.24306
        94   6.24306
        95   6.24306
        96   6.24306
        97   6.24306
        98   6.24306
        99   6.24306
       100   6.24306
       101   6.24306
       102   6.24306
       103   6.24306
       104   6.24306
       105   6.24306
       106   6.24306
       107   6.24306
       108   6.24306
       109   6.24306
       110   6.24306
       111   6.24306
       112   6.24306
       113   6.24306
       114   6.24306
       115   6.24306
       116   6.24306
       117   6.24306
       118   6.24306
       119   6.24306
       120   6.24306
       121   6.24306
       122   6.24306
       123   6.24306
       124   6.24306
       125   6.24306
       126   6.24306
       127   6.24306
       128   6.24306
       129   6.24306
       130   6.24306
       131   6.24306
       132   6.24306
       133   6.24306
       134   6.24306
       135   6.24306
       136   6.24306
       137   6.24306
       138   6.24306
       139   6.24306
       140   6.24306
       141   6.24306
       142   6.24306
       143   6.24306
       144   6.24306
       145   6.24306
       146   6.24306
       147   6.24306
       148   6.24306
       149   6.24306
       150   6.24306
       151   6.24306
       152   6.24306
       153   6.24306
       154   6.24306
       155   6.24306
       156   6.24306
       157   6.24306
       158   6.24306
       159   6.24306
       160   6.24306
       161   6.24306
       162   6.24306
       163   6.24306
       164   6.24306
       165   6.24306
       166   6.24306
       167   6.24306
       168   6.24306
       169   6.24306
       170   6.24306
       171   6.24306
       172   6.24306
       173   6.24306
       174   6.24306
       175   6.24306
       176   6.24306
       177   6.24306
       178   6.24306
       179   6.24306
       180   6.24306
       181   6.24306
       182   6.24306
       183   6.24306
       184   6.24306
       185   6.24306
       186   6.24306
       187   6.24306
       188   6.24306
       189   6.24306
       190   6.24306
       191   6.24306
       192   6.24306
       193   6.24306
       194   6.24306
       195   6.24306
       196   6.24306
       197   6.24306
       198   6.24306
       199   6.24306
       200   6.24306
       201   6.24306
       202   6.24306
       203   6.24306
       204   6.24306
       205   6.24306
       206   6.24306
       207   6.24306
       208   6.24306
       209   6.24306
       210   6.24306
       211   6.24306
       212   6.24306
       213   6.24306
       214   6.24306
       215   6.24306
       216   6.24306
       217   6.24306
       218   6.24306
       219   6.24306
       220   6.24306
       221   6.24306
       222   6.24306
       223   6.24306
       224   6.24306
       225   6.24306
       226   6.24306
       227   6.24306
       228   6.24306
       229   6.24306
       230   6.24306
       231   6.24306
       232   6.24306
       233   6.24306
       234   6.24306
       235   6.24306
       236   6.24306
       237   6.24306
       238   6.24306
       239   6.24306
       240   6.24306
       241   6.24306
       242   6.24306
       243   6.24306
       244   6.24306
       245   6.24306
       246   6.24306
       247   6.24306
       248   6.24306
       249   6.24306
       250   6.24306
       251   6.24306
       252   6.24306
       253   6.24306
       254   6.24306
       255   6.24306
       256   6.24306
       257   6.24306
       258   6.24306
       259   6.24306
       260   6.24306
       261   6.24306
       262   6.24306
       263   6.24306
       264   6.24306
       265   6.24306
       266   6.24306
       267   6.24306
       268   6.24306
       269   6.24306
       270   6.24306
       271   6.24306
       272   6.24306
       273   6.24306
       274   6.24306
       275   6.24306
       276   6.24306
       277   6.24306
       278   6.24306
       279   6.24306
       280   6.24306
       281   6.24306
       282   6.24306
       283   6.24306
       284   6.24306
       285   6.24306
       286   6.24306
       287   6.24306
       288   6.24306
       289   6.24306
       290   6.24306
       291   6.24306
       292   6.24306
       293   6.24306
       294   6.24306
       295   6.24306
       296   6.24306
       297   6.24306
       298   6.24306
       299   6.24306
       300   6.24306
       301   6.24306
       302   6.24306
       303   6.24306
       304   6.24306
       305   6.24306
       306   6.24306
       307   6.24306
       308   6.24306
       309   6.24306
       310   6.24306
       311   6.24306
       312   6.24306
       313   6.24306
       314   6.24306
       315   6.24306
       316   6.24306
       317   6.24306
       318   6.24306
       319   6.24306
       320   6.24306
       321   6.24306
       322   6.24306
       323   6.24306
       324   6.24306
       325   6.24306
       326   6.24306
       327   6.24306
       328   6.24306
       329   6.24306
       330   6.24306
       331   6.24306
       332   6.24306
       333   6.24306
       334   6.24306
       335   6.24306
       336   6.24306
       337   6.24306
       338   6.24306
       339   6.24306
       340   6.24306
       341   6.24306
       342   6.24306
       343   6.24306
       344   6.24306
       345   6.24306
       346   6.24306
       347   6.24306
       348   6.24306
       349   6.24306
       350   6.24306
       351   6.24306
       352   6.24306
       353   6.24306
       354   6.24306
       355   6.24306
       356   6.24306
       357   6.24306
       358   6.24306
       359   6.24306
       360   6.24306
       361   6.24306
       362   6.24306
       363   6.24306
       364   6.24306
       365   6.24306
       366   6.24306
       367   6.24306
       368   6.24306
       369   6.24306
       370   6.24306
       371   6.24306
       372   6.24306
       373   6.24306
       374   6.24306
       375   6.24306
       376   6.24306
       377   6.24306
       378   6.24306
       379   6.24306
       380   6.24306
       381   6.24306
       382   6.24306
       383   6.24306
       384   6.24306
       385   6.24306
       386   6.24306
       387   6.24306
       388   6.24306
       389   6.24306
       390   6.24306
       391   6.24306
       392   6.24306
       393   6.24306
       394   6.24306
       395   6.24306
       396   6.24306
       397   6.24306
       398   6.24306
       399   6.24306
       400   6.24306
       401   6.24306
       402   6.24306
       403   6.24306
       404   6.24306
       405   6.24306
       406   6.24306
       407   6.24306
       408   6.24306
       409   6.24306
       410   6.24306
       411   6.24306
       412   6.24306
       413   6.24306
       414   6.24306
       415   6.24306
       416   6.24306
       417   6.24306
       418   6.24306
       419   6.24306
       420   6.24306
       421   6.24306
       422   6.24306
       423   6.24306
       424   6.24306
       425   6.24306
       426   6.24306
       427   6.24306
       428   6.24306
       429   6.24306
       430   6.24306
       431   6.24306
       432   6.24306
       433   6.24306
       434   6.24306
       435   6.24306
       436   6.24306
       437   6.24306
       438   6.24306
       439   6.24306
       440   6.24306
       441   6.24306
       442   6.24306
       443   6.24306
       444   6.24306
       445   6.24306
       446   6.24306
       447   6.24306
       448   6.24306
       449   6.24306
       450   6.24306
       451   6.24306
       452   6.24306
       453   6.24306
       454   6.24306
       455   6.24306
       456   6.24306
       457   6.24306
       458   6.24306
       459   6.24306
       460   6.24306
       461   6.24306
       462   6.24306
       463   6.24306
       464   6.24306
       465   6.24306
       466   6.24306
       467   6.24306
       468   6.24306
       469   6.24306
       470   6.24306
       471   6.24306
       472   6.24306
       473   6.24306
       474   6.24306
       475   6.24306
       476   6.24306
       477   6.24306
       478   6.24306
       479   6.24306
       480   6.24306
       481   6.24306
       482   6.24306
       483   6.24306
       484   6.24306
       485   6.24306
       486   6.24306
       487   6.24306
       488   6.24306
       489   6.24306
       490   6.24306
       491   6.24306
       492   6.24306
       493   6.24306
       494   6.24306
       495   6.24306
       496   6.24306
       497   6.24306
       498   6.24306
       499   6.24306
       500   6.24306
       501   6.24306
       502   6.24306
       503   6.24306
       504   6.24306
       505   6.24306
       506   6.24306
       507   6.24306
       508   6.24306
       509   6.24306
       510   6.24306
       511   6.24306
       512   6.24306
       513   6.24306
       514   6.24306
       515   6.24306
       516   6.24306
       517   6.24306
       518   6.24306
       519   6.24306
       520   6.24306
       521   6.24306
       522   6.24306
       523   6.24306
       524   6.24306
       525   6.24306
       526   6.24306
       527   6.24306
       528   6.24306
       529   6.24306
       530   6.24306
       531   6.24306
       532   6.24306
       533   6.24306
       534   6.24306
       535   6.24306
       536   6.24306
       537   6.24306
       538   6.24306
       539   6.24306
       540   6.24306
       541   6.24306
       542   6.24306
       543   6.24306
       544   6.24306
       545   6.24306
       546   6.24306
       547   6.24306
       548   6.24306
       549   6.24306
       550   6.24306
       551   6.24306
       552   6.24306
       553   6.24306
       554   6.24306
       555   6.24306
       556   6.24306
       557   6.24306
       558   6.24306
       559   6.24306
       560   6.24306
       561   6.24306
       562   6.24306
       563   6.24306
       564   6.24306
       565   6.24306
       566   6.24306
       567   6.24306
       568   6.24306
       569   6.24306
       570   6.24306
       571   6.24306
       572   6.24306
       573   6.24306
       574   6.24306
       575   6.24306
       576   6.24306
       577   6.24306
       578   6.24306
       579   6.24306
       580   6.24306
       581   6.24306
       582   6.24306
       583   6.24306
       584   6.24306
       585   6.24306
       586   6.24306
       587   6.24306
       588   6.24306
       589   6.24306
       590   6.24306
       591   6.24306
       592   6.24306
       593   6.24306
       594   6.24306
       595   6.24306
       596   6.24306
       597   6.24306
       598   6.24306
       599   6.24306
       600   6.24306
       601   6.24306
       602   6.24306
       603   6.24306
       604   6.24306
       605   6.24306
       606   6.24306
       607   6.24306
       608   6.24306
       609   6.24306
       610   6.24306
       611   6.24306
       612   6.24306
       613   6.24306
       614   6.24306
       615   6.24306
       616   6.24306
       617   6.24306
       618   6.24306
       619   6.24306
       620   6.24306
       621   6.24306
       622   6.24306
       623   6.24306
       624   6.24306
       625   6.24306
       626   6.24306
       627   6.24306
       628   6.24306
       629   6.24306
       630   6.24306
       631   6.24306
       632   6.24306
       633   6.24306
       634   6.24306
       635   6.24306
       636   6.24306
       637   6.24306
       638   6.24306
       639   6.24306
       640   6.24306
       641   6.24306
       642   6.24306
       643   6.24306
       644   6.24306
       645   6.24306
       646   6.24306
       647   6.24306
       648   6.24306
       649   6.24306
       650   6.24306
       651   6.24306
       652   6.24306
       653   6.24306
       654   6.24306
       655   6.24306
       656   6.24306
       657   6.24306
       658   6.24306
       659   6.24306
       660   6.24306
       661   6.24306
       662   6.24306
       663   6.24306
       664   6.24306
       665   6.24306
       666   6.24306
       667   6.24306
       668   6.24306
       669   6.24306
       670   6.24306
       671   6.24306
       672   6.24306
       673   6.24306
       674   6.24306
       675   6.24306
       676   6.24306
       677   6.24306
       678   6.24306
       679   6.24306
       680   6.24306
       681   6.24306
       682   6.24306
       683   6.24306
       684   6.24306
       685   6.24306
       686   6.24306
       687   6.24306
       688   6.24306
       689   6.24306
       690   6.24306
       691   6.24306
       692   6.24306
       693   6.24306
       694   6.24306
       695   6.24306
       696   6.24306
       697   6.24306
       698   6.24306
       699   6.24306
       700   6.24306
       701   6.24306
       702   6.24306
       703   6.24306
       704   6.24306
       705   6.24306
       706   6.24306
       707   6.24306
       708   6.24306
       709   6.24306
       710   6.24306
       711   6.24306
       712   6.24306
       713   6.24306
       714   6.24306
       715   6.24306
       716   6.24306
       717   6.24306
       718   6.24306
       719   6.24306
       720   6.24306
       721   6.24306
       722   6.24306
       723   6.24306
       724   6.24306
       725   6.24306
       726   6.24306
       727   6.24306
       728   6.24306
       729   6.24306
       730   6.24306
       731   6.24306
       732   6.24306
       733   6.24306
       734   6.24306
       735   6.24306
       736   6.24306
       737   6.24306
       738   6.24306
       739   6.24306
       740   6.24306
       741   6.24306
       742   6.24306
       743   6.24306
       744   6.24306
       745   6.24306
       746   6.24306
       747   6.24306
       748   6.24306
       749   6.24306
       750   6.24306
       751   6.24306
       752   6.24306
       753   6.24306
       754   6.24306
       755   6.24306
       756   6.24306
       757   6.24306
       758   6.24306
       759   6.24306
       760   6.24306
       761   6.24306
       762   6.24306
       763   6.24306
       764   6.24306
       765   6.24306
       766   6.24306
       767   6.24306
       768   6.24306
       769   6.24306
       770   6.24306
       771   6.24306
       772   6.24306
       773   6.24306
       774   6.24306
       775   6.24306
       776   6.24306
       777   6.24306
       778   6.24306
       779   6.24306
       780   6.24306
       781   6.24306
       782   6.24306
       783   6.24306
       784   6.24306
       785   6.24306
       786   6.24306
       787   6.24306
       788   6.24306
       789   6.24306
       790   6.24306
       791   6.24306
       792   6.24306
       793   6.24306
       794   6.24306
       795   6.24306
       796   6.24306
       797   6.24306
       798   6.24306
       799   6.24306
       800   6.24306
       801   6.24306
       802   6.24306
       803   6.24306
       804   6.24306
       805   6.24306
       806   6.24306
       807   6.24306
       808   6.24306
       809   6.24306
       810   6.24306
       811   6.24306
       812   6.24306
       813   6.24306
       814   6.24306
       815   6.24306
       816   6.24306
       817   6.24306
       818   6.24306
       819   6.24306
       820   6.24306
       821   6.24306
       822   6.24306
       823   6.24306
       824   6.24306
       825   6.24306
       826   6.24306
       827   6.24306
       828   6.24306
       829   6.24306
       830   6.24306
       831   6.24306
       832   6.24306
       833   6.24306
       834   6.24306
       835   6.24306
       836   6.24306
       837   6.24306
       838   6.24306
       839   6.24306
       840   6.24306
       841   6.24306
       842   6.24306
       843   6.24306
       844   6.24306
       845   6.24306
       846   6.24306
       847   6.24306
       848   6.24306
       849   6.24306
       850   6.24306
       851   6.24306
       852   6.24306
       853   6.24306
       854   6.24306
       855   6.24306
       856   6.24306
       857   6.24306
       858   6.24306
       859   6.24306
       860   6.24306
       861   6.24306
       862   6.24306
       863   6.24306
       864   6.24306
       865   6.24306
       866   6.24306
       867   6.24306
       868   6.24306
       869   6.24306
       870   6.24306
       871   6.24306
       872   6.24306
       873   6.24306
       874   6.24306
       875   6.24306
       876   6.24306
       877   6.24306
       878   6.24306
       879   6.24306
       880   6.24306
       881   6.24306
       882   6.24306
       883   6.24306
       884   6.24306
       885   6.24306
       886   6.24306
       887   6.24306
       888   6.24306
       889   6.24306
       890   6.24306
       891   6.24306
       892   6.24306
       893   6.24306
       894   6.24306
       895   6.24306
       896   6.24306
       897   6.24306
       898   6.24306
       899   6.24306
       900   6.24306
       901   6.24306
       902   6.24306
       903   6.24306
       904   6.24306
       905   6.24306
       906   6.24306
       907   6.24306
       908   6.24306
       909   6.24306
       910   6.24306
       911   6.24306
       912   6.24306
       913   6.24306
       914   6.24306
       915   6.24306
       916   6.24306
       917   6.24306
       918   6.24306
       919   6.24306
       920   6.24306
       921   6.24306
       922   6.24306
       923   6.24306
       924   6.24306
       925   6.24306
       926   6.24306
       927   6.24306
       928   6.24306
       929   6.24306
       930   6.24306
       931   6.24306
       932   6.24306
       933   6.24306
       934   6.24306
       935   6.24306
       936   6.24306
       937   6.24306
       938   6.24306
       939   6.24306
       940   6.24306
       941   6.24306
       942   6.24306
       943   6.24306
       944   6.24306
       945   6.24306
       946   6.24306
       947   6.24306
       948   6.24306
       949   6.24306
       950   6.24306
       951   6.24306
       952   6.24306
       953   6.24306
       954   6.24306
       955   6.24306
       956   6.24306
       957   6.24306
       958   6.24306
       959   6.24306
       960   6.24306
       961   6.24306
       962   6.24306
       963   6.24306
       964   6.24306
       965   6.24306
       966   6.24306
       967   6.24306
       968   6.24306
       969   6.24306
       970   6.24306
       971   6.24306
       972   6.24306
       973   6.24306
       974   6.24306
       975   6.24306
       976   6.24306
       977   6.24306
       978   6.24306
       979   6.24306
       980   6.24306
       981   6.24306
       982   6.24306
       983   6.24306
       984   6.24306
       985   6.24306
       986   6.24306
       987   6.24306
       988   6.24306
       989   6.24306
       990   6.24306
       991   6.24306
       992   6.24306
       993   6.24306
       994   6.24306
       995   6.24306
       996   6.24306
       997   6.24306
       998   6.24306
       999   6.24306
      1000   6.24306
      1001   6.24306
      1002   6.24306
      1003   6.24306
      1004   6.24306
      1005   6.24306
      1006   6.24306
      1007   6.24306
      1008   6.24306
      1009   6.24306
      1010   6.24306
      1011   6.24306
      1012   6.24306
      1013   6.24306
      1014   6.24306
      1015   6.24306
      1016   6.24306
      1017   6.24306
      1018   6.24306
      1019   6.24306
      1020   6.24306
      1021   6.24306
      1022   6.24306
      1023   6.24306
      1024   6.24306
      1025   6.24306
      1026   6.24306
      1027   6.24306
      1028   6.24306
      1029   6.24306
      1030   6.24306
      1031   6.24306
      1032   6.24306
      1033   6.24306
      1034   6.24306
      1035   6.24306
      1036   6.24306
      1037   6.24306
      1038   6.24306
      1039   6.24306
      1040   6.24306
      1041   6.24306
      1042   6.24306
      1043   6.24306
      1044   6.24306
      1045   6.24306
      1046   6.24306
      1047   6.24306
      1048   6.24306
      1049   6.24306
      1050   6.24306
      1051   6.24306
      1052   6.24306
      1053   6.24306
      1054   6.24306
      1055   6.24306
      1056   6.24306
      1057   6.24306
      1058   6.24306
      1059   6.24306
      1060   6.24306
      1061   6.24306
      1062   6.24306
      1063   6.24306
      1064   6.24306
      1065   6.24306
      1066   6.24306
      1067   6.24306
      1068   6.24306
      1069   6.24306
      1070   6.24306
      1071   6.24306
      1072   6.24306
      1073   6.24306
      1074   6.24306
      1075   6.24306
      1076   6.24306
      1077   6.24306
      1078   6.24306
      1079   6.24306
      1080   6.24306
      1081   6.24306
      1082   6.24306
      1083   6.24306
      1084   6.24306
      1085   6.24306
      1086   6.24306
      1087   6.24306
      1088   6.24306
      1089   6.24306
      1090   6.24306
      1091   6.24306
      1092   6.24306
      1093   6.24306
      1094   6.24306
      1095   6.24306
      1096   6.24306
      1097   6.24306
      1098   6.24306
      1099   6.24306
      1100   6.24306
      1101   6.24306
      1102   6.24306
      1103   6.24306
      1104   6.24306
      1105   6.24306
      1106   6.24306
      1107   6.24306
      1108   6.24306
      1109   6.24306
      1110   6.24306
      1111   6.24306
      1112   6.24306
      1113   6.24306
      1114   6.24306
      1115   6.24306
      1116   6.24306
      1117   6.24306
      1118   6.24306
      1119   6.24306
      1120   6.24306
      1121   6.24306
      1122   6.24306
      1123   6.24306
      1124   6.24306
      1125   6.24306
      1126   6.24306
      1127   6.24306
      1128   6.24306
      1129   6.24306
      1130   6.24306
      1131   6.24306
      1132   6.24306
      1133   6.24306
      1134   6.24306
      1135   6.24306
      1136   6.24306
      1137   6.24306
      1138   6.24306
      1139   6.24306
      1140   6.24306
      1141   6.24306
      1142   6.24306
      1143   6.24306
      1144   6.24306
      1145   6.24306
      1146   6.24306
      1147   6.24306
      1148   6.24306
      1149   6.24306
      1150   6.24306
      1151   6.24306
      1152   6.24306
      1153   6.24306
      1154   6.24306
      1155   6.24306
      1156   6.24306
      1157   6.24306
      1158   6.24306
      1159   6.24306
      1160   6.24306
      1161   6.24306
      1162   6.24306
      1163   6.24306
      1164   6.24306
      1165   6.24306
      1166   6.24306
      1167   6.24306
      1168   6.24306
      1169   6.24306
      1170   6.24306
      1171   6.24306
      1172   6.24306
      1173   6.24306
      1174   6.24306
      1175   6.24306
      1176   6.24306
      1177   6.24306
      1178   6.24306
      1179   6.24306
      1180   6.24306
      1181   6.24306
      1182   6.24306
      1183   6.24306
      1184   6.24306
      1185   6.24306
      1186   6.24306
      1187   6.24306
      1188   6.24306
      1189   6.24306
      1190   6.24306
      1191   6.24306
      1192   6.24306
      1193   6.24306
      1194   6.24306
      1195   6.24306
      1196   6.24306
      1197   6.24306
      1198   6.24306
      1199   6.24306
      1200   6.24306
      1201   6.24306
      1202   6.24306
      1203   6.24306
      1204   6.24306
      1205   6.24306
      1206   6.24306
      1207   6.24306
      1208   6.24306
      1209   6.24306
      1210   6.24306
      1211   6.24306
      1212   6.24306
      1213   6.24306
      1214   6.24306
      1215   6.24306
      1216   6.24306
      1217   6.24306
      1218   6.24306
      1219   6.24306
      1220   6.24306
      1221   6.24306
      1222   6.24306
      1223   6.24306
      1224   6.24306
      1225   6.24306
      1226   6.24306
      1227   6.24306
      1228   6.24306
      1229   6.24306
      1230   6.24306
      1231   6.24306
      1232   6.24306
      1233   6.24306
      1234   6.24306
      1235   6.24306
      1236   6.24306
      1237   6.24306
      1238   6.24306
      1239   6.24306
      1240   6.24306
      1241   6.24306
      1242   6.24306
      1243   6.24306
      1244   6.24306
      1245   6.24306
      1246   6.24306
      1247   6.24306
      1248   6.24306
      1249   6.24306
      1250   6.24306
      1251   6.24306
      1252   6.24306
      1253   6.24306
      1254   6.24306
      1255   6.24306
      1256   6.24306
      1257   6.24306
      1258   6.24306
      1259   6.24306
      1260   6.24306
      1261   6.24306
      1262   6.24306
      1263   6.24306
      1264   6.24306
      1265   6.24306
      1266   6.24306
      1267   6.24306
      1268   6.24306
      1269   6.24306
      1270   6.24306
      1271   6.24306
      1272   6.24306
      1273   6.24306
      1274   6.24306
      1275   6.24306
      1276   6.24306
      1277   6.24306
      1278   6.24306
      1279   6.24306
      1280   6.24306
      1281   6.24306
      1282   6.24306
      1283   6.24306
      1284   6.24306
      1285   6.24306
      1286   6.24306
      1287   6.24306
      1288   6.24306
      1289   6.24306
      1290   6.24306
      1291   6.24306
      1292   6.24306
      1293   6.24306
      1294   6.24306
      1295   6.24306
      1296   6.24306
      1297   6.24306
      1298   6.24306
      1299   6.24306
      1300   6.24306
      1301   6.24306
      1302   6.24306
      1303   6.24306
      1304   6.24306
      1305   6.24306
      1306   6.24306
      1307   6.24306
      1308   6.24306
      1309   6.24306
      1310   6.24306
      1311   6.24306
      1312   6.24306
      1313   6.24306
      1314   6.24306
      1315   6.24306
      1316   6.24306
      1317   6.24306
      1318   6.24306
      1319   6.24306
      1320   6.24306
      1321   6.24306
      1322   6.24306
      1323   6.24306
      1324   6.24306
      1325   6.24306
      1326   6.24306
      1327   6.24306
      1328   6.24306
      1329   6.24306
      1330   6.24306
      1331   6.24306
      1332   6.24306
      1333   6.24306
      1334   6.24306
      1335   6.24306
      1336   6.24306
      1337   6.24306
      1338   6.24306
      1339   6.24306
      1340   6.24306
      1341   6.24306
      1342   6.24306
      1343   6.24306
      1344   6.24306
      1345   6.24306
      1346   6.24306
      1347   6.24306
      1348   6.24306
      1349   6.24306
      1350   6.24306
      1351   6.24306
      1352   6.24306
      1353   6.24306
      1354   6.24306
      1355   6.24306
      1356   6.24306
      1357   6.24306
      1358   6.24306
      1359   6.24306
      1360   6.24306
      1361   6.24306
      1362   6.24306
      1363   6.24306
      1364   6.24306
      1365   6.24306
      1366   6.24306
      1367   6.24306
      1368   6.24306
      1369   6.24306
      1370   6.24306
      1371   6.24306
      1372   6.24306
      1373   6.24306
      1374   6.24306
      1375   6.24306
      1376   6.24306
      1377   6.24306
      1378   6.24306
      1379   6.24306
      1380   6.24306
      1381   6.24306
      1382   6.24306
      1383   6.24306
      1384   6.24306
      1385   6.24306
      1386   6.24306
      1387   6.24306
      1388   6.24306
      1389   6.24306
      1390   6.24306
      1391   6.24306
      1392   6.24306
      1393   6.24306
      1394   6.24306
      1395   6.24306
      1396   6.24306
      1397   6.24306
      1398   6.24306
      1399   6.24306
      1400   6.24306
      1401   6.24306
      1402   6.24306
      1403   6.24306
      1404   6.24306
      1405   6.24306
      1406   6.24306
      1407   6.24306
      1408   6.24306
      1409   6.24306
      1410   6.24306
      1411   6.24306
      1412   6.24306
      1413   6.24306
      1414   6.24306
      1415   6.24306
      1416   6.24306
      1417   6.24306
      1418   6.24306
      1419   6.24306
      1420   6.24306
      1421   6.24306
      1422   6.24306
      1423   6.24306
      1424   6.24306
      1425   6.24306
      1426   6.24306
      1427   6.24306
      1428   6.24306
      1429   6.24306
      1430   6.24306
      1431   6.24306
      1432   6.24306
      1433   6.24306
      1434   6.24306
      1435   6.24306
      1436   6.24306
      1437   6.24306
      1438   6.24306
      1439   6.24306
      1440   6.24306
      1441   6.24306
      1442   6.24306
      1443   6.24306
      1444   6.24306
      1445   6.24306
      1446   6.24306
      1447   6.24306
      1448   6.24306
      1449   6.24306
      1450   6.24306
      1451   6.24306
      1452   6.24306
      1453   6.24306
      1454   6.24306
      1455   6.24306
      1456   6.24306
      1457   6.24306
      1458   6.24306
      1459   6.24306
      1460   6.24306
      1461   6.24306
      1462   6.24306
      1463   6.24306
      1464   6.24306
      1465   6.24306
      1466   6.24306
      1467   6.24306
      1468   6.24306
      1469   6.24306
      1470   6.24306
      1471   6.24306
      1472   6.24306
      1473   6.24306
      1474   6.24306
      1475   6.24306
      1476   6.24306
      1477   6.24306
      1478   6.24306
      1479   6.24306
      1480   6.24306
      1481   6.24306
      1482   6.24306
      1483   6.24306
      1484   6.24306
      1485   6.24306
      1486   6.24306
      1487   6.24306
      1488   6.24306
      1489   6.24306
      1490   6.24306
      1491   6.24306
      1492   6.24306
      1493   6.24306
      1494   6.24306
      1495   6.24306
      1496   6.24306
      1497   6.24306
      1498   6.24306
      1499   6.24306
