         0   31.7951
         1   29.0001
         2    26.952
         3   25.5918
         4   24.5529
         5   23.4144
         6     21.98
         7   21.3163
         8   20.9248
         9   20.2536
        10   19.8051
        11   19.2487
        12   18.9946
        13   18.4254
        14    17.474
        15   16.6712
        16   16.1222
        17   15.9685
        18   15.9149
        19   15.7466
        20    15.336
        21   15.0577
        22   14.5994
        23    14.191
        24   14.0044
        25   13.8984
        26   13.8463
        27   13.7918
        28   13.6977
        29   13.5254
        30   13.0788
        31    12.644
        32   12.3961
        33   12.3869
        34   12.3476
        35   12.3118
        36   12.2859
        37   12.2387
        38   12.2086
        39   12.2028
        40   12.1869
        41   12.1588
        42   12.0813
        43   11.8136
        44   11.4745
        45   10.9993
        46   10.9993
        47   10.9993
        48   10.9993
        49   10.9993
        50   10.9993
        51   10.9993
        52   10.9993
        53   10.9993
        54   10.9993
        55   10.9993
        56   10.9993
        57   10.9993
        58   10.9993
        59   10.9993
        60   10.9993
        61   10.9993
        62   10.9993
        63   10.9993
        64   10.9993
        65   10.9993
        66   10.9993
        67   10.9993
        68   10.9993
        69   10.9993
        70   10.9993
        71   10.9993
        72   10.9993
        73   10.9993
        74   10.9993
        75   10.9993
        76   10.9993
        77   10.9993
        78   10.9983
        79   10.9458
        80   10.7727
        81    10.737
        82    10.737
        83    10.737
        84    10.737
        85    10.737
        86    10.737
        87    10.737
        88    10.737
        89    10.737
        90    10.737
        91    10.737
        92    10.737
        93    10.737
        94    10.737
        95    10.737
        96    10.737
        97    10.737
        98    10.737
        99    10.737
       100    10.737
       101    10.737
       102    10.737
       103    10.737
       104    10.737
       105    10.737
       106    10.737
       107    10.737
       108    10.737
       109    10.737
       110    10.737
       111    10.737
       112    10.737
       113    10.737
       114    10.737
       115    10.737
       116    10.737
       117    10.737
       118    10.737
       119    10.737
       120    10.737
       121    10.737
       122    10.737
       123    10.737
       124    10.737
       125    10.737
       126    10.737
       127    10.737
       128    10.737
       129    10.737
       130    10.737
       131    10.737
       132    10.737
       133    10.737
       134    10.737
       135    10.737
       136    10.737
       137    10.737
       138    10.737
       139    10.737
       140    10.737
       141    10.737
       142    10.737
       143    10.737
       144    10.737
       145    10.737
       146    10.737
       147    10.737
       148    10.737
       149    10.737
       150    10.737
       151    10.737
       152    10.737
       153    10.737
       154    10.737
       155    10.737
       156    10.737
       157    10.737
       158    10.737
       159    10.737
       160    10.737
       161    10.737
       162    10.737
       163    10.737
       164    10.737
       165    10.737
       166    10.737
       167    10.737
       168    10.737
       169   10.7357
       170   10.6739
       171   10.4639
       172   10.3755
       173   10.2512
       174   10.2393
       175   10.2377
       176   10.2377
       177   10.2377
       178   10.2377
       179   10.2377
       180   10.2377
       181   10.2377
       182   10.2377
       183   10.2377
       184   10.2377
       185   10.2377
       186   10.2377
       187   10.2377
       188   10.2377
       189   10.2377
       190   10.2377
       191   10.2377
       192   10.2377
       193   10.2377
       194   10.2377
       195   10.2377
       196   10.2377
       197   10.2377
       198   10.2377
       199   10.2377
       200   10.2377
       201   10.2377
       202   10.2377
       203   10.2377
       204   10.2377
       205   10.2377
       206   10.2377
       207   10.2377
       208   10.2377
       209   10.2377
       210   10.2377
       211   10.2377
       212   10.2377
       213   10.2377
       214   10.2377
       215   10.2377
       216   10.2377
       217   10.2377
       218   10.2377
       219   10.2377
       220   10.2377
       221   10.2377
       222   10.2377
       223   10.2377
       224   10.2377
       225   10.2377
       226   10.2377
       227   10.2377
       228   10.2377
       229   10.2377
       230   10.2377
       231   10.2377
       232   10.2377
       233   10.2377
       234   10.2377
       235   10.2377
       236   10.2377
       237   10.2377
       238   10.2377
       239   10.2377
       240   10.2377
       241   10.2377
       242   10.2377
       243   10.2377
       244   10.2377
       245   10.2377
       246   10.2377
       247   10.2377
       248   10.2377
       249   10.2377
       250   10.2377
       251   10.2377
       252   10.2377
       253   10.2377
       254   10.2377
       255   10.2377
       256   10.2377
       257   10.2377
       258   10.2377
       259   10.2377
       260   10.2377
       261   10.2377
       262   10.2377
       263   10.2377
       264   10.2377
       265   10.2377
       266   10.2377
       267   10.2377
       268   10.2377
       269   10.2377
       270   10.2377
       271   10.2377
       272   10.2377
       273   10.2377
       274   10.2377
       275   10.2377
       276   10.2377
       277   10.2377
       278   10.2377
       279   10.2377
       280   10.2377
       281   10.2377
       282   10.2377
       283   10.2377
       284   10.2377
       285   10.2377
       286   10.2377
       287   10.2377
       288   10.2377
       289   10.2377
       290   10.2377
       291   10.2377
       292   10.2377
       293   10.2377
       294   10.2377
       295   10.2377
       296   10.2377
       297   10.2377
       298   10.2377
       299   10.2377
       300   10.2377
       301   10.2377
       302   10.2377
       303   10.2377
       304   10.2377
       305   10.2377
       306   10.2377
       307   10.2377
       308   10.2377
       309   10.2377
       310   10.2377
       311   10.2377
       312   10.2377
       313   10.2377
       314   10.2377
       315   10.2377
       316   10.2377
       317   10.2377
       318   10.2377
       319   10.2377
       320   10.2377
       321   10.2377
       322   10.2377
       323   10.2377
       324   10.2377
       325   10.2377
       326   10.2377
       327   10.2377
       328   10.2377
       329   10.2377
       330   10.2377
       331   10.2377
       332   10.2377
       333   10.2377
       334   10.2377
       335   10.2377
       336   10.2377
       337   10.2377
       338   10.2377
       339   10.2377
       340   10.2377
       341   10.2377
       342   10.2377
       343   10.2377
       344   10.2377
       345   10.2377
       346   10.2377
       347   10.2377
       348   10.2377
       349   10.2377
       350   10.2377
       351   10.2377
       352   10.2377
       353   10.2377
       354   10.2377
       355   10.2377
       356   10.2377
       357   10.2377
       358   10.2377
       359   10.2377
       360   10.2377
       361   10.2377
       362   10.2377
       363   10.2377
       364   10.2377
       365   10.2377
       366   10.2377
       367   10.2377
       368   10.2377
       369   10.2377
       370   10.2377
       371   10.2377
       372   10.2377
       373   10.2377
       374   10.2377
       375   10.2377
       376   10.2377
       377   10.2377
       378   10.2377
       379   10.2377
       380   10.2377
       381   10.2377
       382   10.2377
       383   10.2377
       384   10.2377
       385   10.2377
       386   10.2377
       387   10.2377
       388   10.2377
       389   10.2377
       390   10.2377
       391   10.2377
       392   10.2377
       393   10.2377
       394   10.2377
       395   10.2377
       396   10.2377
       397   10.2377
       398   10.2377
       399   10.2377
       400   10.2377
       401   10.2377
       402   10.2377
       403   10.2377
       404   10.2377
       405   10.2377
       406   10.2377
       407   10.2377
       408   10.2377
       409   10.2377
       410   10.2377
       411   10.2377
       412   10.2377
       413   10.2377
       414   10.2377
       415   10.2377
       416   10.2377
       417   10.2377
       418   10.2377
       419   10.2377
       420   10.2377
       421   10.2377
       422   10.2377
       423   10.2377
       424   10.2377
       425   10.2377
       426   10.2377
       427   10.2377
       428   10.2377
       429   10.2377
       430   10.2377
       431   10.2377
       432   10.2377
       433   10.2377
       434   10.2377
       435   10.2377
       436   10.2377
       437   10.2377
       438   10.2377
       439   10.2377
       440   10.2377
       441   10.2377
       442   10.2377
       443   10.2377
       444   10.2377
       445   10.2377
       446   10.2377
       447   10.2377
       448   10.2377
       449   10.2377
       450   10.2377
       451   10.2377
       452   10.2377
       453   10.2377
       454   10.2377
       455   10.2377
       456   10.2377
       457   10.2377
       458   10.2377
       459   10.2377
       460   10.2377
       461   10.2377
       462   10.2377
       463   10.2377
       464   10.2377
       465   10.2377
       466   10.2377
       467   10.2377
       468   10.2377
       469   10.2377
       470   10.2377
       471   10.2377
       472   10.2377
       473   10.2377
       474   10.2377
       475   10.2377
       476   10.2377
       477   10.2377
       478   10.2377
       479   10.2377
       480   10.2377
       481   10.2377
       482   10.2377
       483   10.2377
       484   10.2377
       485   10.2377
       486   10.2377
       487   10.2377
       488   10.2377
       489   10.2377
       490   10.2377
       491   10.2377
       492   10.2377
       493   10.2377
       494   10.2377
       495   10.2377
       496   10.2377
       497   10.2377
       498   10.2377
       499   10.2377
       500   10.2377
       501   10.2377
       502   10.2377
       503   10.2377
       504   10.2377
       505   10.2377
       506   10.2377
       507   10.2377
       508   10.2377
       509   10.2377
       510   10.2377
       511   10.2377
       512   10.2377
       513   10.2377
       514   10.2377
       515   10.2377
       516   10.2377
       517   10.2377
       518   10.2377
       519   10.2377
       520   10.2377
       521   10.2377
       522   10.2377
       523   10.2377
       524   10.2377
       525   10.2377
       526   10.2377
       527   10.2377
       528   10.2377
       529   10.2377
       530   10.2377
       531   10.2377
       532   10.2377
       533   10.2377
       534   10.2377
       535   10.2377
       536   10.2377
       537   10.2377
       538   10.2377
       539   10.2377
       540   10.2377
       541   10.2377
       542   10.2377
       543   10.2377
       544   10.2377
       545   10.2377
       546   10.2377
       547   10.2377
       548   10.2377
       549   10.2377
       550   10.2377
       551   10.2377
       552   10.2377
       553   10.2377
       554   10.2377
       555   10.2377
       556   10.2377
       557   10.2377
       558   10.2377
       559   10.2377
       560   10.2377
       561   10.2377
       562   10.2377
       563   10.2377
       564   10.2377
       565   10.2377
       566   10.2377
       567   10.2377
       568   10.2377
       569   10.2377
       570   10.2377
       571   10.2377
       572   10.2377
       573   10.2377
       574   10.2377
       575   10.2377
       576   10.2377
       577   10.2377
       578   10.2377
       579   10.2377
       580   10.2377
       581   10.2377
       582   10.2377
       583   10.2377
       584   10.2377
       585   10.2377
       586   10.2377
       587   10.2377
       588   10.2377
       589   10.2377
       590   10.2377
       591   10.2377
       592   10.2377
       593   10.2377
       594   10.2377
       595   10.2377
       596   10.2377
       597   10.2377
       598   10.2377
       599   10.2377
       600   10.2377
       601   10.2377
       602   10.2377
       603   10.2377
       604   10.2377
       605   10.2377
       606   10.2377
       607   10.2377
       608   10.2377
       609   10.2377
       610   10.2377
       611   10.2377
       612   10.2377
       613   10.2377
       614   10.2377
       615   10.2377
       616   10.2377
       617   10.2377
       618   10.2377
       619   10.2377
       620   10.2377
       621   10.2377
       622   10.2377
       623   10.2377
       624   10.2377
       625   10.2377
       626   10.2377
       627   10.2377
       628   10.2377
       629   10.2377
       630   10.2377
       631   10.2377
       632   10.2377
       633   10.2377
       634   10.2377
       635   10.2377
       636   10.2377
       637   10.2377
       638   10.2377
       639   10.2377
       640   10.2377
       641   10.2377
       642   10.2377
       643   10.2377
       644   10.2377
       645   10.2377
       646   10.2377
       647   10.2377
       648   10.2377
       649   10.2377
       650   10.2377
       651   10.2377
       652   10.2377
       653   10.2377
       654   10.2377
       655   10.2377
       656   10.2377
       657   10.2377
       658   10.2377
       659   10.2377
       660   10.2377
       661   10.2377
       662   10.2377
       663   10.2377
       664   10.2377
       665   10.2377
       666   10.2377
       667   10.2377
       668   10.2377
       669   10.2377
       670   10.2377
       671   10.2377
       672   10.2377
       673   10.2377
       674   10.2377
       675   10.2377
       676   10.2377
       677   10.2377
       678   10.2377
       679   10.2377
       680   10.2377
       681   10.2377
       682   10.2377
       683   10.2377
       684   10.2377
       685   10.2377
       686   10.2377
       687   10.2377
       688   10.2377
       689   10.2377
       690   10.2377
       691   10.2377
       692   10.2377
       693   10.2377
       694   10.2377
       695   10.2377
       696   10.2377
       697   10.2377
       698   10.2377
       699   10.2377
       700   10.2377
       701   10.2377
       702   10.2377
       703   10.2377
       704   10.2377
       705   10.2377
       706   10.2377
       707   10.2377
       708   10.2377
       709   10.2377
       710   10.2377
       711   10.2377
       712   10.2377
       713   10.2377
       714   10.2377
       715   10.2377
       716   10.2377
       717   10.2377
       718   10.2377
       719   10.2377
       720   10.2377
       721   10.2377
       722   10.2377
       723   10.2377
       724   10.2377
       725   10.2377
       726   10.2377
       727   10.2377
       728   10.2377
       729   10.2377
       730   10.2377
       731   10.2377
       732   10.2377
       733   10.2377
       734   10.2377
       735   10.2377
       736   10.2377
       737   10.2377
       738   10.2377
       739   10.2377
       740   10.2377
       741   10.2377
       742   10.2377
       743   10.2377
       744   10.2377
       745   10.2377
       746   10.2377
       747   10.2377
       748   10.2377
       749   10.2377
       750   10.2377
       751   10.2377
       752   10.2377
       753   10.2377
       754   10.2377
       755   10.2377
       756   10.2377
       757   10.2377
       758   10.2377
       759   10.2377
       760   10.2377
       761   10.2377
       762   10.2377
       763   10.2377
       764   10.2377
       765   10.2377
       766   10.2377
       767   10.2377
       768   10.2377
       769   10.2377
       770   10.2377
       771   10.2377
       772   10.2377
       773   10.2377
       774   10.2377
       775   10.2377
       776   10.2377
       777   10.2377
       778   10.2377
       779   10.2377
       780   10.2377
       781   10.2377
       782   10.2377
       783   10.2377
       784   10.2377
       785   10.2377
       786   10.2377
       787   10.2377
       788   10.2377
       789   10.2377
       790   10.2377
       791   10.2377
       792   10.2377
       793   10.2377
       794   10.2377
       795   10.2377
       796   10.2377
       797   10.2377
       798   10.2377
       799   10.2377
       800   10.2377
       801   10.2377
       802   10.2377
       803   10.2377
       804   10.2377
       805   10.2377
       806   10.2377
       807   10.2377
       808   10.2377
       809   10.2377
       810   10.2377
       811   10.2377
       812   10.2377
       813   10.2377
       814   10.2377
       815   10.2377
       816   10.2377
       817   10.2377
       818   10.2377
       819   10.2377
       820   10.2376
       821    10.228
       822    10.197
       823   10.1944
       824   10.1944
       825   10.1944
       826   10.1944
       827   10.1944
       828   10.1944
       829   10.1944
       830   10.1944
       831   10.1944
       832   10.1944
       833   10.1944
       834   10.1944
       835   10.1944
       836   10.1944
       837   10.1944
       838   10.1944
       839   10.1944
       840   10.1944
       841   10.1944
       842   10.1944
       843   10.1944
       844   10.1944
       845   10.1944
       846   10.1944
       847   10.1944
       848   10.1944
       849   10.1944
       850   10.1944
       851   10.1944
       852   10.1944
       853   10.1944
       854   10.1944
       855   10.1944
       856   10.1944
       857   10.1944
       858   10.1944
       859   10.1944
       860   10.1944
       861   10.1944
       862   10.1944
       863   10.1944
       864   10.1944
       865   10.1944
       866   10.1944
       867   10.1944
       868   10.1944
       869   10.1944
       870   10.1944
       871   10.1944
       872   10.1944
       873   10.1944
       874   10.1944
       875   10.1944
       876   10.1944
       877   10.1944
       878   10.1944
       879   10.1944
       880   10.1944
       881   10.1944
       882   10.1944
       883   10.1944
       884   10.1944
       885   10.1944
       886   10.1944
       887   10.1944
       888   10.1944
       889   10.1944
       890   10.1944
       891   10.1944
       892   10.1944
       893   10.1944
       894   10.1944
       895   10.1944
       896   10.1944
       897   10.1944
       898   10.1944
       899   10.1944
       900   10.1944
       901   10.1944
       902   10.1944
       903   10.1944
       904   10.1944
       905   10.1944
       906   10.1944
       907   10.1944
       908   10.1944
       909   10.1944
       910   10.1944
       911   10.1944
       912   10.1944
       913   10.1944
       914   10.1944
       915   10.1944
       916   10.1944
       917   10.1944
       918   10.1944
       919   10.1944
       920   10.1944
       921   10.1944
       922   10.1944
       923   10.1944
       924   10.1944
       925   10.1944
       926   10.1944
       927   10.1944
       928   10.1944
       929   10.1944
       930   10.1944
       931   10.1944
       932   10.1944
       933   10.1944
       934   10.1944
       935   10.1944
       936   10.1944
       937   10.1944
       938   10.1944
       939   10.1944
       940   10.1944
       941   10.1944
       942   10.1944
       943   10.1944
       944   10.1944
       945   10.1944
       946   10.1944
       947   10.1944
       948   10.1944
       949   10.1944
       950   10.1944
       951   10.1944
       952   10.1944
       953   10.1944
       954   10.1944
       955   10.1944
       956   10.1944
       957   10.1944
       958   10.1944
       959   10.1944
       960   10.1944
       961   10.1944
       962   10.1944
       963   10.1944
       964   10.1944
       965   10.1944
       966   10.1944
       967   10.1944
       968   10.1944
       969   10.1944
       970   10.1944
       971   10.1944
       972   10.1944
       973   10.1944
       974   10.1944
       975   10.1944
       976   10.1944
       977   10.1944
       978   10.1944
       979   10.1944
       980   10.1944
       981   10.1944
       982   10.1944
       983   10.1944
       984   10.1944
       985   10.1944
       986   10.1944
       987   10.1944
       988   10.1944
       989   10.1944
       990   10.1944
       991   10.1944
       992   10.1944
       993   10.1944
       994   10.1944
       995   10.1944
       996   10.1944
       997   10.1944
       998   10.1944
       999   10.1944
      1000   10.1944
      1001   10.1944
      1002   10.1944
      1003   10.1944
      1004   10.1944
      1005   10.1944
      1006   10.1944
      1007   10.1944
      1008   10.1944
      1009   10.1944
      1010   10.1944
      1011   10.1944
      1012   10.1944
      1013   10.1944
      1014   10.1944
      1015   10.1944
      1016   10.1944
      1017   10.1944
      1018   10.1944
      1019   10.1944
      1020   10.1944
      1021   10.1944
      1022   10.1944
      1023   10.1944
      1024   10.1944
      1025   10.1944
      1026   10.1944
      1027   10.1944
      1028   10.1944
      1029   10.1944
      1030   10.1944
      1031   10.1944
      1032   10.1944
      1033   10.1944
      1034   10.1944
      1035   10.1944
      1036   10.1944
      1037   10.1944
      1038   10.1944
      1039   10.1944
      1040   10.1944
      1041   10.1944
      1042   10.1944
      1043   10.1944
      1044   10.1944
      1045   10.1944
      1046   10.1944
      1047   10.1944
      1048   10.1944
      1049   10.1944
      1050   10.1944
      1051   10.1944
      1052   10.1944
      1053   10.1944
      1054   10.1944
      1055   10.1944
      1056   10.1944
      1057   10.1944
      1058   10.1944
      1059   10.1944
      1060   10.1944
      1061   10.1944
      1062   10.1944
      1063   10.1944
      1064   10.1944
      1065   10.1944
      1066   10.1944
      1067   10.1944
      1068   10.1944
      1069   10.1944
      1070   10.1944
      1071   10.1944
      1072   10.1944
      1073   10.1944
      1074   10.1944
      1075   10.1944
      1076   10.1944
      1077   10.1944
      1078   10.1944
      1079   10.1944
      1080   10.1944
      1081   10.1944
      1082   10.1944
      1083   10.1944
      1084   10.1944
      1085   10.1944
      1086   10.1944
      1087   10.1944
      1088   10.1944
      1089   10.1944
      1090   10.1944
      1091   10.1944
      1092   10.1944
      1093   10.1944
      1094   10.1944
      1095   10.1944
      1096   10.1944
      1097   10.1944
      1098   10.1944
      1099   10.1944
      1100   10.1944
      1101   10.1944
      1102   10.1944
      1103   10.1944
      1104   10.1944
      1105   10.1944
      1106   10.1944
      1107   10.1944
      1108   10.1944
      1109   10.1944
      1110   10.1944
      1111   10.1944
      1112   10.1944
      1113   10.1944
      1114   10.1944
      1115   10.1944
      1116   10.1944
      1117   10.1944
      1118   10.1944
      1119   10.1944
      1120   10.1944
      1121   10.1944
      1122   10.1944
      1123   10.1944
      1124   10.1944
      1125   10.1944
      1126   10.1944
      1127   10.1944
      1128   10.1944
      1129   10.1944
      1130   10.1944
      1131   10.1944
      1132   10.1944
      1133   10.1944
      1134   10.1944
      1135   10.1944
      1136   10.1944
      1137   10.1944
      1138   10.1944
      1139   10.1944
      1140   10.1944
      1141   10.1944
      1142   10.1944
      1143   10.1944
      1144   10.1944
      1145   10.1944
      1146   10.1944
      1147   10.1944
      1148   10.1944
      1149   10.1944
      1150   10.1944
      1151   10.1944
      1152   10.1944
      1153   10.1944
      1154   10.1944
      1155   10.1944
      1156   10.1944
      1157   10.1944
      1158   10.1944
      1159   10.1944
      1160   10.1944
      1161   10.1944
      1162   10.1944
      1163   10.1944
      1164   10.1944
      1165   10.1944
      1166   10.1944
      1167   10.1944
      1168   10.1944
      1169   10.1944
      1170   10.1944
      1171   10.1944
      1172   10.1944
      1173   10.1944
      1174   10.1944
      1175   10.1944
      1176   10.1944
      1177   10.1944
      1178   10.1944
      1179   10.1944
      1180   10.1944
      1181   10.1944
      1182   10.1944
      1183   10.1944
      1184   10.1944
      1185   10.1944
      1186   10.1944
      1187   10.1944
      1188   10.1944
      1189   10.1944
      1190   10.1944
      1191   10.1944
      1192   10.1944
      1193   10.1944
      1194   10.1944
      1195   10.1944
      1196   10.1944
      1197   10.1944
      1198   10.1944
      1199   10.1944
      1200   10.1944
      1201   10.1944
      1202   10.1944
      1203   10.1944
      1204   10.1944
      1205   10.1944
      1206   10.1944
      1207   10.1944
      1208   10.1944
      1209   10.1944
      1210   10.1944
      1211   10.1944
      1212   10.1944
      1213   10.1944
      1214   10.1944
      1215   10.1944
      1216   10.1944
      1217   10.1944
      1218   10.1944
      1219   10.1944
      1220   10.1944
      1221   10.1944
      1222   10.1944
      1223   10.1944
      1224   10.1944
      1225   10.1944
      1226   10.1944
      1227   10.1944
      1228   10.1944
      1229   10.1944
      1230   10.1944
      1231   10.1944
      1232   10.1944
      1233   10.1944
      1234   10.1944
      1235   10.1944
      1236   10.1944
      1237   10.1944
      1238   10.1944
      1239   10.1944
      1240   10.1944
      1241   10.1944
      1242   10.1944
      1243   10.1944
      1244   10.1944
      1245   10.1944
      1246   10.1944
      1247   10.1944
      1248   10.1944
      1249   10.1944
      1250   10.1944
      1251   10.1944
      1252   10.1944
      1253   10.1944
      1254   10.1944
      1255   10.1944
      1256   10.1944
      1257   10.1944
      1258   10.1944
      1259   10.1944
      1260   10.1944
      1261   10.1944
      1262   10.1944
      1263   10.1944
      1264   10.1944
      1265   10.1944
      1266   10.1944
      1267   10.1944
      1268   10.1944
      1269   10.1944
      1270   10.1944
      1271   10.1944
      1272   10.1944
      1273   10.1944
      1274   10.1944
      1275   10.1944
      1276   10.1944
      1277   10.1944
      1278   10.1944
      1279   10.1944
      1280   10.1944
      1281   10.1944
      1282   10.1944
      1283   10.1944
      1284   10.1944
      1285   10.1944
      1286   10.1944
      1287   10.1944
      1288   10.1944
      1289   10.1944
      1290   10.1944
      1291   10.1944
      1292   10.1944
      1293   10.1944
      1294   10.1944
      1295   10.1944
      1296   10.1944
      1297   10.1944
      1298   10.1944
      1299   10.1944
      1300   10.1944
      1301   10.1944
      1302   10.1944
      1303   10.1944
      1304   10.1944
      1305   10.1944
      1306   10.1944
      1307   10.1944
      1308   10.1944
      1309   10.1944
      1310   10.1944
      1311   10.1944
      1312   10.1944
      1313   10.1944
      1314   10.1944
      1315   10.1944
      1316   10.1944
      1317   10.1944
      1318   10.1944
      1319   10.1944
      1320   10.1944
      1321   10.1944
      1322   10.1944
      1323   10.1944
      1324   10.1944
      1325   10.1944
      1326   10.1944
      1327   10.1944
      1328   10.1944
      1329   10.1944
      1330   10.1944
      1331   10.1944
      1332   10.1944
      1333   10.1944
      1334   10.1944
      1335   10.1944
      1336   10.1944
      1337   10.1944
      1338   10.1944
      1339   10.1944
      1340   10.1944
      1341   10.1944
      1342   10.1944
      1343   10.1944
      1344   10.1944
      1345   10.1944
      1346   10.1944
      1347   10.1944
      1348   10.1944
      1349   10.1944
      1350   10.1944
      1351   10.1944
      1352   10.1944
      1353   10.1944
      1354   10.1944
      1355   10.1944
      1356   10.1944
      1357   10.1944
      1358   10.1944
      1359   10.1944
      1360   10.1944
      1361   10.1944
      1362   10.1944
      1363   10.1944
      1364   10.1944
      1365   10.1944
      1366   10.1944
      1367   10.1944
      1368   10.1944
      1369   10.1944
      1370   10.1944
      1371   10.1944
      1372   10.1944
      1373   10.1944
      1374   10.1944
      1375   10.1944
      1376   10.1944
      1377   10.1944
      1378   10.1944
      1379   10.1944
      1380   10.1944
      1381   10.1944
      1382   10.1944
      1383   10.1944
      1384   10.1944
      1385   10.1944
      1386   10.1944
      1387   10.1944
      1388   10.1944
      1389   10.1944
      1390   10.1944
      1391   10.1944
      1392   10.1944
      1393   10.1944
      1394   10.1944
      1395   10.1944
      1396   10.1944
      1397   10.1944
      1398   10.1944
      1399   10.1944
      1400   10.1944
      1401   10.1944
      1402   10.1944
      1403   10.1944
      1404   10.1944
      1405   10.1944
      1406   10.1944
      1407   10.1944
      1408   10.1944
      1409   10.1944
      1410   10.1944
      1411   10.1944
      1412   10.1944
      1413   10.1944
      1414   10.1944
      1415   10.1944
      1416   10.1944
      1417   10.1944
      1418   10.1944
      1419   10.1944
      1420   10.1944
      1421   10.1944
      1422   10.1944
      1423   10.1944
      1424   10.1944
      1425   10.1944
      1426   10.1944
      1427   10.1944
      1428   10.1944
      1429   10.1944
      1430   10.1944
      1431   10.1944
      1432   10.1944
      1433   10.1944
      1434   10.1944
      1435   10.1944
      1436   10.1944
      1437   10.1944
      1438   10.1944
      1439   10.1944
      1440   10.1944
      1441   10.1944
      1442   10.1944
      1443   10.1944
      1444   10.1944
      1445   10.1944
      1446   10.1944
      1447   10.1944
      1448   10.1944
      1449   10.1944
      1450   10.1944
      1451   10.1944
      1452   10.1944
      1453   10.1944
      1454   10.1944
      1455   10.1944
      1456   10.1944
      1457   10.1944
      1458   10.1944
      1459   10.1944
      1460   10.1944
      1461   10.1944
      1462   10.1944
      1463   10.1944
      1464   10.1944
      1465   10.1944
      1466   10.1944
      1467   10.1944
      1468   10.1944
      1469   10.1944
      1470   10.1944
      1471   10.1944
      1472   10.1944
      1473   10.1944
      1474   10.1944
      1475   10.1944
      1476   10.1944
      1477   10.1944
      1478   10.1944
      1479   10.1944
      1480   10.1944
      1481   10.1944
      1482   10.1944
      1483   10.1944
      1484   10.1944
      1485   10.1944
      1486   10.1944
      1487   10.1944
      1488   10.1944
      1489   10.1944
      1490   10.1944
      1491   10.1944
      1492   10.1944
      1493   10.1944
      1494   10.1944
      1495   10.1944
      1496   10.1944
      1497   10.1944
      1498   10.1944
      1499   10.1944
