0.0247558   -0.311092   -0.274182
0.420641   -0.0782426   -0.345783
0.240297   0.441311   0.201773
0.337881   -0.257766   -0.202172
-0.281857   -0.463444   -0.193054
-0.268279   0.0301521   0.365531
0.0260792   0.205714   0.164308
0.387881   0.444043   -0.42441
0.0560524   -0.178817   0.0870016
0.219908   -0.290646   -0.363843
0.178259   0.47592   -0.0776833
0.298622   0.250642   -0.142562
0.367847   -0.101023   -0.0642341
0.356136   0.256338   0.263872
0.218663   -0.0742091   -0.387603
-0.416047   0.321637   -0.175254
-0.103147   0.138414   -0.0461461
0.282874   0.48196   -0.258194
-0.447348   -0.341233   -0.454959
-0.213947   0.342167   -0.148659
0.120227   0.388093   0.369922
0.172721   0.179767   0.326451
0.402086   -0.437293   0.401726
0.0636461   0.00436491   -0.071891
-0.0732583   -0.288277   0.473188
-0.330782   0.182075   -0.0166676
-0.420624   -0.301126   -0.226354
-0.412201   0.17793   0.263886
0.404128   0.277316   -0.321843
-0.171716   0.465885   0.00390092
-0.461163   0.497592   -0.107458
0.069609   0.0976289   -0.258808
0.169375   -0.173122   0.298067
-0.465328   0.105502   -0.343459
-0.0411764   0.31683   -0.250481
-0.312643   -0.201273   0.473273
-0.277725   -0.15606   -0.319424
-0.215948   0.270227   0.265439
-0.276982   -0.152595   0.165035
-0.31385   0.0349612   -0.125306
-0.0362548   0.00290354   0.137643
0.0719385   -0.150986   0.474544
-0.0949366   -0.45249   -0.175713
-0.349948   0.347471   0.132829
0.0156539   -0.112064   -0.315149
-0.413173   0.315061   -0.380063
0.385983   0.0857581   0.467981
0.22436   -0.304279   -0.00660493
0.17547   -0.492287   -0.438808
0.32525   -0.0147833   0.308907
-0.20175   0.418649   -0.341542
-0.0107868   -0.372482   0.103561
-0.314232   0.425277   0.308697
0.485227   0.101559   -0.134274
-0.453118   -0.0884764   -0.19447
0.174755   -0.128623   -0.188963
0.374188   0.428517   -0.0183324
-0.000999187   -0.231378   -0.0993906
-0.257158   0.0957588   0.17954
0.475756   -0.31285   -0.0154801
-0.153923   0.162594   -0.400839
-0.0988139   0.449766   0.203237
-0.174442   0.26286   0.0817627
0.0997608   0.242744   -0.0425364
-0.0487475   -0.483674   -0.435929
-0.136383   -0.0574071   -0.461487
0.279355   0.0913215   -0.311361
0.480285   0.429228   0.251657
-0.391819   -0.378925   0.34353
-0.395928   0.464456   0.484568
-0.0480386   0.199539   0.40333
-0.447219   -0.470937   0.0847376
-0.236686   -0.274178   0.308358
0.453093   0.26562   0.074881
-0.207383   -0.436824   0.440546
-0.238647   -0.336336   -0.389037
0.0711823   -0.00454027   0.325327
0.0452965   0.438936   0.0678823
0.0820964   0.494589   -0.259921
0.201368   0.305941   -0.32699
-0.135029   -0.126706   0.00421844
0.187005   -0.359438   0.191278
-0.0874203   0.402608   0.396512
-0.168518   -0.219664   -0.176101
0.378894   -0.27253   0.260265
0.311837   -0.134151   0.130807
0.284185   0.291252   0.478885
0.119046   0.0836689   -0.466214
-0.436029   -0.0206706   0.437485
0.180307   0.0178354   0.136281
0.436786   0.0608708   0.13415
-0.303083   0.184752   -0.274988
0.0149142   -0.424591   0.326636
0.0333331   0.323184   -0.429679
0.234374   0.248918   0.108024
-0.34497   -0.202035   -0.0274849
0.493099   0.305977   0.434399
-0.261752   -0.360608   0.0615388
-0.0447198   -0.162826   0.304132
-0.438924   -0.264223   0.165499
-0.259268   0.307746   0.470032
-0.130448   -0.0091227   -0.228624
-0.465474   0.496821   -0.31366
0.176472   -0.34876   0.420384
0.251928   0.0587693   -0.115664
-0.442374   -0.0696222   0.260317
-0.407737   -0.0164516   0.0341779
0.330728   -0.227246   0.49308
