           1     3.69282     3.69282           0
           2      3.8336     3.76321    0.049773
           3     3.82313     3.78319   0.0369727
           4     3.84967     3.79981   0.0312426
           5     3.84313     3.80847   0.0261681
           6     3.81653     3.80982   0.0218412
           7     3.68808     3.79242   0.0246927
           8     3.72096     3.78349   0.0231655
           9     3.85718     3.79168   0.0219909
          10     3.78251     3.79076   0.0198109
          11     3.74408     3.78652    0.018459
          12     3.86324     3.79291   0.0179938
          13     3.78929     3.79263   0.0166118
          14     3.80985     3.79386   0.0154707
          15     3.77175     3.79239   0.0145094
          16     3.79469     3.79253   0.0136033
          17     3.83006     3.79474    0.012981
          18     3.85705      3.7982    0.012713
          19     3.86764     3.80186   0.0125582
          20     3.79705     3.80162   0.0119326
          21     3.78221     3.80069   0.0114001
          22     3.85806      3.8033   0.0111762
          23     3.86486     3.80598   0.0110061
          24     3.84354     3.80754   0.0106582
          25      3.7518     3.80531   0.0104625
          26     3.80184     3.80518   0.0100609
          27     3.83616     3.80633  0.00975351
          28     3.82725     3.80707  0.00943376
          29     3.88772     3.80985  0.00950955
          30     3.84409     3.81099  0.00926078
          31     3.79498     3.81048  0.00897643
          32     3.76198     3.80896  0.00882295
          33      3.7626     3.80756   0.0086667
          34     3.72245     3.80505   0.0087658
          35     3.77287     3.80414  0.00856344
          36     3.78442     3.80359  0.00834307
          37     3.87416     3.80549  0.00833273
          38     3.83173     3.80619    0.008142
          39     3.79801     3.80598  0.00793593
          40     3.87542     3.80771  0.00792514
          41     3.81614     3.80792  0.00773451
          42     3.81083     3.80799  0.00755067
          43     3.87844     3.80963  0.00755076
          44      3.8779     3.81118  0.00753692
          45      3.8814     3.81274  0.00752926
          46     3.89975     3.81463  0.00759945
          47     3.77587      3.8138  0.00748237
          48     3.78604     3.81323  0.00734881
          49     3.91881     3.81538  0.00750807
          50      3.7699     3.81447  0.00741281
          51     3.87018     3.81556   0.0073475
          52     3.86323     3.81648  0.00726315
          53     3.86967     3.81748  0.00719512
          54     3.89104     3.81885  0.00718966
          55     3.82777     3.81901  0.00706077
          56      3.8883     3.82025  0.00704226
          57     3.78903      3.8197  0.00693998
          58     3.82244     3.81974  0.00682049
          59     3.82078     3.81976  0.00670491
          60     3.77967     3.81909  0.00662638
          61     3.86092     3.81978  0.00655314
          62     3.78628     3.81924  0.00646968
          63     3.79864     3.81891  0.00637524
          64     3.80045     3.81862  0.00628215
          65     3.70181     3.81683  0.00643741
          66     3.79315     3.81647  0.00634986
          67     3.80616     3.81631  0.00625695
          68     3.79318     3.81597  0.00617418
          69     3.78844     3.81558  0.00609758
          70     3.77564       3.815   0.0060371
          71     3.80616     3.81488  0.00595335
          72     3.79273     3.81457  0.00587861
          73     3.81687      3.8146  0.00579817
          74     3.78086     3.81415  0.00573772
          75      3.8115     3.81411  0.00566133
          76     3.71885     3.81286   0.0057239
          77     3.76658     3.81226  0.00568103
          78     3.80019      3.8121   0.0056103
          79     3.73583     3.81114  0.00562176
          80     3.76321     3.81054  0.00558331
          81     3.81226     3.81056  0.00551442
          82     3.83358     3.81084  0.00545431
          83     3.82503     3.81101  0.00539127
          84     3.77641      3.8106   0.0053428
          85     3.76775      3.8101  0.00530368
          86     3.75431     3.80945  0.00528152
          87     3.82563     3.80963  0.00522409
          88     3.79271     3.80944  0.00516826
          89     3.75244      3.8088  0.00514972
          90      3.7868     3.80856   0.0050983
          91     3.78394     3.80829  0.00504945
          92     3.74435     3.80759  0.00504215
          93     3.80672     3.80758  0.00498795
          94     3.73713     3.80683  0.00499087
          95     3.80793     3.80684  0.00493835
          96     3.79587     3.80673  0.00488823
          97     3.84146     3.80709  0.00485093
          98     3.89719     3.80801  0.00488778
          99      3.8085     3.80801  0.00483841
         100     3.85755     3.80851  0.00481532
