           1     1.38925     1.38925           0
           2     1.38769     1.38847 0.000550533
           3     1.38753     1.38816 0.000447108
           4     1.39331     1.38945  0.00116597
           5     1.38806     1.38917 0.000965108
           6      1.3862     1.38867 0.000922561
           7     1.39156     1.38909 0.000878228
           8      1.3912     1.38935 0.000807353
           9      1.3821     1.38854  0.00104516
          10     1.38991     1.38868  0.00094946
          11     1.38993     1.38879 0.000869953
          12     1.39015     1.38891 0.000804774
          13     1.38823     1.38886 0.000744561
          14     1.38827     1.38881 0.000692541
          15     1.38764     1.38874 0.000650751
          16     1.39115     1.38889  0.00062738
          17     1.38977     1.38894 0.000592606
          18     1.39022     1.38901 0.000563947
          19     1.39421     1.38928 0.000596912
          20     1.38845     1.38924 0.000568518
          21      1.3875     1.38916 0.000547438
          22     1.39068     1.38923 0.000526901
          23     1.39129     1.38932 0.000511563
          24     1.38433     1.38911 0.000530806
          25       1.387     1.38903 0.000516241
          26     1.39437     1.38923  0.00053577
          27     1.38747     1.38917 0.000519866
          28     1.38795     1.38912 0.000503103
          29     1.38578     1.38901 0.000498816
          30     1.39197     1.38911 0.000491857
          31     1.38974     1.38913  0.00047641
          32      1.3899     1.38915 0.000462132
          33     1.38476     1.38902 0.000466854
          34     1.38812     1.38899 0.000453869
          35      1.3892       1.389  0.00044094
          36     1.39043     1.38904 0.000430494
          37     1.39182     1.38911 0.000425362
          38     1.38825     1.38909 0.000414771
          39     1.38898     1.38909 0.000404146
          40     1.39215     1.38916 0.000401232
          41     1.38675      1.3891 0.000395748
          42     1.38587     1.38903 0.000393768
          43      1.3909     1.38907 0.000387003
          44     1.39456      1.3892 0.000397794
          45     1.39274     1.38927 0.000396675
          46     1.38959     1.38928 0.000388113
          47     1.38437     1.38918 0.000393687
          48     1.38914     1.38918 0.000385486
          49      1.3907     1.38921 0.000378864
          50     1.39499     1.38932 0.000388564
          51     1.38464     1.38923 0.000391626
          52     1.39244     1.38929 0.000388919
          53     1.39539     1.38941 0.000398235
          54     1.38902      1.3894 0.000390926
          55     1.38961      1.3894 0.000383836
          56     1.38772     1.38937 0.000378153
          57     1.38485     1.38929 0.000379762
          58     1.38702     1.38926 0.000375241
          59     1.38648     1.38921 0.000371825
          60     1.38564     1.38915 0.000370346
          61     1.39253      1.3892 0.000368408
          62     1.38852     1.38919 0.000362628
          63     1.38572     1.38914 0.000361029
          64     1.38888     1.38913 0.000355411
          65     1.39014     1.38915 0.000350283
          66     1.39008     1.38916 0.000345261
          67     1.38734     1.38914 0.000341183
          68     1.39026     1.38915 0.000336568
          69     1.38996     1.38916 0.000331893
          70     1.39088     1.38919 0.000328051
          71     1.39085     1.38921 0.000324263
          72     1.38802      1.3892 0.000320183
          73     1.38681     1.38916 0.000317459
          74     1.39116     1.38919 0.000314317
          75     1.38783     1.38917 0.000310649
          76     1.38377      1.3891 0.000314581
          77     1.39083     1.38912 0.000311299
          78     1.38584     1.38908 0.000310146
          79     1.38486     1.38903 0.000310793
          80     1.38951     1.38903 0.000306966
          81     1.39273     1.38908 0.000306545
          82     1.38356     1.38901  0.00031011
          83     1.39262     1.38906 0.000309407
          84     1.38285     1.38898 0.000314417
          85     1.39489     1.38905 0.000318308
          86     1.39314      1.3891 0.000318129
          87     1.38741     1.38908 0.000315062
          88     1.38421     1.38902 0.000316308
          89     1.39432     1.38908 0.000318302
          90     1.38784     1.38907 0.000315066
          91     1.39233     1.38911 0.000313639
          92     1.39071     1.38912 0.000310715
          93     1.38915     1.38912 0.000307374
          94      1.3878     1.38911 0.000304428
          95     1.38895     1.38911 0.000301228
          96     1.38719     1.38909 0.000298752
          97     1.39261     1.38912 0.000297864
          98     1.38658      1.3891 0.000295953
          99     1.38951      1.3891 0.000292993
         100     1.39145     1.38913 0.000291004
