           1    -5.50496    -5.50496           0
           2    -5.47858    -5.49177  0.00932759
           3    -5.48009    -5.48788  0.00698362
           4    -5.47654    -5.48504  0.00578439
           5    -5.47724    -5.48348  0.00483333
           6    -5.48176     -5.4832  0.00403627
           7    -5.50552    -5.48639  0.00454832
           8    -5.49986    -5.48807  0.00428023
           9    -5.47477    -5.48659  0.00405162
          10    -5.48793    -5.48673  0.00364867
          11    -5.49536    -5.48751  0.00340043
          12    -5.47356    -5.48635  0.00330994
          13    -5.48638    -5.48635  0.00305533
          14    -5.48303    -5.48611  0.00284626
          15    -5.49022    -5.48639  0.00266966
          16     -5.4865    -5.48639  0.00250281
          17    -5.47994    -5.48601  0.00238424
          18    -5.47432    -5.48537  0.00233857
          19    -5.47266     -5.4847  0.00230905
          20    -5.48485     -5.4847  0.00219361
          21    -5.48814    -5.48487  0.00209525
          22    -5.47455     -5.4844  0.00205183
          23     -5.4731    -5.48391  0.00202055
          24    -5.47748    -5.48364  0.00195404
          25    -5.49379    -5.48405  0.00191763
          26    -5.48443    -5.48406  0.00184393
          27    -5.47924    -5.48388  0.00178425
          28    -5.48008    -5.48375   0.0017257
          29    -5.46812    -5.48321  0.00174832
          30    -5.47728    -5.48301  0.00170119
          31    -5.48568     -5.4831   0.0016485
          32     -5.4922    -5.48338  0.00162135
          33    -5.49191    -5.48364  0.00159267
          34    -5.49946     -5.4841  0.00161237
          35    -5.49037    -5.48428  0.00157621
          36     -5.4888    -5.48441  0.00153741
          37    -5.47116    -5.48405    0.001537
          38    -5.47954    -5.48393  0.00150112
          39    -5.48551    -5.48397  0.00146318
          40    -5.47071    -5.48364  0.00146366
          41    -5.48167    -5.48359  0.00142875
          42    -5.48325    -5.48358  0.00139475
          43      -5.471    -5.48329  0.00139269
          44    -5.47044      -5.483  0.00139135
          45    -5.46962     -5.4827  0.00139184
          46    -5.46659    -5.48235  0.00140497
          47    -5.49012    -5.48252  0.00138476
          48     -5.4878    -5.48263  0.00136027
          49    -5.46333    -5.48223  0.00138835
          50    -5.49055     -5.4824   0.0013705
          51    -5.47226     -5.4822  0.00135798
          52    -5.47374    -5.48204  0.00134159
          53    -5.47211    -5.48185  0.00132929
          54    -5.46821     -5.4816  0.00132844
          55    -5.48023    -5.48157  0.00130452
          56    -5.46868    -5.48134  0.00130137
          57     -5.4875    -5.48145  0.00128302
          58    -5.48099    -5.48144  0.00126092
          59    -5.48084    -5.48143  0.00123959
          60    -5.48895    -5.48156  0.00122524
          61    -5.47372    -5.48143  0.00121187
          62    -5.48739    -5.48153  0.00119613
          63    -5.48571    -5.48159  0.00117898
          64    -5.48443    -5.48164  0.00116139
          65    -5.50289    -5.48196  0.00118864
          66    -5.48628    -5.48203  0.00117243
          67    -5.48345    -5.48205  0.00115512
          68    -5.48698    -5.48212  0.00114041
          69    -5.48685    -5.48219  0.00112594
          70    -5.48972     -5.4823  0.00111498
          71    -5.48409    -5.48232  0.00109956
          72    -5.48682    -5.48239  0.00108606
          73    -5.48143    -5.48237  0.00107126
          74    -5.48827    -5.48245  0.00105974
          75     -5.4836    -5.48247  0.00104572
          76    -5.49997     -5.4827  0.00105701
          77    -5.49155    -5.48281  0.00104951
          78    -5.48558    -5.48285  0.00103665
          79    -5.49706    -5.48303  0.00103903
          80    -5.49146    -5.48313  0.00103137
          81    -5.48328    -5.48314  0.00101864
          82    -5.47905    -5.48309  0.00100744
          83    -5.48086    -5.48306 0.000995658
          84    -5.48922    -5.48313 0.000986503
          85    -5.49134    -5.48323 0.000979607
          86    -5.49372    -5.48335 0.000975776
          87    -5.48064    -5.48332 0.000965057
          88    -5.48658    -5.48336 0.000954802
          89    -5.49397    -5.48348 0.000951484
          90    -5.48697    -5.48352 0.000941705
          91    -5.48835    -5.48357 0.000932855
          92    -5.49542     -5.4837 0.000931568
          93    -5.48429     -5.4837 0.000921573
          94    -5.49615    -5.48384 0.000921233
          95    -5.48361    -5.48383 0.000911539
          96    -5.48548    -5.48385 0.000902206
          97    -5.47805    -5.48379 0.000894886
          98    -5.46741    -5.48362 0.000901221
          99    -5.48345    -5.48362  0.00089212
         100     -5.4746    -5.48353 0.000887754
