           1    -7.56787    -7.56787           0
           2    -7.54149    -7.55468  0.00932759
           3      -7.543    -7.55079  0.00698362
           4    -7.53945    -7.54795  0.00578439
           5    -7.54015    -7.54639  0.00483333
           6    -7.54467     -7.5461  0.00403627
           7    -7.56843    -7.54929  0.00454832
           8    -7.56277    -7.55098  0.00428023
           9    -7.53768     -7.5495  0.00405162
          10    -7.55084    -7.54963  0.00364867
          11    -7.55827    -7.55042  0.00340043
          12    -7.53646    -7.54926  0.00330994
          13    -7.54928    -7.54926  0.00305533
          14    -7.54594    -7.54902  0.00284626
          15    -7.55313     -7.5493  0.00266966
          16    -7.54941     -7.5493  0.00250281
          17    -7.54284    -7.54892  0.00238424
          18    -7.53723    -7.54827  0.00233857
          19    -7.53557     -7.5476  0.00230905
          20    -7.54775    -7.54761  0.00219361
          21    -7.55105    -7.54778  0.00209525
          22    -7.53746    -7.54731  0.00205183
          23    -7.53601    -7.54682  0.00202055
          24    -7.54039    -7.54655  0.00195404
          25     -7.5567    -7.54695  0.00191763
          26    -7.54734    -7.54697  0.00184393
          27    -7.54215    -7.54679  0.00178425
          28    -7.54298    -7.54665   0.0017257
          29    -7.53103    -7.54612  0.00174832
          30    -7.54018    -7.54592  0.00170119
          31    -7.54859      -7.546   0.0016485
          32    -7.55511    -7.54629  0.00162135
          33    -7.55481    -7.54655  0.00159267
          34    -7.56237    -7.54701  0.00161237
          35    -7.55328    -7.54719  0.00157621
          36    -7.55171    -7.54732  0.00153741
          37    -7.53407    -7.54696    0.001537
          38    -7.54245    -7.54684  0.00150112
          39    -7.54842    -7.54688  0.00146318
          40    -7.53362    -7.54655  0.00146366
          41    -7.54458     -7.5465  0.00142875
          42    -7.54616    -7.54649  0.00139475
          43    -7.53391     -7.5462  0.00139269
          44    -7.53334    -7.54591  0.00139135
          45    -7.53253    -7.54561  0.00139184
          46     -7.5295    -7.54526  0.00140497
          47    -7.55303    -7.54543  0.00138476
          48     -7.5507    -7.54554  0.00136027
          49    -7.52624    -7.54514  0.00138835
          50    -7.55345    -7.54531   0.0013705
          51    -7.53517    -7.54511  0.00135798
          52    -7.53664    -7.54495  0.00134159
          53    -7.53502    -7.54476  0.00132929
          54    -7.53112    -7.54451  0.00132844
          55    -7.54314    -7.54448  0.00130452
          56    -7.53159    -7.54425  0.00130137
          57    -7.55041    -7.54436  0.00128302
          58    -7.54389    -7.54435  0.00126092
          59    -7.54375    -7.54434  0.00123959
          60    -7.55185    -7.54447  0.00122524
          61    -7.53663    -7.54434  0.00121187
          62    -7.55029    -7.54443  0.00119613
          63    -7.54862     -7.5445  0.00117898
          64    -7.54733    -7.54454  0.00116139
          65    -7.56579    -7.54487  0.00118864
          66    -7.54919    -7.54494  0.00117243
          67    -7.54636    -7.54496  0.00115512
          68    -7.54989    -7.54503  0.00114041
          69    -7.54976     -7.5451  0.00112594
          70    -7.55263    -7.54521  0.00111498
          71      -7.547    -7.54523  0.00109956
          72    -7.54973    -7.54529  0.00108606
          73    -7.54434    -7.54528  0.00107126
          74    -7.55118    -7.54536  0.00105974
          75    -7.54651    -7.54538  0.00104572
          76    -7.56288    -7.54561  0.00105701
          77    -7.55445    -7.54572  0.00104951
          78    -7.54848    -7.54576  0.00103665
          79    -7.55997    -7.54594  0.00103903
          80    -7.55437    -7.54604  0.00103137
          81    -7.54619    -7.54604  0.00101864
          82    -7.54195    -7.54599  0.00100744
          83    -7.54377    -7.54597 0.000995658
          84    -7.55213    -7.54604 0.000986503
          85    -7.55424    -7.54614 0.000979607
          86    -7.55662    -7.54626 0.000975776
          87    -7.54355    -7.54623 0.000965057
          88    -7.54949    -7.54627 0.000954802
          89    -7.55687    -7.54638 0.000951484
          90    -7.54988    -7.54642 0.000941705
          91    -7.55126    -7.54648 0.000932855
          92    -7.55833    -7.54661 0.000931568
          93     -7.5472    -7.54661 0.000921573
          94    -7.55906    -7.54674 0.000921233
          95    -7.54652    -7.54674 0.000911539
          96    -7.54839    -7.54676 0.000902206
          97    -7.54096     -7.5467 0.000894886
          98    -7.53032    -7.54653 0.000901221
          99    -7.54636    -7.54653  0.00089212
         100     -7.5375    -7.54644 0.000887754
