           1        1.65        1.65           0
           2        1.65        1.65           0
           3        1.65        1.65 1.21667e-08
           4        1.65        1.65 1.05367e-08
           5        1.65        1.65 9.42432e-09
           6        1.65        1.65 8.60319e-09
           7        1.65        1.65 7.96501e-09
           8        1.65        1.65 7.45058e-09
           9        1.65        1.65 7.02447e-09
          10        1.65        1.65   6.664e-09
          11        1.65        1.65 6.35388e-09
          12        1.65        1.65 6.08337e-09
          13        1.65        1.65 5.84472e-09
          14        1.65        1.65 5.63211e-09
          15        1.65        1.65 5.44113e-09
          16        1.65        1.65 5.26836e-09
          17        1.65        1.65 5.11106e-09
          18        1.65        1.65 4.96705e-09
          19        1.65        1.65 4.83458e-09
          20        1.65        1.65 4.71216e-09
          21        1.65        1.65  4.5986e-09
          22        1.65        1.65 4.49287e-09
          23        1.65        1.65 4.39411e-09
          24        1.65        1.65 4.30159e-09
          25        1.65        1.65           0
          26        1.65        1.65           0
          27        1.65        1.65 4.05558e-09
          28        1.65        1.65  3.9825e-09
          29        1.65        1.65 5.53415e-09
          30        1.65        1.65 5.44113e-09
          31        1.65        1.65 6.55564e-09
          32        1.65        1.65 6.45239e-09
          33        1.65        1.65 6.35388e-09
          34        1.65        1.65 7.22812e-09
          35        1.65        1.65 7.12412e-09
          36        1.65        1.65 7.02447e-09
          37        1.65        1.65  6.9289e-09
          38        1.65        1.65 7.64413e-09
          39        1.65        1.65  7.5455e-09
          40        1.65        1.65 8.81565e-09
          41        1.65        1.65 8.70747e-09
          42        1.65        1.65  9.7551e-09
          43        1.65        1.65 1.06585e-08
          44        1.65        1.65 1.05367e-08
          45        1.65        1.65 1.13266e-08
          46        1.65        1.65 1.16257e-08
          47        1.65        1.65 1.19051e-08
          48        1.65        1.65 1.21667e-08
          49        1.65        1.65  1.2042e-08
          50        1.65        1.65 1.26441e-08
          51        1.65        1.65 1.25195e-08
          52        1.65        1.65 1.30692e-08
          53        1.65        1.65 1.29453e-08
          54        1.65        1.65 1.28249e-08
          55        1.65        1.65  1.3328e-08
          56        1.65        1.65 1.32085e-08
          57        1.65        1.65 1.36742e-08
          58        1.65        1.65 1.35558e-08
          59        1.65        1.65 1.34405e-08
          60        1.65        1.65 1.38722e-08
          61        1.65        1.65  1.3758e-08
          62        1.65        1.65 1.36466e-08
          63        1.65        1.65 1.40489e-08
          64        1.65        1.65 1.39388e-08
          65        1.65        1.65 1.38311e-08
          66        1.65        1.65 1.42077e-08
          67        1.65        1.65 1.41013e-08
          68        1.65        1.65 1.39972e-08
          69        1.65        1.65 1.38954e-08
          70        1.65        1.65 1.42482e-08
          71        1.65        1.65 1.41475e-08
          72        1.65        1.65 1.40489e-08
          73        1.65        1.65 1.39524e-08
          74        1.65        1.65 1.42843e-08
          75        1.65        1.65 1.41887e-08
          76        1.65        1.65 1.40951e-08
          77        1.65        1.65 1.40033e-08
          78        1.65        1.65 1.39132e-08
          79        1.65        1.65 1.34121e-08
          80        1.65        1.65 1.31181e-08
          81        1.65        1.65 1.30369e-08
          82        1.65        1.65 1.25322e-08
          83        1.65        1.65 1.24565e-08
          84        1.65        1.65 1.19475e-08
          85        1.65        1.65  1.1877e-08
          86        1.65        1.65 1.18078e-08
          87        1.65        1.65 1.17397e-08
          88        1.65        1.65 1.12322e-08
          89        1.65        1.65 1.11689e-08
          90        1.65        1.65 1.06531e-08
          91        1.65        1.65 1.05944e-08
          92        1.65        1.65 1.03051e-08
          93        1.65        1.65 1.02496e-08
          94        1.65        1.65 9.72045e-09
          95        1.65        1.65 9.42432e-09
          96        1.65        1.65 9.37511e-09
          97        1.65        1.65 8.55873e-09
          98        1.65        1.65 8.24456e-09
          99        1.65        1.65 7.92468e-09
         100        1.65        1.65 7.59813e-09
