           1         1.1         1.1           0
           2         1.1         1.1           0
           3         1.1         1.1           0
           4         1.1         1.1           0
           5         1.1         1.1           0
           6         1.1         1.1           0
           7         1.1         1.1           0
           8         1.1         1.1           0
           9         1.1         1.1           0
          10         1.1         1.1           0
          11         1.1         1.1           0
          12         1.1         1.1           0
          13         1.1         1.1           0
          14         1.1         1.1           0
          15         1.1         1.1 3.84746e-09
          16         1.1         1.1 3.72529e-09
          17         1.1         1.1 3.61406e-09
          18         1.1         1.1 4.96705e-09
          19         1.1         1.1 4.83458e-09
          20         1.1         1.1 4.71216e-09
          21         1.1         1.1  4.5986e-09
          22         1.1         1.1 5.50262e-09
          23         1.1         1.1 5.38167e-09
          24         1.1         1.1 5.26836e-09
          25         1.1         1.1 5.16191e-09
          26         1.1         1.1 5.06167e-09
          27         1.1         1.1 4.96705e-09
          28         1.1         1.1 5.63211e-09
          29         1.1         1.1 5.53415e-09
          30         1.1         1.1 5.44113e-09
          31         1.1         1.1 5.35266e-09
          32         1.1         1.1 5.26836e-09
          33         1.1         1.1 5.18792e-09
          34         1.1         1.1 5.11106e-09
          35         1.1         1.1 5.03751e-09
          36         1.1         1.1 4.96705e-09
          37         1.1         1.1 4.89947e-09
          38         1.1         1.1 4.83458e-09
          39         1.1         1.1 5.33547e-09
          40         1.1         1.1 5.26836e-09
          41         1.1         1.1 5.20371e-09
          42         1.1         1.1 5.14139e-09
          43         1.1         1.1 5.08125e-09
          44         1.1         1.1 5.02318e-09
          45         1.1         1.1 4.96705e-09
          46         1.1         1.1 4.91277e-09
          47         1.1         1.1 4.86022e-09
          48         1.1         1.1 4.80933e-09
          49         1.1         1.1    4.76e-09
          50         1.1         1.1 4.71216e-09
          51         1.1         1.1 4.66573e-09
          52         1.1         1.1 4.62065e-09
          53         1.1         1.1 4.57686e-09
          54         1.1         1.1 4.53428e-09
          55         1.1         1.1 4.49287e-09
          56         1.1         1.1 4.45257e-09
          57         1.1         1.1 4.41334e-09
          58         1.1         1.1 4.37513e-09
          59         1.1         1.1  4.3379e-09
          60         1.1         1.1 4.30159e-09
          61         1.1         1.1 4.26619e-09
          62         1.1         1.1 4.23165e-09
          63         1.1         1.1 4.19793e-09
          64         1.1         1.1   4.165e-09
          65         1.1         1.1 4.13284e-09
          66         1.1         1.1 4.10141e-09
          67         1.1         1.1 4.07069e-09
          68         1.1         1.1 4.04064e-09
          69         1.1         1.1 4.01126e-09
          70         1.1         1.1  3.9825e-09
          71         1.1         1.1 3.95436e-09
          72         1.1         1.1  3.9268e-09
          73         1.1         1.1 3.89981e-09
          74         1.1         1.1 3.87337e-09
          75         1.1         1.1 3.84746e-09
          76         1.1         1.1 3.82207e-09
          77         1.1         1.1 3.79717e-09
          78         1.1         1.1 3.77275e-09
          79         1.1         1.1 3.74879e-09
          80         1.1         1.1 3.72529e-09
          81         1.1         1.1 3.70222e-09
          82         1.1         1.1 3.67958e-09
          83         1.1         1.1 3.65735e-09
          84         1.1         1.1 3.63551e-09
          85         1.1         1.1 3.61406e-09
          86         1.1         1.1 3.93592e-09
          87         1.1         1.1 3.91324e-09
          88         1.1         1.1 3.89094e-09
          89         1.1         1.1 3.86902e-09
          90         1.1         1.1 3.84746e-09
          91         1.1         1.1 3.82626e-09
          92         1.1         1.1 3.80541e-09
          93         1.1         1.1  3.7849e-09
          94         1.1         1.1 3.76471e-09
          95         1.1         1.1 3.74485e-09
          96         1.1         1.1 3.72529e-09
          97         1.1         1.1 3.70604e-09
          98         1.1         1.1 3.68708e-09
          99         1.1         1.1 3.66841e-09
         100         1.1         1.1 3.65002e-09
