           1         1.2         1.2           0
           2         1.2         1.2           0
           3         1.2         1.2           0
           4         1.2         1.2           0
           5         1.2         1.2           0
           6         1.2         1.2 8.60319e-09
           7         1.2         1.2 7.96501e-09
           8         1.2         1.2 7.45058e-09
           9         1.2         1.2 7.02447e-09
          10         1.2         1.2   6.664e-09
          11         1.2         1.2 6.35388e-09
          12         1.2         1.2 6.08337e-09
          13         1.2         1.2 7.15829e-09
          14         1.2         1.2  6.8979e-09
          15         1.2         1.2 7.69493e-09
          16         1.2         1.2 7.45058e-09
          17         1.2         1.2 7.22812e-09
          18         1.2         1.2  7.8536e-09
          19         1.2         1.2 7.64413e-09
          20         1.2         1.2 7.45058e-09
          21         1.2         1.2 7.27102e-09
          22         1.2         1.2 7.10385e-09
          23         1.2         1.2  6.9477e-09
          24         1.2         1.2 6.80142e-09
          25         1.2         1.2   6.664e-09
          26         1.2         1.2 6.53459e-09
          27         1.2         1.2 6.41244e-09
          28         1.2         1.2  6.8979e-09
          29         1.2         1.2 5.53415e-09
          30         1.2         1.2 5.44113e-09
          31         1.2         1.2  3.7849e-09
          32         1.2         1.2 3.72529e-09
          33         1.2         1.2 3.66841e-09
          34         1.2         1.2 2.55553e-09
          35         1.2         1.2 2.51876e-09
          36         1.2         1.2 2.48353e-09
          37         1.2         1.2 4.24307e-09
          38         1.2         1.2 4.18686e-09
          39         1.2         1.2 3.37445e-09
          40         1.2         1.2 5.26836e-09
          41         1.2         1.2 5.20371e-09
          42         1.2         1.2 5.14139e-09
          43         1.2         1.2 5.08125e-09
          44         1.2         1.2 5.94351e-09
          45         1.2         1.2  5.8771e-09
          46         1.2         1.2 6.21421e-09
          47         1.2         1.2 6.14775e-09
          48         1.2         1.2 6.45239e-09
          49         1.2         1.2 7.37416e-09
          50         1.2         1.2 7.30005e-09
          51         1.2         1.2 7.52327e-09
          52         1.2         1.2 7.45058e-09
          53         1.2         1.2 7.65854e-09
          54         1.2         1.2  7.5873e-09
          55         1.2         1.2 7.78188e-09
          56         1.2         1.2 7.71208e-09
          57         1.2         1.2 7.64413e-09
          58         1.2         1.2 7.82647e-09
          59         1.2         1.2 7.75986e-09
          60         1.2         1.2 8.60319e-09
          61         1.2         1.2 8.53238e-09
          62         1.2         1.2 8.46329e-09
          63         1.2         1.2 8.60319e-09
          64         1.2         1.2 8.53571e-09
          65         1.2         1.2  8.4698e-09
          66         1.2         1.2 8.60319e-09
          67         1.2         1.2 8.53875e-09
          68         1.2         1.2 8.47573e-09
          69         1.2         1.2 8.96945e-09
          70         1.2         1.2 8.90515e-09
          71         1.2         1.2 8.84221e-09
          72         1.2         1.2 8.78059e-09
          73         1.2         1.2 8.89294e-09
          74         1.2         1.2 8.83265e-09
          75         1.2         1.2 8.77357e-09
          76         1.2         1.2 8.71565e-09
          77         1.2         1.2 8.82382e-09
          78         1.2         1.2 8.76707e-09
          79         1.2         1.2 8.71141e-09
          80         1.2         1.2 8.65679e-09
          81         1.2         1.2 8.60319e-09
          82         1.2         1.2 9.16208e-09
          83         1.2         1.2 9.10672e-09
          84         1.2         1.2 9.05235e-09
          85         1.2         1.2 8.99894e-09
          86         1.2         1.2 8.94647e-09
          87         1.2         1.2 9.03723e-09
          88         1.2         1.2 8.98574e-09
          89         1.2         1.2 8.93511e-09
          90         1.2         1.2  8.7454e-09
          91         1.2         1.2 8.69722e-09
          92         1.2         1.2 8.50916e-09
          93         1.2         1.2 8.46329e-09
          94         1.2         1.2 8.27666e-09
          95         1.2         1.2 8.23298e-09
          96         1.2         1.2 8.04755e-09
          97         1.2         1.2 8.00596e-09
          98         1.2         1.2 7.82148e-09
          99         1.2         1.2 7.78188e-09
         100         1.2         1.2 8.02452e-09
