                 0                 0                 0
        0.00512993                 0                 0
         0.0102599                 0                 0
         0.0153898                 0                 0
         0.0205197                 0                 0
         0.0256496                 0                 0
         0.0307796                 0                 0
         0.0359095                 0                 0
         0.0410394                 0                 0
         0.0461694                 0                 0
         0.0512993                 0                 0
         0.0564292                 0                 0
         0.0615591                 0                 0
         0.0666891                 0                 0
          0.071819                 0                 0
         0.0769489                 0                 0
         0.0820788                 0                 0
         0.0872088                 0                 0
         0.0923387                 0                 0
         0.0974686                 0                 0
          0.102599                 0                 0
          0.107728                 0                 0
          0.112858                 0                 0
          0.117988                 0                 0
          0.123118                 0                 0
          0.128248                 0                 0
          0.133378                 0                 0
          0.138508                 0                 0
          0.143638                 0                 0
          0.148768                 0                 0
          0.153898                 0                 0
          0.159028                 0                 0
          0.164158                 0                 0
          0.169288                 0                 0
          0.174418                 0                 0
          0.179547                 0                 0
          0.184677                 0                 0
          0.189807                 0                 0
          0.194937                 0                 0
          0.200067                 0                 0
          0.205197                 0                 0
          0.210327                 0                 0
          0.215457                 0                 0
          0.220587                 0                 0
          0.225717                 0                 0
          0.230847                 0                 0
          0.235977                 0                 0
          0.241107                 0                 0
          0.246237                 0                 0
          0.251366                 0                 0
          0.256496                 0                 0
          0.261626                 0                 0
          0.266756                 0                 0
          0.271886                 0                 0
          0.277016                 0                 0
          0.282146                 0                 0
          0.287276                 0                 0
          0.292406                 0                 0
          0.297536                 0                 0
          0.302666                 0                 0
          0.307796                 0                 0
          0.312926                 0                 0
          0.318056                 0                 0
          0.323185                 0                 0
          0.328315                 0                 0
          0.333445                 0                 0
          0.338575                 0                 0
          0.343705                 0                 0
          0.348835                 0                 0
          0.353965                 0                 0
          0.359095                 0                 0
          0.364225                 0                 0
          0.369355                 0                 0
          0.374485                 0                 0
          0.379615                 0                 0
          0.384745                 0                 0
          0.389875                 0                 0
          0.395004                 0                 0
          0.400134                 0                 0
          0.405264                 0                 0
          0.410394                 0                 0
          0.415524                 0                 0
          0.420654                 0                 0
          0.425784                 0                 0
          0.430914                 0                 0
          0.436044                 0                 0
          0.441174                 0                 0
          0.446304                 0                 0
          0.451434                 0                 0
          0.456564                 0                 0
          0.461694                 0                 0
          0.466823                 0                 0
          0.471953                 0                 0
          0.477083                 0                 0
          0.482213                 0                 0
          0.487343                 0                 0
          0.492473                 0                 0
          0.497603                 0                 0
          0.502733                 0                 0
          0.507863                 0                 0
          0.512993                 0                 0
          0.518123                 0                 0
          0.523253                 0                 0
          0.528383                 0                 0
          0.533512                 0                 0
          0.538642                 0                 0
          0.543772                 0                 0
          0.548902                 0                 0
          0.554032                 0                 0
          0.559162                 0                 0
          0.564292                 0                 0
          0.569422                 0                 0
          0.574552                 0                 0
          0.579682                 0                 0
          0.584812                 0                 0
          0.589942                 0                 0
          0.595072                 0                 0
          0.600202                 0                 0
          0.605331                 0                 0
          0.610461                 0                 0
          0.615591                 0                 0
          0.620721                 0                 0
          0.625851                 0                 0
          0.630981                 0                 0
          0.636111                 0                 0
          0.641241                 0                 0
          0.646371                 0                 0
          0.651501                 0                 0
          0.656631                 0                 0
          0.661761                 0                 0
          0.666891                 0                 0
          0.672021                 0                 0
           0.67715                 0                 0
           0.68228                 0                 0
           0.68741                 0                 0
           0.69254                 0                 0
           0.69767                 0                 0
            0.7028                 0                 0
           0.70793                 0                 0
           0.71306                 0                 0
           0.71819                 0                 0
           0.72332                 0                 0
           0.72845                 0                 0
           0.73358                 0                 0
           0.73871                 0                 0
           0.74384                 0                 0
          0.748969                 0                 0
          0.754099                 0                 0
          0.759229                 0                 0
          0.764359                 0                 0
          0.769489                 0                 0
          0.774619                 0                 0
          0.779749                 0                 0
          0.784879                 0                 0
          0.790009                 0                 0
          0.795139                 0                 0
          0.800269                 0                 0
          0.805399                 0                 0
          0.810529                 0                 0
          0.815659                 0                 0
          0.820788                 0                 0
          0.825918                 0                 0
          0.831048                 0                 0
          0.836178                 0                 0
          0.841308                 0                 0
          0.846438                 0                 0
          0.851568                 0                 0
          0.856698                 0                 0
          0.861828       1.92235e-05       1.91271e-05
          0.866958        0.00010686       5.64326e-05
          0.872088       0.000194792       7.03327e-05
          0.877218       0.000443044       0.000116309
          0.882348       0.000910235       0.000165477
          0.887478        0.00205339       0.000287002
          0.892607        0.00424132       0.000413913
          0.897737        0.00785463        0.00048292
          0.902867         0.0137885       0.000638778
          0.907997         0.0234062       0.000836385
          0.913127         0.0389084        0.00114904
          0.918257         0.0605251         0.0012854
          0.923387         0.0898662        0.00142018
          0.928517          0.129485        0.00195002
          0.933647          0.177603        0.00227685
          0.938777           0.23639        0.00313692
          0.943907          0.308592        0.00340967
          0.949037          0.394883        0.00369994
          0.954167          0.493497        0.00378161
          0.959297          0.600748        0.00409033
          0.964426          0.722696        0.00547857
          0.969556          0.852275        0.00572794
          0.974686          0.991013        0.00551751
          0.979816           1.12898        0.00724326
          0.984946           1.27106        0.00682234
          0.990076           1.40489        0.00673116
          0.995206           1.53461        0.00768737
           1.00034           1.66143        0.00813324
           1.00547           1.78711        0.00806345
            1.0106           1.90025        0.00850006
           1.01573           2.02318        0.00873365
           1.02086           2.12704        0.00859046
           1.02599           2.20824         0.0085159
           1.03112           2.28335        0.00887625
           1.03625           2.35728        0.00939716
           1.04138           2.40808        0.00995527
           1.04651           2.44589        0.00886298
           1.05164           2.48755        0.00800056
           1.05677           2.51977        0.00868229
            1.0619           2.53771        0.00899271
           1.06702           2.55363        0.00867714
           1.07215           2.55562        0.00955115
           1.07728           2.55376        0.00879797
           1.08241           2.53397        0.00770432
           1.08754           2.51815        0.00769373
           1.09267           2.49767        0.00819943
            1.0978           2.48089         0.0077606
           1.10293            2.4424        0.00814035
           1.10806           2.41446        0.00791768
           1.11319           2.38461        0.00739185
           1.11832           2.35351        0.00751622
           1.12345           2.29194        0.00849382
           1.12858           2.25542        0.00760892
           1.13371           2.21715         0.0079937
           1.13884           2.15779        0.00756757
           1.14397           2.11807        0.00886903
            1.1491           2.07946         0.0083238
           1.15423           2.02999        0.00662069
           1.15936           1.98031        0.00782779
           1.16449           1.93773        0.00702406
           1.16962           1.90989        0.00666743
           1.17475           1.86927        0.00709255
           1.17988           1.81841        0.00716431
           1.18501           1.77264        0.00811869
           1.19014           1.73224        0.00745036
           1.19527           1.69222        0.00734848
            1.2004           1.65294        0.00702749
           1.20553            1.6125         0.0064404
           1.21066           1.57975        0.00670974
           1.21579           1.54387        0.00624701
           1.22092           1.50013        0.00583715
           1.22605           1.47239        0.00604806
           1.23118           1.44435        0.00628955
           1.23631           1.41454        0.00625331
           1.24144           1.37538        0.00596979
           1.24657           1.34229        0.00558615
            1.2517           1.31153        0.00601931
           1.25683           1.28897        0.00567138
           1.26196           1.26223        0.00545966
           1.26709           1.23889        0.00539744
           1.27222            1.2173         0.0052554
           1.27735           1.19076        0.00551999
           1.28248           1.17239        0.00569461
           1.28761           1.14393        0.00524756
           1.29274           1.12454        0.00497013
           1.29787           1.10455        0.00482155
             1.303           1.08186        0.00440668
           1.30813            1.0647        0.00589417
           1.31326           1.04308        0.00543713
           1.31839           1.02185        0.00495162
           1.32352           1.00345        0.00485771
           1.32865          0.984538        0.00501373
           1.33378          0.976489        0.00492184
           1.33891          0.957942        0.00531374
           1.34404          0.937652        0.00475624
           1.34917          0.924674        0.00492242
            1.3543          0.903425        0.00511112
           1.35943          0.895032        0.00514367
           1.36456          0.888563        0.00467323
           1.36969          0.871733        0.00464873
           1.37482          0.857822        0.00481361
           1.37995          0.845172        0.00456311
           1.38508          0.835783        0.00463988
           1.39021          0.818918        0.00508604
           1.39534          0.811238        0.00395436
           1.40047          0.803923        0.00394706
            1.4056          0.794389        0.00376551
           1.41073          0.786074        0.00375736
           1.41586          0.779408        0.00411293
           1.42099          0.771548        0.00408787
           1.42612          0.766707        0.00433655
           1.43125          0.758971         0.0040288
           1.43638          0.749795        0.00385024
           1.44151          0.744744        0.00377589
           1.44664          0.738944        0.00373644
           1.45177          0.733216        0.00350148
            1.4569          0.732431        0.00410163
           1.46203           0.72285        0.00385038
           1.46716          0.720704        0.00427876
           1.47229          0.719249         0.0035906
           1.47742          0.714033        0.00383542
           1.48255           0.70749        0.00379378
           1.48768          0.699905        0.00366974
           1.49281          0.701338        0.00417154
           1.49794          0.694733        0.00346358
           1.50307          0.691767        0.00342217
            1.5082          0.687457        0.00381051
           1.51333          0.684002        0.00353869
           1.51846          0.682182        0.00382935
           1.52359          0.679818         0.0036173
           1.52872          0.676778        0.00400004
           1.53385          0.676697        0.00384027
           1.53898          0.673664        0.00363194
           1.54411          0.673541        0.00363588
           1.54924          0.675968        0.00339427
           1.55437          0.674056        0.00373704
            1.5595          0.672572        0.00367486
           1.56463          0.671671        0.00377822
           1.56976          0.678162         0.0035204
           1.57489          0.675208        0.00349133
           1.58002          0.669393        0.00315813
           1.58515          0.674884        0.00332938
           1.59028          0.677688        0.00345018
           1.59541          0.678247         0.0029942
           1.60054          0.681532        0.00311861
           1.60567           0.68349        0.00349229
            1.6108          0.685819        0.00341212
           1.61593          0.688638        0.00332183
           1.62106          0.688532        0.00318897
           1.62619          0.689917        0.00330485
           1.63132          0.695337        0.00339746
           1.63645          0.698307        0.00353474
           1.64158          0.702579        0.00333183
           1.64671          0.708225        0.00356612
           1.65184          0.711946        0.00337642
           1.65697          0.714572        0.00307792
            1.6621          0.717779        0.00322036
           1.66723          0.715025        0.00309165
           1.67236          0.727859        0.00331681
           1.67749          0.733166        0.00352432
           1.68262          0.732081        0.00401219
           1.68775            0.7361        0.00376322
           1.69288          0.739863        0.00333207
           1.69801          0.743034        0.00355409
           1.70314          0.752142         0.0032634
           1.70827          0.759369        0.00350118
            1.7134          0.769584        0.00369374
           1.71853          0.774837        0.00346092
           1.72366          0.780634        0.00354989
           1.72879          0.788677        0.00378834
           1.73392          0.793703        0.00378118
           1.73905          0.805096        0.00369918
           1.74418          0.810326        0.00350054
           1.74931          0.813522        0.00382712
           1.75444          0.820201        0.00388058
           1.75957          0.827041        0.00342515
            1.7647          0.837201        0.00389017
           1.76983          0.839618        0.00367994
           1.77496           0.84849        0.00421588
           1.78008          0.860864        0.00373671
           1.78521          0.865519        0.00365817
           1.79034          0.868728        0.00367334
           1.79547          0.878634        0.00391895
            1.8006          0.882664        0.00392949
           1.80573          0.892529        0.00415752
           1.81086          0.902918        0.00388227
           1.81599          0.911383        0.00368168
           1.82112           0.91972        0.00382549
           1.82625          0.928962        0.00366817
           1.83138          0.936032        0.00393581
           1.83651           0.94619        0.00390067
           1.84164          0.955298        0.00356212
           1.84677          0.965799        0.00423336
            1.8519          0.973354        0.00408925
           1.85703          0.984007        0.00419576
           1.86216          0.990827        0.00403823
           1.86729          0.994361        0.00415418
           1.87242           1.00521        0.00378487
           1.87755           1.01493        0.00404343
           1.88268           1.01981        0.00342672
           1.88781           1.02949        0.00338237
           1.89294            1.0355        0.00394596
           1.89807           1.04979        0.00382211
            1.9032           1.05318         0.0034789
           1.90833           1.05869        0.00326846
           1.91346           1.06432        0.00324185
           1.91859           1.07773        0.00319818
           1.92372           1.08415        0.00372422
           1.92885           1.09297        0.00345538
           1.93398           1.10626        0.00351596
           1.93911            1.1127        0.00363145
           1.94424           1.11821        0.00350243
           1.94937           1.12331        0.00366447
            1.9545           1.12989        0.00369766
           1.95963           1.13492        0.00370514
           1.96476           1.14042        0.00367324
           1.96989            1.1445        0.00360524
           1.97502           1.14488        0.00346662
           1.98015           1.15384         0.0036287
           1.98528           1.15622        0.00343745
           1.99041           1.16512        0.00333084
           1.99554           1.17291        0.00328729
           2.00067           1.17526        0.00291948
            2.0058           1.17944        0.00271314
           2.01093           1.19009         0.0031727
           2.01606           1.19457        0.00318603
           2.02119           1.20017        0.00301286
           2.02632           1.20021        0.00347677
           2.03145            1.2011        0.00353535
           2.03658           1.19701        0.00363868
           2.04171           1.20024        0.00367122
           2.04684           1.20098         0.0032223
           2.05197           1.20621         0.0033214
            2.0571           1.21036        0.00356421
           2.06223           1.20865        0.00319478
           2.06736           1.20754        0.00316295
           2.07249           1.21477        0.00334715
           2.07762            1.2127        0.00332389
           2.08275           1.20996          0.003224
           2.08788           1.21106        0.00355752
           2.09301           1.20762        0.00354582
           2.09814           1.20504        0.00350868
           2.10327            1.2051        0.00379148
            2.1084            1.2054        0.00362547
           2.11353           1.20467        0.00370792
           2.11866            1.2037        0.00344868
           2.12379           1.20248        0.00365283
           2.12892           1.19435        0.00370375
           2.13405           1.19322        0.00346928
           2.13918           1.19044        0.00343381
           2.14431           1.18594        0.00343384
           2.14944           1.18304        0.00315847
           2.15457           1.18293        0.00323367
            2.1597           1.17627        0.00343527
           2.16483           1.16996        0.00328084
           2.16996            1.1655        0.00334186
           2.17509           1.16265        0.00356607
           2.18022           1.15896        0.00363287
           2.18535           1.15058        0.00316669
           2.19048            1.1522        0.00328283
           2.19561           1.14515        0.00333119
           2.20074           1.13947        0.00335778
           2.20587           1.13374        0.00334512
             2.211           1.12923        0.00359248
           2.21613           1.12246        0.00353067
           2.22126           1.11897        0.00323899
           2.22639           1.10792        0.00309541
           2.23152           1.10412        0.00324167
           2.23665           1.09634        0.00309895
           2.24178            1.0903        0.00313557
           2.24691           1.08597        0.00312707
           2.25204           1.08024        0.00325111
           2.25717           1.07795        0.00332301
            2.2623           1.06867        0.00305154
           2.26743           1.06622        0.00313028
           2.27256           1.05767        0.00330286
           2.27769           1.05222        0.00332078
           2.28282           1.04902        0.00309682
           2.28795           1.04535         0.0032556
           2.29308           1.03162        0.00331539
           2.29821            1.0272        0.00330566
           2.30334           1.02292        0.00331996
           2.30847           1.01776        0.00302709
            2.3136           1.01622        0.00294112
           2.31873           1.01207        0.00288525
           2.32386           1.00635        0.00294866
           2.32899          0.999296        0.00263562
           2.33412          0.992242         0.0025312
           2.33925          0.981971        0.00276211
           2.34438           0.98317         0.0027704
           2.34951          0.980772        0.00282083
           2.35464          0.976401        0.00248713
           2.35977          0.971612        0.00238702
            2.3649          0.964989        0.00250948
           2.37003          0.957658        0.00270823
           2.37516           0.95416        0.00268527
           2.38029          0.948397        0.00282172
           2.38542          0.946403        0.00259582
           2.39055          0.941846        0.00272972
           2.39568          0.938248        0.00281441
           2.40081          0.936682        0.00242702
           2.40594          0.931978        0.00276469
           2.41107          0.927915          0.002817
            2.4162          0.924486        0.00290384
           2.42133          0.919564        0.00273255
           2.42646          0.914776        0.00275901
           2.43159          0.913344        0.00262965
           2.43672          0.913368        0.00261853
           2.44185          0.910208        0.00247093
           2.44698          0.908385        0.00247512
           2.45211          0.908045        0.00276514
           2.45724          0.906848        0.00288716
           2.46237          0.908581        0.00290539
            2.4675          0.905099          0.002965
           2.47263          0.903639         0.0026269
           2.47776           0.90434        0.00256478
           2.48289          0.899672        0.00302656
           2.48802          0.899435        0.00256881
           2.49314           0.89897        0.00245816
           2.49827           0.89946        0.00278395
            2.5034          0.897124        0.00281074
           2.50853          0.896931        0.00261107
           2.51366          0.897145        0.00247588
           2.51879          0.894507        0.00263388
           2.52392          0.894185        0.00250557
           2.52905          0.892071        0.00232898
           2.53418          0.893654        0.00253617
           2.53931          0.894807        0.00259475
           2.54444          0.893762         0.0025804
           2.54957          0.896954        0.00253593
            2.5547          0.898196        0.00296548
           2.55983          0.894253        0.00272797
