           1   -0.414105   -0.414105           0
           2   -0.415662   -0.414883 0.000550533
           3   -0.415821   -0.415196 0.000447108
           4   -0.410038   -0.413906  0.00116597
           5   -0.415291   -0.414183 0.000965108
           6   -0.417154   -0.414678 0.000922561
           7    -0.41179   -0.414266 0.000878228
           8   -0.412148   -0.414001 0.000807353
           9   -0.421254   -0.414807  0.00104516
          10   -0.413446   -0.414671  0.00094946
          11   -0.413418   -0.414557 0.000869953
          12     -0.4132   -0.414444 0.000804774
          13   -0.415123   -0.414496 0.000744561
          14   -0.415079   -0.414538 0.000692541
          15   -0.415708   -0.414616 0.000650751
          16   -0.412198   -0.414465  0.00062738
          17   -0.413585   -0.414413 0.000592606
          18   -0.413131   -0.414342 0.000563947
          19   -0.409145   -0.414068 0.000596912
          20   -0.414901    -0.41411 0.000568518
          21   -0.415848   -0.414193 0.000547438
          22   -0.412672   -0.414123 0.000526901
          23   -0.412061   -0.414034 0.000511563
          24   -0.419023   -0.414242 0.000530806
          25   -0.416352   -0.414326 0.000516241
          26    -0.40898    -0.41412  0.00053577
          27   -0.415878   -0.414186 0.000519866
          28   -0.415399   -0.414229 0.000503103
          29   -0.417576   -0.414344 0.000498816
          30   -0.411383   -0.414246 0.000491857
          31   -0.413616   -0.414225  0.00047641
          32   -0.413453   -0.414201 0.000462132
          33   -0.418588   -0.414334 0.000466854
          34   -0.415232   -0.414361 0.000453869
          35   -0.414152   -0.414355  0.00044094
          36   -0.412918   -0.414315 0.000430494
          37   -0.411535    -0.41424 0.000425362
          38   -0.415101   -0.414262 0.000414771
          39   -0.414372   -0.414265 0.000404146
          40   -0.411202   -0.414188 0.000401232
          41   -0.416604   -0.414247 0.000395748
          42   -0.417486   -0.414324 0.000393768
          43   -0.412455   -0.414281 0.000387003
          44   -0.408794   -0.414156 0.000397794
          45   -0.410612   -0.414078 0.000396675
          46   -0.413757   -0.414071 0.000388113
          47   -0.418985   -0.414175 0.000393687
          48   -0.414212   -0.414176 0.000385486
          49   -0.412656   -0.414145 0.000378864
          50   -0.408358   -0.414029 0.000388564
          51   -0.418708   -0.414121 0.000391626
          52   -0.410914   -0.414059 0.000388919
          53   -0.407961   -0.413944 0.000398235
          54   -0.414335   -0.413951 0.000390926
          55   -0.413744   -0.413948 0.000383836
          56   -0.415628   -0.413978 0.000378153
          57   -0.418503   -0.414057 0.000379762
          58   -0.416336   -0.414096 0.000375241
          59   -0.416875   -0.414143 0.000371825
          60   -0.417709   -0.414203 0.000370346
          61   -0.410818   -0.414147 0.000368408
          62   -0.414826   -0.414158 0.000362628
          63   -0.417628   -0.414213 0.000361029
          64   -0.414472   -0.414217 0.000355411
          65   -0.413207   -0.414202 0.000350283
          66   -0.413267   -0.414188 0.000345261
          67   -0.416015   -0.414215 0.000341183
          68   -0.413088   -0.414198 0.000336568
          69   -0.413392   -0.414187 0.000331893
          70   -0.412475   -0.414162 0.000328051
          71   -0.412502   -0.414139 0.000324263
          72   -0.415334   -0.414155 0.000320183
          73    -0.41654   -0.414188 0.000317459
          74   -0.412188   -0.414161 0.000314317
          75   -0.415521   -0.414179 0.000310649
          76   -0.419579    -0.41425 0.000314581
          77   -0.412518   -0.414228 0.000311299
          78   -0.417514    -0.41427 0.000310146
          79   -0.418493   -0.414323 0.000310793
          80   -0.413843   -0.414317 0.000306966
          81   -0.410624   -0.414272 0.000306545
          82   -0.419792   -0.414339  0.00031011
          83    -0.41073   -0.414296 0.000309407
          84     -0.4205   -0.414369 0.000314417
          85   -0.408462     -0.4143 0.000318308
          86   -0.410216   -0.414252 0.000318129
          87   -0.415937   -0.414272 0.000315062
          88   -0.419144   -0.414327 0.000316308
          89   -0.409031   -0.414268 0.000318302
          90   -0.415512   -0.414282 0.000315066
          91   -0.411017   -0.414246 0.000313639
          92   -0.412641   -0.414228 0.000310715
          93   -0.414203   -0.414228 0.000307374
          94   -0.415556   -0.414242 0.000304428
          95   -0.414398   -0.414244 0.000301228
          96   -0.416161   -0.414264 0.000298752
          97   -0.410746   -0.414227 0.000297864
          98   -0.416771   -0.414253 0.000295953
          99   -0.413843   -0.414249 0.000292993
         100   -0.411899   -0.414226 0.000291004
