           1    -0.21902    -0.21902           0
           2   -0.292877   -0.255949   0.0261121
           3   -0.330412    -0.28077   0.0267165
           4   -0.338988   -0.295324   0.0236721
           5   -0.405889   -0.317437    0.027383
           6   -0.451805   -0.339832   0.0306373
           7    -0.44346   -0.354636   0.0296221
           8   -0.416691   -0.362393   0.0269158
           9   -0.334564   -0.359301   0.0241021
          10   -0.393182   -0.362689   0.0219287
          11   -0.401176   -0.366188   0.0202124
          12   -0.360087   -0.365679   0.0185344
          13   -0.331622    -0.36306   0.0172929
          14   -0.413013   -0.366628   0.0164217
          15    -0.33035   -0.364209   0.0155039
          16    -0.42426   -0.367962   0.0149824
          17   -0.421341   -0.371102   0.0144263
          18   -0.396084    -0.37249   0.0136914
          19   -0.375346    -0.37264   0.0129717
          20   -0.360973   -0.372057   0.0123362
          21   -0.405409   -0.373645   0.0118506
          22   -0.412984   -0.375433    0.011446
          23   -0.478187   -0.379901    0.011788
          24   -0.479416   -0.384047    0.012004
          25   -0.391738   -0.384355   0.0115278
          26   -0.392095   -0.384653   0.0110882
          27   -0.395543   -0.385056   0.0106849
          28   -0.438683   -0.386971   0.0104735
          29   -0.364508   -0.386197    0.010141
          30   -0.340821   -0.384684   0.0099151
          31   -0.355642   -0.383747  0.00963942
          32   -0.321282   -0.381795  0.00953379
          33   -0.375931   -0.381618  0.00924654
          34   -0.402478   -0.382231  0.00899492
          35   -0.413556   -0.383126  0.00878233
          36   -0.381162   -0.383072  0.00853855
          37   -0.364662   -0.382574  0.00832226
          38   -0.399022   -0.383007   0.0081145
          39   -0.409772   -0.383693  0.00793541
          40   -0.399328   -0.384084  0.00774664
          41   -0.358474   -0.383459  0.00758284
          42   -0.412284   -0.384146  0.00743329
          43    -0.46223   -0.385962  0.00747895
          44   -0.344966    -0.38503  0.00736678
          45   -0.342075   -0.384075  0.00726465
          46   -0.431076   -0.385097  0.00717822
          47    -0.39121   -0.385227  0.00702667
          48    -0.38942   -0.385314  0.00688082
          49   -0.433456   -0.386297  0.00681018
          50   -0.355679   -0.385685  0.00670145
          51   -0.393458   -0.385837  0.00657178
          52   -0.366978   -0.385474   0.0064554
          53   -0.394945   -0.385653  0.00633607
          54   -0.411181   -0.386126  0.00623635
          55   -0.416847   -0.386684  0.00614793
          56   -0.458879   -0.387974  0.00617183
          57   -0.439218   -0.388873  0.00612868
          58   -0.378751   -0.388698   0.0060255
          59   -0.398776   -0.388869  0.00592579
          60   -0.385446   -0.388812   0.0058273
          61   -0.394237   -0.388901  0.00573245
          62   -0.382213   -0.388793  0.00564101
          63   -0.427033     -0.3894  0.00558403
          64    -0.38563   -0.389341  0.00549709
          65   -0.377329   -0.389156  0.00541562
          66   -0.407213    -0.38943  0.00534048
          67   -0.401957   -0.389617  0.00526404
          68   -0.447022   -0.390461  0.00525388
          69   -0.450516   -0.391331  0.00524934
          70   -0.451512   -0.392191  0.00524427
          71   -0.406344    -0.39239   0.0051742
          72   -0.360546   -0.391948   0.0051212
          73   -0.446469   -0.392695  0.00510522
          74   -0.400142   -0.392796  0.00503722
          75    -0.42174   -0.393181  0.00498482
          76   -0.432204   -0.393695   0.0049456
          77   -0.427857   -0.394139  0.00490123
          78   -0.413049   -0.394381  0.00484439
          79   -0.468961   -0.395325  0.00487419
          80   -0.520305   -0.396887  0.00505743
          81   -0.488457   -0.398018  0.00511978
          82    -0.40745   -0.398133  0.00505864
          83   -0.389257   -0.398026  0.00499882
          84   -0.383125   -0.397849  0.00494246
          85   -0.360811   -0.397413  0.00490348
          86   -0.446275   -0.397981  0.00487927
          87   -0.500529    -0.39916  0.00496352
          88   -0.568662   -0.401086  0.00526761
          89   -0.448313   -0.401616  0.00523508
          90    -0.42063   -0.401828  0.00518118
          91   -0.394136   -0.401743  0.00512493
          92   -0.406051    -0.40179  0.00506944
          93    -0.39807    -0.40175  0.00501509
          94   -0.416789    -0.40191  0.00496429
          95   -0.461608   -0.402538  0.00495164
          96   -0.476611    -0.40331  0.00495981
          97   -0.408702   -0.403366  0.00490899
          98   -0.350708   -0.402828  0.00488822
          99     -0.3754   -0.402551  0.00484669
         100   -0.416633   -0.402692  0.00480027
         101    -0.36158   -0.402285  0.00476997
         102   -0.380159   -0.402068  0.00472813
         103   -0.359067   -0.401651  0.00470062
         104   -0.347531    -0.40113  0.00468414
         105    -0.34513   -0.400597  0.00466979
         106   -0.334346   -0.399972  0.00466738
         107   -0.359722   -0.399596  0.00463889
         108   -0.363953   -0.399266  0.00460766
         109   -0.350138   -0.398815  0.00458738
         110   -0.333105   -0.398218  0.00458441
         111   -0.315116   -0.397469  0.00460383
         112   -0.380552   -0.397318   0.0045652
         113    -0.29024    -0.39637   0.0046221
         114   -0.394911   -0.396357  0.00458158
         115   -0.431802   -0.396666  0.00455209
         116   -0.419789   -0.396865  0.00451721
         117   -0.395742   -0.396855  0.00447861
         118   -0.364601   -0.396582  0.00444899
         119   -0.392421   -0.396547  0.00441174
         120   -0.344396   -0.396113  0.00439633
         121   -0.401207   -0.396155   0.0043602
         122   -0.357183   -0.395835  0.00433615
         123   -0.375373   -0.395669  0.00430408
         124   -0.367409   -0.395441   0.0042754
         125   -0.393994   -0.395429  0.00424121
         126   -0.392667   -0.395407  0.00420761
         127    -0.35028   -0.395052  0.00418946
         128    -0.40414   -0.395123  0.00415733
         129   -0.434558   -0.395429  0.00413633
         130   -0.398832   -0.395455  0.00410459
         131   -0.352507   -0.395127  0.00408633
         132    -0.40485   -0.395201  0.00405604
         133   -0.410917   -0.395319  0.00402726
         134   -0.351674   -0.394993  0.00401036
         135   -0.327996   -0.394497  0.00401124
         136   -0.394546   -0.394497  0.00398174
         137   -0.371845   -0.394332  0.00395611
         138   -0.385961   -0.394271  0.00392791
         139   -0.317423   -0.393718  0.00393837
         140   -0.368218   -0.393536  0.00391445
         141    -0.43583   -0.393836  0.00389816
         142   -0.398953   -0.393872  0.00387087
         143   -0.400094   -0.393916  0.00384405
         144   -0.393764   -0.393915  0.00381735
         145   -0.352112   -0.393626   0.0038019
         146   -0.378188   -0.393521  0.00377733
         147   -0.393666   -0.393522  0.00375163
         148   -0.448979   -0.393896  0.00374495
         149   -0.396319   -0.393913  0.00371985
         150    -0.43299   -0.394173  0.00370416
         151   -0.422626   -0.394362  0.00368442
         152   -0.442281   -0.394677  0.00367365
         153    -0.39199   -0.394659  0.00364968
         154   -0.417918    -0.39481   0.0036291
         155   -0.348647   -0.394513  0.00361789
         156   -0.361779   -0.394303  0.00360078
         157   -0.341835   -0.393969  0.00359332
         158   -0.407611   -0.394055  0.00357161
         159   -0.459047   -0.394464  0.00357246
         160   -0.478859   -0.394991  0.00358886
         161   -0.389665   -0.394958  0.00356672
         162   -0.346763   -0.394661  0.00355709
         163   -0.338854   -0.394318  0.00355171
         164   -0.338813    -0.39398  0.00354614
         165    -0.34773   -0.393699  0.00353571
         166   -0.422575   -0.393873  0.00351869
         167   -0.417091   -0.394012  0.00350036
         168   -0.371986   -0.393881  0.00348198
         169   -0.397991   -0.393906  0.00346146
         170   -0.335082    -0.39356  0.00345835
         171   -0.352153   -0.393317  0.00344659
         172   -0.330687   -0.392953  0.00344574
         173   -0.441244   -0.393232  0.00343711
         174    -0.37541    -0.39313  0.00341888
         175   -0.395144   -0.393142  0.00339936
         176   -0.393769   -0.393145  0.00338005
         177   -0.454921   -0.393494  0.00337892
         178   -0.498509   -0.394084  0.00341106
         179   -0.471051   -0.394514    0.003419
         180   -0.428156   -0.394701  0.00340511
         181    -0.42385   -0.394862   0.0033901
         182   -0.401874   -0.394901  0.00337169
         183   -0.456143   -0.395235  0.00336983
         184   -0.450265   -0.395534  0.00336477
         185   -0.392697   -0.395519  0.00334661
         186    -0.36739   -0.395368  0.00333204
         187   -0.366185   -0.395212  0.00331787
         188   -0.377175   -0.395116  0.00330161
         189   -0.415231   -0.395222  0.00328585
         190   -0.457756   -0.395551    0.003285
         191   -0.440501   -0.395787  0.00327622
         192   -0.498054   -0.396319  0.00330217
         193   -0.362141   -0.396142  0.00328981
         194   -0.353486   -0.395922  0.00328019
         195   -0.336028   -0.395615  0.00327772
         196   -0.423914   -0.395759  0.00326417
         197    -0.43955   -0.395982  0.00325516
         198   -0.390793   -0.395956  0.00323883
         199   -0.343826   -0.395694  0.00323313
         200   -0.372593   -0.395578  0.00321903
         201    -0.40427   -0.395621   0.0032033
         202   -0.409732   -0.395691  0.00318821
         203   -0.391182   -0.395669  0.00317258
         204   -0.448972    -0.39593  0.00316777
         205    -0.42807   -0.396087  0.00315619
         206   -0.406591   -0.396138  0.00314128
         207   -0.470138   -0.396496  0.00314638
         208   -0.432356   -0.396668  0.00313598
         209   -0.462179   -0.396981   0.0031366
         210   -0.465473   -0.397308  0.00313857
         211   -0.340316   -0.397037   0.0031353
         212   -0.408712   -0.397093  0.00312099
         213     -0.3641   -0.396938  0.00311018
         214   -0.420825   -0.397049  0.00309765
         215   -0.443583   -0.397266  0.00309079
         216   -0.417301   -0.397358  0.00307788
         217     -0.3722   -0.397242  0.00306588
         218    -0.37563   -0.397143  0.00305341
         219   -0.409205   -0.397198  0.00303997
         220   -0.355704    -0.39701    0.003032
         221   -0.379671   -0.396931  0.00301929
         222   -0.367709     -0.3968  0.00300856
         223   -0.409777   -0.396858  0.00299563
         224   -0.332459    -0.39657  0.00299602
         225   -0.311144   -0.396191  0.00300667
         226   -0.372404   -0.396086   0.0029952
         227   -0.300384   -0.395664  0.00301153
         228   -0.356249   -0.395491  0.00300328
         229   -0.311175   -0.395123  0.00301265
         230    -0.31972   -0.394795  0.00301734
         231   -0.411252   -0.394866  0.00300512
         232    -0.39691   -0.394875  0.00299218
         233   -0.388623   -0.394848  0.00297946
         234    -0.53904   -0.395464  0.00302977
         235   -0.486995   -0.395854  0.00304181
         236   -0.435369   -0.396021  0.00303353
         237    -0.48538   -0.396398  0.00304407
         238   -0.455523   -0.396647   0.0030414
         239   -0.458857   -0.396907  0.00303979
         240   -0.464421   -0.397188  0.00304012
         241   -0.385695   -0.397141  0.00302788
         242   -0.426641   -0.397263  0.00301782
         243   -0.409051   -0.397311  0.00300579
         244   -0.459683   -0.397567  0.00300432
         245   -0.458698   -0.397816   0.0030024
         246   -0.374324   -0.397721  0.00299171
         247   -0.352086   -0.397536   0.0029853
         248   -0.440724    -0.39771  0.00297834
         249   -0.490725   -0.398084  0.00298971
         250   -0.418042   -0.398164  0.00297882
         251   -0.365284   -0.398033  0.00296983
         252      -0.387   -0.397989  0.00295837
         253   -0.487892   -0.398344  0.00296794
         254   -0.442104   -0.398516  0.00296125
         255    -0.39969   -0.398521  0.00294964
         256   -0.418933   -0.398601   0.0029392
         257   -0.440665   -0.398764  0.00293231
         258   -0.470265   -0.399042  0.00293401
         259   -0.455456   -0.399259  0.00293076
         260   -0.431837   -0.399385  0.00292217
         261   -0.446764   -0.399566   0.0029166
         262   -0.433819   -0.399697   0.0029084
         263   -0.423283   -0.399787  0.00289872
         264    -0.49808   -0.400159  0.00291156
         265   -0.444903   -0.400328  0.00290546
         266   -0.394531   -0.400306  0.00289462
         267   -0.373817   -0.400207  0.00288548
         268   -0.418475   -0.400275  0.00287552
         269   -0.393565    -0.40025  0.00286493
         270   -0.340841    -0.40003  0.00286276
         271   -0.337735     -0.3998  0.00286141
         272   -0.288539   -0.399391  0.00287998
         273   -0.369217   -0.399281  0.00287155
         274   -0.303808   -0.398932  0.00288213
         275   -0.383739   -0.398877  0.00287218
         276   -0.381735   -0.398815  0.00286245
         277   -0.420226   -0.398892  0.00285316
         278   -0.448709   -0.399071  0.00284852
         279   -0.385584   -0.399023  0.00283872
         280   -0.418913   -0.399094  0.00282947
         281   -0.387342   -0.399052  0.00281971
         282   -0.449933   -0.399233  0.00281547
         283   -0.412749    -0.39928  0.00280593
         284   -0.348763   -0.399102  0.00280168
         285   -0.355213   -0.398948  0.00279608
         286   -0.338783   -0.398738  0.00279421
         287   -0.389132   -0.398705  0.00278467
         288   -0.383015    -0.39865  0.00277554
         289   -0.382217   -0.398593  0.00276651
         290   -0.382997   -0.398539   0.0027575
         291   -0.395339   -0.398528  0.00274804
         292   -0.396537   -0.398522  0.00273864
         293   -0.401452   -0.398532  0.00272931
         294    -0.41663   -0.398593  0.00272072
         295   -0.340813   -0.398397  0.00271854
         296   -0.431158   -0.398508  0.00271161
         297   -0.383221   -0.398457  0.00270297
         298   -0.380337   -0.398396  0.00269458
         299   -0.358208   -0.398261  0.00268892
         300   -0.453111   -0.398444  0.00268616
         301   -0.447879   -0.398608  0.00268226
         302   -0.438014   -0.398739  0.00267655
         303   -0.407143   -0.398767  0.00266786
         304    -0.44406   -0.398916  0.00266324
         305   -0.413677   -0.398964  0.00265495
         306    -0.43622   -0.399086  0.00264906
         307   -0.441035   -0.399222  0.00264395
         308   -0.368276   -0.399122  0.00263728
         309   -0.404113   -0.399138  0.00262879
         310   -0.436485   -0.399259  0.00262307
         311   -0.411467   -0.399298  0.00261493
         312   -0.464045   -0.399505  0.00261477
         313   -0.469302   -0.399728  0.00261591
         314   -0.425021   -0.399809  0.00260882
         315   -0.493762   -0.400107  0.00261753
         316   -0.412922   -0.400148  0.00260956
         317   -0.388288    -0.40011   0.0026016
         318   -0.431466   -0.400209  0.00259528
         319   -0.392988   -0.400186  0.00258725
         320   -0.370975   -0.400095  0.00258077
         321   -0.314718   -0.399829   0.0025864
         322   -0.289169   -0.399485   0.0026011
         323   -0.275632   -0.399102  0.00262116
         324   -0.301033   -0.398799  0.00263049
         325   -0.372305   -0.398718  0.00262366
         326   -0.382776   -0.398669  0.00261606
         327   -0.403466   -0.398683   0.0026081
         328   -0.450462   -0.398841  0.00260493
         329   -0.323753   -0.398613  0.00260699
         330   -0.338798   -0.398432  0.00260538
         331   -0.322364   -0.398202  0.00260763
         332   -0.360319   -0.398088  0.00260227
         333   -0.376441   -0.398023  0.00259526
         334   -0.373512    -0.39795  0.00258853
         335   -0.418494   -0.398011  0.00258153
         336   -0.435843   -0.398123   0.0025763
         337   -0.301601   -0.397837  0.00258453
         338   -0.357961   -0.397719  0.00257957
         339   -0.331811   -0.397525  0.00257928
         340   -0.392069   -0.397509  0.00257174
         341   -0.384164   -0.397469   0.0025645
         342   -0.361123   -0.397363   0.0025592
         343   -0.394859   -0.397356  0.00255175
         344   -0.355148   -0.397233  0.00254728
         345   -0.347115   -0.397088  0.00254404
         346    -0.39436    -0.39708   0.0025367
         347   -0.311443   -0.396833  0.00254136
         348   -0.315111   -0.396598  0.00254489
         349   -0.376361    -0.39654  0.00253826
         350   -0.369618   -0.396463  0.00253217
         351   -0.356541    -0.39635  0.00252751
         352   -0.347344   -0.396211  0.00252416
         353   -0.386073   -0.396182  0.00251717
         354   -0.410344   -0.396222  0.00251038
         355   -0.386528   -0.396194  0.00250346
         356   -0.434559   -0.396302  0.00249874
         357   -0.416975    -0.39636  0.00249241
         358   -0.386621   -0.396333   0.0024856
         359   -0.356329   -0.396222  0.00248117
         360   -0.327286    -0.39603  0.00248166
         361    -0.32143   -0.395823  0.00248337
         362   -0.378594   -0.395776  0.00247697
         363   -0.314471   -0.395552  0.00248025
         364   -0.327948   -0.395366  0.00248038
         365   -0.337494   -0.395208  0.00247865
         366   -0.397644   -0.395214  0.00247189
         367   -0.345324   -0.395078  0.00246889
         368    -0.41519   -0.395133  0.00246278
         369   -0.454323   -0.395293  0.00246132
         370   -0.427584   -0.395381  0.00245622
         371   -0.453172   -0.395536  0.00245453
         372   -0.503953   -0.395828  0.00246518
         373   -0.493971   -0.396091  0.00247257
         374   -0.497885   -0.396363  0.00248089
         375   -0.540581   -0.396748  0.00250391
         376   -0.536655    -0.39712  0.00252475
         377   -0.542108   -0.397504  0.00254717
         378   -0.543681   -0.397891  0.00256962
         379   -0.582139   -0.398377  0.00260842
         380   -0.500274   -0.398645   0.0026153
         381   -0.482869   -0.398866  0.00261777
         382   -0.489884   -0.399105  0.00262173
         383   -0.479237   -0.399314  0.00262322
         384   -0.434418   -0.399405  0.00261798
         385   -0.423687   -0.399468  0.00261194
         386   -0.430198   -0.399548  0.00260639
         387   -0.426089   -0.399617  0.00260056
         388   -0.425556   -0.399683  0.00259471
         389   -0.419762   -0.399735  0.00258856
         390   -0.344952   -0.399595  0.00258573
         391    -0.41268   -0.399628  0.00257933
         392   -0.424956   -0.399693  0.00257356
         393   -0.395986   -0.399683  0.00256703
         394   -0.412783   -0.399716  0.00256073
         395   -0.442663   -0.399825  0.00255655
         396   -0.361649   -0.399729  0.00255192
         397   -0.370675   -0.399656  0.00254654
         398   -0.388954   -0.399629  0.00254028
         399   -0.379273   -0.399578  0.00253443
         400   -0.351126   -0.399457  0.00253098
         401   -0.362796   -0.399365  0.00252632
         402   -0.376031   -0.399307   0.0025207
         403   -0.456184   -0.399448   0.0025184
         404   -0.422645   -0.399506  0.00251282
         405   -0.343464   -0.399367  0.00251042
         406    -0.41713   -0.399411  0.00250462
         407   -0.383465   -0.399372  0.00249877
         408   -0.300695    -0.39913  0.00250432
         409   -0.369147   -0.399057  0.00249927
         410   -0.427088   -0.399125  0.00249411
         411   -0.387961   -0.399098  0.00248819
         412   -0.435514   -0.399186  0.00248372
         413   -0.409915   -0.399212  0.00247784
         414   -0.452272    -0.39934  0.00247517
         415   -0.504413   -0.399594  0.00248212
         416    -0.46453    -0.39975  0.00248106
         417   -0.455749   -0.399884  0.00247874
         418   -0.435908    -0.39997  0.00247431
         419   -0.414762   -0.400006  0.00246866
         420   -0.423969   -0.400063  0.00246344
         421   -0.461176   -0.400208  0.00246186
         422   -0.439027     -0.4003  0.00245774
         423   -0.412609   -0.400329  0.00245211
         424   -0.415453   -0.400364  0.00244658
         425   -0.455089   -0.400493  0.00244421
         426   -0.435001   -0.400574  0.00243982
         427   -0.376128   -0.400517  0.00243477
         428    -0.37927   -0.400467  0.00242959
         429    -0.33358   -0.400311  0.00242892
         430   -0.402069   -0.400316  0.00242328
         431   -0.369398   -0.400244  0.00241872
         432   -0.351448   -0.400131  0.00241576
         433   -0.343628        -0.4   0.0024137
         434   -0.306782   -0.399786  0.00241767
         435   -0.271017    -0.39949  0.00243017
         436   -0.345922   -0.399367   0.0024277
         437   -0.305539   -0.399152  0.00243162
         438   -0.340888   -0.399019  0.00242971
         439   -0.339934   -0.398884   0.0024279
         440   -0.406153   -0.398901  0.00242243
         441   -0.444559   -0.399004  0.00241915
         442   -0.433683   -0.399083  0.00241495
         443   -0.421237   -0.399133  0.00241002
         444   -0.396963   -0.399128   0.0024046
         445   -0.432496   -0.399203  0.00240036
         446   -0.406234   -0.399219  0.00239503
         447   -0.439375   -0.399309  0.00239136
         448   -0.380903   -0.399267  0.00238637
         449   -0.429693   -0.399335  0.00238202
         450   -0.374293    -0.39928  0.00237738
         451   -0.358687    -0.39919  0.00237381
         452   -0.413332   -0.399221  0.00236876
         453   -0.426744   -0.399282  0.00236431
         454   -0.444463   -0.399381   0.0023612
         455   -0.470066   -0.399537  0.00236111
         456   -0.403554   -0.399545  0.00235595
         457   -0.386707   -0.399517  0.00235096
         458   -0.381118   -0.399477  0.00234617
         459   -0.327328    -0.39932  0.00234632
         460   -0.326176   -0.399161   0.0023466
         461   -0.397086   -0.399156  0.00234152
         462   -0.362929   -0.399078  0.00233776
         463   -0.331139   -0.398931  0.00233731
         464    -0.40013   -0.398934  0.00233228
         465   -0.434135   -0.399009  0.00232849
         466    -0.39769   -0.399007  0.00232349
         467   -0.389245   -0.398986  0.00231861
         468   -0.381599   -0.398949  0.00231396
         469   -0.398799   -0.398948  0.00230902
         470   -0.391958   -0.398933  0.00230416
         471   -0.373561    -0.39888   0.0022999
         472   -0.390716   -0.398862  0.00229509
         473   -0.433351   -0.398935  0.00229139
         474   -0.448422    -0.39904  0.00228894
         475   -0.416878   -0.399077  0.00228443
         476   -0.406808   -0.399093  0.00227968
         477   -0.424013   -0.399146   0.0022755
         478   -0.479077   -0.399313  0.00227688
         479   -0.401812   -0.399318  0.00227213
         480   -0.456772   -0.399438  0.00227055
         481   -0.467213   -0.399579   0.0022702
         482   -0.492929   -0.399772  0.00227373
         483   -0.522201   -0.400026  0.00228311
         484   -0.389153   -0.400003   0.0022785
         485   -0.434042   -0.400074  0.00227489
         486   -0.434817   -0.400145  0.00227133
         487   -0.473947   -0.400297  0.00227171
         488   -0.455115   -0.400409  0.00226983
         489    -0.40866   -0.400426  0.00226526
         490   -0.403123   -0.400431  0.00226064
         491   -0.445153   -0.400522  0.00225787
         492   -0.420417   -0.400563  0.00225364
         493   -0.379665    -0.40052  0.00224947
         494    -0.43928   -0.400599  0.00224628
         495    -0.45636   -0.400711  0.00224457
         496   -0.421187   -0.400753  0.00224042
         497   -0.362714   -0.400676  0.00223722
         498   -0.382653    -0.40064  0.00223302
         499   -0.304696   -0.400448  0.00223681
         500   -0.404923   -0.400457  0.00223235
         501    -0.35654   -0.400369  0.00222962
         502   -0.316034   -0.400201   0.0022315
         503   -0.345665   -0.400093  0.00222969
         504   -0.368934   -0.400031  0.00222613
         505    -0.34781   -0.399927  0.00222412
         506   -0.403912   -0.399935  0.00221974
         507   -0.403432   -0.399942  0.00221537
         508    -0.46612   -0.400072  0.00221484
         509   -0.430924   -0.400133  0.00221131
         510    -0.44618   -0.400223  0.00220882
         511   -0.461528   -0.400343  0.00220775
         512   -0.419806   -0.400381  0.00220377
         513   -0.404152   -0.400389  0.00219948
         514   -0.488857   -0.400561  0.00220193
         515    -0.47642   -0.400708  0.00220258
         516   -0.437389   -0.400779  0.00219945
         517   -0.449803   -0.400874  0.00219724
         518   -0.409954   -0.400892  0.00219307
         519   -0.416367   -0.400921  0.00218905
         520   -0.454319   -0.401024  0.00218725
         521   -0.376498   -0.400977  0.00218355
         522    -0.33968    -0.40086  0.00218253
         523   -0.377778   -0.400815   0.0021788
         524   -0.354254   -0.400727  0.00217645
         525   -0.387204   -0.400701  0.00217246
         526   -0.419779   -0.400737  0.00216863
         527    -0.39269   -0.400722  0.00216457
         528   -0.335646   -0.400599  0.00216398
         529   -0.302517   -0.400413  0.00216781
         530   -0.356324    -0.40033  0.00216532
         531   -0.318206   -0.400175  0.00216676
         532   -0.408899   -0.400192  0.00216275
         533   -0.371496   -0.400138  0.00215936
         534   -0.356637   -0.400056  0.00215685
         535   -0.378947   -0.400017  0.00215318
         536   -0.401677    -0.40002  0.00214917
         537   -0.470187   -0.400151  0.00214913
         538   -0.437594    -0.40022  0.00214626
         539   -0.458924   -0.400329  0.00214504
         540   -0.424688   -0.400374  0.00214155
         541   -0.399575   -0.400373  0.00213759
         542   -0.360139   -0.400299  0.00213493
         543   -0.363239    -0.40023  0.00213209
         544   -0.342956   -0.400125  0.00213077
         545   -0.316332   -0.399971   0.0021324
         546   -0.374288   -0.399924  0.00212901
         547   -0.360145   -0.399852  0.00212636
         548   -0.357133   -0.399774  0.00212391
         549   -0.317284   -0.399623  0.00212535
         550   -0.409367   -0.399641  0.00212156
         551   -0.369443   -0.399586  0.00211842
         552   -0.350436   -0.399497  0.00211645
         553   -0.367364   -0.399439  0.00211342
         554   -0.299898   -0.399259  0.00211723
         555   -0.225941   -0.398947  0.00213632
         556   -0.322253   -0.398809  0.00213693
         557   -0.384067   -0.398783  0.00213326
         558   -0.405887   -0.398795  0.00212947
         559   -0.381701   -0.398765  0.00212588
         560   -0.433614   -0.398827  0.00212299
         561   -0.353209   -0.398746  0.00212077
         562   -0.338802   -0.398639  0.00211967
         563   -0.394934   -0.398633  0.00211592
         564   -0.460588   -0.398742  0.00211502
         565   -0.358779   -0.398672  0.00211246
         566   -0.405494   -0.398684  0.00210876
         567   -0.436045    -0.39875  0.00210607
         568   -0.434424   -0.398812   0.0021033
         569   -0.401362   -0.398817  0.00209961
         570   -0.443304   -0.398895  0.00209737
         571   -0.457667   -0.398998  0.00209622
         572   -0.431761   -0.399055  0.00209334
         573   -0.432275   -0.399113  0.00209049
         574   -0.466545   -0.399231  0.00209015
         575   -0.389083   -0.399213  0.00208659
         576   -0.374934   -0.399171  0.00208339
         577   -0.360361   -0.399104  0.00208086
         578    -0.37639   -0.399064  0.00207763
         579   -0.343915   -0.398969  0.00207623
         580   -0.318236    -0.39883  0.00207731
         581    -0.38849   -0.398812  0.00207381
         582   -0.361334   -0.398748  0.00207125
         583   -0.406847   -0.398762  0.00206774
         584   -0.435078   -0.398824  0.00206513
         585   -0.346891   -0.398735  0.00206351
         586   -0.434301   -0.398796  0.00206088
         587    -0.41214   -0.398818   0.0020575
         588   -0.387856     -0.3988  0.00205408
         589   -0.370666   -0.398752  0.00205115
         590   -0.364021   -0.398693  0.00204852
         591   -0.381975   -0.398665  0.00204525
         592   -0.408838   -0.398682  0.00204186
         593   -0.379071   -0.398649  0.00203869
         594   -0.383239   -0.398623  0.00203542
         595   -0.406528   -0.398636  0.00203204
         596   -0.355874   -0.398565   0.0020299
         597   -0.362458   -0.398504   0.0020274
         598   -0.409854   -0.398523   0.0020241
         599   -0.392385   -0.398513  0.00202075
         600   -0.375669   -0.398475  0.00201774
         601    -0.39585    -0.39847  0.00201439
         602   -0.347634   -0.398386  0.00201281
         603   -0.305287   -0.398231  0.00201538
         604   -0.370979   -0.398186  0.00201255
         605    -0.40373   -0.398196  0.00200925
         606   -0.388165   -0.398179    0.002006
         607   -0.334969   -0.398075  0.00200539
         608   -0.378016   -0.398042  0.00200237
         609    -0.36395   -0.397986  0.00199986
         610   -0.373789   -0.397946  0.00199698
         611   -0.416745   -0.397977  0.00199395
         612   -0.407783   -0.397993  0.00199075
         613   -0.477708   -0.398123  0.00199175
         614   -0.396015    -0.39812  0.00198851
         615    -0.36002   -0.398058  0.00198624
         616   -0.427717   -0.398106   0.0019836
         617   -0.404871   -0.398117  0.00198041
         618   -0.441898   -0.398188  0.00197847
         619    -0.38803   -0.398171  0.00197535
         620   -0.412876   -0.398195   0.0019723
         621      -0.299   -0.398035  0.00197558
         622   -0.308671   -0.397892  0.00197763
         623   -0.310004    -0.39775  0.00197948
         624    -0.33113   -0.397644  0.00197918
         625   -0.371836   -0.397602  0.00197645
         626   -0.321173    -0.39748  0.00197706
         627   -0.357703   -0.397417  0.00197492
         628   -0.306194   -0.397272  0.00197711
         629   -0.282519   -0.397089  0.00198237
         630   -0.322896   -0.396971  0.00198271
         631   -0.379104   -0.396943  0.00197977
         632    -0.38521   -0.396925  0.00197673
         633   -0.338442   -0.396832  0.00197576
         634   -0.379375   -0.396805  0.00197284
         635   -0.368787    -0.39676  0.00197023
         636   -0.430923   -0.396814  0.00196786
         637    -0.47963   -0.396944  0.00196906
         638   -0.431115   -0.396998   0.0019667
         639    -0.46153   -0.397099  0.00196622
         640   -0.441717   -0.397168  0.00196438
         641   -0.442478   -0.397239  0.00196259
         642    -0.40796   -0.397256   0.0019596
         643    -0.50702   -0.397427  0.00196397
         644   -0.457834    -0.39752  0.00196316
         645   -0.461333   -0.397619  0.00196261
         646   -0.439269   -0.397684  0.00196063
         647   -0.441793   -0.397752  0.00195879
         648   -0.444527   -0.397824  0.00195709
         649   -0.417765   -0.397855  0.00195432
         650   -0.386432   -0.397837  0.00195139
         651   -0.382679   -0.397814  0.00194853
         652   -0.413421   -0.397838  0.00194569
         653   -0.382243   -0.397814  0.00194286
         654   -0.396313   -0.397812  0.00193989
         655   -0.428379   -0.397858  0.00193749
         656   -0.419633   -0.397892  0.00193482
         657   -0.449245    -0.39797  0.00193345
         658   -0.461301   -0.398066  0.00193291
         659   -0.415258   -0.398092  0.00193015
         660   -0.405567   -0.398103  0.00192726
         661    -0.43032   -0.398152  0.00192496
         662   -0.498014   -0.398303  0.00192795
         663   -0.414891   -0.398328  0.00192521
         664   -0.376155   -0.398295   0.0019226
         665   -0.387818   -0.398279  0.00191977
         666   -0.373034   -0.398241  0.00191726
         667   -0.355623   -0.398177  0.00191545
         668   -0.339448   -0.398089   0.0019146
         669   -0.289529   -0.397927   0.0019186
         670    -0.35039   -0.397856  0.00191705
         671   -0.374415   -0.397821  0.00191451
         672   -0.372684   -0.397784  0.00191203
         673   -0.392969   -0.397776   0.0019092
         674   -0.380416   -0.397751  0.00190654
         675   -0.410923    -0.39777  0.00190382
         676    -0.49493   -0.397914  0.00190642
         677   -0.478215   -0.398033  0.00190729
         678   -0.470714    -0.39814  0.00190749
         679   -0.410994   -0.398159  0.00190477
         680   -0.425988     -0.3982  0.00190241
         681   -0.329183   -0.398098  0.00190231
         682   -0.322713   -0.397988  0.00190273
         683   -0.365288    -0.39794  0.00190055
         684   -0.374749   -0.397906  0.00189807
         685   -0.395419   -0.397902  0.00189531
         686   -0.321404   -0.397791  0.00189582
         687   -0.354677   -0.397728   0.0018941
         688   -0.373163   -0.397692  0.00189168
         689   -0.392424   -0.397685  0.00188895
         690   -0.418527   -0.397715  0.00188646
         691   -0.430917   -0.397763  0.00188434
         692   -0.483343   -0.397887  0.00188567
         693   -0.455594    -0.39797  0.00188479
         694   -0.407026   -0.397983  0.00188212
         695   -0.481895   -0.398104  0.00188328
         696   -0.484047   -0.398227  0.00188462
         697    -0.44926     -0.3983  0.00188333
         698   -0.468014     -0.3984  0.00188328
         699   -0.445635   -0.398468   0.0018818
         700    -0.36667   -0.398422  0.00187966
         701   -0.368714    -0.39838  0.00187746
         702   -0.484914   -0.398503  0.00187882
         703   -0.464407   -0.398597  0.00187849
         704   -0.475871   -0.398707  0.00187902
         705   -0.523263   -0.398883  0.00188465
         706   -0.524687   -0.399062  0.00189038
         707   -0.517428   -0.399229  0.00189511
         708   -0.518732   -0.399398  0.00189993
         709   -0.491465   -0.399528  0.00190169
         710   -0.479718   -0.399641  0.00190236
         711   -0.444608   -0.399704  0.00190073
         712   -0.477357   -0.399813  0.00190119
         713   -0.473372   -0.399916  0.00190132
         714   -0.440847   -0.399973  0.00189952
         715   -0.487675   -0.400096  0.00190082
         716   -0.435959   -0.400146  0.00189883
         717     -0.4688   -0.400242  0.00189859
         718   -0.522801   -0.400413   0.0019036
         719   -0.466745   -0.400505  0.00190319
         720   -0.424475   -0.400538  0.00190084
         721   -0.373811   -0.400501  0.00189856
         722   -0.428111   -0.400539  0.00189632
         723    -0.42023   -0.400567  0.00189389
         724   -0.423094   -0.400598  0.00189153
         725   -0.406075   -0.400605  0.00188894
         726   -0.438211   -0.400657  0.00188705
         727   -0.473571   -0.400757  0.00188711
         728   -0.541343   -0.400951  0.00189438
         729   -0.489325   -0.401072  0.00189565
         730   -0.493346   -0.401198  0.00189727
         731   -0.519741    -0.40136  0.00190159
         732   -0.412113   -0.401375  0.00189905
         733   -0.389658   -0.401359  0.00189652
         734   -0.384405   -0.401336  0.00189408
         735   -0.417517   -0.401358  0.00189163
         736   -0.410131    -0.40137   0.0018891
         737   -0.406595   -0.401377  0.00188655
         738    -0.43024   -0.401416   0.0018844
         739   -0.458807   -0.401494  0.00188345
         740   -0.435579    -0.40154  0.00188147
         741   -0.455867   -0.401613  0.00188035
         742   -0.467945   -0.401702  0.00187994
         743   -0.464889   -0.401788  0.00187934
         744   -0.416752   -0.401808  0.00187692
         745   -0.460384   -0.401886  0.00187604
         746   -0.493049   -0.402008  0.00187751
         747   -0.447233   -0.402069  0.00187597
         748   -0.413823   -0.402085  0.00187353
         749   -0.454416   -0.402155  0.00187233
         750   -0.466319    -0.40224  0.00187178
         751   -0.449708   -0.402303  0.00187036
         752   -0.482593    -0.40241  0.00187092
         753   -0.386688   -0.402389  0.00186855
         754   -0.436242   -0.402434  0.00186661
         755   -0.386075   -0.402412  0.00186426
         756   -0.393329     -0.4024  0.00186184
         757   -0.338249   -0.402316   0.0018613
         758   -0.377568   -0.402283  0.00185913
         759   -0.426271   -0.402315  0.00185695
         760   -0.363723   -0.402264   0.0018552
         761   -0.364161   -0.402214  0.00185344
         762   -0.434035   -0.402256  0.00185148
         763   -0.450428   -0.402319  0.00185013
         764   -0.399962   -0.402316  0.00184771
         765   -0.402734   -0.402316   0.0018453
         766   -0.431259   -0.402354  0.00184327
         767   -0.438895   -0.402402  0.00184149
         768   -0.449302   -0.402463   0.0018401
         769   -0.402734   -0.402463  0.00183771
         770   -0.426059   -0.402494  0.00183558
         771   -0.424664   -0.402522  0.00183342
         772   -0.469242   -0.402609  0.00183308
         773   -0.447323   -0.402667  0.00183162
         774   -0.474871    -0.40276  0.00183163
         775   -0.457604   -0.402831  0.00183063
         776   -0.417753    -0.40285  0.00182838
         777   -0.465703   -0.402931  0.00182781
         778   -0.476883   -0.403026  0.00182793
         779    -0.41302   -0.403039  0.00182563
         780   -0.397885   -0.403032   0.0018233
         781   -0.454019   -0.403097  0.00182213
         782   -0.430001   -0.403132  0.00182013
         783   -0.431114   -0.403168  0.00181816
         784   -0.425444   -0.403196  0.00181606
         785   -0.389065   -0.403178  0.00181383
         786   -0.366712   -0.403132  0.00181212
         787   -0.224385   -0.402904    0.001824
         788   -0.307328   -0.402783  0.00182571
         789   -0.350446   -0.402717   0.0018246
         790    -0.38481   -0.402694  0.00182243
         791   -0.401127   -0.402692  0.00182013
         792   -0.399709   -0.402688  0.00181783
         793   -0.380276    -0.40266  0.00181576
         794     -0.4122   -0.402672  0.00181351
         795   -0.468951   -0.402756  0.00181315
         796   -0.425988   -0.402785  0.00181111
         797   -0.398903    -0.40278  0.00180884
         798   -0.436032   -0.402822  0.00180705
         799   -0.418887   -0.402842   0.0018049
         800   -0.407805   -0.402848  0.00180266
         801   -0.396855    -0.40284  0.00180042
         802   -0.372799   -0.402803  0.00179857
         803   -0.346688   -0.402733  0.00179768
         804   -0.345481   -0.402662  0.00179686
         805    -0.33041   -0.402572  0.00179687
         806   -0.257866   -0.402393  0.00180358
         807   -0.351117   -0.402329  0.00180247
         808   -0.367864   -0.402286  0.00180074
         809   -0.353586   -0.402226  0.00179952
         810   -0.433445   -0.402265  0.00179771
         811   -0.437808   -0.402308  0.00179603
         812   -0.359376   -0.402256   0.0017946
         813   -0.374316   -0.402221  0.00179272
         814   -0.359695   -0.402169  0.00179128
         815   -0.431921   -0.402206  0.00178945
         816   -0.429625   -0.402239  0.00178757
         817    -0.42436   -0.402266  0.00178559
         818   -0.346336   -0.402198  0.00178472
         819   -0.438159   -0.402242  0.00178308
         820   -0.353276   -0.402182   0.0017819
         821   -0.463528   -0.402257   0.0017813
         822   -0.376725   -0.402226   0.0017794
         823   -0.385224   -0.402205  0.00177736
         824   -0.393668   -0.402195  0.00177523
         825   -0.430308   -0.402229  0.00177341
         826   -0.442648   -0.402278  0.00177194
         827   -0.417471   -0.402296  0.00176989
         828   -0.457914   -0.402363  0.00176902
         829   -0.478492   -0.402455  0.00176927
         830   -0.466413   -0.402532  0.00176882
         831   -0.512254   -0.402664  0.00177161
         832   -0.449998   -0.402721   0.0017704
         833   -0.379757   -0.402693  0.00176848
         834   -0.444633   -0.402744  0.00176708
         835    -0.50921   -0.402871  0.00176956
         836   -0.554859   -0.403053  0.00177675
         837   -0.506822   -0.403177  0.00177895
         838    -0.50693   -0.403301  0.00178113
         839   -0.508648   -0.403426  0.00178343
         840   -0.508936   -0.403552  0.00178572
         841   -0.506903   -0.403675  0.00178782
         842   -0.448762   -0.403728   0.0017865
         843   -0.472537    -0.40381  0.00178625
         844   -0.472651   -0.403892  0.00178599
         845   -0.479968   -0.403982  0.00178615
         846   -0.452809   -0.404039  0.00178497
         847   -0.412405   -0.404049  0.00178289
         848   -0.380246   -0.404021  0.00178101
         849   -0.449931   -0.404075  0.00177973
         850   -0.420229   -0.404094  0.00177774
         851   -0.454311   -0.404153  0.00177663
         852     -0.4202   -0.404172  0.00177464
         853   -0.408741   -0.404177  0.00177257
         854   -0.444333   -0.404224  0.00177112
         855   -0.445632   -0.404273  0.00176971
         856   -0.549227   -0.404442  0.00177572
         857   -0.496158   -0.404549  0.00177687
         858   -0.468057   -0.404623  0.00177634
         859   -0.419827   -0.404641  0.00177436
         860   -0.392348   -0.404627  0.00177236
         861   -0.452259   -0.404682  0.00177116
         862   -0.441596   -0.404725  0.00176963
         863   -0.438248   -0.404764    0.001768
         864   -0.467288   -0.404836  0.00176744
         865   -0.457675   -0.404897  0.00176645
         866   -0.490322   -0.404996  0.00176716
         867   -0.448665   -0.405046  0.00176584
         868   -0.459031   -0.405108   0.0017649
         869   -0.480621   -0.405195  0.00176501
         870   -0.454868   -0.405252   0.0017639
         871   -0.425013   -0.405275  0.00176202
         872   -0.439749   -0.405315  0.00176044
         873   -0.330064   -0.405228  0.00176054
         874   -0.448233   -0.405278  0.00175921
         875   -0.425604   -0.405301  0.00175735
         876   -0.463504   -0.405367   0.0017566
         877   -0.428088   -0.405393  0.00175479
         878   -0.407047   -0.405395  0.00175279
         879   -0.353772   -0.405336  0.00175178
         880   -0.410513   -0.405342   0.0017498
         881   -0.379504   -0.405313  0.00174806
         882    -0.43261   -0.405344  0.00174635
         883   -0.360906   -0.405293   0.0017451
         884   -0.396328   -0.405283  0.00174316
         885   -0.367161    -0.40524  0.00174172
         886    -0.43018   -0.405268  0.00173998
         887   -0.339843   -0.405195  0.00173958
         888   -0.324131   -0.405103  0.00174002
         889   -0.317374   -0.405005  0.00174085
         890   -0.354144   -0.404948  0.00173984
         891   -0.371259    -0.40491  0.00173829
         892    -0.40944   -0.404915  0.00173635
         893   -0.407024   -0.404917  0.00173441
         894   -0.390644   -0.404901  0.00173254
         895   -0.333807   -0.404822  0.00173243
         896   -0.388422   -0.404803  0.00173059
         897   -0.402312   -0.404801  0.00172866
         898   -0.384606   -0.404778  0.00172688
         899    -0.41179   -0.404786  0.00172498
         900   -0.398317   -0.404779  0.00172308
         901   -0.343803   -0.404711   0.0017225
         902   -0.374618   -0.404678  0.00172091
         903   -0.413744   -0.404688  0.00171903
         904   -0.394632   -0.404677  0.00171717
         905   -0.428426   -0.404703  0.00171547
         906   -0.483861    -0.40479   0.0017158
         907   -0.498388   -0.404893  0.00171701
         908   -0.480894   -0.404977  0.00171716
         909   -0.464615   -0.405043  0.00171652
         910   -0.417101   -0.405056  0.00171469
         911   -0.422349   -0.405075  0.00171291
         912   -0.396377   -0.405065  0.00171106
         913    -0.42215   -0.405084  0.00170929
         914   -0.437443    -0.40512  0.00170778
         915   -0.434908   -0.405152  0.00170623
         916   -0.435215   -0.405185  0.00170468
         917   -0.416863   -0.405198  0.00170287
         918    -0.42284   -0.405217  0.00170112
         919   -0.458587   -0.405275  0.00170026
         920   -0.442318   -0.405315  0.00169889
         921   -0.390527   -0.405299  0.00169712
         922    -0.34889   -0.405238  0.00169638
         923    -0.36273   -0.405192  0.00169517
         924   -0.333131   -0.405114  0.00169513
         925   -0.446964   -0.405159   0.0016939
         926   -0.476124   -0.405236   0.0016938
         927   -0.414004   -0.405245    0.001692
         928   -0.429748   -0.405272  0.00169038
         929   -0.370261   -0.405234  0.00168898
         930   -0.383899   -0.405211  0.00168732
         931    -0.38657   -0.405191  0.00168563
         932    -0.38264   -0.405167    0.001684
         933   -0.349681   -0.405107  0.00168324
         934   -0.350449   -0.405049  0.00168246
         935   -0.389273   -0.405032  0.00168074
         936   -0.403477    -0.40503  0.00167895
         937   -0.402535   -0.405028  0.00167716
         938   -0.387728   -0.405009  0.00167547
         939   -0.460695   -0.405069  0.00167473
         940   -0.426051   -0.405091   0.0016731
         941   -0.412415   -0.405099  0.00167134
         942   -0.414942   -0.405109   0.0016696
         943   -0.404542   -0.405109  0.00166783
         944   -0.350243    -0.40505  0.00166708
         945   -0.385068   -0.405029  0.00166545
         946   -0.348605    -0.40497  0.00166475
         947   -0.412503   -0.404978  0.00166301
         948   -0.405227   -0.404978  0.00166126
         949   -0.444869    -0.40502  0.00166004
         950   -0.385152   -0.404999  0.00165842
         951    -0.40501   -0.404999  0.00165668
         952   -0.415103    -0.40501  0.00165497
         953   -0.448779   -0.405055  0.00165388
         954   -0.431917   -0.405084  0.00165238
         955   -0.482489   -0.405165  0.00165264
         956   -0.491444   -0.405255  0.00165337
         957   -0.502938   -0.405357  0.00165479
         958   -0.440888   -0.405394  0.00165348
         959   -0.396934   -0.405385  0.00165178
         960   -0.341101   -0.405318  0.00165142
         961    -0.41379   -0.405327  0.00164972
         962   -0.409331   -0.405331  0.00164801
         963    -0.38153   -0.405307  0.00164648
         964   -0.385111   -0.405286  0.00164491
         965   -0.382458   -0.405262  0.00164338
         966   -0.342331   -0.405197  0.00164297
         967   -0.382804   -0.405174  0.00164143
         968   -0.385861   -0.405154  0.00163985
         969   -0.317759   -0.405064  0.00164064
         970   -0.335586   -0.404992  0.00164051
         971     -0.3518   -0.404937  0.00163974
         972   -0.300022   -0.404829   0.0016416
         973    -0.38425   -0.404808  0.00164005
         974   -0.367466    -0.40477  0.00163881
         975    -0.46982   -0.404836  0.00163849
         976   -0.482137   -0.404916  0.00163872
         977   -0.503211   -0.405016  0.00164013
         978   -0.532564   -0.405147  0.00164363
         979   -0.464338   -0.405207  0.00164306
         980   -0.439416   -0.405242  0.00164176
         981   -0.372653   -0.405209  0.00164042
         982   -0.404244   -0.405208  0.00163875
         983   -0.393284   -0.405196  0.00163713
         984   -0.384876   -0.405175  0.00163559
         985   -0.362222   -0.405131  0.00163452
         986   -0.349374   -0.405075  0.00163384
         987   -0.363609   -0.405033  0.00163272
         988   -0.391137   -0.405019  0.00163113
         989   -0.444229   -0.405058  0.00162996
         990   -0.437394   -0.405091  0.00162864
         991    -0.45397    -0.40514  0.00162775
         992    -0.40526   -0.405141   0.0016261
         993   -0.443822    -0.40518  0.00162493
         994   -0.322309   -0.405096  0.00162544
         995   -0.364576   -0.405055  0.00162431
         996   -0.377935   -0.405028  0.00162291
         997   -0.357911   -0.404981  0.00162197
         998     -0.3441    -0.40492  0.00162149
         999   -0.410276   -0.404925  0.00161988
        1000   -0.438165   -0.404959   0.0016186
        1001   -0.417922   -0.404971  0.00161703
        1002   -0.391857   -0.404958  0.00161547
        1003   -0.440723   -0.404994  0.00161426
        1004    -0.40713   -0.404996  0.00161265
        1005    -0.41394   -0.405005  0.00161107
        1006   -0.429834    -0.40503  0.00160966
        1007   -0.401005   -0.405026  0.00160806
        1008    -0.34025   -0.404961  0.00160775
        1009   -0.463559    -0.40502  0.00160721
        1010   -0.357464   -0.404972   0.0016063
        1011   -0.432264   -0.404999  0.00160494
        1012    -0.41677   -0.405011   0.0016034
        1013   -0.405187   -0.405011  0.00160182
        1014   -0.438462   -0.405044  0.00160058
        1015   -0.362866   -0.405003  0.00159954
        1016   -0.385875   -0.404984  0.00159807
        1017   -0.427369   -0.405006  0.00159665
        1018   -0.407956   -0.405009  0.00159509
        1019   -0.460346   -0.405063  0.00159445
        1020   -0.443103     -0.4051  0.00159332
        1021   -0.448782   -0.405143  0.00159233
        1022   -0.401512    -0.40514  0.00159078
        1023   -0.401461   -0.405136  0.00158923
        1024    -0.39184   -0.405123  0.00158773
        1025   -0.381789     -0.4051  0.00158634
        1026   -0.481617   -0.405175  0.00158655
        1027   -0.457054   -0.405225  0.00158581
        1028   -0.457861   -0.405277  0.00158509
        1029   -0.448427   -0.405319  0.00158411
        1030   -0.435448   -0.405348  0.00158284
        1031   -0.445685   -0.405387  0.00158179
        1032   -0.428984    -0.40541  0.00158042
        1033    -0.40493   -0.405409  0.00157889
        1034   -0.450676   -0.405453  0.00157797
        1035   -0.425543   -0.405472  0.00157657
        1036    -0.36405   -0.405433  0.00157555
        1037    -0.32964   -0.405359  0.00157573
        1038    -0.37242   -0.405328  0.00157453
        1039   -0.348294   -0.405273  0.00157397
        1040   -0.319949   -0.405191  0.00157459
        1041   -0.384521   -0.405171   0.0015732
        1042   -0.405768   -0.405171  0.00157169
        1043   -0.417223   -0.405183  0.00157023
        1044   -0.437548   -0.405214  0.00156903
        1045   -0.455226   -0.405262  0.00156826
        1046   -0.516819   -0.405369  0.00157038
        1047   -0.446625   -0.405408  0.00156938
        1048   -0.402568   -0.405405  0.00156788
        1049   -0.462682    -0.40546  0.00156734
        1050   -0.434052   -0.405487  0.00156608
        1051   -0.409498   -0.405491   0.0015646
        1052   -0.437128   -0.405521   0.0015634
        1053   -0.449022   -0.405562  0.00156246
        1054   -0.471313   -0.405625  0.00156222
        1055   -0.492596   -0.405707  0.00156291
        1056   -0.414022   -0.405715  0.00156145
        1057   -0.392174   -0.405702  0.00156003
        1058   -0.434771    -0.40573   0.0015588
        1059   -0.426505   -0.405749  0.00155745
        1060   -0.408752   -0.405752  0.00155598
        1061   -0.448153   -0.405792  0.00155503
        1062   -0.414604     -0.4058  0.00155359
        1063   -0.462333   -0.405854  0.00155303
        1064   -0.461861   -0.405906  0.00155247
        1065   -0.447592   -0.405945   0.0015515
        1066    -0.46635   -0.406002  0.00155108
        1067   -0.437848   -0.406032  0.00154991
        1068   -0.403878    -0.40603  0.00154846
        1069   -0.371293   -0.405997  0.00154736
        1070   -0.430614    -0.40602  0.00154608
        1071    -0.45297   -0.406064  0.00154526
        1072   -0.442206   -0.406098  0.00154419
        1073   -0.440395    -0.40613  0.00154308
        1074   -0.448079   -0.406169  0.00154214
        1075   -0.468567   -0.406227  0.00154179
        1076   -0.415317   -0.406235  0.00154038
        1077   -0.418391   -0.406247  0.00153899
        1078   -0.418279   -0.406258  0.00153761
        1079   -0.407582   -0.406259  0.00153618
        1080   -0.423069   -0.406275  0.00153484
        1081   -0.400674   -0.406269  0.00153343
        1082   -0.464852   -0.406324  0.00153297
        1083   -0.502753   -0.406413  0.00153413
        1084   -0.428737   -0.406433  0.00153286
        1085   -0.459289   -0.406482  0.00153222
        1086   -0.417197   -0.406492  0.00153084
        1087   -0.435392   -0.406518  0.00152966
        1088   -0.393413   -0.406506   0.0015283
        1089    -0.40024   -0.406501  0.00152691
        1090   -0.471677    -0.40656  0.00152668
        1091   -0.498838   -0.406645  0.00152762
        1092   -0.461104   -0.406695  0.00152704
        1093   -0.399622   -0.406688  0.00152565
        1094   -0.397608    -0.40668  0.00152428
        1095   -0.459181   -0.406728  0.00152364
        1096   -0.467582   -0.406784  0.00152326
        1097    -0.42592   -0.406801  0.00152198
        1098   -0.420715   -0.406814  0.00152064
        1099   -0.434468   -0.406839  0.00151947
        1100   -0.428087   -0.406858  0.00151821
        1101   -0.420763   -0.406871  0.00151688
        1102   -0.462478   -0.406921  0.00151634
        1103   -0.468752   -0.406977  0.00151601
        1104   -0.398681    -0.40697  0.00151465
        1105   -0.408986   -0.406972  0.00151328
        1106   -0.375805   -0.406943  0.00151218
        1107   -0.353901   -0.406895  0.00151157
        1108   -0.407522   -0.406896   0.0015102
        1109   -0.399896    -0.40689  0.00150886
        1110   -0.431315   -0.406912  0.00150766
        1111   -0.410008   -0.406915   0.0015063
        1112    -0.45022   -0.406953  0.00150545
        1113    -0.43552   -0.406979  0.00150432
        1114   -0.399628   -0.406973  0.00150298
        1115   -0.330203   -0.406904  0.00150321
        1116   -0.430736   -0.406925  0.00150201
        1117   -0.372099   -0.406894  0.00150099
        1118   -0.404151   -0.406891  0.00149965
        1119   -0.477613   -0.406955  0.00149964
        1120   -0.509464   -0.407046   0.0015011
        1121   -0.467057     -0.4071  0.00150071
        1122   -0.400393   -0.407094  0.00149938
        1123   -0.385001   -0.407074  0.00149818
        1124   -0.416327   -0.407082  0.00149687
        1125   -0.386235   -0.407064  0.00149565
        1126   -0.336137   -0.407001  0.00149565
        1127   -0.343863   -0.406945  0.00149537
        1128   -0.386864   -0.406927  0.00149415
        1129    -0.44227   -0.406958  0.00149316
        1130   -0.365399   -0.406921  0.00149229
        1131   -0.356307   -0.406877  0.00149164
        1132   -0.321659   -0.406801  0.00149222
        1133   -0.384114   -0.406781  0.00149104
        1134    -0.44719   -0.406817  0.00149015
        1135   -0.463649   -0.406867  0.00148968
        1136   -0.418451   -0.406877   0.0014884
        1137   -0.437235   -0.406904  0.00148733
        1138   -0.426407   -0.406921  0.00148612
        1139   -0.494836   -0.406998  0.00148682
        1140   -0.421578   -0.407011  0.00148557
        1141   -0.460575   -0.407058  0.00148501
        1142   -0.413915   -0.407064  0.00148372
        1143   -0.453543   -0.407105  0.00148298
        1144    -0.40796   -0.407105  0.00148169
        1145   -0.403638   -0.407102  0.00148039
        1146   -0.394251   -0.407091  0.00147915
        1147    -0.43578   -0.407116  0.00147807
        1148   -0.440463   -0.407145  0.00147707
        1149   -0.462422   -0.407193  0.00147656
        1150   -0.397352   -0.407185   0.0014753
        1151   -0.458951    -0.40723  0.00147471
        1152   -0.461052   -0.407277  0.00147417
        1153   -0.471702   -0.407332  0.00147395
        1154   -0.429888   -0.407352   0.0014728
        1155   -0.460444   -0.407398  0.00147224
        1156    -0.46599   -0.407449  0.00147184
        1157   -0.437057   -0.407474  0.00147079
        1158   -0.376008   -0.407447  0.00146977
        1159   -0.416337   -0.407455  0.00146852
        1160   -0.405129   -0.407453  0.00146726
        1161    -0.32175   -0.407379  0.00146785
        1162   -0.348721   -0.407328  0.00146746
        1163   -0.400752   -0.407323   0.0014662
        1164   -0.356959   -0.407279  0.00146558
        1165   -0.358397   -0.407237  0.00146493
        1166   -0.338973   -0.407179  0.00146484
        1167   -0.356739   -0.407136  0.00146422
        1168   -0.388772    -0.40712  0.00146305
        1169   -0.364635   -0.407084  0.00146225
        1170   -0.468448   -0.407136  0.00146194
        1171   -0.488256   -0.407205  0.00146233
        1172   -0.419344   -0.407216  0.00146112
        1173     -0.3673   -0.407182  0.00146027
        1174   -0.349722   -0.407133  0.00145985
        1175    -0.33667   -0.407073  0.00145984
        1176   -0.377095   -0.407047  0.00145882
        1177   -0.321383   -0.406975  0.00145939
        1178   -0.349646   -0.406926  0.00145897
        1179   -0.438222   -0.406952  0.00145797
        1180   -0.362979   -0.406915  0.00145721
        1181   -0.462775   -0.406962  0.00145674
        1182   -0.422447   -0.406976  0.00145557
        1183   -0.430122   -0.406995  0.00145447
        1184   -0.456869   -0.407037  0.00145385
        1185   -0.457285    -0.40708  0.00145325
        1186   -0.402793   -0.407076  0.00145202
        1187   -0.414864   -0.407083  0.00145082
        1188   -0.431731   -0.407103  0.00144974
        1189   -0.418063   -0.407113  0.00144855
        1190   -0.395922   -0.407103  0.00144737
        1191   -0.417385   -0.407112  0.00144618
        1192   -0.397083   -0.407103  0.00144499
        1193   -0.404887   -0.407101  0.00144378
        1194   -0.476324   -0.407159  0.00144373
        1195   -0.374711   -0.407132  0.00144278
        1196   -0.378526   -0.407108  0.00144177
        1197   -0.376798   -0.407083  0.00144079
        1198   -0.413685   -0.407089   0.0014396
        1199   -0.382581   -0.407068  0.00143854
        1200   -0.411327   -0.407072  0.00143735
        1201    -0.35706    -0.40703  0.00143675
        1202   -0.371775   -0.407001  0.00143586
        1203   -0.328653   -0.406936  0.00143614
        1204   -0.426568   -0.406952  0.00143504
        1205   -0.357479   -0.406911  0.00143444
        1206   -0.363893   -0.406875  0.00143369
        1207    -0.34771   -0.406826  0.00143334
        1208   -0.358593   -0.406786  0.00143271
        1209   -0.346922   -0.406737  0.00143238
        1210   -0.407692   -0.406737   0.0014312
        1211    -0.42648   -0.406754  0.00143011
        1212   -0.343333   -0.406701  0.00142988
        1213   -0.378175   -0.406678   0.0014289
        1214   -0.479293   -0.406738  0.00142897
        1215   -0.493704   -0.406809  0.00142959
        1216   -0.505097    -0.40689   0.0014307
        1217   -0.468964   -0.406941  0.00143043
        1218   -0.407144   -0.406941  0.00142926
        1219   -0.409759   -0.406944  0.00142808
        1220   -0.435428   -0.406967  0.00142711
        1221   -0.466686   -0.407016  0.00142677
        1222   -0.504713   -0.407096  0.00142784
        1223   -0.465807   -0.407144  0.00142748
        1224   -0.480067   -0.407203  0.00142756
        1225    -0.45236    -0.40724  0.00142687
        1226   -0.430607   -0.407259  0.00142583
        1227   -0.430806   -0.407279   0.0014248
        1228   -0.472547   -0.407332  0.00142463
        1229   -0.418902   -0.407341   0.0014235
        1230   -0.475224   -0.407396  0.00142342
        1231   -0.455698   -0.407436   0.0014228
        1232   -0.518001   -0.407525  0.00142447
        1233   -0.421918   -0.407537  0.00142337
        1234   -0.414252   -0.407542  0.00142222
        1235   -0.375225   -0.407516  0.00142131
        1236   -0.368783   -0.407485  0.00142051
        1237   -0.368781   -0.407454   0.0014197
        1238   -0.357261   -0.407413  0.00141914
        1239   -0.396817   -0.407405  0.00141802
        1240   -0.367885   -0.407373  0.00141723
        1241   -0.338402   -0.407317  0.00141718
        1242   -0.422202   -0.407329  0.00141609
        1243   -0.402843   -0.407325  0.00141495
        1244   -0.416669   -0.407333  0.00141384
        1245   -0.438896   -0.407358  0.00141293
        1246   -0.454684   -0.407396   0.0014123
        1247   -0.524799    -0.40749  0.00141431
        1248   -0.494106    -0.40756  0.00141487
        1249    -0.54504    -0.40767  0.00141802
        1250   -0.492128   -0.407737  0.00141849
        1251   -0.450597   -0.407772  0.00141777
        1252   -0.435983   -0.407794  0.00141682
        1253   -0.431523   -0.407813  0.00141581
        1254   -0.376675   -0.407788   0.0014149
        1255   -0.363193   -0.407753  0.00141422
        1256   -0.336314   -0.407696  0.00141424
        1257   -0.355738   -0.407655  0.00141372
        1258   -0.309649   -0.407577  0.00141474
        1259   -0.339285   -0.407522  0.00141465
        1260   -0.331513   -0.407462  0.00141482
        1261   -0.361776   -0.407426  0.00141416
        1262   -0.346664   -0.407378  0.00141386
        1263   -0.323799   -0.407312  0.00141429
        1264   -0.351805   -0.407268  0.00141385
        1265   -0.474783   -0.407321  0.00141374
        1266   -0.438823   -0.407346  0.00141284
        1267   -0.438036    -0.40737  0.00141193
        1268   -0.433405   -0.407391  0.00141097
        1269   -0.483407   -0.407451  0.00141113
        1270   -0.401667   -0.407446  0.00141002
        1271   -0.394358   -0.407436  0.00140895
        1272   -0.379056   -0.407413  0.00140802
        1273   -0.487827   -0.407477  0.00140833
        1274    -0.45718   -0.407516  0.00140777
        1275   -0.475365   -0.407569  0.00140767
        1276   -0.478609   -0.407625  0.00140766
        1277   -0.391609   -0.407612  0.00140662
        1278   -0.373609   -0.407585  0.00140577
        1279   -0.374787    -0.40756   0.0014049
        1280   -0.409377   -0.407561  0.00140381
        1281   -0.366667   -0.407529  0.00140307
        1282   -0.381143   -0.407509  0.00140213
        1283   -0.436668   -0.407531  0.00140122
        1284   -0.419448   -0.407541  0.00140016
        1285   -0.441622   -0.407567  0.00139932
        1286   -0.426078   -0.407582  0.00139831
        1287   -0.372474   -0.407554  0.00139749
        1288   -0.407685   -0.407554   0.0013964
        1289   -0.390446   -0.407541  0.00139538
        1290   -0.457861    -0.40758  0.00139485
        1291   -0.475518   -0.407633  0.00139476
        1292   -0.483011   -0.407691   0.0013949
        1293   -0.446708   -0.407721  0.00139415
        1294   -0.390361   -0.407708  0.00139313
        1295   -0.347509   -0.407661  0.00139283
        1296    -0.35021   -0.407617  0.00139246
        1297   -0.343216   -0.407567  0.00139227
        1298   -0.367516   -0.407537  0.00139154
        1299    -0.33615   -0.407482  0.00139156
        1300   -0.306497   -0.407404  0.00139265
        1301   -0.431784   -0.407423  0.00139171
        1302   -0.437767   -0.407446  0.00139084
        1303   -0.461463   -0.407487  0.00139039
        1304   -0.452402   -0.407522  0.00138975
        1305   -0.456562   -0.407559  0.00138919
        1306   -0.479312   -0.407614  0.00138921
        1307   -0.478978   -0.407669  0.00138922
        1308    -0.43434   -0.407689  0.00138831
        1309   -0.486998    -0.40775  0.00138857
        1310   -0.477936   -0.407804  0.00138854
        1311    -0.47945   -0.407858  0.00138856
        1312   -0.412213   -0.407861   0.0013875
        1313   -0.467354   -0.407907  0.00138719
        1314   -0.425162    -0.40792  0.00138619
        1315   -0.395031    -0.40791  0.00138517
        1316   -0.475186   -0.407961  0.00138506
        1317   -0.433518   -0.407981  0.00138415
        1318   -0.452187   -0.408014   0.0013835
        1319   -0.423402   -0.408026  0.00138251
        1320   -0.349769   -0.407982  0.00138216
        1321   -0.296037   -0.407897  0.00138371
        1322   -0.346784   -0.407851  0.00138344
        1323   -0.332047   -0.407793  0.00138358
        1324   -0.310924    -0.40772  0.00138446
        1325   -0.324449   -0.407657  0.00138485
        1326    -0.38181   -0.407638  0.00138394
        1327   -0.382727   -0.407619  0.00138302
        1328   -0.421255   -0.407629  0.00138202
        1329   -0.400903   -0.407624  0.00138099
        1330   -0.334362   -0.407569  0.00138105
        1331   -0.350523   -0.407526  0.00138068
        1332   -0.396568   -0.407518  0.00137966
        1333   -0.418204   -0.407526  0.00137865
        1334   -0.373282   -0.407501  0.00137786
        1335   -0.433587    -0.40752  0.00137696
        1336   -0.467377   -0.407565  0.00137666
        1337   -0.356161   -0.407526  0.00137617
        1338   -0.352889   -0.407486  0.00137575
        1339   -0.363496   -0.407453  0.00137511
        1340   -0.379685   -0.407432  0.00137424
        1341   -0.361676   -0.407398  0.00137364
        1342   -0.411002   -0.407401  0.00137262
        1343   -0.353953   -0.407361  0.00137217
        1344   -0.318251   -0.407295  0.00137275
        1345   -0.355772   -0.407256  0.00137227
        1346   -0.391191   -0.407244   0.0013713
        1347   -0.355511   -0.407206  0.00137082
        1348   -0.347915   -0.407162  0.00137051
        1349   -0.384609   -0.407145  0.00136959
        1350   -0.420912   -0.407155  0.00136862
        1351   -0.391254   -0.407144  0.00136766
        1352   -0.465362   -0.407187  0.00136732
        1353   -0.470916   -0.407234  0.00136712
        1354   -0.474313   -0.407283  0.00136701
        1355   -0.472521   -0.407331  0.00136685
        1356   -0.476186   -0.407382  0.00136678
        1357   -0.501063   -0.407451  0.00136752
        1358   -0.492369   -0.407514  0.00136794
        1359   -0.469465   -0.407559  0.00136769
        1360   -0.486119   -0.407617  0.00136791
        1361   -0.541496   -0.407716  0.00137043
        1362   -0.568323   -0.407833  0.00137449
        1363   -0.526995   -0.407921  0.00137626
        1364   -0.563142   -0.408035  0.00137995
        1365   -0.485312   -0.408091   0.0013801
        1366   -0.484595   -0.408147  0.00138022
        1367   -0.422835   -0.408158  0.00137926
        1368   -0.448296   -0.408187  0.00137856
        1369   -0.380265   -0.408167   0.0013777
        1370   -0.410013   -0.408168   0.0013767
        1371   -0.405886   -0.408167   0.0013757
        1372   -0.412564    -0.40817   0.0013747
        1373   -0.510034   -0.408244   0.0013757
        1374   -0.438138   -0.408266  0.00137487
        1375   -0.454591   -0.408299  0.00137428
        1376   -0.347363   -0.408255  0.00137399
        1377   -0.367105   -0.408225  0.00137332
        1378   -0.410237   -0.408227  0.00137233
        1379   -0.441427   -0.408251  0.00137154
        1380   -0.431149   -0.408267  0.00137065
        1381   -0.389036   -0.408254  0.00136973
        1382   -0.393899   -0.408243  0.00136877
        1383   -0.355555   -0.408205  0.00136831
        1384   -0.318723    -0.40814  0.00136885
        1385   -0.350742   -0.408099  0.00136849
        1386     -0.4123   -0.408102  0.00136751
        1387   -0.424953   -0.408114  0.00136658
        1388   -0.401056   -0.408109   0.0013656
        1389   -0.380466   -0.408089  0.00136476
        1390    -0.40309   -0.408086  0.00136379
        1391   -0.423028   -0.408096  0.00136285
        1392   -0.443932   -0.408122  0.00136211
        1393   -0.409816   -0.408123  0.00136113
        1394   -0.442709   -0.408148  0.00136038
        1395   -0.397492    -0.40814  0.00135943
        1396   -0.401853   -0.408136  0.00135846
        1397   -0.397387   -0.408128  0.00135751
        1398   -0.412173   -0.408131  0.00135655
        1399   -0.378844    -0.40811  0.00135574
        1400   -0.337225    -0.40806  0.00135571
        1401   -0.405337   -0.408058  0.00135475
        1402   -0.476017   -0.408106  0.00135465
        1403   -0.416037   -0.408112  0.00135369
        1404   -0.422521   -0.408122  0.00135277
        1405   -0.453842   -0.408155   0.0013522
        1406   -0.460957   -0.408192  0.00135176
        1407   -0.456733   -0.408227  0.00135124
        1408   -0.389893   -0.408214  0.00135034
        1409   -0.512563   -0.408288  0.00135141
        1410   -0.442017   -0.408312  0.00135066
        1411   -0.454137   -0.408344   0.0013501
        1412   -0.411621   -0.408346  0.00134914
        1413   -0.449675   -0.408376  0.00134851
        1414   -0.394116   -0.408365  0.00134759
        1415   -0.382938   -0.408348  0.00134676
        1416   -0.400107   -0.408342  0.00134582
        1417   -0.442134   -0.408366  0.00134508
        1418    -0.40699   -0.408365  0.00134413
        1419   -0.428733   -0.408379  0.00134326
        1420   -0.371533   -0.408353  0.00134257
        1421   -0.369702   -0.408326   0.0013419
        1422   -0.374789   -0.408302  0.00134116
        1423    -0.38684   -0.408287   0.0013403
        1424   -0.437423   -0.408308  0.00133952
        1425   -0.396613   -0.408299   0.0013386
        1426   -0.426377   -0.408312  0.00133772
        1427   -0.431139   -0.408328  0.00133688
        1428   -0.450303   -0.408357  0.00133627
        1429   -0.388835   -0.408344   0.0013354
        1430    -0.37396    -0.40832  0.00133469
        1431   -0.386392   -0.408304  0.00133384
        1432   -0.344581    -0.40826  0.00133365
        1433   -0.333247   -0.408208  0.00133375
        1434   -0.374714   -0.408184  0.00133302
        1435   -0.365742   -0.408155  0.00133242
        1436   -0.424975   -0.408166  0.00133155
        1437   -0.445729   -0.408192  0.00133088
        1438   -0.401817   -0.408188  0.00132996
        1439   -0.397328   -0.408181  0.00132905
        1440   -0.429075   -0.408195  0.00132821
        1441   -0.441893   -0.408218  0.00132749
        1442   -0.379189   -0.408198  0.00132673
        1443   -0.422046   -0.408208  0.00132584
        1444   -0.455775   -0.408241  0.00132533
        1445   -0.426256   -0.408253  0.00132447
        1446   -0.437947   -0.408274  0.00132372
        1447   -0.409893   -0.408275   0.0013228
        1448   -0.424918   -0.408286  0.00132194
        1449   -0.465174   -0.408326  0.00132161
        1450   -0.434691   -0.408344  0.00132082
        1451   -0.426301   -0.408356  0.00131997
        1452   -0.384683    -0.40834  0.00131916
        1453   -0.381466   -0.408321  0.00131838
        1454   -0.343976   -0.408277  0.00131822
        1455   -0.434149   -0.408295  0.00131743
        1456   -0.423708   -0.408306  0.00131657
        1457   -0.387927   -0.408292  0.00131574
        1458   -0.425199   -0.408303  0.00131489
        1459    -0.38189   -0.408285  0.00131411
        1460   -0.362268   -0.408254  0.00131359
        1461   -0.361183   -0.408221  0.00131309
        1462   -0.398848   -0.408215  0.00131221
        1463   -0.369319   -0.408188  0.00131158
        1464   -0.430638   -0.408204  0.00131077
        1465   -0.376627   -0.408182  0.00131005
        1466    -0.43701   -0.408202  0.00130931
        1467   -0.486907   -0.408255  0.00130952
        1468   -0.483074   -0.408306  0.00130961
        1469   -0.476741   -0.408353  0.00130955
        1470   -0.461596   -0.408389  0.00130916
        1471   -0.437635   -0.408409  0.00130842
        1472   -0.418033   -0.408416  0.00130755
        1473   -0.394874   -0.408406  0.00130669
        1474   -0.405656   -0.408405  0.00130581
        1475   -0.334513   -0.408354  0.00130588
        1476   -0.380815   -0.408336  0.00130513
        1477   -0.461755   -0.408372  0.00130475
        1478   -0.490054   -0.408427  0.00130504
        1479   -0.437317   -0.408447   0.0013043
        1480   -0.470251   -0.408489  0.00130409
        1481    -0.42664   -0.408501  0.00130327
        1482    -0.43824   -0.408521  0.00130254
        1483   -0.408113   -0.408521  0.00130166
        1484   -0.327662   -0.408466  0.00130192
        1485   -0.358603   -0.408433  0.00130148
        1486   -0.283359   -0.408348  0.00130332
        1487   -0.336068     -0.4083  0.00130335
        1488   -0.309165   -0.408233  0.00130418
        1489   -0.342714   -0.408189  0.00130405
        1490   -0.360472   -0.408157  0.00130356
        1491    -0.37435   -0.408134  0.00130289
        1492   -0.296625    -0.40806  0.00130416
        1493   -0.340904   -0.408015  0.00130406
        1494   -0.360408   -0.407983  0.00130357
        1495   -0.385741   -0.407968  0.00130279
        1496   -0.382656   -0.407951  0.00130203
        1497   -0.408534   -0.407951  0.00130116
        1498   -0.429535   -0.407966  0.00130037
        1499   -0.405616   -0.407964   0.0012995
        1500   -0.360472   -0.407933  0.00129902
        1501   -0.337343   -0.407886  0.00129901
        1502   -0.342268   -0.407842  0.00129887
        1503   -0.313093   -0.407779  0.00129954
        1504    -0.33255   -0.407729  0.00129964
        1505   -0.428796   -0.407743  0.00129885
        1506   -0.402006   -0.407739  0.00129799
        1507   -0.380387   -0.407721  0.00129726
        1508    -0.42176    -0.40773  0.00129643
        1509   -0.394322   -0.407721   0.0012956
        1510   -0.378052   -0.407702  0.00129489
        1511   -0.353745   -0.407666  0.00129453
        1512   -0.348567   -0.407627  0.00129426
        1513   -0.371959   -0.407603  0.00129362
        1514   -0.373969   -0.407581  0.00129296
        1515    -0.40254   -0.407578  0.00129211
        1516   -0.353155   -0.407542  0.00129176
        1517   -0.375878   -0.407521  0.00129107
        1518   -0.485461   -0.407572  0.00129124
        1519   -0.476333   -0.407618  0.00129119
        1520   -0.461799   -0.407653  0.00129083
        1521    -0.45862   -0.407687  0.00129041
        1522   -0.417662   -0.407693  0.00128958
        1523   -0.446921   -0.407719  0.00128899
        1524   -0.442489   -0.407742  0.00128835
        1525    -0.52513   -0.407819   0.0012898
        1526   -0.453273   -0.407849   0.0012893
        1527   -0.512462   -0.407917  0.00129028
        1528   -0.441271   -0.407939  0.00128962
        1529   -0.504133   -0.408002  0.00129031
        1530   -0.484253   -0.408052  0.00129042
        1531   -0.480813   -0.408099  0.00129046
        1532   -0.450837   -0.408127  0.00128992
        1533   -0.524491   -0.408203  0.00129131
        1534   -0.537245   -0.408287   0.0012932
        1535   -0.480292   -0.408334  0.00129321
        1536   -0.443477   -0.408357  0.00129257
        1537   -0.466796   -0.408395  0.00129229
        1538   -0.427863   -0.408408  0.00129151
        1539   -0.463781   -0.408444  0.00129117
        1540   -0.376603   -0.408423   0.0012905
        1541    -0.35804    -0.40839  0.00129008
        1542   -0.393709   -0.408381  0.00128927
        1543   -0.364427   -0.408352  0.00128875
        1544   -0.327871     -0.4083  0.00128897
        1545   -0.365748   -0.408273  0.00128843
        1546    -0.42684   -0.408285  0.00128765
        1547   -0.426384   -0.408296  0.00128688
        1548   -0.461444   -0.408331   0.0012865
        1549   -0.425466   -0.408342  0.00128572
        1550   -0.369175   -0.408316  0.00128514
        1551   -0.378831   -0.408297  0.00128445
        1552   -0.407664   -0.408297  0.00128362
        1553    -0.43387   -0.408313   0.0012829
        1554   -0.510256   -0.408379  0.00128375
        1555   -0.386532   -0.408365    0.001283
        1556   -0.357501   -0.408332  0.00128259
        1557   -0.356033   -0.408299  0.00128221
        1558    -0.41412   -0.408302  0.00128139
        1559   -0.420004    -0.40831  0.00128059
        1560   -0.446553   -0.408334  0.00128001
        1561   -0.477961   -0.408379  0.00127996
        1562   -0.477706   -0.408423  0.00127991
        1563   -0.434805    -0.40844  0.00127921
        1564   -0.393049    -0.40843  0.00127843
        1565   -0.463923   -0.408466   0.0012781
        1566   -0.403923   -0.408463  0.00127729
        1567   -0.390882   -0.408452  0.00127652
        1568   -0.388238   -0.408439  0.00127577
        1569    -0.37876    -0.40842   0.0012751
        1570   -0.377169     -0.4084  0.00127444
        1571    -0.43507   -0.408417  0.00127375
        1572   -0.373467   -0.408395  0.00127313
        1573   -0.335805   -0.408349  0.00127316
        1574   -0.417424   -0.408354  0.00127236
        1575    -0.39359   -0.408345  0.00127159
        1576   -0.366573   -0.408319  0.00127106
        1577   -0.426995    -0.40833  0.00127031
        1578   -0.356565   -0.408298  0.00126992
        1579   -0.342996   -0.408256  0.00126979
        1580   -0.424667   -0.408267  0.00126903
        1581   -0.472606   -0.408307  0.00126888
        1582   -0.487333   -0.408357  0.00126906
        1583   -0.508916   -0.408421  0.00126985
        1584    -0.50844   -0.408484  0.00127062
        1585   -0.502448   -0.408543   0.0012712
        1586   -0.446563   -0.408567  0.00127062
        1587   -0.463945   -0.408602   0.0012703
        1588   -0.497783   -0.408658  0.00127074
        1589   -0.491348    -0.40871  0.00127101
        1590   -0.438446   -0.408729  0.00127034
        1591   -0.413161   -0.408732  0.00126955
        1592   -0.412062   -0.408734  0.00126875
        1593   -0.404718   -0.408731  0.00126796
        1594   -0.354943   -0.408698  0.00126761
        1595   -0.315926   -0.408639  0.00126815
        1596   -0.408465   -0.408639  0.00126736
        1597    -0.43645   -0.408657  0.00126668
        1598   -0.398295    -0.40865  0.00126591
        1599   -0.391614    -0.40864  0.00126516
        1600   -0.427499   -0.408651  0.00126442
        1601   -0.366566   -0.408625  0.00126391
        1602   -0.439553   -0.408644  0.00126327
        1603   -0.440427   -0.408664  0.00126263
        1604   -0.505081   -0.408724  0.00126328
        1605   -0.468318   -0.408762  0.00126304
        1606   -0.418371   -0.408767  0.00126226
        1607   -0.394322   -0.408759  0.00126151
        1608   -0.401544   -0.408754  0.00126073
        1609   -0.415107   -0.408758  0.00125996
        1610   -0.412116    -0.40876  0.00125917
        1611   -0.404491   -0.408757   0.0012584
        1612   -0.387415   -0.408744  0.00125769
        1613   -0.385192    -0.40873  0.00125699
        1614   -0.400993   -0.408725  0.00125622
        1615   -0.382924   -0.408709  0.00125554
        1616   -0.426464    -0.40872  0.00125482
        1617   -0.413255   -0.408723  0.00125404
        1618   -0.436465    -0.40874  0.00125338
        1619    -0.44443   -0.408762   0.0012528
        1620   -0.490967   -0.408813  0.00125306
        1621   -0.449865   -0.408838  0.00125254
        1622   -0.378662   -0.408819  0.00125191
        1623   -0.392048   -0.408809  0.00125118
        1624   -0.369275   -0.408785  0.00125064
        1625    -0.40935   -0.408785  0.00124988
        1626   -0.395568   -0.408777  0.00124913
        1627   -0.431343   -0.408791  0.00124844
        1628   -0.387734   -0.408778  0.00124774
        1629   -0.391534   -0.408767  0.00124702
        1630   -0.401569   -0.408763  0.00124626
        1631   -0.440796   -0.408782  0.00124565
        1632   -0.320762   -0.408728  0.00124606
        1633    -0.37287   -0.408706  0.00124549
        1634   -0.412342   -0.408709  0.00124473
        1635   -0.379656   -0.408691  0.00124409
        1636   -0.407829    -0.40869  0.00124333
        1637   -0.314647   -0.408633   0.0012439
        1638   -0.376475   -0.408613   0.0012433
        1639   -0.369291   -0.408589  0.00124277
        1640   -0.428958   -0.408602  0.00124207
        1641   -0.413201   -0.408605  0.00124132
        1642   -0.424249   -0.408614   0.0012406
        1643   -0.372193   -0.408592  0.00124004
        1644   -0.432886   -0.408607  0.00123938
        1645   -0.440322   -0.408626  0.00123877
        1646   -0.390982   -0.408615  0.00123807
        1647   -0.438506   -0.408633  0.00123745
        1648    -0.48325   -0.408679  0.00123753
        1649   -0.524231   -0.408749  0.00123876
        1650   -0.482016   -0.408793   0.0012388
        1651   -0.436954    -0.40881  0.00123817
        1652   -0.418803   -0.408816  0.00123743
        1653   -0.386971   -0.408803  0.00123676
        1654   -0.396129   -0.408795  0.00123603
        1655   -0.349214   -0.408759  0.00123581
        1656   -0.359923    -0.40873  0.00123542
        1657   -0.454944   -0.408758  0.00123498
        1658   -0.350272   -0.408723  0.00123474
        1659   -0.381308   -0.408706  0.00123411
        1660   -0.482025    -0.40875  0.00123416
        1661    -0.44262   -0.408771  0.00123358
        1662   -0.409364   -0.408771  0.00123284
        1663   -0.373467    -0.40875  0.00123228
        1664   -0.405792   -0.408748  0.00123154
        1665   -0.412455    -0.40875   0.0012308
        1666   -0.419202   -0.408756  0.00123008
        1667   -0.399184   -0.408751  0.00122936
        1668     -0.4355   -0.408767  0.00122872
        1669   -0.410407   -0.408768  0.00122799
        1670   -0.391721   -0.408757   0.0012273
        1671   -0.413804    -0.40876  0.00122657
        1672   -0.339239   -0.408719  0.00122654
        1673   -0.377624     -0.4087  0.00122594
        1674   -0.419397   -0.408707  0.00122523
        1675   -0.402911   -0.408703   0.0012245
        1676   -0.413688   -0.408706  0.00122377
        1677   -0.419607   -0.408713  0.00122306
        1678   -0.376697   -0.408694  0.00122248
        1679   -0.433298   -0.408708  0.00122184
        1680   -0.411709    -0.40871  0.00122112
        1681   -0.390797   -0.408699  0.00122044
        1682   -0.426727    -0.40871  0.00121976
        1683   -0.400626   -0.408705  0.00121904
        1684    -0.41599    -0.40871  0.00121833
        1685   -0.424039   -0.408719  0.00121764
        1686   -0.438529   -0.408736  0.00121704
        1687   -0.468824   -0.408772  0.00121684
        1688   -0.460308   -0.408803   0.0012165
        1689   -0.387399    -0.40879  0.00121585
        1690   -0.394545   -0.408781  0.00121516
        1691    -0.42852   -0.408793   0.0012145
        1692   -0.477229   -0.408834  0.00121445
        1693   -0.534756   -0.408908  0.00121601
        1694   -0.522175   -0.408975  0.00121713
        1695    -0.47463   -0.409014  0.00121703
        1696   -0.442294   -0.409033  0.00121647
        1697   -0.423469   -0.409042  0.00121578
        1698   -0.472253   -0.409079  0.00121564
        1699   -0.405297   -0.409077  0.00121492
        1700   -0.422428   -0.409085  0.00121423
        1701   -0.452204    -0.40911  0.00121378
        1702   -0.516044   -0.409173   0.0012147
        1703   -0.555827   -0.409259  0.00121703
        1704   -0.547086    -0.40934    0.001219
        1705   -0.520784   -0.409405  0.00122004
        1706   -0.516071   -0.409468  0.00122092
        1707   -0.534554   -0.409541  0.00122241
        1708   -0.508987   -0.409599  0.00122308
        1709   -0.431242   -0.409612  0.00122243
        1710   -0.419243   -0.409617  0.00122172
        1711   -0.514484   -0.409679  0.00122255
        1712   -0.366272   -0.409653  0.00122209
        1713   -0.403278    -0.40965  0.00122139
        1714   -0.383227   -0.409634  0.00122077
        1715   -0.397369   -0.409627  0.00122008
        1716   -0.405388   -0.409625  0.00121937
        1717   -0.449475   -0.409648  0.00121888
        1718   -0.433408   -0.409662  0.00121825
        1719   -0.365459   -0.409636  0.00121781
        1720   -0.417878   -0.409641  0.00121712
        1721   -0.399562   -0.409635  0.00121642
        1722   -0.336649   -0.409592  0.00121645
        1723   -0.367838   -0.409568  0.00121599
        1724   -0.343074    -0.40953   0.0012159
        1725    -0.41062    -0.40953  0.00121519
        1726   -0.484575   -0.409574  0.00121527
        1727   -0.397646   -0.409567  0.00121458
        1728   -0.434342   -0.409581  0.00121396
        1729   -0.410209   -0.409582  0.00121326
        1730    -0.41539   -0.409585  0.00121256
        1731   -0.322637   -0.409535   0.0012129
        1732   -0.371944   -0.409513   0.0012124
        1733   -0.424407   -0.409522  0.00121173
        1734   -0.404256   -0.409519  0.00121103
        1735   -0.319916   -0.409467  0.00121144
        1736   -0.354474   -0.409435  0.00121115
        1737   -0.406548   -0.409434  0.00121046
        1738   -0.390937   -0.409423  0.00120981
        1739   -0.468761   -0.409457  0.00120959
        1740   -0.496436   -0.409507  0.00120993
        1741   -0.464171   -0.409538  0.00120964
        1742   -0.505368   -0.409593   0.0012102
        1743    -0.51687   -0.409655  0.00121107
        1744   -0.469917    -0.40969  0.00121087
        1745    -0.57225   -0.409783  0.00121375
        1746    -0.52972   -0.409851    0.001215
        1747   -0.526509   -0.409918  0.00121614
        1748   -0.492541   -0.409965  0.00121636
        1749   -0.379953   -0.409948  0.00121578
        1750   -0.417106   -0.409952   0.0012151
        1751   -0.368918   -0.409929  0.00121463
        1752   -0.362552   -0.409902  0.00121423
        1753   -0.343921   -0.409864  0.00121413
        1754   -0.374102   -0.409844   0.0012136
        1755   -0.381136   -0.409828  0.00121302
        1756    -0.41507   -0.409831  0.00121234
        1757    -0.41202   -0.409832  0.00121165
        1758   -0.329571   -0.409786  0.00121182
        1759    -0.37904   -0.409769  0.00121125
        1760   -0.337407   -0.409728  0.00121126
        1761   -0.362742   -0.409701  0.00121087
        1762   -0.402353   -0.409697  0.00121019
        1763   -0.363423    -0.40967  0.00120979
        1764    -0.31065   -0.409614   0.0012104
        1765   -0.350553   -0.409581  0.00121018
        1766   -0.383524   -0.409566  0.00120959
        1767   -0.465774   -0.409598  0.00120932
        1768    -0.44954    -0.40962  0.00120885
        1769   -0.434396   -0.409634  0.00120824
        1770   -0.419075    -0.40964  0.00120757
        1771   -0.443478   -0.409659  0.00120704
        1772   -0.450782   -0.409682  0.00120658
        1773   -0.440788     -0.4097  0.00120603
        1774   -0.349396   -0.409666  0.00120583
        1775   -0.407426   -0.409664  0.00120515
        1776   -0.414055   -0.409667  0.00120448
        1777   -0.369928   -0.409645  0.00120401
        1778   -0.350462   -0.409611  0.00120379
        1779     -0.2893   -0.409544  0.00120501
        1780    -0.32906   -0.409498  0.00120518
        1781   -0.356879   -0.409469  0.00120487
        1782   -0.359376   -0.409441  0.00120452
        1783   -0.414285   -0.409443  0.00120385
        1784   -0.456954    -0.40947  0.00120346
        1785   -0.369757   -0.409448    0.001203
        1786   -0.371382   -0.409427  0.00120251
        1787   -0.395034   -0.409418  0.00120187
        1788   -0.422349   -0.409426  0.00120122
        1789   -0.396008   -0.409418  0.00120057
        1790    -0.48894   -0.409463  0.00120072
        1791   -0.503094   -0.409515  0.00120119
        1792   -0.472705    -0.40955  0.00120103
        1793   -0.463768    -0.40958  0.00120074
        1794   -0.436979   -0.409596  0.00120017
        1795   -0.448421   -0.409617   0.0011997
        1796    -0.42562   -0.409626  0.00119906
        1797   -0.415881    -0.40963   0.0011984
        1798   -0.411126   -0.409631  0.00119773
        1799   -0.400496   -0.409625  0.00119708
        1800   -0.415526   -0.409629  0.00119642
        1801   -0.359815   -0.409601  0.00119607
        1802   -0.356964   -0.409572  0.00119577
        1803   -0.378558   -0.409555  0.00119523
        1804   -0.392505   -0.409545   0.0011946
        1805   -0.365621   -0.409521  0.00119419
        1806   -0.383423   -0.409506  0.00119361
        1807    -0.43038   -0.409518  0.00119301
        1808   -0.414674   -0.409521  0.00119235
        1809   -0.381577   -0.409505  0.00119179
        1810   -0.361788   -0.409479  0.00119143
        1811   -0.371521   -0.409458  0.00119095
        1812   -0.415101   -0.409461   0.0011903
        1813   -0.434835   -0.409475  0.00118973
        1814   -0.396895   -0.409468  0.00118909
        1815   -0.343428   -0.409432  0.00118899
        1816   -0.372494   -0.409411  0.00118851
        1817   -0.460857    -0.40944  0.00118819
        1818   -0.332429   -0.409397   0.0011883
        1819   -0.357342   -0.409369  0.00118799
        1820   -0.356423    -0.40934  0.00118769
        1821   -0.364315   -0.409315   0.0011873
        1822   -0.390072   -0.409304  0.00118669
        1823   -0.359617   -0.409277  0.00118635
        1824   -0.362349   -0.409251  0.00118598
        1825   -0.408662   -0.409251  0.00118533
        1826   -0.355934   -0.409222  0.00118504
        1827   -0.369403     -0.4092  0.00118459
        1828   -0.424922   -0.409209  0.00118398
        1829    -0.38507   -0.409196   0.0011834
        1830   -0.424279   -0.409204  0.00118278
        1831   -0.396306   -0.409197  0.00118216
        1832   -0.401827   -0.409193  0.00118152
        1833   -0.402863   -0.409189  0.00118088
        1834   -0.453395   -0.409213  0.00118048
        1835    -0.47067   -0.409247  0.00118032
        1836   -0.454059   -0.409271  0.00117993
        1837   -0.484211   -0.409312  0.00117999
        1838   -0.513666   -0.409369  0.00118071
        1839   -0.528295   -0.409434  0.00118184
        1840   -0.518794   -0.409493  0.00118269
        1841   -0.471155   -0.409526  0.00118252
        1842   -0.449686   -0.409548  0.00118208
        1843   -0.356891    -0.40952  0.00118178
        1844   -0.370695   -0.409499  0.00118133
        1845   -0.459123   -0.409526    0.001181
        1846   -0.391824   -0.409516   0.0011804
        1847   -0.439134   -0.409532  0.00117987
        1848   -0.411437   -0.409533  0.00117923
        1849   -0.408418   -0.409532  0.00117859
        1850   -0.412202   -0.409534  0.00117795
        1851   -0.409722   -0.409534  0.00117732
        1852   -0.444692   -0.409553  0.00117684
        1853   -0.461686   -0.409581  0.00117654
        1854   -0.473894   -0.409616  0.00117641
        1855   -0.387427   -0.409604  0.00117584
        1856   -0.374968   -0.409585  0.00117535
        1857   -0.374413   -0.409566  0.00117487
        1858   -0.424719   -0.409574  0.00117427
        1859   -0.375295   -0.409556  0.00117378
        1860    -0.39128   -0.409546  0.00117319
        1861   -0.407025   -0.409545  0.00117256
        1862   -0.452533   -0.409568  0.00117216
        1863   -0.433906   -0.409581   0.0011716
        1864   -0.404404   -0.409578  0.00117098
        1865   -0.394226    -0.40957  0.00117038
        1866   -0.421426   -0.409576  0.00116977
        1867    -0.35674   -0.409548  0.00116949
        1868   -0.406576   -0.409546  0.00116886
        1869   -0.477871   -0.409583  0.00116881
        1870   -0.440805     -0.4096   0.0011683
        1871   -0.402212   -0.409596  0.00116768
        1872   -0.407785   -0.409595  0.00116706
        1873   -0.412318   -0.409596  0.00116644
        1874   -0.362019   -0.409571  0.00116609
        1875   -0.387082   -0.409559  0.00116553
        1876   -0.383514   -0.409545  0.00116499
        1877   -0.388041   -0.409533  0.00116443
        1878   -0.387186   -0.409521  0.00116387
        1879   -0.358327   -0.409494  0.00116357
        1880   -0.337573   -0.409456  0.00116358
        1881   -0.324279   -0.409411  0.00116384
        1882   -0.392426   -0.409402  0.00116326
        1883   -0.310714   -0.409349  0.00116382
        1884   -0.406179   -0.409348   0.0011632
        1885   -0.426753   -0.409357  0.00116262
        1886   -0.441527   -0.409374  0.00116213
        1887   -0.459532     -0.4094  0.00116182
        1888    -0.45441   -0.409424  0.00116145
        1889   -0.448953   -0.409445  0.00116102
        1890   -0.485493   -0.409485  0.00116111
        1891   -0.427534   -0.409495  0.00116053
        1892    -0.41839     -0.4095  0.00115993
        1893   -0.407195   -0.409498  0.00115931
        1894   -0.324875   -0.409454  0.00115956
        1895   -0.340065   -0.409417  0.00115953
        1896   -0.355508   -0.409389  0.00115927
        1897    -0.35429    -0.40936  0.00115902
        1898   -0.371364    -0.40934  0.00115858
        1899   -0.423191   -0.409347  0.00115799
        1900   -0.390985   -0.409337  0.00115742
        1901   -0.377705   -0.409321  0.00115694
        1902   -0.372407   -0.409301  0.00115649
        1903   -0.400393   -0.409297  0.00115589
        1904   -0.468636   -0.409328   0.0011557
        1905   -0.574377   -0.409414  0.00115834
        1906   -0.594549   -0.409512   0.0011618
        1907   -0.518239   -0.409569  0.00116259
        1908   -0.503027   -0.409618  0.00116301
        1909   -0.501449   -0.409666   0.0011634
        1910   -0.494809    -0.40971  0.00116364
        1911   -0.499437   -0.409757  0.00116398
        1912   -0.486887   -0.409798  0.00116407
        1913   -0.493471   -0.409841  0.00116428
        1914   -0.506247   -0.409892  0.00116476
        1915   -0.527304   -0.409953  0.00116577
        1916   -0.453151   -0.409975  0.00116538
        1917   -0.447514   -0.409995  0.00116493
        1918   -0.469699   -0.410026  0.00116474
        1919   -0.456841   -0.410051  0.00116439
        1920   -0.410593   -0.410051  0.00116378
        1921   -0.513989   -0.410105  0.00116443
        1922   -0.515447    -0.41016  0.00116512
        1923   -0.481203   -0.410197   0.0011651
        1924   -0.493087    -0.41024  0.00116529
        1925   -0.524783   -0.410299   0.0011662
        1926   -0.452474   -0.410321   0.0011658
        1927   -0.482929   -0.410359   0.0011658
        1928   -0.422423   -0.410365  0.00116522
        1929   -0.384556   -0.410352  0.00116469
        1930   -0.500128   -0.410398  0.00116501
        1931   -0.440736   -0.410414  0.00116452
        1932   -0.361501   -0.410389  0.00116419
        1933   -0.366153   -0.410366  0.00116381
        1934   -0.431989   -0.410377  0.00116326
        1935    -0.42853   -0.410386   0.0011627
        1936   -0.439282   -0.410401   0.0011622
        1937   -0.391473   -0.410392  0.00116164
        1938   -0.421441   -0.410397  0.00116105
        1939   -0.404851   -0.410394  0.00116046
        1940   -0.423659   -0.410401  0.00115988
        1941   -0.429654   -0.410411  0.00115932
        1942   -0.377175   -0.410394  0.00115885
        1943   -0.466035   -0.410423  0.00115861
        1944    -0.45499   -0.410446  0.00115824
        1945   -0.460615   -0.410471  0.00115793
        1946   -0.359958   -0.410445  0.00115763
        1947    -0.43073   -0.410456  0.00115708
        1948   -0.395751   -0.410448  0.00115651
        1949   -0.483579   -0.410486  0.00115653
        1950   -0.409684   -0.410485  0.00115593
        1951   -0.410206   -0.410485  0.00115534
        1952    -0.35887   -0.410459  0.00115505
        1953   -0.403758   -0.410455  0.00115446
        1954   -0.414109   -0.410457  0.00115388
        1955   -0.427439   -0.410466  0.00115332
        1956   -0.479755   -0.410501  0.00115327
        1957   -0.457283   -0.410525  0.00115293
        1958   -0.423159   -0.410532  0.00115236
        1959   -0.458978   -0.410556  0.00115204
        1960   -0.539412   -0.410622  0.00115332
        1961   -0.516487   -0.410676    0.001154
        1962   -0.526331   -0.410735  0.00115491
        1963    -0.49166   -0.410776  0.00115506
        1964   -0.499726   -0.410822  0.00115536
        1965   -0.474639   -0.410854  0.00115523
        1966   -0.422247    -0.41086  0.00115466
        1967   -0.439393   -0.410874  0.00115416
        1968   -0.412522   -0.410875  0.00115357
        1969   -0.477589   -0.410909  0.00115349
        1970   -0.534596   -0.410972  0.00115461
        1971   -0.518317   -0.411026  0.00115531
        1972   -0.448764   -0.411045  0.00115488
        1973   -0.445674   -0.411063  0.00115443
        1974   -0.393757   -0.411054  0.00115387
        1975   -0.425243   -0.411061  0.00115331
        1976   -0.418599   -0.411065  0.00115274
        1977   -0.410888   -0.411065  0.00115215
        1978   -0.428027   -0.411074   0.0011516
        1979   -0.434307   -0.411085  0.00115108
        1980   -0.438101   -0.411099  0.00115058
        1981   -0.441059   -0.411114   0.0011501
        1982   -0.382043     -0.4111  0.00114961
        1983    -0.35525   -0.411071  0.00114938
        1984   -0.398199   -0.411065  0.00114882
        1985   -0.369177   -0.411044  0.00114843
        1986   -0.415357   -0.411046  0.00114785
        1987   -0.348542   -0.411015  0.00114771
        1988   -0.351325   -0.410985  0.00114752
        1989    -0.38064   -0.410969  0.00114705
        1990   -0.436514   -0.410982  0.00114654
        1991   -0.475667   -0.411015  0.00114643
        1992    -0.44221    -0.41103  0.00114596
        1993   -0.463164   -0.411056  0.00114568
        1994   -0.480795   -0.411091  0.00114564
        1995   -0.443187   -0.411107  0.00114518
        1996   -0.433055   -0.411118  0.00114466
        1997   -0.347809   -0.411087  0.00114452
        1998   -0.322184   -0.411042  0.00114482
        1999   -0.356845   -0.411015  0.00114456
        2000   -0.342618   -0.410981   0.0011445
