           1   0.0487593   0.0487593           0
           2   0.0488644   0.0488118 3.71866e-05
           3   0.0480539   0.0485592  0.00020777
           4   0.0484321   0.0485274 0.000158237
           5   0.0484454    0.048511 0.000127437
           6   0.0481631    0.048453 0.000118656
           7   0.0484508   0.0484527 0.000101706
           8   0.0481818   0.0484189 9.44626e-05
           9   0.0477445   0.0483439 0.000109733
          10   0.0481322   0.0483228 0.000100781
          11   0.0482891   0.0483197 9.16651e-05
          12   0.0481507   0.0483056 8.51009e-05
          13   0.0486964   0.0483357  8.3695e-05
          14   0.0483137   0.0483341 7.77315e-05
          15   0.0482636   0.0483294 7.26913e-05
          16   0.0483048   0.0483279 6.81644e-05
          17   0.0480063    0.048309 6.67273e-05
          18   0.0480835   0.0482964 6.41853e-05
          19   0.0489915    0.048333  7.0465e-05
          20   0.0482059   0.0483267  6.7228e-05
          21   0.0485149   0.0483356 6.46213e-05
          22   0.0481764   0.0483284 6.20879e-05
          23   0.0487259   0.0483457 6.17467e-05
          24   0.0479394   0.0483287 6.14501e-05
          25   0.0484021   0.0483317 5.90622e-05
          26   0.0487174   0.0483465 5.86247e-05
          27   0.0489321   0.0483682 6.03316e-05
          28   0.0483697   0.0483682 5.81769e-05
          29   0.0483625    0.048368 5.61712e-05
          30   0.0481566    0.048361 5.47392e-05
          31   0.0477072   0.0483399 5.68915e-05
          32   0.0482429   0.0483369 5.51942e-05
          33   0.0483138   0.0483362 5.35261e-05
          34   0.0482181   0.0483327 5.20644e-05
          35   0.0484183   0.0483351 5.06343e-05
          36   0.0488948   0.0483507 5.15594e-05
          37   0.0485686   0.0483566 5.05013e-05
          38   0.0483189   0.0483556 4.91821e-05
          39   0.0485543   0.0483607 4.81841e-05
          40   0.0481448   0.0483553 4.72808e-05
          41   0.0485614   0.0483603 4.63941e-05
          42   0.0480577   0.0483531 4.58458e-05
          43   0.0484194   0.0483547 4.48055e-05
          44   0.0485486   0.0483591 4.40034e-05
          45   0.0489047   0.0483712 4.46651e-05
          46   0.0483948   0.0483717 4.36971e-05
          47   0.0478411   0.0483604 4.42015e-05
          48   0.0482124   0.0483573  4.3388e-05
          49   0.0483632   0.0483574 4.25027e-05
          50   0.0485337    0.048361 4.17985e-05
          51   0.0483012   0.0483598 4.09954e-05
          52   0.0483813   0.0483602 4.02091e-05
          53   0.0485331   0.0483635 3.95825e-05
          54   0.0489684   0.0483747 4.04036e-05
          55   0.0484555   0.0483762 3.96957e-05
          56   0.0480924   0.0483711 3.93089e-05
          57   0.0483297   0.0483704  3.8626e-05
          58   0.0484798   0.0483722  3.8006e-05
          59   0.0481907   0.0483692 3.74863e-05
          60   0.0483824   0.0483694 3.68622e-05
          61   0.0486028   0.0483732  3.6456e-05
          62   0.0485756   0.0483765 3.60139e-05
          63   0.0483297   0.0483757 3.54499e-05
          64   0.0484646   0.0483771 3.49231e-05
          65   0.0486046   0.0483806 3.45608e-05
          66   0.0482994   0.0483794 3.40591e-05
          67   0.0479761   0.0483734 3.40786e-05
          68   0.0481707   0.0483704 3.37076e-05
          69   0.0484882   0.0483721 3.32622e-05
          70   0.0485632   0.0483748 3.28989e-05
          71   0.0483398   0.0483743 3.24392e-05
          72   0.0487022   0.0483789 3.23066e-05
          73   0.0484727   0.0483802 3.18896e-05
          74    0.048307   0.0483792  3.1474e-05
          75   0.0485272   0.0483812 3.11161e-05
          76   0.0481324   0.0483779 3.08783e-05
          77   0.0485959   0.0483807 3.06068e-05
          78   0.0483214     0.04838 3.02239e-05
          79   0.0482432   0.0483782 2.98909e-05
          80   0.0486468   0.0483816 2.97051e-05
          81   0.0483215   0.0483808 2.93477e-05
          82   0.0482789   0.0483796 2.90161e-05
          83   0.0482968   0.0483786 2.86836e-05
          84   0.0479216   0.0483732 2.88536e-05
          85   0.0489931   0.0483804 2.94214e-05
          86   0.0486617   0.0483837 2.92605e-05
          87   0.0483314   0.0483831 2.89304e-05
          88   0.0482728   0.0483819 2.86287e-05
          89   0.0487815   0.0483864  2.8657e-05
          90    0.048827   0.0483913 2.87538e-05
          91   0.0490143   0.0483981 2.92415e-05
          92   0.0484632   0.0483988 2.89322e-05
          93   0.0480667   0.0483952 2.88406e-05
          94   0.0480463   0.0483915 2.87717e-05
          95   0.0485024   0.0483927 2.84925e-05
          96   0.0485194    0.048394 2.82263e-05
          97    0.048484   0.0483949 2.79505e-05
          98   0.0480156   0.0483911 2.79321e-05
          99   0.0483443   0.0483906  2.7654e-05
         100   0.0485837   0.0483925 2.74448e-05
