                 0                 0                 0
         0.0129266                 0                 0
         0.0258532                 0                 0
         0.0387798                 0                 0
         0.0517064                 0                 0
          0.064633                 0                 0
         0.0775596                 0                 0
         0.0904863                 0                 0
          0.103413                 0                 0
          0.116339                 0                 0
          0.129266                 0                 0
          0.142193                 0                 0
          0.155119                 0                 0
          0.168046                 0                 0
          0.180973                 0                 0
          0.193899                 0                 0
          0.206826                 0                 0
          0.219752                 0                 0
          0.232679                 0                 0
          0.245606                 0                 0
          0.258532                 0                 0
          0.271459                 0                 0
          0.284385                 0                 0
          0.297312                 0                 0
          0.310239                 0                 0
          0.323165                 0                 0
          0.336092                 0                 0
          0.349018                 0                 0
          0.361945                 0                 0
          0.374872                 0                 0
          0.387798                 0                 0
          0.400725                 0                 0
          0.413651                 0                 0
          0.426578                 0                 0
          0.439505                 0                 0
          0.452431                 0                 0
          0.465358                 0                 0
          0.478285                 0                 0
          0.491211                 0                 0
          0.504138                 0                 0
          0.517064                 0                 0
          0.529991                 0                 0
          0.542918                 0                 0
          0.555844                 0                 0
          0.568771                 0                 0
          0.581697                 0                 0
          0.594624                 0                 0
          0.607551                 0                 0
          0.620477                 0                 0
          0.633404                 0                 0
           0.64633                 0                 0
          0.659257                 0                 0
          0.672184                 0                 0
           0.68511                 0                 0
          0.698037                 0                 0
          0.710963                 0                 0
           0.72389                 0                 0
          0.736817                 0                 0
          0.749743                 0                 0
           0.76267                 0                 0
          0.775596                 0                 0
          0.788523                 0                 0
           0.80145                 0                 0
          0.814376                 0                 0
          0.827303                 0                 0
           0.84023                 0                 0
          0.853156                 0                 0
          0.866083       0.000134763       5.64051e-05
          0.879009        0.00081422       0.000127286
          0.891936        0.00444914       0.000338614
          0.904863         0.0144265       0.000572408
          0.917789          0.042531        0.00104615
          0.930716          0.102136        0.00128971
          0.943642          0.202957        0.00193128
          0.956569          0.354711        0.00234428
          0.969496          0.561685        0.00313232
          0.982422          0.796409        0.00363843
          0.995349           1.04841         0.0045796
           1.00828           1.30625        0.00603072
            1.0212           1.54964        0.00658601
           1.03413           1.75823        0.00677476
           1.04706            1.9433        0.00794705
           1.05998           2.07884        0.00915834
           1.07291           2.17857        0.00841386
           1.08584           2.23371         0.0073421
           1.09876            2.2932        0.00872465
           1.11169           2.28728        0.00846085
           1.12461           2.27683        0.00796872
           1.13754           2.26313        0.00885354
           1.15047           2.22478        0.00824694
           1.16339           2.19027        0.00719082
           1.17632           2.15017         0.0067549
           1.18925           2.09107        0.00744601
           1.20217           2.04412        0.00668632
            1.2151           1.99575        0.00694559
           1.22803           1.92807        0.00651082
           1.24095            1.8736        0.00561967
           1.25388            1.8296        0.00655489
           1.26681            1.7834         0.0059076
           1.27973           1.73768        0.00550524
           1.29266           1.69218        0.00530526
           1.30559           1.64952        0.00426404
           1.31851           1.62083          0.006199
           1.33144           1.58061        0.00579197
           1.34437           1.54612        0.00451508
           1.35729           1.50958        0.00498153
           1.37022           1.47899        0.00468926
           1.38315           1.44817        0.00505269
           1.39607           1.42392        0.00466867
             1.409           1.39633        0.00423587
           1.42193           1.37343        0.00427829
           1.43485           1.35533        0.00415663
           1.44778           1.33136        0.00369238
           1.46071           1.31309        0.00378374
           1.47363           1.29271         0.0040077
           1.48656           1.28277        0.00389034
           1.49949           1.26574        0.00384891
           1.51241           1.24905        0.00382773
           1.52534           1.22498        0.00405065
           1.53827           1.22469        0.00407123
           1.55119           1.21335        0.00365888
           1.56412           1.20081        0.00311879
           1.57705           1.18711        0.00352568
           1.58997           1.17901         0.0035011
            1.6029           1.16332         0.0034485
           1.61583           1.16313        0.00313558
           1.62875           1.15064        0.00319926
           1.64168           1.14432         0.0028839
           1.65461           1.13664        0.00318087
           1.66753           1.13028        0.00275586
           1.68046           1.12473        0.00346578
           1.69339           1.11549        0.00321278
           1.70631           1.11415        0.00311815
           1.71924           1.10601        0.00325853
           1.73217           1.09883        0.00297562
           1.74509           1.09772        0.00283745
           1.75802           1.09431        0.00294582
           1.77095           1.09314        0.00256921
           1.78387           1.08346        0.00281229
            1.7968           1.08098        0.00281151
           1.80973           1.07676        0.00268379
           1.82265           1.07727        0.00267469
           1.83558            1.0728        0.00310832
            1.8485           1.07266        0.00269609
           1.86143           1.07168        0.00281878
           1.87436           1.06924        0.00243153
           1.88728           1.06464        0.00237833
           1.90021           1.06457        0.00295925
           1.91314            1.0632        0.00265338
           1.92606            1.0611        0.00273604
           1.93899           1.06212        0.00294464
           1.95192           1.06721        0.00244648
           1.96484           1.06147        0.00218803
           1.97777           1.05918        0.00272294
            1.9907           1.05291        0.00269657
           2.00362           1.06002        0.00264755
           2.01655           1.05738         0.0025284
           2.02948           1.05866         0.0025877
            2.0424           1.05658        0.00239689
           2.05533           1.05676        0.00233503
           2.06826           1.05526        0.00251599
           2.08118           1.05546        0.00253464
           2.09411           1.05697        0.00238443
           2.10704           1.04966        0.00224576
           2.11996           1.05881        0.00230275
           2.13289           1.05539        0.00204717
           2.14582           1.05654        0.00240511
           2.15874           1.05136        0.00241931
           2.17167           1.05449        0.00242416
            2.1846           1.04577         0.0025953
           2.19752           1.05165        0.00211642
           2.21045           1.04701        0.00232596
           2.22338           1.05031        0.00239324
            2.2363           1.04732        0.00210127
           2.24923           1.04634        0.00215699
           2.26216            1.0432        0.00213395
           2.27508           1.04399        0.00222801
           2.28801           1.04066        0.00224779
           2.30094           1.03978        0.00194094
           2.31386           1.04142        0.00225168
           2.32679           1.04196        0.00194258
           2.33972           1.03427        0.00186247
           2.35264           1.03412        0.00213649
           2.36557           1.03572        0.00213407
            2.3785           1.03622        0.00212112
           2.39142           1.03596        0.00186326
           2.40435           1.03291        0.00221947
           2.41728           1.02983        0.00208591
            2.4302           1.02851        0.00200044
           2.44313           1.02649        0.00179181
           2.45606           1.02583        0.00196114
           2.46898           1.02626        0.00209949
           2.48191           1.02569         0.0018403
           2.49484           1.02598        0.00193955
           2.50776           1.02433        0.00213766
           2.52069           1.02247        0.00163938
           2.53362           1.02032          0.001855
           2.54654           1.01866        0.00200193
           2.55947           1.02084        0.00184856
            2.5724           1.01803        0.00161875
           2.58532           1.01776        0.00172419
           2.59825           1.01845        0.00202614
           2.61117           1.01649        0.00172568
            2.6241           1.01733        0.00191899
           2.63703           1.01292        0.00185142
           2.64995           1.01365        0.00171731
           2.66288           1.01381        0.00190676
           2.67581           1.01288        0.00186521
           2.68873           1.01249        0.00181849
           2.70166           1.01198        0.00176183
           2.71459            1.0126        0.00163132
           2.72751           1.00814        0.00169233
           2.74044           1.01223        0.00163102
           2.75337           1.01115        0.00192002
           2.76629           1.00722        0.00163147
           2.77922           1.01146        0.00162529
           2.79215           1.00928        0.00164946
           2.80507           1.00676        0.00169024
             2.818           1.00841        0.00148871
           2.83093           1.00375        0.00192372
           2.84385           1.00481        0.00164495
           2.85678            1.0059         0.0017464
           2.86971           1.00693        0.00163977
           2.88263           1.00151        0.00154325
           2.89556           1.00358        0.00165094
           2.90849           1.00459        0.00179419
           2.92141           1.00552        0.00170229
           2.93434           1.00488        0.00157859
           2.94727           1.00273        0.00158136
           2.96019           1.00175        0.00153052
           2.97312           1.00244        0.00156602
           2.98605          0.997716        0.00150084
           2.99897           1.00306        0.00154488
            3.0119           1.00321         0.0015042
           3.02483          0.999589        0.00143002
           3.03775           1.00055        0.00139948
           3.05068           1.00078        0.00136914
           3.06361          0.997761        0.00153597
           3.07653          0.998738        0.00160589
           3.08946          0.999762        0.00168927
           3.10239          0.998919        0.00143371
           3.11531          0.997867        0.00146788
           3.12824           1.00024        0.00120626
           3.14117          0.999982         0.0014848
           3.15409           1.00039        0.00151458
           3.16702          0.998524        0.00152445
           3.17995          0.999486        0.00157993
           3.19287          0.998672        0.00131131
            3.2058          0.996039        0.00152079
           3.21873          0.997926        0.00148074
           3.23165          0.994733        0.00157766
           3.24458          0.997657        0.00136524
           3.25751          0.998109        0.00120108
           3.27043          0.996751         0.0014956
           3.28336          0.994786        0.00145531
           3.29629          0.996582        0.00151102
           3.30921          0.996113        0.00133677
           3.32214          0.995548        0.00146972
           3.33506          0.995549        0.00119265
           3.34799          0.994899        0.00148902
           3.36092          0.993118        0.00131343
           3.37384           0.99677        0.00120555
           3.38677          0.994829        0.00127864
            3.3997            0.9935        0.00128482
           3.41262          0.995244         0.0012955
           3.42555          0.992997        0.00116911
           3.43848          0.991163        0.00126602
            3.4514          0.993117        0.00134371
           3.46433          0.995193        0.00125255
           3.47726          0.993322         0.0013805
           3.49018          0.993118        0.00140153
           3.50311          0.993286        0.00133872
           3.51604          0.990867        0.00130914
           3.52896          0.991663         0.0013188
           3.54189          0.995475        0.00120898
           3.55482          0.991697        0.00132341
           3.56774          0.992564        0.00137371
           3.58067          0.990114        0.00118841
            3.5936          0.993392        0.00135827
           3.60652          0.992344         0.0011523
           3.61945          0.991512        0.00135056
           3.63238           0.99146        0.00121626
            3.6453          0.993155        0.00111227
           3.65823          0.993381          0.001295
           3.67116          0.991101        0.00123778
           3.68408          0.991414        0.00127021
           3.69701          0.990974        0.00138489
           3.70994           0.99329        0.00116849
           3.72286          0.993393        0.00132343
           3.73579          0.993767        0.00126225
           3.74872          0.991959         0.0011991
           3.76164          0.992292        0.00121122
           3.77457          0.992583        0.00117853
            3.7875          0.991214        0.00126145
           3.80042          0.990147        0.00117255
           3.81335          0.990038         0.0011222
           3.82628          0.989408        0.00130967
            3.8392          0.990727        0.00111924
           3.85213          0.991333        0.00108115
           3.86506          0.990639        0.00116001
           3.87798          0.989811        0.00134866
           3.89091          0.990449        0.00118469
           3.90384           0.99113        0.00108345
           3.91676          0.990517        0.00111582
           3.92969          0.991398        0.00116894
           3.94262           0.99112        0.00116368
           3.95554          0.989835        0.00112503
           3.96847          0.988167        0.00106008
            3.9814          0.991271        0.00111133
           3.99432          0.989225        0.00115311
           4.00725          0.989854        0.00115461
           4.02018           0.99032        0.00112021
            4.0331          0.989028        0.00113883
           4.04603          0.990688        0.00111383
           4.05895          0.988726        0.00111234
           4.07188          0.989642        0.00111056
           4.08481          0.988824        0.00108084
           4.09773          0.987546        0.00118102
           4.11066          0.988851       0.000900233
           4.12359          0.991919        0.00107389
           4.13651          0.991272        0.00124116
           4.14944          0.989554        0.00121809
           4.16237          0.987284        0.00108948
           4.17529          0.987789       0.000997838
           4.18822          0.988642        0.00117773
           4.20115          0.989123        0.00097568
           4.21407          0.989723        0.00104488
             4.227          0.988297       0.000959615
           4.23993          0.988346        0.00121001
           4.25285          0.986978        0.00103733
           4.26578          0.991126        0.00109374
           4.27871          0.987892         0.0011012
           4.29163          0.989368        0.00114108
           4.30456          0.988486        0.00115101
           4.31749           0.98854        0.00118609
           4.33041          0.987349         0.0010305
           4.34334          0.990115        0.00101887
           4.35627          0.987949        0.00109941
           4.36919          0.988464        0.00113608
           4.38212          0.988799        0.00103611
           4.39505          0.987561       0.000972823
           4.40797          0.987484       0.000959549
            4.4209          0.988921        0.00116346
           4.43383          0.986381        0.00113074
           4.44675          0.986386        0.00103034
           4.45968          0.987639        0.00102641
           4.47261          0.987077       0.000977577
           4.48553          0.986948        0.00102721
           4.49846          0.989459        0.00107585
           4.51139          0.986811       0.000968256
           4.52431          0.988089        0.00091359
           4.53724           0.98729        0.00101754
           4.55017          0.986732        0.00100363
           4.56309          0.989526        0.00104931
           4.57602          0.986921        0.00102315
           4.58895          0.989731       0.000980481
           4.60187          0.987374       0.000938968
            4.6148          0.988045        0.00083236
           4.62773          0.989302        0.00104633
           4.64065          0.987166       0.000869973
           4.65358          0.987717       0.000968105
           4.66651          0.988004       0.000994275
           4.67943          0.988554        0.00113951
           4.69236           0.98584       0.000931874
           4.70529          0.986814        0.00095019
           4.71821          0.988049       0.000901955
           4.73114          0.988352       0.000965574
           4.74407          0.987884        0.00106323
           4.75699          0.987309       0.000834911
           4.76992          0.987258       0.000883269
           4.78285          0.987759       0.000869136
           4.79577          0.985883       0.000916796
            4.8087          0.987804       0.000872527
           4.82162          0.988096       0.000889302
           4.83455          0.987528       0.000949458
           4.84748          0.987919       0.000927361
            4.8604          0.987586        0.00081446
           4.87333          0.986148       0.000889253
           4.88626          0.987525       0.000938883
           4.89918          0.987789        0.00104929
           4.91211          0.987823       0.000892976
           4.92504          0.987309       0.000906536
           4.93796          0.986396       0.000968517
           4.95089          0.987559       0.000842607
           4.96382          0.986833       0.000881351
           4.97674          0.987482       0.000984903
           4.98967          0.986228       0.000893136
            5.0026          0.988295        0.00095992
           5.01552          0.988351       0.000979446
           5.02845           0.98637       0.000871752
           5.04138          0.985776       0.000858663
            5.0543          0.986481       0.000895668
           5.06723          0.988624       0.000996081
           5.08016          0.985226       0.000838038
           5.09308          0.987094       0.000914315
           5.10601          0.987349       0.000863858
           5.11894          0.986574       0.000913788
           5.13186           0.98761       0.000819358
           5.14479           0.98779       0.000822673
           5.15772          0.987185       0.000836683
           5.17064          0.985839       0.000761457
           5.18357          0.985602       0.000830042
            5.1965          0.985927       0.000815212
           5.20942          0.988318       0.000853151
           5.22235          0.987171        0.00084183
           5.23528          0.986822       0.000846498
            5.2482          0.986429       0.000851661
           5.26113          0.987031       0.000964999
           5.27406          0.986157       0.000811174
           5.28698          0.987224       0.000794144
           5.29991          0.986778       0.000839959
           5.31284          0.987808       0.000879585
           5.32576          0.985045       0.000764207
           5.33869          0.986713       0.000892704
           5.35162          0.986968       0.000787214
           5.36454          0.986234       0.000872185
           5.37747          0.986602       0.000835972
            5.3904          0.986606       0.000862177
           5.40332          0.986707       0.000731394
           5.41625          0.985178       0.000880621
           5.42918           0.98685       0.000751942
            5.4421          0.986189       0.000790926
           5.45503          0.985987       0.000942737
           5.46796          0.985923        0.00080213
           5.48088          0.986792       0.000771201
           5.49381          0.987185       0.000879549
           5.50674           0.98656       0.000681237
           5.51966          0.986299       0.000824236
           5.53259          0.985771       0.000859411
           5.54551          0.987461       0.000851607
           5.55844          0.986461       0.000734034
           5.57137          0.984356       0.000854265
           5.58429          0.986734         0.0008224
           5.59722          0.985814       0.000845298
           5.61015          0.985342       0.000777537
           5.62307          0.986618       0.000852917
             5.636          0.985816       0.000856784
           5.64893          0.985126       0.000832991
           5.66185           0.98731       0.000838128
           5.67478          0.986588       0.000766028
           5.68771           0.98634        0.00080221
           5.70063          0.985966       0.000697054
           5.71356          0.987093       0.000805407
           5.72649          0.987429       0.000853291
           5.73941          0.988052       0.000676152
           5.75234          0.985642       0.000648438
           5.76527          0.986847       0.000732915
           5.77819          0.985925       0.000818507
           5.79112          0.984992       0.000743325
           5.80405          0.986489       0.000752518
           5.81697          0.986774       0.000819051
            5.8299          0.985928       0.000925037
           5.84283          0.985567        0.00078705
           5.85575          0.984955       0.000784774
           5.86868          0.985668        0.00079372
           5.88161          0.985977       0.000769732
           5.89453          0.986156       0.000723042
           5.90746          0.985815       0.000747673
           5.92039          0.985619       0.000790107
           5.93331          0.985236       0.000760412
           5.94624          0.986715       0.000745362
           5.95917          0.986506       0.000746142
           5.97209          0.987247       0.000775485
           5.98502          0.986244       0.000690217
           5.99795          0.986323       0.000670055
           6.01087           0.98633       0.000822037
            6.0238          0.985324       0.000761963
           6.03673           0.98723       0.000724003
           6.04965          0.986425       0.000728203
           6.06258          0.985586       0.000721738
           6.07551          0.986382       0.000772104
           6.08843          0.984529       0.000718145
           6.10136          0.985563       0.000752896
           6.11429          0.985746       0.000759305
           6.12721          0.985708        0.00089015
           6.14014          0.986233       0.000748466
           6.15307           0.98674        0.00072782
           6.16599          0.985971        0.00077947
           6.17892          0.985004       0.000764865
           6.19185          0.985908       0.000766636
           6.20477           0.98576       0.000754172
            6.2177          0.987166       0.000737549
           6.23063          0.987103       0.000706981
           6.24355          0.985147       0.000710439
           6.25648          0.986842       0.000725155
            6.2694          0.985745       0.000777349
           6.28233          0.986097       0.000668516
           6.29526          0.985829       0.000734716
           6.30818          0.986895       0.000761058
           6.32111          0.984772       0.000667499
           6.33404          0.985114       0.000708418
           6.34696          0.986715       0.000706623
           6.35989          0.986215       0.000748977
           6.37282          0.985175       0.000762154
           6.38574          0.986307       0.000738726
           6.39867           0.98672       0.000733786
            6.4116          0.985776       0.000727181
           6.42452          0.986661       0.000744627
           6.43745          0.985337       0.000646096
           6.45038          0.986141       0.000726612
