           1  0.00924888  0.00924888           0
           2   0.0237613   0.0165051  0.00513092
           3    0.166913    0.066641   0.0410785
           4   0.0571535   0.0642691   0.0308772
           5    -0.10385   0.0306454   0.0389182
           6  -0.0150922   0.0230224     0.03317
           7   0.0248984   0.0232904   0.0284325
           8   0.0464795   0.0261891   0.0250258
           9 -0.00635054   0.0225735   0.0225048
          10   0.0543106   0.0257472   0.0204769
          11  -0.0490612   0.0189465   0.0197123
          12  -0.0625148    0.012158    0.019203
          13   0.0725924   0.0168068   0.0182799
          14  -0.0343282   0.0131543   0.0173352
          15  -0.0244778   0.0106455   0.0163601
          16    0.104198   0.0164925   0.0163491
          17   0.0246934    0.016975   0.0153945
          18   0.0505603   0.0188408   0.0146519
          19  -0.0950619   0.0128459   0.0150573
          20   0.0483123   0.0146192   0.0144085
          21  -0.0528344   0.0114072   0.0140758
          22   0.0515014   0.0132296   0.0135535
          23   0.0233266   0.0136686   0.0129713
          24    0.107559   0.0175807   0.0130074
          25   0.0346473   0.0182634    0.012505
          26  -0.0349249   0.0162177   0.0121902
          27  -0.0101098   0.0152426   0.0117777
          28   0.0150905   0.0152372    0.011357
          29   0.0331455   0.0158547   0.0109822
          30    0.101333    0.018704   0.0109795
          31   0.0191793   0.0187193   0.0106254
          32   0.0262422   0.0189544   0.0102959
          33 0.000743336   0.0184026  0.00999869
          34   0.0351667   0.0188956  0.00971676
          35   0.0836929    0.020747  0.00961389
          36     0.15944   0.0245996   0.0100893
          37  -0.0196031   0.0234049  0.00988707
          38 -0.00182511   0.0227409  0.00964915
          39    0.142449   0.0258104  0.00987788
          40   0.0515345   0.0264535  0.00965185
          41   0.0117623   0.0260952  0.00942308
          42  -0.0195614   0.0250081  0.00926122
          43   0.0508355   0.0256087  0.00906529
          44 -0.00857636   0.0248318   0.0088925
          45 -0.00354672   0.0242012  0.00871722
          46    0.090446   0.0256413  0.00864585
          47  -0.0888759   0.0232047  0.00879853
          48   0.0937727   0.0246749  0.00873719
          49   0.0494857   0.0251813  0.00857354
          50   0.0709058   0.0260957   0.0084507
          51   0.0744405   0.0270437  0.00833799
          52  0.00757233   0.0266692  0.00818605
          53  -0.0153926   0.0258756  0.00806998
          54  -0.0370387   0.0247105  0.00800419
          55 -0.00384671   0.0241913  0.00787548
          56    0.158387   0.0265877  0.00809122
          57    0.129787   0.0283982  0.00814931
          58   0.0273382   0.0283799  0.00800883
          59     0.03352    0.028467  0.00787356
          60   0.0990783   0.0296439  0.00782979
          61   0.0815188   0.0304943  0.00774748
          62  -0.0806712   0.0287013  0.00782725
          63  0.00453854   0.0283178   0.0077124
          64 -0.00540191   0.0277909  0.00760986
          65   0.0458652   0.0280689  0.00749787
          66   0.0675093   0.0286665  0.00740804
          67   0.0562404   0.0290781  0.00730889
          68    0.102223   0.0301537  0.00728013
          69    0.113457    0.031361  0.00727404
          70    0.020315   0.0312032  0.00717184
          71    0.073444   0.0317982  0.00709546
          72   0.0010554   0.0313712  0.00700975
          73 -0.00785831   0.0308338  0.00693429
          74    0.074082   0.0314182  0.00686517
          75    0.160237   0.0331358  0.00698519
          76  -0.0646688   0.0318489  0.00701082
          77  0.00786263   0.0315374  0.00692669
          78    0.133982   0.0328508  0.00696129
          79  -0.0437078   0.0318817   0.0069403
          80   -0.117433   0.0300153  0.00710008
          81   -0.122578   0.0281314  0.00725805
          82   0.0160492   0.0279841  0.00717103
          83   0.0398836   0.0281274  0.00708606
          84  -0.0288711   0.0274489  0.00703412
          85   0.0769147   0.0280308   0.0069754
          86   0.0285049   0.0280363  0.00689429
          87  -0.0678709    0.026934  0.00690262
          88    0.061453   0.0273262  0.00683531
          89   0.0392224   0.0274599  0.00675982
          90   0.0940778   0.0282001  0.00672511
          91   0.0627927   0.0285802  0.00666195
          92   0.0121812    0.028402  0.00659192
          93   0.0859002   0.0290202  0.00654997
          94   0.0743392   0.0295023  0.00649801
          95   0.0954755   0.0301968  0.00646661
          96 -0.00652726   0.0298143  0.00641055
          97   0.0386126    0.029905  0.00634511
          98   0.0502659   0.0301127  0.00628376
          99    0.087828   0.0306957  0.00624727
         100    0.123627    0.031625  0.00625354
