           1         0.8         0.8           0
           2         0.8         0.8           0
           3         0.8         0.8           0
           4         0.8         0.8           0
           5         0.8         0.8           0
           6         0.8         0.8           0
           7         0.8         0.8           0
           8         0.8         0.8           0
           9         0.8         0.8           0
          10         0.8         0.8           0
          11         0.8         0.8 4.49287e-09
          12         0.8         0.8           0
          13         0.8         0.8 2.92236e-09
          14         0.8         0.8 2.81605e-09
          15         0.8         0.8 5.44113e-09
          16         0.8         0.8 5.26836e-09
          17         0.8         0.8 5.11106e-09
          18         0.8         0.8 6.08337e-09
          19         0.8         0.8 5.92112e-09
          20         0.8         0.8 5.77119e-09
          21         0.8         0.8 5.63211e-09
          22         0.8         0.8  6.7393e-09
          23         0.8         0.8 6.59117e-09
          24         0.8         0.8 6.45239e-09
          25         0.8         0.8 6.32203e-09
          26         0.8         0.8 6.19926e-09
          27         0.8         0.8 6.08337e-09
          28         0.8         0.8 6.29689e-09
          29         0.8         0.8 6.18737e-09
          30         0.8         0.8 6.08337e-09
          31         0.8         0.8 5.67735e-09
          32         0.8         0.8 5.58794e-09
          33         0.8         0.8 5.50262e-09
          34         0.8         0.8 5.11106e-09
          35         0.8         0.8 5.03751e-09
          36         0.8         0.8 4.96705e-09
          37         0.8         0.8 4.89947e-09
          38         0.8         0.8 4.52233e-09
          39         0.8         0.8 4.77219e-09
          40         0.8         0.8 4.71216e-09
          41         0.8         0.8 4.65434e-09
          42         0.8         0.8 4.30159e-09
          43         0.8         0.8 3.21367e-09
          44         0.8         0.8 3.17694e-09
          45         0.8         0.8 2.22133e-09
          46         0.8         0.8 1.55355e-09
          47         0.8         0.8 1.53694e-09
          48         0.8         0.8 1.52084e-09
          49         0.8         0.8 1.50524e-09
          50         0.8         0.8 2.58096e-09
          51         0.8         0.8 2.55553e-09
          52         0.8         0.8  3.2673e-09
          53         0.8         0.8 3.23633e-09
          54         0.8         0.8 3.20622e-09
          55         0.8         0.8   3.759e-09
          56         0.8         0.8 3.72529e-09
          57         0.8         0.8 3.94741e-09
          58         0.8         0.8 3.91324e-09
          59         0.8         0.8 4.11529e-09
          60         0.8         0.8 4.51155e-09
          61         0.8         0.8 4.47442e-09
          62         0.8         0.8 4.43819e-09
          63         0.8         0.8  4.5986e-09
          64         0.8         0.8 4.56253e-09
          65         0.8         0.8  4.5273e-09
          66         0.8         0.8 4.85285e-09
          67         0.8         0.8  4.8165e-09
          68         0.8         0.8 4.78096e-09
          69         0.8         0.8 4.74618e-09
          70         0.8         0.8 5.03751e-09
          71         0.8         0.8 5.00191e-09
          72         0.8         0.8 5.11992e-09
          73         0.8         0.8 5.08473e-09
          74         0.8         0.8 5.19667e-09
          75         0.8         0.8 5.16191e-09
          76         0.8         0.8 5.12784e-09
          77         0.8         0.8 5.09443e-09
          78         0.8         0.8 5.06167e-09
          79         0.8         0.8  5.3016e-09
          80         0.8         0.8 5.26836e-09
          81         0.8         0.8 4.96705e-09
          82         0.8         0.8 4.93667e-09
          83         0.8         0.8 5.17227e-09
          84         0.8         0.8 5.14139e-09
          85         0.8         0.8 5.11106e-09
          86         0.8         0.8 5.08125e-09
          87         0.8         0.8 5.05197e-09
          88         0.8         0.8 5.02318e-09
          89         0.8         0.8 5.11823e-09
          90         0.8         0.8 5.08972e-09
          91         0.8         0.8 5.06167e-09
          92         0.8         0.8 5.15255e-09
          93         0.8         0.8 5.12478e-09
          94         0.8         0.8 5.09744e-09
          95         0.8         0.8 5.29601e-09
          96         0.8         0.8 5.26836e-09
          97         0.8         0.8 5.24113e-09
          98         0.8         0.8 5.21432e-09
          99         0.8         0.8 5.18792e-09
         100         0.8         0.8 5.16191e-09
