           1    -5.47225    -5.47225           0
           2    -5.46156     -5.4669  0.00377635
           3    -5.43762    -5.45714  0.00835889
           4    -5.45969    -5.45778  0.00629336
           5    -5.48899    -5.46402  0.00751846
           6    -5.46883    -5.46482  0.00630791
           7    -5.45876    -5.46396  0.00546588
           8    -5.46203    -5.46372  0.00478797
           9    -5.46955    -5.46436  0.00429965
          10    -5.46016    -5.46394  0.00389015
          11    -5.48228    -5.46561  0.00387727
          12    -5.48689    -5.46738  0.00393868
          13    -5.45568    -5.46648  0.00373718
          14    -5.47712    -5.46724  0.00354657
          15    -5.47577    -5.46781  0.00335538
          16     -5.4523    -5.46684  0.00328274
          17    -5.46597    -5.46679  0.00309003
          18    -5.45909    -5.46636  0.00294786
          19    -5.48982     -5.4676  0.00304022
          20    -5.46537    -5.46749  0.00289025
          21    -5.47788    -5.46798  0.00279466
          22    -5.46359    -5.46778  0.00267475
          23    -5.46558    -5.46769  0.00256016
          24    -5.44867    -5.46689  0.00257314
          25     -5.4605    -5.46664  0.00248289
          26    -5.47131    -5.46682  0.00239389
          27    -5.47251    -5.46703  0.00231449
          28     -5.4638    -5.46691   0.0022347
          29    -5.46537    -5.46686  0.00215828
          30    -5.44692     -5.4662  0.00218633
          31     -5.4671    -5.46622    0.002116
          32    -5.46292    -5.46612   0.0020524
          33    -5.47611    -5.46642   0.0020124
          34    -5.46665    -5.46643  0.00195323
          35    -5.45296    -5.46605  0.00193496
          36    -5.44241    -5.46539  0.00198944
          37    -5.47065    -5.46553  0.00194074
          38     -5.4754    -5.46579  0.00190697
          39    -5.44236    -5.46519   0.0019504
          40    -5.45658    -5.46498  0.00191347
          41    -5.47298    -5.46517  0.00187674
          42     -5.4709    -5.46531  0.00183701
          43    -5.47193    -5.46546  0.00180074
          44    -5.46824    -5.46552  0.00176092
          45    -5.46368    -5.46548  0.00172227
          46    -5.44752    -5.46509  0.00172855
          47    -5.48687    -5.46556   0.0017528
          48     -5.4513    -5.46526  0.00174127
          49    -5.46621    -5.46528  0.00170584
          50    -5.45855    -5.46514  0.00167703
          51    -5.45527    -5.46495  0.00165528
          52     -5.4758    -5.46516  0.00163655
          53    -5.47584    -5.46536  0.00161802
          54     -5.4709    -5.46546  0.00159131
          55    -5.46917    -5.46553   0.0015638
          56    -5.45052    -5.46526  0.00155868
          57    -5.44756    -5.46495  0.00156195
          58    -5.46399    -5.46494  0.00153511
          59    -5.47258    -5.46506  0.00151455
          60    -5.45453    -5.46489  0.00149944
          61    -5.46013    -5.46481  0.00147689
          62    -5.48787    -5.46518  0.00149918
          63    -5.46982    -5.46526  0.00147718
          64    -5.46207    -5.46521  0.00145494
          65    -5.45882    -5.46511  0.00143587
          66    -5.45831    -5.46501  0.00141781
          67    -5.46025    -5.46493  0.00139843
          68    -5.45302    -5.46476   0.0013888
          69    -5.44915    -5.46453  0.00138697
          70    -5.46769    -5.46458  0.00136789
          71    -5.45099    -5.46439  0.00136195
          72    -5.47459    -5.46453  0.00135038
          73     -5.4678    -5.46457  0.00133263
          74    -5.45663    -5.46447  0.00131893
          75    -5.44095    -5.46415  0.00133809
          76    -5.48098    -5.46437  0.00133867
          77    -5.46954    -5.46444  0.00132296
          78    -5.44629    -5.46421  0.00132631
          79    -5.48324    -5.46445  0.00133123
          80    -5.48896    -5.46476  0.00134939
          81    -5.49481    -5.46513  0.00138281
          82    -5.46632    -5.46514  0.00136602
          83    -5.45703    -5.46504  0.00135305
          84     -5.4689    -5.46509  0.00133772
          85    -5.44776    -5.46489  0.00133742
          86    -5.46717    -5.46491  0.00132213
          87    -5.49161    -5.46522  0.00134207
          88    -5.45735    -5.46513  0.00132979
          89    -5.45859    -5.46506  0.00131688
          90    -5.45716    -5.46497  0.00130517
          91    -5.46336    -5.46495  0.00129095
          92    -5.46873    -5.46499  0.00127757
          93    -5.45165    -5.46485  0.00127187
          94    -5.45731    -5.46477  0.00126086
          95    -5.45926    -5.46471  0.00124892
          96     -5.4755    -5.46482  0.00124096
          97    -5.46294     -5.4648  0.00122831
          98    -5.46196    -5.46477  0.00121612
          99    -5.45284    -5.46465   0.0012098
         100    -5.44987    -5.46451   0.0012067
