                 0                 0                 0
         0.0129266                 0                 0
         0.0258532                 0                 0
         0.0387798                 0                 0
         0.0517064                 0                 0
          0.064633                 0                 0
         0.0775596                 0                 0
         0.0904863                 0                 0
          0.103413                 0                 0
          0.116339                 0                 0
          0.129266                 0                 0
          0.142193                 0                 0
          0.155119                 0                 0
          0.168046                 0                 0
          0.180973                 0                 0
          0.193899                 0                 0
          0.206826                 0                 0
          0.219752                 0                 0
          0.232679                 0                 0
          0.245606                 0                 0
          0.258532                 0                 0
          0.271459                 0                 0
          0.284385                 0                 0
          0.297312                 0                 0
          0.310239                 0                 0
          0.323165                 0                 0
          0.336092                 0                 0
          0.349018                 0                 0
          0.361945                 0                 0
          0.374872                 0                 0
          0.387798                 0                 0
          0.400725                 0                 0
          0.413651                 0                 0
          0.426578                 0                 0
          0.439505                 0                 0
          0.452431                 0                 0
          0.465358                 0                 0
          0.478285                 0                 0
          0.491211                 0                 0
          0.504138                 0                 0
          0.517064                 0                 0
          0.529991                 0                 0
          0.542918                 0                 0
          0.555844                 0                 0
          0.568771                 0                 0
          0.581697                 0                 0
          0.594624                 0                 0
          0.607551                 0                 0
          0.620477                 0                 0
          0.633404                 0                 0
           0.64633                 0                 0
          0.659257                 0                 0
          0.672184                 0                 0
           0.68511                 0                 0
          0.698037                 0                 0
          0.710963                 0                 0
           0.72389                 0                 0
          0.736817                 0                 0
          0.749743                 0                 0
           0.76267                 0                 0
          0.775596                 0                 0
          0.788523                 0                 0
           0.80145                 0                 0
          0.814376                 0                 0
          0.827303                 0                 0
           0.84023                 0                 0
          0.853156                 0                 0
          0.866083                 0                 0
          0.879009        0.00190469       0.000726603
          0.891936        0.00604518        0.00152517
          0.904863          0.018915        0.00268607
          0.917789         0.0494838        0.00431223
          0.930716          0.096503        0.00615911
          0.943642          0.204321         0.0099787
          0.956569          0.361091         0.0124017
          0.969496          0.586017         0.0160979
          0.982422          0.843716         0.0186131
          0.995349           1.06093         0.0237998
           1.00828           1.29212         0.0257679
            1.0212           1.51511         0.0275821
           1.03413            1.7037         0.0275548
           1.04706           1.83557         0.0294109
           1.05998           1.91987         0.0340782
           1.07291           2.05296         0.0380456
           1.08584           2.08082         0.0383741
           1.09876           2.12571         0.0404349
           1.11169           2.11244         0.0414467
           1.12461           2.12669          0.040598
           1.13754           2.12172         0.0408557
           1.15047           2.09889          0.043176
           1.16339           2.04609           0.03862
           1.17632           2.01184          0.040657
           1.18925           1.97761         0.0375719
           1.20217           1.92994          0.037116
            1.2151           1.92068         0.0392472
           1.22803           1.87699         0.0350375
           1.24095           1.84316          0.033511
           1.25388           1.82836         0.0320809
           1.26681           1.76093         0.0304215
           1.27973           1.71316         0.0304712
           1.29266           1.67867         0.0284634
           1.30559           1.61385         0.0265117
           1.31851           1.60782         0.0287117
           1.33144           1.57631         0.0251943
           1.34437           1.53341          0.026302
           1.35729           1.49205         0.0227187
           1.37022           1.46082         0.0238101
           1.38315            1.4662         0.0231393
           1.39607           1.44304         0.0230988
             1.409           1.41573         0.0212569
           1.42193           1.37617         0.0234561
           1.43485           1.36086         0.0209758
           1.44778           1.32987         0.0211706
           1.46071           1.28429         0.0187506
           1.47363           1.25591         0.0187575
           1.48656           1.24739         0.0189153
           1.49949           1.25832         0.0233218
           1.51241           1.25592         0.0212553
           1.52534           1.24826          0.022389
           1.53827           1.23765         0.0223699
           1.55119           1.22442         0.0204205
           1.56412           1.18321         0.0195553
           1.57705            1.1655         0.0175002
           1.58997           1.15315         0.0189806
            1.6029           1.15908         0.0199308
           1.61583           1.14633         0.0200159
           1.62875            1.1503         0.0200632
           1.64168           1.15963         0.0185759
           1.65461           1.13789          0.016398
           1.66753           1.12203          0.016968
           1.68046           1.09878         0.0151136
           1.69339           1.10708         0.0150861
           1.70631           1.10021         0.0160142
           1.71924           1.09331         0.0167195
           1.73217           1.10687         0.0171485
           1.74509           1.10036         0.0169614
           1.75802           1.10291         0.0175078
           1.77095           1.10506         0.0163118
           1.78387           1.11066         0.0183001
            1.7968           1.09943         0.0164526
           1.80973           1.10047         0.0172061
           1.82265           1.10326         0.0170344
           1.83558           1.09153         0.0165303
            1.8485           1.09984         0.0176439
           1.86143           1.10634         0.0152218
           1.87436           1.10253          0.017184
           1.88728           1.09506         0.0159892
           1.90021           1.08637         0.0164046
           1.91314           1.06738          0.016102
           1.92606           1.06181           0.01632
           1.93899           1.07018         0.0173363
           1.95192            1.0604         0.0158951
           1.96484           1.07238          0.015913
           1.97777           1.06225         0.0152323
            1.9907           1.07495         0.0158804
           2.00362           1.06423         0.0141523
           2.01655           1.06006         0.0146666
           2.02948            1.0622         0.0146645
            2.0424           1.05686             0.014
           2.05533           1.05632         0.0149721
           2.06826           1.04697         0.0138142
           2.08118           1.05196         0.0154961
           2.09411            1.0511         0.0137062
           2.10704           1.05916         0.0137004
           2.11996           1.04197         0.0135802
           2.13289           1.04775          0.015485
           2.14582           1.05069         0.0148866
           2.15874           1.04616         0.0153596
           2.17167           1.04736         0.0152972
            2.1846           1.04962         0.0143938
           2.19752           1.04743         0.0129834
           2.21045           1.04361         0.0133888
           2.22338           1.06044         0.0160381
            2.2363           1.05671         0.0154032
           2.24923           1.06809         0.0162991
           2.26216           1.06244         0.0147494
           2.27508           1.06135         0.0146659
           2.28801            1.0467         0.0143495
           2.30094           1.04013         0.0145415
           2.31386           1.04082          0.013962
           2.32679           1.02444          0.011553
           2.33972           1.01062         0.0114835
           2.35264            1.0116         0.0115464
           2.36557           1.00894           0.01109
            2.3785           1.01351         0.0110097
           2.39142           1.02717         0.0107093
           2.40435           1.00735          0.010329
           2.41728             1.016         0.0108354
            2.4302           1.02595         0.0114679
           2.44313            1.0255         0.0127159
           2.45606           1.00674         0.0107621
           2.46898           1.01881         0.0116348
           2.48191           1.02768         0.0126102
           2.49484           1.02497          0.013013
           2.50776           1.03071         0.0121978
           2.52069           1.02054         0.0108959
           2.53362           1.01289        0.00954965
           2.54654           1.01547        0.00978454
           2.55947           1.02288         0.0103691
            2.5724           1.01324           0.01094
           2.58532           1.02261         0.0115567
           2.59825           1.03113         0.0108685
           2.61117           1.02881        0.00979479
            2.6241           1.01663         0.0104958
           2.63703           1.02221            0.0119
           2.64995           1.02997         0.0139421
           2.66288           1.02803         0.0119503
           2.67581           1.02622          0.012137
           2.68873           1.01752         0.0102562
           2.70166           1.02109         0.0106038
           2.71459           1.01656         0.0104567
           2.72751           1.03206          0.011076
           2.74044           1.01754         0.0093562
           2.75337           1.00954        0.00804267
           2.76629           1.00741        0.00940687
           2.77922           1.01807         0.0105159
           2.79215           1.01916         0.0111938
           2.80507           1.01103         0.0115815
             2.818           1.01578         0.0109297
           2.83093           1.02576         0.0115722
           2.84385           1.00807         0.0106902
           2.85678           1.02152         0.0113669
           2.86971           1.01622         0.0109892
           2.88263             1.011          0.010442
           2.89556           1.01181         0.0107037
           2.90849           1.00264           0.00999
           2.92141           1.00836        0.00968699
           2.93434           1.01143        0.00957999
           2.94727           1.00054        0.00980813
           2.96019           1.00596        0.00939922
           2.97312           1.01597        0.00938875
           2.98605           1.01009        0.00977565
           2.99897           1.00488         0.0101312
            3.0119           1.01726          0.010026
           3.02483           1.01477         0.0105983
           3.03775           1.00966        0.00963086
           3.05068           1.00932        0.00986506
           3.06361           1.01426         0.0102426
           3.07653           1.00719        0.00895134
           3.08946           1.00708        0.00902056
           3.10239           1.00783        0.00897103
           3.11531           1.00411        0.00950511
           3.12824          0.999688        0.00953462
           3.14117            1.0004        0.00895859
           3.15409           1.00954        0.00846117
           3.16702          0.989489        0.00760694
           3.17995          0.996256        0.00950045
           3.19287          0.999312        0.00974766
            3.2058          0.992322        0.00966475
           3.21873          0.991129        0.00978352
           3.23165          0.994637        0.00898834
           3.24458          0.986535        0.00957226
           3.25751            1.0012        0.00922771
           3.27043           1.00714         0.0101407
           3.28336           0.99779        0.00925171
           3.29629          0.994446        0.00820664
           3.30921           0.99036          0.009077
           3.32214          0.988367        0.00811666
           3.33506           1.00041        0.00781456
           3.34799           1.00159        0.00757625
           3.36092          0.995545        0.00744147
           3.37384          0.993928        0.00740935
           3.38677          0.986338        0.00728929
            3.3997          0.990127        0.00732912
           3.41262          0.989545        0.00788236
           3.42555          0.991444        0.00872005
           3.43848          0.994797        0.00943548
            3.4514           1.00034        0.00883505
           3.46433           1.00022        0.00911586
           3.47726          0.997607        0.00903697
           3.49018           1.00411        0.00869074
           3.50311           1.00244        0.00888496
           3.51604          0.995749        0.00867765
           3.52896           1.01002        0.00893841
           3.54189           1.00772        0.00836188
           3.55482            1.0069        0.00826074
           3.56774            1.0071        0.00861783
           3.58067          0.994133         0.0081285
            3.5936          0.996137          0.008059
           3.60652          0.992997        0.00827595
           3.61945           1.00029        0.00772188
           3.63238          0.994617        0.00732776
            3.6453          0.995958        0.00745078
           3.65823          0.993473        0.00775811
           3.67116          0.990887        0.00818691
           3.68408          0.988249        0.00786862
           3.69701          0.993616         0.0084223
           3.70994           1.00372        0.00903912
           3.72286          0.998991        0.00827035
           3.73579           1.00237        0.00854573
           3.74872           1.01164        0.00892311
           3.76164           1.00961        0.00887525
           3.77457           1.00507        0.00770619
            3.7875           1.00787         0.0074672
           3.80042           1.00062        0.00748307
           3.81335           1.00018        0.00650685
           3.82628           1.00319        0.00834462
            3.8392           1.00554        0.00844349
           3.85213           1.00017        0.00785426
           3.86506          0.999162        0.00765409
           3.87798          0.998945        0.00798981
           3.89091           1.00335          0.007838
           3.90384           1.00052        0.00756834
           3.91676          0.995206        0.00778116
           3.92969          0.993363        0.00730344
           3.94262           1.00741        0.00721776
           3.95554           1.00721         0.0072084
           3.96847          0.999104        0.00705501
            3.9814           1.00308        0.00717879
           3.99432           1.00626        0.00754806
           4.00725           1.00626        0.00725864
           4.02018           1.00391        0.00775842
            4.0331           1.00357        0.00743536
           4.04603           1.00088        0.00674483
           4.05895          0.999132        0.00653432
           4.07188           1.00533        0.00712944
           4.08481           1.00456         0.0075612
           4.09773           1.00091        0.00713074
           4.11066           1.00597        0.00775286
           4.12359          0.999718        0.00721727
           4.13651           1.00207        0.00682118
           4.14944           1.00915        0.00706846
           4.16237           1.01063        0.00612563
           4.17529          0.998247        0.00639192
           4.18822          0.999072        0.00657637
           4.20115           1.00464        0.00620799
           4.21407           1.00601        0.00723675
             4.227          0.996328        0.00637161
           4.23993          0.997495        0.00720774
           4.25285          0.996027        0.00706626
           4.26578          0.999004        0.00676887
           4.27871          0.996742        0.00682861
           4.29163          0.997379        0.00574568
           4.30456          0.990901        0.00612253
           4.31749           0.99259        0.00638843
           4.33041          0.995465        0.00625357
           4.34334          0.999271        0.00712467
           4.35627          0.996083        0.00690884
           4.36919          0.993857        0.00615475
           4.38212          0.992295        0.00643054
           4.39505          0.996996        0.00712136
           4.40797          0.999323        0.00678332
            4.4209          0.999824        0.00735298
           4.43383           1.00632        0.00733691
           4.44675          0.996621        0.00714426
           4.45968          0.999529        0.00699706
           4.47261           1.00676        0.00667715
           4.48553          0.997753        0.00588496
           4.49846          0.993298        0.00578883
           4.51139          0.997902        0.00671301
           4.52431          0.998842        0.00711723
           4.53724          0.995554        0.00693826
           4.55017          0.991151        0.00656201
           4.56309          0.991897        0.00615299
           4.57602           1.00365        0.00654195
           4.58895          0.995878        0.00601467
           4.60187          0.994476        0.00593454
            4.6148           0.98932        0.00594909
           4.62773          0.989615        0.00556729
           4.64065          0.991189        0.00598093
           4.65358          0.993174         0.0059188
           4.66651          0.989816        0.00606706
           4.67943          0.991849        0.00619303
           4.69236          0.984687        0.00559149
           4.70529          0.994326        0.00631719
           4.71821          0.988132        0.00582786
           4.73114          0.993722        0.00619685
           4.74407          0.984616        0.00568354
           4.75699          0.985976        0.00555524
           4.76992           0.98535        0.00566312
           4.78285           0.98959        0.00619466
           4.79577          0.994056        0.00542579
            4.8087           0.99837        0.00631885
           4.82162           1.00041        0.00667631
           4.83455          0.997896        0.00639834
           4.84748          0.997328        0.00626292
            4.8604          0.996812        0.00594235
           4.87333           1.00019        0.00614747
           4.88626           1.00062        0.00634461
           4.89918           0.99828        0.00568444
           4.91211          0.993911        0.00554088
           4.92504           1.00394        0.00593648
           4.93796           1.00447        0.00605682
           4.95089          0.997386        0.00651599
           4.96382          0.993584        0.00688999
           4.97674          0.990723        0.00673232
           4.98967           0.99332        0.00590934
            5.0026          0.991105        0.00538318
           5.01552          0.996976        0.00583523
           5.02845           0.99759        0.00597317
           5.04138           0.98701         0.0054558
            5.0543          0.992256        0.00588576
           5.06723          0.993305        0.00620271
           5.08016          0.987665        0.00685474
           5.09308          0.992743        0.00646088
           5.10601          0.992864        0.00589091
           5.11894          0.990815        0.00564795
           5.13186          0.996531         0.0057958
           5.14479          0.994368        0.00582026
           5.15772          0.992288        0.00571352
           5.17064          0.990579        0.00552224
           5.18357           0.98502        0.00448182
            5.1965          0.989349        0.00545536
           5.20942           0.98879        0.00544741
           5.22235          0.988184        0.00526875
           5.23528          0.986445        0.00546252
            5.2482          0.988134        0.00560566
           5.26113          0.986418        0.00526883
           5.27406          0.991857        0.00519645
           5.28698          0.988843        0.00510969
           5.29991          0.987669        0.00537058
           5.31284          0.988533         0.0049486
           5.32576          0.986642        0.00514404
           5.33869          0.991819        0.00489522
           5.35162          0.986898        0.00496837
           5.36454          0.990035        0.00461891
           5.37747           0.99009        0.00464673
            5.3904          0.994669        0.00534876
           5.40332          0.990506        0.00501496
           5.41625          0.988255        0.00516481
           5.42918           0.98733        0.00514094
            5.4421          0.992478        0.00506111
           5.45503          0.990126        0.00536723
           5.46796          0.993487        0.00507375
           5.48088          0.999109        0.00492096
           5.49381          0.998189        0.00468392
           5.50674          0.990236        0.00443686
           5.51966           0.99039        0.00504439
           5.53259           0.99141        0.00464081
           5.54551          0.987589        0.00517481
           5.55844          0.993943        0.00461807
           5.57137          0.996081        0.00435778
           5.58429          0.995661        0.00437711
           5.59722           0.99242        0.00454808
           5.61015          0.987266        0.00407054
           5.62307          0.987061          0.004762
             5.636          0.989964        0.00480921
           5.64893          0.991701        0.00531128
           5.66185          0.992785        0.00456785
           5.67478           0.99928        0.00493428
           5.68771          0.994467        0.00475699
           5.70063          0.998736         0.0046527
           5.71356          0.998826        0.00432557
           5.72649          0.996637        0.00503034
           5.73941          0.997755        0.00457515
           5.75234          0.991105        0.00485979
           5.76527          0.994695        0.00448148
           5.77819          0.994451        0.00450743
           5.79112          0.992065        0.00476417
           5.80405          0.992514         0.0046623
           5.81697          0.988233        0.00463312
            5.8299          0.993726        0.00462527
           5.84283          0.984502        0.00429605
           5.85575          0.989906        0.00500789
           5.86868          0.984754        0.00492491
           5.88161          0.984834         0.0048723
           5.89453          0.987257        0.00435115
           5.90746          0.988123        0.00409354
           5.92039          0.987298         0.0044033
           5.93331          0.987298        0.00441182
           5.94624          0.984913        0.00402767
           5.95917          0.983219        0.00432982
           5.97209          0.993067         0.0046088
           5.98502          0.981764        0.00359966
           5.99795          0.987941        0.00381463
           6.01087          0.988154        0.00388164
            6.0238          0.988758        0.00433059
           6.03673          0.991441        0.00463453
           6.04965          0.988975        0.00405996
           6.06258          0.986468        0.00447742
           6.07551          0.988097        0.00450326
           6.08843          0.983609        0.00470208
           6.10136          0.983222        0.00491862
           6.11429          0.988367        0.00467607
           6.12721          0.984255        0.00409404
           6.14014          0.982858        0.00445804
           6.15307          0.986404        0.00431201
           6.16599          0.984212        0.00439319
           6.17892          0.980701        0.00470082
           6.19185           0.98127        0.00448118
           6.20477          0.977342        0.00449902
            6.2177          0.978151        0.00385029
           6.23063          0.983257        0.00436518
           6.24355          0.981769        0.00508438
           6.25648          0.983396        0.00481175
            6.2694           0.98265        0.00472826
           6.28233          0.977013        0.00424532
           6.29526          0.979052        0.00397691
           6.30818          0.979922        0.00438222
           6.32111          0.978055        0.00411922
           6.33404          0.979337        0.00447033
           6.34696          0.979614        0.00455578
           6.35989           0.97612        0.00466805
           6.37282          0.977893        0.00439614
           6.38574          0.978541        0.00439177
           6.39867          0.982118        0.00394294
            6.4116          0.983539        0.00436387
           6.42452          0.981425        0.00468584
           6.43745          0.983082        0.00469511
           6.45038          0.978949         0.0039031
