           1         1.8         1.8           0
           2         1.8         1.8           0
           3         1.8         1.8           0
           4         1.8         1.8           0
           5         1.8         1.8 9.42432e-09
           6         1.8         1.8           0
           7         1.8         1.8 1.12642e-08
           8         1.8         1.8 1.05367e-08
           9         1.8         1.8           0
          10         1.8         1.8   6.664e-09
          11         1.8         1.8 1.10052e-08
          12         1.8         1.8 1.21667e-08
          13         1.8         1.8 1.16894e-08
          14         1.8         1.8 1.37958e-08
          15         1.8         1.8 1.43959e-08
          16         1.8         1.8 1.39388e-08
          17         1.8         1.8 1.35226e-08
          18         1.8         1.8 1.11067e-08
          19         1.8         1.8 1.18422e-08
          20         1.8         1.8 9.42432e-09
          21         1.8         1.8  9.1972e-09
          22         1.8         1.8 6.35388e-09
          23         1.8         1.8 6.21421e-09
          24         1.8         1.8           0
          25         1.8         1.8           0
          26         1.8         1.8 4.13284e-09
          27         1.8         1.8           0
          28         1.8         1.8           0
          29         1.8         1.8           0
          30         1.8         1.8 5.44113e-09
          31         1.8         1.8 5.35266e-09
          32         1.8         1.8 5.26836e-09
          33         1.8         1.8 5.18792e-09
          34         1.8         1.8 5.11106e-09
          35         1.8         1.8 7.12412e-09
          36         1.8         1.8 4.96705e-09
          37         1.8         1.8 4.89947e-09
          38         1.8         1.8 4.83458e-09
          39         1.8         1.8 4.77219e-09
          40         1.8         1.8   6.664e-09
          41         1.8         1.8 6.58223e-09
          42         1.8         1.8 7.27102e-09
          43         1.8         1.8 7.87184e-09
          44         1.8         1.8 7.78188e-09
          45         1.8         1.8 8.31147e-09
          46         1.8         1.8 8.78823e-09
          47         1.8         1.8 9.72045e-09
          48         1.8         1.8 1.00881e-08
          49         1.8         1.8 9.98466e-09
          50         1.8         1.8 1.03238e-08
          51         1.8         1.8 1.02221e-08
          52         1.8         1.8 1.05367e-08
          53         1.8         1.8 1.04368e-08
          54         1.8         1.8 1.03397e-08
          55         1.8         1.8 1.06321e-08
          56         1.8         1.8 1.05367e-08
          57         1.8         1.8 1.15086e-08
          58         1.8         1.8 1.14089e-08
          59         1.8         1.8 1.13118e-08
          60         1.8         1.8 1.15424e-08
          61         1.8         1.8 1.14474e-08
          62         1.8         1.8 1.13547e-08
          63         1.8         1.8 1.15729e-08
          64         1.8         1.8 1.14821e-08
          65         1.8         1.8 1.13934e-08
          66         1.8         1.8 1.16005e-08
          67         1.8         1.8 1.15136e-08
          68         1.8         1.8 1.14287e-08
          69         1.8         1.8 1.13456e-08
          70         1.8         1.8 1.15424e-08
          71         1.8         1.8 1.14608e-08
          72         1.8         1.8 1.13809e-08
          73         1.8         1.8 1.13027e-08
          74         1.8         1.8 1.17485e-08
          75         1.8         1.8 1.16699e-08
          76         1.8         1.8 1.15929e-08
          77         1.8         1.8 1.15174e-08
          78         1.8         1.8 1.14433e-08
          79         1.8         1.8 1.16152e-08
          80         1.8         1.8 1.12994e-08
          81         1.8         1.8 1.09826e-08
          82         1.8         1.8 1.09154e-08
          83         1.8         1.8    1.06e-08
          84         1.8         1.8 1.05367e-08
          85         1.8         1.8 1.02221e-08
          86         1.8         1.8 1.01625e-08
          87         1.8         1.8  9.8481e-09
          88         1.8         1.8 9.79198e-09
          89         1.8         1.8 9.47712e-09
          90         1.8         1.8 9.42432e-09
          91         1.8         1.8 9.10833e-09
          92         1.8         1.8  9.0587e-09
          93         1.8         1.8 8.74085e-09
          94         1.8         1.8 8.69423e-09
          95         1.8         1.8 8.37373e-09
          96         1.8         1.8    8.33e-09
          97         1.8         1.8 8.28695e-09
          98         1.8         1.8 7.96501e-09
          99         1.8         1.8 7.92468e-09
         100         1.8         1.8 7.59813e-09
