           1     -3.3939     -3.3939           0
           2    -3.38322    -3.38856  0.00377635
           3    -3.35927     -3.3788  0.00835889
           4    -3.38134    -3.37943  0.00629336
           5    -3.41065    -3.38568  0.00751846
           6    -3.39048    -3.38648  0.00630791
           7    -3.38042    -3.38561  0.00546588
           8    -3.38368    -3.38537  0.00478797
           9     -3.3912    -3.38602  0.00429965
          10    -3.38182     -3.3856  0.00389015
          11    -3.40393    -3.38726  0.00387727
          12    -3.40854    -3.38904  0.00393868
          13    -3.37733    -3.38814  0.00373718
          14    -3.39877     -3.3889  0.00354657
          15    -3.39742    -3.38946  0.00335538
          16    -3.37395     -3.3885  0.00328274
          17    -3.38763    -3.38844  0.00309003
          18    -3.38074    -3.38802  0.00294786
          19    -3.41147    -3.38925  0.00304022
          20    -3.38702    -3.38914  0.00289025
          21    -3.39953    -3.38963  0.00279466
          22    -3.38524    -3.38943  0.00267475
          23    -3.38724    -3.38934  0.00256016
          24    -3.37033    -3.38855  0.00257314
          25    -3.38216    -3.38829  0.00248289
          26    -3.39297    -3.38847  0.00239389
          27    -3.39416    -3.38868  0.00231449
          28    -3.38545    -3.38857   0.0022347
          29    -3.38702    -3.38851  0.00215828
          30    -3.36857    -3.38785  0.00218633
          31    -3.38875    -3.38788    0.002116
          32    -3.38457    -3.38777   0.0020524
          33    -3.39776    -3.38808   0.0020124
          34    -3.38831    -3.38808  0.00195323
          35    -3.37461     -3.3877  0.00193496
          36    -3.36407    -3.38704  0.00198944
          37     -3.3923    -3.38718  0.00194074
          38    -3.39705    -3.38744  0.00190697
          39    -3.36402    -3.38684   0.0019504
          40    -3.37823    -3.38663  0.00191347
          41    -3.39464    -3.38682  0.00187674
          42    -3.39256    -3.38696  0.00183701
          43    -3.39358    -3.38711  0.00180074
          44     -3.3899    -3.38718  0.00176092
          45    -3.38533    -3.38714  0.00172227
          46    -3.36917    -3.38675  0.00172855
          47    -3.40853    -3.38721   0.0017528
          48    -3.37295    -3.38691  0.00174127
          49    -3.38786    -3.38693  0.00170584
          50     -3.3802     -3.3868  0.00167703
          51    -3.37693     -3.3866  0.00165528
          52    -3.39746    -3.38681  0.00163655
          53    -3.39749    -3.38701  0.00161802
          54    -3.39255    -3.38712  0.00159131
          55    -3.39082    -3.38718   0.0015638
          56    -3.37217    -3.38692  0.00155868
          57    -3.36922     -3.3866  0.00156195
          58    -3.38565    -3.38659  0.00153511
          59    -3.39423    -3.38672  0.00151455
          60    -3.37619    -3.38654  0.00149944
          61    -3.38178    -3.38646  0.00147689
          62    -3.40953    -3.38684  0.00149918
          63    -3.39147    -3.38691  0.00147718
          64    -3.38372    -3.38686  0.00145494
          65    -3.38047    -3.38676  0.00143587
          66    -3.37996    -3.38666  0.00141781
          67     -3.3819    -3.38659  0.00139843
          68    -3.37467    -3.38641   0.0013888
          69     -3.3708    -3.38619  0.00138697
          70    -3.38934    -3.38623  0.00136789
          71    -3.37264    -3.38604  0.00136195
          72    -3.39624    -3.38618  0.00135038
          73    -3.38946    -3.38623  0.00133263
          74    -3.37829    -3.38612  0.00131893
          75    -3.36261    -3.38581  0.00133809
          76    -3.40263    -3.38603  0.00133867
          77    -3.39119    -3.38609  0.00132296
          78    -3.36794    -3.38586  0.00132631
          79     -3.4049     -3.3861  0.00133123
          80    -3.41062    -3.38641  0.00134939
          81    -3.41646    -3.38678  0.00138281
          82    -3.38797    -3.38679  0.00136602
          83    -3.37869     -3.3867  0.00135305
          84    -3.39055    -3.38674  0.00133772
          85    -3.36942    -3.38654  0.00133742
          86    -3.38882    -3.38657  0.00132213
          87    -3.41326    -3.38687  0.00134207
          88      -3.379    -3.38678  0.00132979
          89    -3.38024    -3.38671  0.00131688
          90    -3.37881    -3.38662  0.00130517
          91    -3.38501     -3.3866  0.00129095
          92    -3.39038    -3.38664  0.00127757
          93     -3.3733     -3.3865  0.00127187
          94    -3.37897    -3.38642  0.00126086
          95    -3.38091    -3.38636  0.00124892
          96    -3.39715    -3.38648  0.00124096
          97    -3.38459    -3.38646  0.00122831
          98    -3.38361    -3.38643  0.00121612
          99    -3.37449    -3.38631   0.0012098
         100    -3.37152    -3.38616   0.0012067
