                 0                 0                 0
        0.00461329                 0                 0
        0.00922657                 0                 0
         0.0138399                 0                 0
         0.0184531                 0                 0
         0.0230664                 0                 0
         0.0276797                 0                 0
          0.032293                 0                 0
         0.0369063                 0                 0
         0.0415196                 0                 0
         0.0461329                 0                 0
         0.0507461                 0                 0
         0.0553594                 0                 0
         0.0599727                 0                 0
          0.064586                 0                 0
         0.0691993                 0                 0
         0.0738126                 0                 0
         0.0784259                 0                 0
         0.0830391                 0                 0
         0.0876524                 0                 0
         0.0922657                 0                 0
          0.096879                 0                 0
          0.101492                 0                 0
          0.106106                 0                 0
          0.110719                 0                 0
          0.115332                 0                 0
          0.119945                 0                 0
          0.124559                 0                 0
          0.129172                 0                 0
          0.133785                 0                 0
          0.138399                 0                 0
          0.143012                 0                 0
          0.147625                 0                 0
          0.152238                 0                 0
          0.156852                 0                 0
          0.161465                 0                 0
          0.166078                 0                 0
          0.170692                 0                 0
          0.175305                 0                 0
          0.179918                 0                 0
          0.184531                 0                 0
          0.189145                 0                 0
          0.193758                 0                 0
          0.198371                 0                 0
          0.202985                 0                 0
          0.207598                 0                 0
          0.212211                 0                 0
          0.216824                 0                 0
          0.221438                 0                 0
          0.226051                 0                 0
          0.230664                 0                 0
          0.235278                 0                 0
          0.239891                 0                 0
          0.244504                 0                 0
          0.249117                 0                 0
          0.253731                 0                 0
          0.258344                 0                 0
          0.262957                 0                 0
          0.267571                 0                 0
          0.272184                 0                 0
          0.276797                 0                 0
           0.28141                 0                 0
          0.286024                 0                 0
          0.290637                 0                 0
           0.29525                 0                 0
          0.299864                 0                 0
          0.304477                 0                 0
           0.30909                 0                 0
          0.313703                 0                 0
          0.318317                 0                 0
           0.32293                 0                 0
          0.327543                 0                 0
          0.332157                 0                 0
           0.33677                 0                 0
          0.341383                 0                 0
          0.345996                 0                 0
           0.35061                 0                 0
          0.355223                 0                 0
          0.359836                 0                 0
           0.36445                 0                 0
          0.369063                 0                 0
          0.373676                 0                 0
          0.378289                 0                 0
          0.382903                 0                 0
          0.387516                 0                 0
          0.392129                 0                 0
          0.396743                 0                 0
          0.401356                 0                 0
          0.405969                 0                 0
          0.410582                 0                 0
          0.415196                 0                 0
          0.419809                 0                 0
          0.424422                 0                 0
          0.429036                 0                 0
          0.433649                 0                 0
          0.438262                 0                 0
          0.442875                 0                 0
          0.447489                 0                 0
          0.452102                 0                 0
          0.456715                 0                 0
          0.461329                 0                 0
          0.465942                 0                 0
          0.470555                 0                 0
          0.475168                 0                 0
          0.479782                 0                 0
          0.484395                 0                 0
          0.489008                 0                 0
          0.493622                 0                 0
          0.498235                 0                 0
          0.502848                 0                 0
          0.507461                 0                 0
          0.512075                 0                 0
          0.516688                 0                 0
          0.521301                 0                 0
          0.525915                 0                 0
          0.530528                 0                 0
          0.535141                 0                 0
          0.539754                 0                 0
          0.544368                 0                 0
          0.548981                 0                 0
          0.553594                 0                 0
          0.558208                 0                 0
          0.562821                 0                 0
          0.567434                 0                 0
          0.572047                 0                 0
          0.576661                 0                 0
          0.581274                 0                 0
          0.585887                 0                 0
          0.590501                 0                 0
          0.595114                 0                 0
          0.599727                 0                 0
           0.60434                 0                 0
          0.608954                 0                 0
          0.613567                 0                 0
           0.61818                 0                 0
          0.622794                 0                 0
          0.627407                 0                 0
           0.63202                 0                 0
          0.636633                 0                 0
          0.641247                 0                 0
           0.64586                 0                 0
          0.650473                 0                 0
          0.655087                 0                 0
            0.6597                 0                 0
          0.664313                 0                 0
          0.668926                 0                 0
           0.67354                 0                 0
          0.678153                 0                 0
          0.682766                 0                 0
           0.68738                 0                 0
          0.691993                 0                 0
          0.696606                 0                 0
          0.701219                 0                 0
          0.705833                 0                 0
          0.710446                 0                 0
          0.715059                 0                 0
          0.719673                 0                 0
          0.724286                 0                 0
          0.728899                 0                 0
          0.733512                 0                 0
          0.738126                 0                 0
          0.742739                 0                 0
          0.747352                 0                 0
          0.751966                 0                 0
          0.756579                 0                 0
          0.761192                 0                 0
          0.765805                 0                 0
          0.770419                 0                 0
          0.775032                 0                 0
          0.779645                 0                 0
          0.784259                 0                 0
          0.788872                 0                 0
          0.793485                 0                 0
          0.798098                 0                 0
          0.802712                 0                 0
          0.807325                 0                 0
          0.811938                 0                 0
          0.816552                 0                 0
          0.821165                 0                 0
          0.825778                 0                 0
          0.830391                 0                 0
          0.835005                 0                 0
          0.839618                 0                 0
          0.844231                 0                 0
          0.848845                 0                 0
          0.853458                 0                 0
          0.858071                 0                 0
          0.862684                 0                 0
          0.867298                 0                 0
          0.871911                 0                 0
          0.876524       3.75995e-06       2.63196e-06
          0.881138       9.30195e-06        6.0997e-06
          0.885751       2.94578e-05       1.03234e-05
          0.890364       0.000102039       2.66953e-05
          0.894977       0.000259696       3.50926e-05
          0.899591       0.000478391       4.13945e-05
          0.904204         0.0011591       7.09114e-05
          0.908817        0.00223706        8.9981e-05
          0.913431        0.00428718       0.000123874
          0.918044        0.00801721       0.000180939
          0.922657         0.0144238       0.000252449
           0.92727         0.0241932       0.000357248
          0.931884          0.039531       0.000445137
          0.936497         0.0611699       0.000523255
           0.94111         0.0934487       0.000734438
          0.945724          0.138617       0.000835549
          0.950337          0.194881       0.000872624
           0.95495          0.272148        0.00107427
          0.959563          0.367345        0.00139745
          0.964177          0.485842        0.00151078
           0.96879          0.626223        0.00172249
          0.973403          0.791523        0.00185579
          0.978017          0.980872        0.00207838
           0.98263           1.19033        0.00240126
          0.987243           1.43096        0.00263998
          0.991856           1.68057        0.00299074
           0.99647           1.95015        0.00330709
           1.00108           2.22983        0.00299849
            1.0057           2.51479        0.00307772
           1.01031            2.8109        0.00379832
           1.01492           3.08652        0.00367491
           1.01954           3.37083        0.00362744
           1.02415           3.64214        0.00305376
           1.02876           3.88971        0.00351523
           1.03338           4.11699        0.00295723
           1.03799            4.3183        0.00350692
            1.0426           4.50031        0.00415732
           1.04722           4.64465        0.00401971
           1.05183           4.75899         0.0039852
           1.05644           4.85008         0.0042876
           1.06106           4.90166        0.00342243
           1.06567           4.92958        0.00416979
           1.07028           4.92887        0.00453971
            1.0749           4.89231        0.00435147
           1.07951           4.83181         0.0045232
           1.08412           4.73931        0.00409541
           1.08874           4.63311        0.00351187
           1.09335           4.50934        0.00445628
           1.09796           4.36671        0.00385085
           1.10258           4.20825        0.00366043
           1.10719           4.03658        0.00403554
            1.1118           3.84836        0.00328431
           1.11642           3.66596        0.00309603
           1.12103           3.47403        0.00320702
           1.12564           3.28031        0.00346268
           1.13026           3.08194         0.0027243
           1.13487           2.88805        0.00252037
           1.13948           2.69395        0.00266511
           1.14409           2.50306        0.00261004
           1.14871           2.32298        0.00230992
           1.15332           2.14625        0.00228967
           1.15793           1.97415        0.00243465
           1.16255           1.80912        0.00225184
           1.16716           1.65398        0.00203158
           1.17177           1.51148        0.00199378
           1.17639           1.37172        0.00168019
             1.181           1.24646        0.00161609
           1.18561           1.12408        0.00171385
           1.19023           1.01135        0.00148926
           1.19484           0.91012        0.00161504
           1.19945           0.81313        0.00157953
           1.20407          0.727711        0.00141747
           1.20868          0.645795        0.00117027
           1.21329          0.576186         0.0012887
           1.21791          0.510839        0.00132443
           1.22252          0.450475        0.00133502
           1.22713          0.396399        0.00107357
           1.23175          0.349255        0.00113909
           1.23636           0.30653        0.00106853
           1.24097          0.267768        0.00102207
           1.24559          0.234518        0.00087914
            1.2502          0.203462       0.000861637
           1.25481          0.176708       0.000839234
           1.25943          0.154576       0.000739995
           1.26404           0.13228       0.000686459
           1.26865          0.116156       0.000720274
           1.27327          0.100971        0.00063483
           1.27788         0.0869255       0.000642019
           1.28249         0.0759836       0.000501258
           1.28711         0.0668168       0.000545219
           1.29172         0.0591112       0.000503181
           1.29633          0.053422       0.000444754
           1.30095         0.0484324       0.000442236
           1.30556         0.0448028       0.000456881
           1.31017         0.0424924       0.000412124
           1.31479         0.0413909       0.000403425
            1.3194         0.0410534       0.000425142
           1.32401         0.0418604       0.000415306
           1.32863         0.0434699       0.000436054
           1.33324         0.0464181       0.000434662
           1.33785         0.0501049       0.000407393
           1.34247          0.054201       0.000473928
           1.34708         0.0603612       0.000432105
           1.35169         0.0670318       0.000430539
           1.35631         0.0739835       0.000491532
           1.36092         0.0835837       0.000562099
           1.36553         0.0934464       0.000592383
           1.37015          0.104644       0.000546148
           1.37476          0.117581       0.000636439
           1.37937          0.132117       0.000684449
           1.38399          0.146989       0.000663104
            1.3886           0.16449       0.000639383
           1.39321          0.182896        0.00072483
           1.39783          0.202993       0.000768726
           1.40244          0.224889       0.000745917
           1.40705          0.247073       0.000702838
           1.41167          0.272112       0.000817402
           1.41628          0.299413       0.000754994
           1.42089          0.326375       0.000838068
           1.42551          0.356123       0.000883515
           1.43012          0.385664       0.000788176
           1.43473          0.419447       0.000846323
           1.43935          0.451891       0.000976687
           1.44396          0.484784       0.000823557
           1.44857          0.521051       0.000966843
           1.45319          0.555469       0.000913574
            1.4578          0.590273       0.000934749
           1.46241          0.627359       0.000976762
           1.46702          0.663917        0.00110871
           1.47164          0.698972        0.00101537
           1.47625          0.733442        0.00114994
           1.48086          0.765252        0.00114863
           1.48548          0.797646         0.0012021
           1.49009          0.826452        0.00128345
            1.4947          0.855238        0.00111867
           1.49932          0.879357        0.00140823
           1.50393          0.904693        0.00151003
           1.50854          0.924894        0.00142856
           1.51316          0.940555        0.00142215
           1.51777          0.956715        0.00161537
           1.52238          0.964473         0.0015926
             1.527          0.968885        0.00149425
           1.53161          0.974495        0.00148765
           1.53622          0.973019        0.00151291
           1.54084          0.968742        0.00165805
           1.54545          0.960072        0.00171252
           1.55006          0.947205        0.00146448
           1.55468          0.934424        0.00149619
           1.55929          0.912768        0.00130083
            1.5639          0.892173        0.00133548
           1.56852          0.867675        0.00135551
           1.57313          0.839037        0.00142788
           1.57774          0.810058        0.00132315
           1.58236           0.77925        0.00101292
           1.58697          0.747343       0.000919868
           1.59158          0.712145        0.00104449
            1.5962          0.676813       0.000900188
           1.60081          0.640901       0.000837192
           1.60542          0.605712        0.00102412
           1.61004          0.568661       0.000696257
           1.61465           0.53349       0.000901246
           1.61926          0.499091        0.00085097
           1.62388          0.464194       0.000717362
           1.62849          0.431415       0.000686025
            1.6331          0.399637       0.000766812
           1.63772          0.369536       0.000829913
           1.64233          0.341441       0.000764924
           1.64694          0.315258       0.000779763
           1.65156          0.290853       0.000803752
           1.65617          0.270038       0.000725838
           1.66078          0.249204       0.000764275
            1.6654          0.232639       0.000762919
           1.67001          0.217125       0.000809315
           1.67462           0.20634       0.000755409
           1.67924          0.196428       0.000744152
           1.68385          0.190525       0.000767343
           1.68846          0.188514       0.000780223
           1.69308          0.188949       0.000869202
           1.69769          0.193701       0.000919971
            1.7023          0.202125       0.000838218
           1.70692          0.213997       0.000871223
           1.71153          0.230411       0.000920639
           1.71614           0.25141        0.00101209
           1.72076          0.276877        0.00101362
           1.72537          0.306261         0.0010628
           1.72998          0.342789         0.0011673
            1.7346          0.382408        0.00110356
           1.73921          0.427231        0.00118114
           1.74382          0.479089        0.00122275
           1.74844          0.536554         0.0010693
           1.75305          0.599959        0.00123536
           1.75766          0.669434        0.00125303
           1.76228          0.743399        0.00121847
           1.76689          0.823454        0.00134532
            1.7715          0.909773        0.00134158
           1.77612          0.998207        0.00127417
           1.78073           1.09263        0.00124032
           1.78534           1.19481        0.00128527
           1.78995           1.29624        0.00136055
           1.79457            1.4021        0.00128572
           1.79918           1.51151        0.00134611
           1.80379           1.61831        0.00148727
           1.80841           1.72473        0.00119297
           1.81302           1.83591        0.00141586
           1.81763           1.94015        0.00132849
           1.82225           2.04444        0.00144516
           1.82686           2.14384         0.0015823
           1.83147           2.24141        0.00164592
           1.83609           2.32697         0.0017692
            1.8407           2.41054        0.00198163
           1.84531           2.48572        0.00193729
           1.84993            2.5522        0.00196414
           1.85454           2.60513        0.00247149
           1.85915           2.65207        0.00226906
           1.86377           2.68776        0.00232731
           1.86838           2.71081        0.00250077
           1.87299           2.72175        0.00227628
           1.87761           2.72192        0.00252211
           1.88222           2.71298        0.00252563
           1.88683           2.69294        0.00281361
           1.89145           2.66128        0.00231919
           1.89606            2.6168        0.00224947
           1.90067           2.56834        0.00234163
           1.90529            2.5048        0.00194559
            1.9099             2.434        0.00230835
           1.91451           2.35793        0.00210675
           1.91913           2.27438        0.00191474
           1.92374           2.18804        0.00151956
           1.92835           2.09394        0.00161546
           1.93297           1.99612        0.00134604
           1.93758           1.89519         0.0014334
           1.94219           1.79074         0.0011436
           1.94681            1.6911        0.00124134
           1.95142           1.58673        0.00113488
           1.95603           1.48714        0.00113759
           1.96065           1.38732         0.0010179
           1.96526           1.29046        0.00103839
           1.96987           1.19925        0.00108364
           1.97449           1.10828        0.00110925
            1.9791           1.02354        0.00111143
           1.98371          0.941938        0.00117195
           1.98833          0.867188        0.00115286
           1.99294          0.798078        0.00122399
           1.99755          0.733718         0.0011849
           2.00217          0.676102        0.00126384
           2.00678          0.624345        0.00113483
           2.01139          0.577373        0.00114398
           2.01601          0.537005        0.00119684
           2.02062          0.502849        0.00130052
           2.02523          0.475219        0.00120865
           2.02985          0.453662        0.00114744
           2.03446          0.438564        0.00114163
           2.03907          0.429338        0.00120534
           2.04369          0.424805        0.00110378
            2.0483          0.424815         0.0010315
           2.05291          0.431827        0.00115611
           2.05753          0.441989        0.00103175
           2.06214          0.457414       0.000860158
           2.06675          0.476822       0.000925257
           2.07137          0.497773       0.000970842
           2.07598          0.525783        0.00095162
           2.08059          0.553858       0.000770077
           2.08521          0.584026       0.000815042
           2.08982          0.617188       0.000760238
           2.09443          0.652647       0.000807411
           2.09905          0.688731       0.000861674
           2.10366          0.723462       0.000741432
           2.10827          0.758262       0.000820836
           2.11288          0.793448       0.000813152
            2.1175          0.827503       0.000758083
           2.12211          0.859731       0.000798432
           2.12672          0.890057       0.000835365
           2.13134          0.921334       0.000985685
           2.13595          0.946638       0.000970093
           2.14056           0.96953       0.000972689
           2.14518          0.987954       0.000937767
           2.14979            1.0049       0.000969835
            2.1544            1.0169        0.00101864
           2.15902           1.02671       0.000982015
           2.16363           1.03355        0.00106563
           2.16824             1.032       0.000999025
           2.17286            1.0327        0.00113149
           2.17747           1.02542        0.00110621
           2.18208           1.01455        0.00104201
            2.1867           1.00329        0.00112531
           2.19131          0.986421       0.000883998
           2.19592          0.963894       0.000975368
           2.20054          0.905452       0.000832974
           2.20515          0.883644       0.000830038
           2.20976          0.859784       0.000910276
           2.21438          0.835014       0.000855833
           2.21899           0.80853       0.000741596
            2.2236          0.781129        0.00070995
           2.22822          0.754825       0.000696758
           2.23283          0.727346       0.000682079
           2.23744          0.700416       0.000745014
           2.24206          0.676658       0.000849703
           2.24667          0.652825       0.000833464
           2.25128          0.630368       0.000800191
            2.2559          0.612468       0.000827835
           2.26051          0.595166        0.00085527
           2.26512          0.580537        0.00103839
           2.26974          0.568922        0.00105818
           2.27435          0.560947        0.00111706
           2.27896          0.557504        0.00105992
           2.28358          0.557759        0.00112044
           2.28819          0.562226        0.00119401
            2.2928          0.569014        0.00117899
           2.29742           0.58017        0.00116309
           2.30203          0.597879        0.00123173
