                 0                 0                 0
        0.00461329                 0                 0
        0.00922657                 0                 0
         0.0138399                 0                 0
         0.0184531                 0                 0
         0.0230664                 0                 0
         0.0276797                 0                 0
          0.032293                 0                 0
         0.0369063                 0                 0
         0.0415196                 0                 0
         0.0461329                 0                 0
         0.0507461                 0                 0
         0.0553594                 0                 0
         0.0599727                 0                 0
          0.064586                 0                 0
         0.0691993                 0                 0
         0.0738126                 0                 0
         0.0784259                 0                 0
         0.0830391                 0                 0
         0.0876524                 0                 0
         0.0922657                 0                 0
          0.096879                 0                 0
          0.101492                 0                 0
          0.106106                 0                 0
          0.110719                 0                 0
          0.115332                 0                 0
          0.119945                 0                 0
          0.124559                 0                 0
          0.129172                 0                 0
          0.133785                 0                 0
          0.138399                 0                 0
          0.143012                 0                 0
          0.147625                 0                 0
          0.152238                 0                 0
          0.156852                 0                 0
          0.161465                 0                 0
          0.166078                 0                 0
          0.170692                 0                 0
          0.175305                 0                 0
          0.179918                 0                 0
          0.184531                 0                 0
          0.189145                 0                 0
          0.193758                 0                 0
          0.198371                 0                 0
          0.202985                 0                 0
          0.207598                 0                 0
          0.212211                 0                 0
          0.216824                 0                 0
          0.221438                 0                 0
          0.226051                 0                 0
          0.230664                 0                 0
          0.235278                 0                 0
          0.239891                 0                 0
          0.244504                 0                 0
          0.249117                 0                 0
          0.253731                 0                 0
          0.258344                 0                 0
          0.262957                 0                 0
          0.267571                 0                 0
          0.272184                 0                 0
          0.276797                 0                 0
           0.28141                 0                 0
          0.286024                 0                 0
          0.290637                 0                 0
           0.29525                 0                 0
          0.299864                 0                 0
          0.304477                 0                 0
           0.30909                 0                 0
          0.313703                 0                 0
          0.318317                 0                 0
           0.32293                 0                 0
          0.327543                 0                 0
          0.332157                 0                 0
           0.33677                 0                 0
          0.341383                 0                 0
          0.345996                 0                 0
           0.35061                 0                 0
          0.355223                 0                 0
          0.359836                 0                 0
           0.36445                 0                 0
          0.369063                 0                 0
          0.373676                 0                 0
          0.378289                 0                 0
          0.382903                 0                 0
          0.387516                 0                 0
          0.392129                 0                 0
          0.396743                 0                 0
          0.401356                 0                 0
          0.405969                 0                 0
          0.410582                 0                 0
          0.415196                 0                 0
          0.419809                 0                 0
          0.424422                 0                 0
          0.429036                 0                 0
          0.433649                 0                 0
          0.438262                 0                 0
          0.442875                 0                 0
          0.447489                 0                 0
          0.452102                 0                 0
          0.456715                 0                 0
          0.461329                 0                 0
          0.465942                 0                 0
          0.470555                 0                 0
          0.475168                 0                 0
          0.479782                 0                 0
          0.484395                 0                 0
          0.489008                 0                 0
          0.493622                 0                 0
          0.498235                 0                 0
          0.502848                 0                 0
          0.507461                 0                 0
          0.512075                 0                 0
          0.516688                 0                 0
          0.521301                 0                 0
          0.525915                 0                 0
          0.530528                 0                 0
          0.535141                 0                 0
          0.539754                 0                 0
          0.544368                 0                 0
          0.548981                 0                 0
          0.553594                 0                 0
          0.558208                 0                 0
          0.562821                 0                 0
          0.567434                 0                 0
          0.572047                 0                 0
          0.576661                 0                 0
          0.581274                 0                 0
          0.585887                 0                 0
          0.590501                 0                 0
          0.595114                 0                 0
          0.599727                 0                 0
           0.60434                 0                 0
          0.608954                 0                 0
          0.613567                 0                 0
           0.61818                 0                 0
          0.622794                 0                 0
          0.627407                 0                 0
           0.63202                 0                 0
          0.636633                 0                 0
          0.641247                 0                 0
           0.64586                 0                 0
          0.650473                 0                 0
          0.655087                 0                 0
            0.6597                 0                 0
          0.664313                 0                 0
          0.668926                 0                 0
           0.67354                 0                 0
          0.678153                 0                 0
          0.682766                 0                 0
           0.68738                 0                 0
          0.691993                 0                 0
          0.696606                 0                 0
          0.701219                 0                 0
          0.705833                 0                 0
          0.710446                 0                 0
          0.715059                 0                 0
          0.719673                 0                 0
          0.724286                 0                 0
          0.728899                 0                 0
          0.733512                 0                 0
          0.738126                 0                 0
          0.742739                 0                 0
          0.747352                 0                 0
          0.751966                 0                 0
          0.756579                 0                 0
          0.761192                 0                 0
          0.765805                 0                 0
          0.770419                 0                 0
          0.775032                 0                 0
          0.779645                 0                 0
          0.784259                 0                 0
          0.788872                 0                 0
          0.793485                 0                 0
          0.798098                 0                 0
          0.802712                 0                 0
          0.807325                 0                 0
          0.811938                 0                 0
          0.816552                 0                 0
          0.821165                 0                 0
          0.825778                 0                 0
          0.830391                 0                 0
          0.835005                 0                 0
          0.839618                 0                 0
          0.844231                 0                 0
          0.848845                 0                 0
          0.853458                 0                 0
          0.858071                 0                 0
          0.862684                 0                 0
          0.867298                 0                 0
          0.871911                 0                 0
          0.876524                 0                 0
          0.881138                 0                 0
          0.885751                 0                 0
          0.890364       5.28418e-05       3.71907e-05
          0.894977       0.000229037       9.12426e-05
          0.899591       0.000696166       0.000132081
          0.904204        0.00169624         0.0002322
          0.908817        0.00284224        0.00026869
          0.913431        0.00522565       0.000360179
          0.918044        0.00943312       0.000537588
          0.922657         0.0171969       0.000698621
           0.92727         0.0289065        0.00089115
          0.931884         0.0479447       0.000994288
          0.936497          0.073081        0.00147806
           0.94111          0.108072        0.00181374
          0.945724          0.152279        0.00215168
          0.950337          0.218733        0.00212264
           0.95495          0.303796         0.0024554
          0.959563          0.401162        0.00297496
          0.964177          0.527494        0.00313458
           0.96879          0.675752         0.0037781
          0.973403          0.850494        0.00412274
          0.978017           1.04055        0.00485024
           0.98263           1.26256        0.00502338
          0.987243           1.50218        0.00594405
          0.991856           1.75604        0.00693091
           0.99647           2.02533        0.00712692
           1.00108           2.30785        0.00750733
            1.0057           2.57947        0.00828774
           1.01031           2.85055        0.00801744
           1.01492           3.14653        0.00863293
           1.01954           3.41432        0.00847009
           1.02415            3.6587        0.00872816
           1.02876            3.8702         0.0108341
           1.03338           4.09911         0.0103337
           1.03799           4.28455         0.0102619
            1.0426           4.45728        0.00984103
           1.04722            4.5909         0.0108487
           1.05183           4.70737         0.0103713
           1.05644           4.77351        0.00986158
           1.06106           4.83553        0.00853478
           1.06567           4.84377        0.00997208
           1.07028           4.83523        0.00987511
            1.0749           4.79346        0.00998554
           1.07951           4.73151        0.00990798
           1.08412           4.64928         0.0104704
           1.08874           4.54485         0.0103404
           1.09335           4.41987        0.00825254
           1.09796           4.27063        0.00840942
           1.10258           4.12703        0.00845106
           1.10719           3.96072         0.0096134
            1.1118           3.78507         0.0101398
           1.11642           3.60788         0.0100738
           1.12103             3.424        0.00927397
           1.12564           3.23805        0.00882246
           1.13026           3.05184        0.00936128
           1.13487           2.85472        0.00895746
           1.13948           2.68089        0.00889744
           1.14409           2.50167        0.00775006
           1.14871           2.31967        0.00725541
           1.15332           2.14161        0.00615856
           1.15793           1.98128        0.00647205
           1.16255            1.8293        0.00583316
           1.16716           1.67362         0.0056992
           1.17177           1.52977        0.00549463
           1.17639           1.38987        0.00439773
             1.181           1.26813        0.00497441
           1.18561           1.14337        0.00448943
           1.19023            1.0399        0.00415642
           1.19484          0.941472        0.00470121
           1.19945          0.845481        0.00409076
           1.20407          0.756374        0.00396774
           1.20868          0.675212        0.00384961
           1.21329          0.607346        0.00363166
           1.21791          0.545059         0.0034443
           1.22252          0.475949        0.00320023
           1.22713          0.421197        0.00312999
           1.23175          0.367164         0.0030186
           1.23636          0.329194        0.00256731
           1.24097          0.288749        0.00263556
           1.24559          0.253566        0.00234198
            1.2502          0.220986        0.00199668
           1.25481          0.192313         0.0019044
           1.25943          0.169581        0.00187664
           1.26404          0.146191        0.00168736
           1.26865          0.125092        0.00150073
           1.27327          0.109289        0.00159811
           1.27788         0.0954237        0.00150132
           1.28249         0.0835984        0.00129578
           1.28711         0.0734541        0.00132102
           1.29172         0.0652616         0.0012679
           1.29633         0.0584853        0.00120421
           1.30095         0.0538523        0.00112383
           1.30556         0.0502092        0.00110123
           1.31017         0.0468477        0.00114738
           1.31479         0.0452428        0.00117437
            1.3194         0.0441396         0.0011259
           1.32401         0.0460245        0.00109373
           1.32863         0.0489389        0.00107699
           1.33324         0.0504769        0.00116431
           1.33785         0.0544414        0.00121145
           1.34247         0.0605279        0.00132897
           1.34708         0.0655054        0.00131852
           1.35169         0.0699654         0.0011935
           1.35631         0.0779356        0.00138225
           1.36092          0.087463        0.00152867
           1.36553         0.0964924        0.00155915
           1.37015          0.108756        0.00162393
           1.37476           0.12196        0.00172968
           1.37937          0.135568        0.00167484
           1.38399          0.152555        0.00176345
            1.3886          0.170784        0.00177314
           1.39321          0.190709        0.00210483
           1.39783           0.20953        0.00234426
           1.40244          0.231301        0.00229641
           1.40705          0.254869        0.00207461
           1.41167          0.279365        0.00224015
           1.41628          0.308901         0.0022458
           1.42089          0.334445        0.00220844
           1.42551          0.364704         0.0024573
           1.43012          0.394105         0.0026873
           1.43473          0.426831        0.00265629
           1.43935          0.461843        0.00272639
           1.44396            0.4924        0.00267396
           1.44857           0.52416        0.00256094
           1.45319           0.55382        0.00282687
            1.4578          0.589696        0.00267578
           1.46241          0.627605         0.0028058
           1.46702          0.659922        0.00299722
           1.47164          0.691083        0.00319697
           1.47625          0.725963        0.00319054
           1.48086          0.759709        0.00311498
           1.48548           0.79032        0.00303183
           1.49009          0.820913        0.00339699
            1.4947          0.843128        0.00346279
           1.49932          0.869914        0.00383234
           1.50393          0.896395         0.0038558
           1.50854          0.915147        0.00355068
           1.51316           0.93155          0.003801
           1.51777          0.946069        0.00401289
           1.52238          0.952106        0.00392743
             1.527          0.959729        0.00435677
           1.53161          0.960355        0.00409164
           1.53622          0.958028        0.00390471
           1.54084          0.954496        0.00372491
           1.54545          0.948412        0.00413136
           1.55006          0.933357        0.00450958
           1.55468          0.920479        0.00422986
           1.55929          0.901812        0.00352956
            1.5639          0.878528        0.00383608
           1.56852          0.850845        0.00313872
           1.57313          0.831912        0.00313614
           1.57774          0.802189         0.0030362
           1.58236          0.771995        0.00290343
           1.58697           0.73874         0.0026728
           1.59158          0.707197        0.00284114
            1.5962          0.671206        0.00242927
           1.60081          0.638922        0.00260303
           1.60542          0.601851        0.00274489
           1.61004          0.566951        0.00231055
           1.61465          0.530484        0.00237275
           1.61926          0.498526        0.00218627
           1.62388          0.467492        0.00220887
           1.62849          0.438348        0.00247067
            1.6331            0.4059        0.00222029
           1.63772          0.377134        0.00227679
           1.64233          0.347028        0.00173737
           1.64694           0.32248        0.00179902
           1.65156          0.298306        0.00210227
           1.65617          0.278531        0.00202161
           1.66078           0.25983        0.00180953
            1.6654          0.242588        0.00171705
           1.67001          0.230376        0.00196194
           1.67462           0.21873        0.00204945
           1.67924          0.210714        0.00191797
           1.68385          0.204917        0.00198715
           1.68846          0.202743        0.00196233
           1.69308          0.204222        0.00207409
           1.69769          0.207818        0.00221939
            1.7023          0.216335        0.00215603
           1.70692          0.229257        0.00231064
           1.71153          0.246286        0.00217705
           1.71614           0.26983        0.00235125
           1.72076          0.294158         0.0024022
           1.72537          0.326255        0.00238524
           1.72998          0.362539        0.00262646
            1.7346          0.404215        0.00280346
           1.73921          0.450047        0.00271962
           1.74382          0.500907        0.00314379
           1.74844          0.560795         0.0031679
           1.75305          0.624092         0.0033124
           1.75766          0.697572        0.00340979
           1.76228          0.770331        0.00357774
           1.76689          0.848991        0.00314202
            1.7715          0.934055        0.00347127
           1.77612           1.02654        0.00324724
           1.78073           1.11762        0.00325465
           1.78534            1.2167        0.00369818
           1.78995           1.31594        0.00369348
           1.79457           1.41151        0.00383112
           1.79918           1.51401        0.00383795
           1.80379           1.62185        0.00394546
           1.80841           1.72868        0.00364963
           1.81302           1.83891        0.00394016
           1.81763           1.93842        0.00361206
           1.82225            2.0406        0.00441196
           1.82686            2.1212        0.00455698
           1.83147           2.21623        0.00458429
           1.83609           2.30349        0.00483353
            1.8407           2.38276        0.00438052
           1.84531           2.45187        0.00550382
           1.84993           2.51294        0.00551175
           1.85454           2.56556        0.00558791
           1.85915           2.60139        0.00590478
           1.86377           2.63317        0.00590211
           1.86838           2.66066        0.00607552
           1.87299           2.66896        0.00685767
           1.87761           2.67628        0.00615616
           1.88222           2.67171        0.00604249
           1.88683           2.64333        0.00563114
           1.89145           2.61609        0.00616907
           1.89606           2.57532        0.00616949
           1.90067           2.52444        0.00514672
           1.90529           2.46384        0.00453149
            1.9099           2.39942        0.00451987
           1.91451           2.32507        0.00449147
           1.91913            2.2419        0.00489039
           1.92374           2.16006        0.00478369
           1.92835           2.07217        0.00448343
           1.93297           1.98237        0.00440458
           1.93758           1.88202        0.00435629
           1.94219           1.78552        0.00373391
           1.94681            1.6895        0.00313953
           1.95142           1.58955        0.00313633
           1.95603            1.4923        0.00301072
           1.96065           1.39775        0.00324845
           1.96526           1.30101        0.00295363
           1.96987           1.21124         0.0027975
           1.97449            1.1258        0.00285897
            1.9791           1.04481        0.00290189
           1.98371          0.965979        0.00288192
           1.98833           0.89071        0.00286243
           1.99294          0.821458         0.0025067
           1.99755          0.759031        0.00271513
           2.00217          0.705358        0.00297933
           2.00678          0.650001        0.00267397
           2.01139          0.607033        0.00282196
           2.01601          0.565921        0.00306725
           2.02062          0.532123        0.00289252
           2.02523          0.506869        0.00292744
           2.02985          0.484654        0.00255614
           2.03446          0.468978        0.00288874
           2.03907          0.457548        0.00283278
           2.04369           0.45166        0.00294758
            2.0483          0.451592        0.00271088
           2.05291          0.457381        0.00284253
           2.05753          0.467731        0.00272411
           2.06214          0.481697        0.00248376
           2.06675          0.498768        0.00253003
           2.07137          0.518335        0.00237361
           2.07598          0.541602        0.00239374
           2.08059          0.567216        0.00237016
           2.08521          0.596336        0.00254942
           2.08982          0.629084        0.00208712
           2.09443          0.659903        0.00221664
           2.09905          0.692001        0.00203253
           2.10366          0.723722        0.00209832
           2.10827          0.756937        0.00195199
           2.11288          0.790586        0.00203157
            2.1175          0.822137        0.00210513
           2.12211          0.847988        0.00239545
           2.12672          0.877369        0.00238913
           2.13134          0.903407        0.00243196
           2.13595          0.925338         0.0023366
           2.14056          0.947559        0.00250712
           2.14518          0.968026        0.00243261
           2.14979          0.980397        0.00252891
            2.1544          0.992706        0.00287652
           2.15902           0.99789        0.00280833
           2.16363           1.00391        0.00275898
           2.16824           1.00653         0.0027327
           2.17286           1.00036        0.00310135
           2.17747          0.991797        0.00282211
           2.18208           0.98231        0.00287144
            2.1867          0.966458        0.00285605
           2.19131          0.950557        0.00285892
           2.19592          0.933166        0.00253046
           2.20054          0.914109        0.00255593
           2.20515          0.890733        0.00224734
           2.20976           0.86169        0.00223072
           2.21438          0.836258         0.0023879
           2.21899          0.814941        0.00219461
            2.2236          0.785993        0.00190424
           2.22822          0.760644        0.00218952
           2.23283          0.733797        0.00216412
           2.23744          0.711642        0.00222474
           2.24206          0.687365        0.00237658
           2.24667          0.662341        0.00249175
           2.25128          0.642318        0.00260047
            2.2559          0.621835        0.00245983
           2.26051          0.609244        0.00230805
           2.26512          0.594137        0.00237681
           2.26974          0.582946        0.00264177
           2.27435           0.57648        0.00258305
           2.27896          0.576245        0.00285191
           2.28358           0.57736        0.00303221
           2.28819          0.581534        0.00296607
            2.2928          0.589172        0.00294702
           2.29742          0.601898        0.00313115
           2.30203          0.618392        0.00311714
