                 0                 0                 0
        0.00512993                 0                 0
         0.0102599                 0                 0
         0.0153898                 0                 0
         0.0205197                 0                 0
         0.0256496                 0                 0
         0.0307796                 0                 0
         0.0359095                 0                 0
         0.0410394                 0                 0
         0.0461694                 0                 0
         0.0512993                 0                 0
         0.0564292                 0                 0
         0.0615591                 0                 0
         0.0666891                 0                 0
          0.071819                 0                 0
         0.0769489                 0                 0
         0.0820788                 0                 0
         0.0872088                 0                 0
         0.0923387                 0                 0
         0.0974686                 0                 0
          0.102599                 0                 0
          0.107728                 0                 0
          0.112858                 0                 0
          0.117988                 0                 0
          0.123118                 0                 0
          0.128248                 0                 0
          0.133378                 0                 0
          0.138508                 0                 0
          0.143638                 0                 0
          0.148768                 0                 0
          0.153898                 0                 0
          0.159028                 0                 0
          0.164158                 0                 0
          0.169288                 0                 0
          0.174418                 0                 0
          0.179547                 0                 0
          0.184677                 0                 0
          0.189807                 0                 0
          0.194937                 0                 0
          0.200067                 0                 0
          0.205197                 0                 0
          0.210327                 0                 0
          0.215457                 0                 0
          0.220587                 0                 0
          0.225717                 0                 0
          0.230847                 0                 0
          0.235977                 0                 0
          0.241107                 0                 0
          0.246237                 0                 0
          0.251366                 0                 0
          0.256496                 0                 0
          0.261626                 0                 0
          0.266756                 0                 0
          0.271886                 0                 0
          0.277016                 0                 0
          0.282146                 0                 0
          0.287276                 0                 0
          0.292406                 0                 0
          0.297536                 0                 0
          0.302666                 0                 0
          0.307796                 0                 0
          0.312926                 0                 0
          0.318056                 0                 0
          0.323185                 0                 0
          0.328315                 0                 0
          0.333445                 0                 0
          0.338575                 0                 0
          0.343705                 0                 0
          0.348835                 0                 0
          0.353965                 0                 0
          0.359095                 0                 0
          0.364225                 0                 0
          0.369355                 0                 0
          0.374485                 0                 0
          0.379615                 0                 0
          0.384745                 0                 0
          0.389875                 0                 0
          0.395004                 0                 0
          0.400134                 0                 0
          0.405264                 0                 0
          0.410394                 0                 0
          0.415524                 0                 0
          0.420654                 0                 0
          0.425784                 0                 0
          0.430914                 0                 0
          0.436044                 0                 0
          0.441174                 0                 0
          0.446304                 0                 0
          0.451434                 0                 0
          0.456564                 0                 0
          0.461694                 0                 0
          0.466823                 0                 0
          0.471953                 0                 0
          0.477083                 0                 0
          0.482213                 0                 0
          0.487343                 0                 0
          0.492473                 0                 0
          0.497603                 0                 0
          0.502733                 0                 0
          0.507863                 0                 0
          0.512993                 0                 0
          0.518123                 0                 0
          0.523253                 0                 0
          0.528383                 0                 0
          0.533512                 0                 0
          0.538642                 0                 0
          0.543772                 0                 0
          0.548902                 0                 0
          0.554032                 0                 0
          0.559162                 0                 0
          0.564292                 0                 0
          0.569422                 0                 0
          0.574552                 0                 0
          0.579682                 0                 0
          0.584812                 0                 0
          0.589942                 0                 0
          0.595072                 0                 0
          0.600202                 0                 0
          0.605331                 0                 0
          0.610461                 0                 0
          0.615591                 0                 0
          0.620721                 0                 0
          0.625851                 0                 0
          0.630981                 0                 0
          0.636111                 0                 0
          0.641241                 0                 0
          0.646371                 0                 0
          0.651501                 0                 0
          0.656631                 0                 0
          0.661761                 0                 0
          0.666891                 0                 0
          0.672021                 0                 0
           0.67715                 0                 0
           0.68228                 0                 0
           0.68741                 0                 0
           0.69254                 0                 0
           0.69767                 0                 0
            0.7028                 0                 0
           0.70793                 0                 0
           0.71306                 0                 0
           0.71819                 0                 0
           0.72332                 0                 0
           0.72845                 0                 0
           0.73358                 0                 0
           0.73871                 0                 0
           0.74384                 0                 0
          0.748969                 0                 0
          0.754099                 0                 0
          0.759229                 0                 0
          0.764359                 0                 0
          0.769489                 0                 0
          0.774619                 0                 0
          0.779749                 0                 0
          0.784879                 0                 0
          0.790009                 0                 0
          0.795139                 0                 0
          0.800269                 0                 0
          0.805399                 0                 0
          0.810529                 0                 0
          0.815659                 0                 0
          0.820788                 0                 0
          0.825918                 0                 0
          0.831048                 0                 0
          0.836178                 0                 0
          0.841308                 0                 0
          0.846438                 0                 0
          0.851568                 0                 0
          0.856698       2.43171e-06       2.41952e-06
          0.861828       1.20147e-05       7.10797e-06
          0.866958       3.32453e-05        1.0086e-05
          0.872088       0.000178364       3.20279e-05
          0.877218       0.000324744       4.20097e-05
          0.882348       0.000795596       7.04788e-05
          0.887478        0.00184941       0.000114437
          0.892607        0.00332046       0.000119459
          0.897737        0.00679805       0.000193021
          0.902867         0.0111364       0.000206849
          0.907997         0.0196838        0.00031198
          0.913127           0.03117        0.00036141
          0.918257         0.0496499       0.000548476
          0.923387         0.0755659       0.000605612
          0.928517          0.110407       0.000689189
          0.933647          0.152026       0.000871312
          0.938777          0.208024        0.00107723
          0.943907            0.2737        0.00123197
          0.949037          0.355398        0.00142573
          0.954167          0.447904        0.00181179
          0.959297          0.552002        0.00187688
          0.964426          0.668592        0.00183021
          0.969556          0.785821        0.00208837
          0.974686          0.922969        0.00249274
          0.979816              1.06        0.00254654
          0.984946           1.20079        0.00240596
          0.990076           1.33842        0.00281866
          0.995206           1.47967        0.00296043
           1.00034           1.61639        0.00341561
           1.00547           1.74989        0.00285273
            1.0106            1.8701        0.00297636
           1.01573            1.9817        0.00270036
           1.02086           2.09006        0.00324055
           1.02599           2.18985        0.00285676
           1.03112           2.27317        0.00334735
           1.03625           2.35206         0.0034012
           1.04138           2.40798        0.00336126
           1.04651            2.4604        0.00332946
           1.05164           2.50352        0.00336846
           1.05677           2.54008        0.00296185
            1.0619           2.56215        0.00292014
           1.06702           2.57391        0.00322429
           1.07215           2.58171        0.00301896
           1.07728            2.5838        0.00291097
           1.08241           2.56923        0.00314974
           1.08754           2.55476        0.00318451
           1.09267           2.53566        0.00287269
            1.0978           2.50676        0.00328998
           1.10293           2.48346        0.00276437
           1.10806           2.44548        0.00269604
           1.11319           2.41065        0.00301211
           1.11832           2.37549         0.0031643
           1.12345           2.32993        0.00284063
           1.12858            2.2932        0.00272587
           1.13371           2.24762        0.00271838
           1.13884            2.2035        0.00246905
           1.14397           2.15432        0.00241648
            1.1491            2.1082        0.00233001
           1.15423           2.06422        0.00257444
           1.15936             2.019         0.0024894
           1.16449           1.97714        0.00234069
           1.16962           1.92793        0.00278387
           1.17475           1.88282        0.00250749
           1.17988           1.83976        0.00256497
           1.18501           1.79723         0.0022205
           1.19014           1.75602         0.0024677
           1.19527           1.71275        0.00212722
            1.2004           1.67303        0.00253305
           1.20553           1.63772        0.00195371
           1.21066           1.59626         0.0021412
           1.21579           1.55877        0.00221869
           1.22092            1.5243        0.00230807
           1.22605           1.49009        0.00220082
           1.23118           1.45341        0.00188808
           1.23631           1.42362        0.00197399
           1.24144           1.38899        0.00237265
           1.24657           1.36076        0.00220385
            1.2517           1.33037        0.00203255
           1.25683           1.30166        0.00201655
           1.26196           1.27242        0.00209388
           1.26709           1.24626        0.00202866
           1.27222           1.21945        0.00175983
           1.27735           1.19337         0.0019735
           1.28248           1.16876        0.00179816
           1.28761            1.1473        0.00186636
           1.29274           1.12044        0.00176179
           1.29787           1.10377        0.00177904
             1.303           1.08137        0.00181581
           1.30813           1.06429        0.00182651
           1.31326           1.04533        0.00176562
           1.31839           1.02385        0.00174499
           1.32352            1.0024        0.00163381
           1.32865          0.987471        0.00140923
           1.33378           0.97244        0.00149358
           1.33891          0.954336        0.00149396
           1.34404          0.937777        0.00160986
           1.34917          0.924901        0.00147568
            1.3543           0.91022        0.00162688
           1.35943          0.898365        0.00147328
           1.36456          0.886051        0.00123291
           1.36969          0.872739        0.00152873
           1.37482          0.859436        0.00139948
           1.37995           0.84899        0.00133015
           1.38508          0.836152        0.00146608
           1.39021          0.827187        0.00136716
           1.39534          0.815233        0.00134927
           1.40047          0.805238        0.00135287
            1.4056          0.799878        0.00150417
           1.41073          0.787256        0.00153576
           1.41586           0.78182        0.00140771
           1.42099          0.769471        0.00125933
           1.42612          0.764427        0.00131905
           1.43125          0.757219        0.00139353
           1.43638          0.749464        0.00139298
           1.44151          0.742435        0.00126221
           1.44664          0.736901        0.00136776
           1.45177          0.730891        0.00135318
            1.4569           0.72544        0.00119966
           1.46203          0.719002        0.00113897
           1.46716          0.714572         0.0011813
           1.47229          0.710294        0.00135472
           1.47742          0.705954        0.00117676
           1.48255          0.701058        0.00115674
           1.48768          0.696138        0.00115124
           1.49281          0.691511         0.0013427
           1.49794          0.688392        0.00127834
           1.50307          0.685257        0.00122881
            1.5082           0.68235        0.00133386
           1.51333          0.681226        0.00115873
           1.51846          0.677662        0.00119756
           1.52359           0.67589        0.00108352
           1.52872          0.675157        0.00107131
           1.53385          0.670037        0.00123182
           1.53898          0.672741        0.00120847
           1.54411          0.669498        0.00113342
           1.54924          0.669918        0.00119978
           1.55437          0.669584        0.00121419
            1.5595          0.667815        0.00121816
           1.56463          0.667952         0.0012791
           1.56976          0.668946        0.00129629
           1.57489          0.670194        0.00124629
           1.58002          0.668595        0.00121428
           1.58515          0.670791        0.00116976
           1.59028          0.670678        0.00113798
           1.59541          0.671293        0.00116258
           1.60054          0.675409        0.00123061
           1.60567          0.677143        0.00109489
            1.6108          0.677863        0.00109144
           1.61593          0.679934        0.00111897
           1.62106          0.682696        0.00118351
           1.62619          0.685298        0.00122987
           1.63132          0.689168        0.00128904
           1.63645          0.689485        0.00130072
           1.64158          0.692774        0.00108272
           1.64671          0.695661        0.00121907
           1.65184          0.701143        0.00110494
           1.65697           0.70478        0.00118692
            1.6621          0.710345        0.00113409
           1.66723          0.713098        0.00131398
           1.67236          0.718784        0.00135391
           1.67749           0.72139        0.00133689
           1.68262          0.726889        0.00126407
           1.68775          0.731925         0.0012977
           1.69288           0.73909        0.00109402
           1.69801          0.743414        0.00125069
           1.70314          0.750087        0.00103929
           1.70827           0.75305        0.00105916
            1.7134          0.760231        0.00103094
           1.71853          0.768315        0.00123786
           1.72366          0.773256        0.00119091
           1.72879          0.780419        0.00103879
           1.73392          0.786274         0.0011601
           1.73905          0.793878         0.0012347
           1.74418          0.801446        0.00118457
           1.74931          0.808644        0.00130192
           1.75444          0.815146        0.00109229
           1.75957          0.822359        0.00126397
            1.7647          0.829551        0.00117807
           1.76983          0.838639         0.0013068
           1.77496          0.847219        0.00119797
           1.78008          0.855726        0.00117096
           1.78521          0.860095        0.00117998
           1.79034          0.870352        0.00134169
           1.79547          0.877459        0.00120663
            1.8006          0.886942        0.00122707
           1.80573          0.894493        0.00107122
           1.81086          0.903034        0.00129855
           1.81599           0.91395        0.00136847
           1.82112           0.91879        0.00124907
           1.82625          0.928166        0.00131452
           1.83138          0.936202        0.00121053
           1.83651          0.944674        0.00130664
           1.84164          0.954515        0.00133375
           1.84677           0.96319        0.00120455
            1.8519          0.970901        0.00119612
           1.85703          0.980946        0.00127674
           1.86216          0.988501        0.00126242
           1.86729          0.996725        0.00116759
           1.87242           1.00354        0.00126776
           1.87755           1.01313        0.00132049
           1.88268           1.02012        0.00122124
           1.88781           1.02696         0.0011066
           1.89294           1.03668        0.00115379
           1.89807           1.04444        0.00118311
            1.9032           1.05223        0.00127575
           1.90833            1.0611        0.00129144
           1.91346           1.07001        0.00119776
           1.91859           1.07644        0.00117967
           1.92372           1.08284        0.00138149
           1.92885           1.09189        0.00120639
           1.93398            1.0969         0.0013457
           1.93911           1.10437        0.00124784
           1.94424           1.11178        0.00121939
           1.94937            1.1194        0.00128137
            1.9545            1.1252        0.00124611
           1.95963           1.13266        0.00119025
           1.96476           1.13756        0.00110322
           1.96989           1.14497        0.00125775
           1.97502           1.15197        0.00117093
           1.98015           1.15608         0.0011508
           1.98528           1.16243        0.00107053
           1.99041           1.16711         0.0011913
           1.99554           1.17394        0.00109733
           2.00067           1.17728        0.00119302
            2.0058           1.18166         0.0012038
           2.01093           1.18532        0.00126036
           2.01606           1.18981        0.00121754
           2.02119           1.19427        0.00128155
           2.02632           1.19866        0.00119101
           2.03145           1.20243        0.00119693
           2.03658           1.20592         0.0011457
           2.04171            1.2065        0.00117584
           2.04684            1.2093        0.00113002
           2.05197           1.20894        0.00118963
            2.0571           1.21266        0.00122845
           2.06223             1.213        0.00110159
           2.06736           1.21414        0.00125893
           2.07249           1.21605        0.00135432
           2.07762           1.21484        0.00105031
           2.08275           1.21359        0.00110972
           2.08788           1.21454        0.00125719
           2.09301           1.21331        0.00122104
           2.09814           1.21257        0.00124292
           2.10327           1.21065        0.00103674
            2.1084           1.21007        0.00111923
           2.11353           1.20843        0.00115542
           2.11866           1.20492        0.00130607
           2.12379           1.20431        0.00133186
           2.12892           1.20267        0.00130513
           2.13405           1.19911        0.00102022
           2.13918           1.19398        0.00121488
           2.14431           1.19188        0.00101207
           2.14944           1.18761        0.00123171
           2.15457           1.18404        0.00122246
            2.1597            1.1783        0.00125006
           2.16483           1.17519        0.00108102
           2.16996           1.17106        0.00103542
           2.17509           1.16429        0.00105765
           2.18022           1.16167        0.00119005
           2.18535            1.1556        0.00103408
           2.19048           1.15234        0.00112793
           2.19561           1.14723        0.00112863
           2.20074           1.14092        0.00107796
           2.20587             1.135        0.00106558
             2.211           1.13043        0.00109572
           2.21613           1.12539        0.00121115
           2.22126           1.12037        0.00123885
           2.22639           1.11249        0.00101819
           2.23152           1.10655       0.000980107
           2.23665           1.10129        0.00121287
           2.24178           1.09655        0.00115762
           2.24691           1.08927        0.00112981
           2.25204            1.0841        0.00104035
           2.25717           1.07696        0.00106231
            2.2623           1.07215        0.00119106
           2.26743           1.06575        0.00102347
           2.27256           1.06042        0.00100859
           2.27769           1.05489        0.00115544
           2.28282           1.04941       0.000869598
           2.28795           1.04404       0.000956952
           2.29308           1.03839        0.00115739
           2.29821           1.03264        0.00106097
           2.30334           1.02753       0.000987871
           2.30847           1.02346        0.00107542
            2.3136           1.01744        0.00102012
           2.31873           1.01323       0.000960236
           2.32386           1.00663       0.000948702
           2.32899           1.00152       0.000952789
           2.33412          0.996864        0.00101599
           2.33925          0.992639        0.00111099
           2.34438          0.988774       0.000929002
           2.34951          0.983465       0.000926465
           2.35464          0.978695       0.000987856
           2.35977          0.974648        0.00106331
            2.3649          0.970231       0.000935714
           2.37003          0.965955       0.000997564
           2.37516          0.960271       0.000978857
           2.38029          0.958467       0.000906726
           2.38542           0.95372       0.000890515
           2.39055          0.949877       0.000907753
           2.39568          0.947132       0.000968142
           2.40081          0.944981        0.00101209
           2.40594          0.939849       0.000936018
           2.41107          0.935819       0.000898739
            2.4162          0.932693       0.000885129
           2.42133          0.930881       0.000943452
           2.42646          0.928598        0.00088314
           2.43159          0.924456       0.000917941
           2.43672           0.92268       0.000849779
           2.44185          0.919544       0.000818442
           2.44698          0.916325       0.000845565
           2.45211          0.915018       0.000814314
           2.45724            0.9117       0.000988577
           2.46237          0.910572       0.000843535
            2.4675          0.907653       0.000794128
           2.47263          0.908087       0.000884022
           2.47776          0.905931       0.000876019
           2.48289          0.903966       0.000880009
           2.48802           0.90326       0.000817456
           2.49314          0.902055       0.000816861
           2.49827          0.891932       0.000794804
            2.5034          0.886632       0.000946564
           2.50853          0.886543       0.000847661
           2.51366          0.885103       0.000854773
           2.51879          0.885665       0.000810041
           2.52392          0.883969       0.000847818
           2.52905          0.884663        0.00087729
           2.53418          0.885206       0.000927664
           2.53931          0.882357       0.000944696
           2.54444          0.883985       0.000805355
           2.54957          0.884977       0.000913751
            2.5547          0.885712       0.000881207
           2.55983          0.885146       0.000818554
