           1         1.2         1.2           0
           2         1.2         1.2           0
           3         1.2         1.2 8.60319e-09
           4         1.2         1.2 7.45058e-09
           5         1.2         1.2   6.664e-09
           6         1.2         1.2 1.05367e-08
           7         1.2         1.2 7.96501e-09
           8         1.2         1.2 7.45058e-09
           9         1.2         1.2 7.02447e-09
          10         1.2         1.2   6.664e-09
          11         1.2         1.2 4.49287e-09
          12         1.2         1.2 4.30159e-09
          13         1.2         1.2 5.84472e-09
          14         1.2         1.2 5.63211e-09
          15         1.2         1.2 3.84746e-09
          16         1.2         1.2 3.72529e-09
          17         1.2         1.2 3.61406e-09
          18         1.2         1.2 3.51224e-09
          19         1.2         1.2 3.41856e-09
          20         1.2         1.2   3.332e-09
          21         1.2         1.2  3.2517e-09
          22         1.2         1.2 5.50262e-09
          23         1.2         1.2 5.38167e-09
          24         1.2         1.2 5.26836e-09
          25         1.2         1.2 5.16191e-09
          26         1.2         1.2 5.06167e-09
          27         1.2         1.2 4.96705e-09
          28         1.2         1.2 5.63211e-09
          29         1.2         1.2 5.53415e-09
          30         1.2         1.2 5.44113e-09
          31         1.2         1.2 5.35266e-09
          32         1.2         1.2 5.26836e-09
          33         1.2         1.2 5.18792e-09
          34         1.2         1.2 5.11106e-09
          35         1.2         1.2 5.03751e-09
          36         1.2         1.2 4.96705e-09
          37         1.2         1.2 4.89947e-09
          38         1.2         1.2 4.83458e-09
          39         1.2         1.2 5.84472e-09
          40         1.2         1.2 5.77119e-09
          41         1.2         1.2 5.70038e-09
          42         1.2         1.2 5.63211e-09
          43         1.2         1.2 5.56623e-09
          44         1.2         1.2 5.50262e-09
          45         1.2         1.2  5.8771e-09
          46         1.2         1.2 5.81286e-09
          47         1.2         1.2 5.75069e-09
          48         1.2         1.2 5.69047e-09
          49         1.2         1.2 5.63211e-09
          50         1.2         1.2  5.5755e-09
          51         1.2         1.2 5.52057e-09
          52         1.2         1.2 5.06167e-09
          53         1.2         1.2 5.01369e-09
          54         1.2         1.2 4.96705e-09
          55         1.2         1.2 3.48016e-09
          56         1.2         1.2 3.44895e-09
          57         1.2         1.2 1.97371e-09
          58         1.2         1.2 1.95662e-09
          59         1.2         1.2 1.93997e-09
          60         1.2         1.2 1.92373e-09
          61         1.2         1.2  3.8158e-09
          62         1.2         1.2  3.7849e-09
          63         1.2         1.2  4.5986e-09
          64         1.2         1.2 4.56253e-09
          65         1.2         1.2  4.5273e-09
          66         1.2         1.2 5.50262e-09
          67         1.2         1.2  5.4614e-09
          68         1.2         1.2 5.42109e-09
          69         1.2         1.2 5.94966e-09
          70         1.2         1.2 5.90701e-09
          71         1.2         1.2 5.86526e-09
          72         1.2         1.2 6.33178e-09
          73         1.2         1.2 6.28826e-09
          74         1.2         1.2 6.24563e-09
          75         1.2         1.2 6.88255e-09
          76         1.2         1.2 6.83712e-09
          77         1.2         1.2 6.79258e-09
          78         1.2         1.2  6.7489e-09
          79         1.2         1.2 7.11284e-09
          80         1.2         1.2 7.06824e-09
          81         1.2         1.2 7.02447e-09
          82         1.2         1.2 6.98151e-09
          83         1.2         1.2 7.49533e-09
          84         1.2         1.2 7.45058e-09
          85         1.2         1.2 7.40662e-09
          86         1.2         1.2 7.53672e-09
          87         1.2         1.2 7.82647e-09
          88         1.2         1.2 7.78188e-09
          89         1.2         1.2 7.73804e-09
          90         1.2         1.2 7.69493e-09
          91         1.2         1.2 7.65253e-09
          92         1.2         1.2  7.9216e-09
          93         1.2         1.2 7.87889e-09
          94         1.2         1.2 7.83687e-09
          95         1.2         1.2 7.79552e-09
          96         1.2         1.2 7.75481e-09
          97         1.2         1.2 8.14767e-09
          98         1.2         1.2 8.10599e-09
          99         1.2         1.2 8.06495e-09
         100         1.2         1.2 8.02452e-09
