-0.406609   -0.114607   0.0960788
0.0119229   -0.267567   0.0919271
0.218252   0.0650943   0.34488
0.448271   -0.0902656   -0.196127
0.229691   0.430096   -0.240875
0.236762   0.249448   0.0133898
-0.280359   0.183226   0.12224
-0.111901   0.136474   -0.3298
-0.186964   -0.198572   -0.00787563
0.206779   0.490812   -0.334306
-0.117086   0.247403   -0.324647
-0.0904898   0.0482689   -0.311302
0.320068   0.206497   -0.0855215
0.0401209   -0.138779   -0.418193
0.330812   -0.300058   0.353337
0.266774   -0.338136   0.473553
0.0736248   0.159725   0.432533
0.468131   -0.076235   -0.279086
-0.187524   -0.289561   0.18897
0.277794   -0.166627   0.349016
0.246291   -0.127698   -0.134753
0.311862   -0.331922   -0.10035
0.149389   0.0416508   0.393789
-0.315252   0.330723   -0.418384
0.307464   0.290223   -0.240974
0.410164   -0.139662   0.186961
0.408008   -0.33962   0.116874
0.195939   0.168942   -0.447424
-0.258712   0.0348471   0.0360116
-0.471012   0.172422   -0.167395
-0.474383   -0.477244   0.321404
-0.478897   -0.131752   -0.203769
0.238821   0.328047   0.465678
0.331516   -0.200593   -0.0654248
0.0500159   -0.3499   0.30928
-0.256006   -0.321819   -0.297274
-0.0942171   -0.184644   0.366983
0.118798   -0.136816   -0.476436
0.298384   -0.388319   0.0592563
0.375104   -0.374092   0.216317
-0.369802   0.415445   -0.376012
-0.143207   -0.0462174   0.00589384
0.115744   -0.189185   -0.255306
0.431131   0.0788508   0.485631
0.0116611   -0.0389799   -0.4148
-0.428911   0.34382   -0.460823
0.443862   0.049435   -0.411068
0.262241   0.362864   -0.204192
0.110358   0.411045   -0.430951
-0.375079   0.351596   0.15127
-0.0877444   -0.0531533   0.123447
-0.00895201   0.106607   0.0758765
0.150981   0.104566   0.0397959
-0.0753297   0.122187   -0.238428
0.117959   0.134156   -0.405048
0.0641817   -0.308215   -0.485798
-0.145182   -0.44443   -0.331187
0.233685   -0.0866358   -0.457019
-0.0711108   0.318551   -0.380692
0.293786   0.185239   -0.437647
0.298379   0.478712   -0.263471
-0.324993   -0.445458   -0.0606222
-0.459724   0.114961   -0.311099
0.304279   0.495308   0.37116
0.326377   0.028832   0.312586
0.289876   -0.415078   0.431915
0.226632   -0.335082   0.0233946
-0.0378754   0.198624   0.266864
0.202399   0.129415   0.447092
-0.197772   -0.299787   0.302477
0.226805   -0.260301   0.458206
0.304479   -0.107476   -0.0573362
0.105453   0.369374   0.345279
-0.353655   -0.458169   -0.190293
0.0874421   0.00606892   0.491383
-0.00219495   -0.401518   0.137045
0.250445   0.25698   -0.390488
-0.34146   -0.0237289   0.372394
-0.256957   -0.138342   0.0371306
0.405878   0.172764   -0.443598
-0.0502473   -0.210746   0.201595
-0.103514   0.0465212   -0.410575
-0.2373   -0.476447   -0.363536
-0.0807807   0.341173   -0.476532
-0.28612   -0.469149   -0.296008
0.251193   -0.243415   0.377976
-0.277243   -0.254257   -0.043475
-0.210813   -0.294899   -0.0647444
-0.431792   0.317298   0.462401
-0.382726   -0.402597   -0.331295
0.0133263   -0.279827   -0.240643
-0.383899   -0.163516   -0.152792
0.123993   -0.276988   0.456303
0.191487   -0.466238   -0.26083
0.276777   -0.465493   0.0794483
-0.289149   -0.0312133   -0.0362025
0.241049   -0.00261091   -0.218519
0.094867   -0.41938   -0.450425
-0.317822   0.323726   0.208801
0.0409654   0.343734   -0.278538
0.156661   -0.301384   -0.458394
0.074749   0.358406   0.252353
0.0400165   0.377121   -0.0321388
-0.371585   -0.139586   -0.416647
-0.191691   -0.237273   -0.194012
-0.134813   -0.317807   0.358758
-0.139366   -0.243101   -0.307302
-0.0416382   0.304935   -0.0965652
