           1     1.43703     1.43703           0
           2     1.43707     1.43705 1.29562e-05
           3     1.43706     1.43705 9.44909e-06
           4     1.43703     1.43705 8.72297e-06
           5     1.43693     1.43702 2.18291e-05
           6     1.43708     1.43703 2.00616e-05
           7     1.43717     1.43705 2.48686e-05
           8     1.43708     1.43706 2.19632e-05
           9       1.437     1.43705 2.04755e-05
          10     1.43694     1.43704 2.10207e-05
          11     1.43692     1.43703  2.1866e-05
          12      1.4371     1.43703  2.0892e-05
          13       1.437     1.43703 1.94691e-05
          14     1.43705     1.43703  1.8105e-05
          15     1.43705     1.43703 1.69554e-05
          16       1.437     1.43703 1.60409e-05
          17     1.43693     1.43703 1.61931e-05
          18     1.43695     1.43702 1.58737e-05
          19     1.43707     1.43702 1.52391e-05
          20     1.43698     1.43702 1.46035e-05
          21     1.43687     1.43701 1.54928e-05
          22     1.43678       1.437  1.8021e-05
          23     1.43691       1.437 1.77243e-05
          24     1.43707       1.437  1.7244e-05
          25      1.4371     1.43701  1.7021e-05
          26     1.43701     1.43701 1.63671e-05
          27     1.43683       1.437 1.69897e-05
          28     1.43674     1.43699 1.87377e-05
          29     1.43668     1.43698 2.09464e-05
          30     1.43674     1.43697  2.1781e-05
          31     1.43703     1.43697  2.1147e-05
          32     1.43695     1.43697 2.04957e-05
          33     1.43693     1.43697 1.99187e-05
          34     1.43692     1.43697 1.94019e-05
          35     1.43687     1.43697 1.90562e-05
          36     1.43689     1.43697 1.86406e-05
          37     1.43698     1.43697 1.81393e-05
          38     1.43698     1.43697 1.76684e-05
          39     1.43701     1.43697 1.72467e-05
          40     1.43703     1.43697 1.68854e-05
          41     1.43706     1.43697 1.66053e-05
          42     1.43701     1.43697 1.62307e-05
          43     1.43692     1.43697  1.5891e-05
          44     1.43688     1.43697 1.56634e-05
          45     1.43693     1.43697 1.53343e-05
          46     1.43696     1.43697 1.50026e-05
          47     1.43696     1.43697 1.46853e-05
          48     1.43694     1.43697 1.43917e-05
          49     1.43684     1.43696  1.4336e-05
          50     1.43685     1.43696 1.42212e-05
          51     1.43704     1.43696 1.40215e-05
          52     1.43696     1.43696 1.37527e-05
          53     1.43695     1.43696 1.34967e-05
          54     1.43689     1.43696 1.33085e-05
          55     1.43687     1.43696  1.3179e-05
          56      1.4369     1.43696 1.29937e-05
          57     1.43703     1.43696 1.28195e-05
          58     1.43705     1.43696 1.26899e-05
          59     1.43701     1.43696 1.24964e-05
          60     1.43704     1.43696 1.23567e-05
          61     1.43703     1.43696 1.21974e-05
          62     1.43707     1.43697 1.21139e-05
          63     1.43709     1.43697 1.20908e-05
          64     1.43709     1.43697 1.20447e-05
          65     1.43712     1.43697   1.207e-05
          66     1.43708     1.43697 1.20028e-05
          67     1.43707     1.43698 1.19056e-05
          68     1.43701     1.43698 1.17393e-05
          69     1.43698     1.43698 1.15697e-05
          70     1.43692     1.43698 1.14304e-05
          71     1.43696     1.43698 1.12716e-05
          72     1.43697     1.43698  1.1116e-05
          73     1.43693     1.43697 1.09781e-05
          74     1.43701     1.43698 1.08385e-05
          75     1.43705     1.43698   1.074e-05
          76     1.43715     1.43698 1.08338e-05
          77     1.43713     1.43698 1.08674e-05
          78     1.43713     1.43698 1.08908e-05
          79     1.43716     1.43698 1.09927e-05
          80     1.43709     1.43699 1.09318e-05
          81     1.43708     1.43699  1.0861e-05
          82     1.43706     1.43699 1.07641e-05
          83      1.4371     1.43699  1.0722e-05
          84     1.43715     1.43699  1.0772e-05
          85     1.43701     1.43699 1.06467e-05
          86     1.43686     1.43699 1.06267e-05
          87     1.43691     1.43699 1.05445e-05
          88     1.43697     1.43699 1.04276e-05
          89     1.43703     1.43699 1.03218e-05
          90     1.43703     1.43699 1.02185e-05
          91     1.43709     1.43699 1.01665e-05
          92     1.43701     1.43699 1.00585e-05
          93     1.43705     1.43699 9.96862e-06
          94     1.43707     1.43699  9.8939e-06
          95     1.43707     1.43699  9.8232e-06
          96     1.43685     1.43699 9.83321e-06
          97     1.43675     1.43699 1.00513e-05
          98     1.43678     1.43699 1.01731e-05
          99      1.4368     1.43699 1.02527e-05
         100     1.43689     1.43698 1.01981e-05
