           1    -6.64009    -6.64009           0
           2    -6.63108    -6.63558  0.00318567
           3    -6.64315    -6.63811  0.00295915
           4    -6.64433    -6.63966  0.00259617
           5    -6.63767    -6.63926  0.00210726
           6    -6.63555    -6.63864  0.00184487
           7     -6.6419    -6.63911  0.00163882
           8    -6.64119    -6.63937  0.00145455
           9    -6.64125    -6.63958  0.00130793
          10    -6.63376      -6.639  0.00129997
          11    -6.63951    -6.63904  0.00118264
          12    -6.64086    -6.63919  0.00109376
          13     -6.6416    -6.63938   0.0010251
          14    -6.63362    -6.63897  0.00103126
          15    -6.64365    -6.63928  0.00100874
          16    -6.63746    -6.63917 0.000952073
          17    -6.63926    -6.63917 0.000896083
          18    -6.63951    -6.63919 0.000846503
          19      -6.644    -6.63944 0.000838885
          20    -6.64453     -6.6397 0.000834542
          21    -6.64568    -6.63998 0.000842039
          22    -6.64598    -6.64026 0.000846707
          23    -6.63555    -6.64005 0.000834238
          24    -6.63756    -6.63995 0.000805899
          25    -6.64913    -6.64031 0.000853285
          26    -6.63914    -6.64027 0.000821657
          27    -6.64172    -6.64032  0.00079299
          28    -6.63883    -6.64027 0.000766452
          29    -6.63977    -6.64025  0.00074022
          30    -6.63611    -6.64011 0.000728295
          31    -6.63945    -6.64009 0.000705116
          32    -6.64286    -6.64018 0.000688347
          33    -6.63808    -6.64012 0.000670426
          34     -6.6419    -6.64017 0.000652758
          35    -6.64269    -6.64024 0.000638062
          36    -6.64555    -6.64039 0.000637186
          37    -6.64491    -6.64051 0.000631584
          38    -6.63346    -6.64032 0.000641647
          39    -6.64669    -6.64049 0.000645641
          40    -6.63417    -6.64033 0.000648544
          41    -6.63927     -6.6403  0.00063324
          42    -6.64167    -6.64034    0.000619
          43    -6.64189    -6.64037  0.00060566
          44    -6.64144     -6.6404 0.000592376
          45     -6.6421    -6.64043 0.000580422
          46    -6.64726    -6.64058 0.000586479
          47    -6.63587    -6.64048  0.00058251
          48    -6.63979    -6.64047 0.000570553
          49    -6.64947    -6.64065 0.000587757
          50    -6.64146    -6.64067 0.000576225
          51     -6.6354    -6.64057 0.000574102
          52    -6.63407    -6.64044 0.000576497
          53    -6.63961    -6.64042 0.000565835
          54    -6.63768    -6.64037 0.000557639
          55    -6.64157     -6.6404 0.000547924
          56    -6.63609    -6.64032 0.000543503
          57    -6.64294    -6.64036  0.00053591
          58    -6.63982    -6.64036 0.000526752
          59    -6.64366    -6.64041   0.0005208
          60    -6.63262    -6.64028 0.000528058
          61    -6.64947    -6.64043 0.000540475
          62     -6.6262     -6.6402 0.000578446
          63    -6.64744    -6.64032 0.000580549
          64    -6.63575    -6.64025 0.000575855
          65    -6.63872    -6.64022 0.000567477
          66    -6.64371    -6.64028  0.00056134
          67    -6.64214     -6.6403 0.000553651
          68    -6.64325    -6.64035 0.000547201
          69    -6.63533    -6.64027 0.000544083
          70     -6.6443    -6.64033 0.000539342
          71    -6.64404    -6.64038 0.000534263
          72    -6.64347    -6.64043 0.000528565
          73    -6.64738    -6.64052 0.000529833
          74    -6.64034    -6.64052 0.000522679
          75    -6.64569    -6.64059 0.000520236
          76    -6.63666    -6.64054 0.000515955
          77     -6.6453     -6.6406 0.000512956
          78     -6.6348    -6.64052 0.000511736
          79    -6.63585    -6.64046 0.000508673
          80    -6.64565    -6.64053  0.00050643
          81    -6.64614     -6.6406 0.000504898
          82    -6.64506    -6.64065 0.000501663
          83    -6.64553    -6.64071 0.000499043
          84    -6.63776    -6.64068 0.000494336
          85     -6.6391    -6.64066 0.000488868
          86    -6.64367    -6.64069 0.000484437
          87    -6.64324    -6.64072 0.000479749
          88    -6.63358    -6.64064 0.000481122
          89    -6.64773    -6.64072 0.000482272
          90    -6.64358    -6.64075  0.00047796
          91    -6.63635     -6.6407 0.000475145
          92    -6.64893    -6.64079 0.000478326
          93    -6.63626    -6.64075 0.000475658
          94    -6.63877    -6.64072 0.000471061
          95      -6.651    -6.64083 0.000478359
          96    -6.64153    -6.64084 0.000473432
          97    -6.64569    -6.64089 0.000471186
          98    -6.63911    -6.64087  0.00046673
          99    -6.63562    -6.64082 0.000465016
         100    -6.64557    -6.64087  0.00046279
