           1   0.0478115   0.0478115           0
           2   0.0498865    0.048849  0.00073363
           3   0.0500396   0.0492458  0.00058669
           4   0.0493219   0.0492648 0.000440326
           5   0.0470317   0.0488182 0.000532611
           6   0.0497703   0.0489769 0.000466884
           7   0.0482151   0.0488681 0.000412674
           8   0.0502128   0.0490362 0.000393836
           9   0.0500441   0.0491481 0.000365653
          10   0.0518964    0.049423 0.000419853
          11   0.0506823   0.0495375 0.000396985
          12   0.0536412   0.0498794 0.000489519
          13   0.0530257   0.0501215 0.000508183
          14   0.0482863   0.0499904 0.000488497
          15   0.0519512   0.0501211 0.000473097
          16   0.0531189   0.0503085 0.000479195
          17    0.051122   0.0503563 0.000453391
          18   0.0495603   0.0503121 0.000430354
          19     0.05087   0.0503415 0.000408704
          20   0.0484073   0.0502447 0.000399546
          21   0.0514219   0.0503008 0.000384432
          22   0.0502879   0.0503002 0.000366958
          23   0.0527811   0.0504081 0.000366514
          24   0.0519187    0.050471 0.000356606
          25   0.0507394   0.0504818 0.000342503
          26   0.0491028   0.0504287 0.000333411
          27   0.0510614   0.0504521 0.000321885
          28   0.0503073    0.050447 0.000310431
          29    0.049675   0.0504204 0.000300865
          30   0.0538313   0.0505341  0.00031158
          31   0.0490168   0.0504851 0.000305349
          32   0.0507817   0.0504944 0.000295947
          33   0.0518698   0.0505361   0.0002899
          34   0.0495405   0.0505068 0.000282848
          35   0.0529872   0.0505776 0.000283506
          36   0.0556008   0.0507172  0.00030806
          37   0.0484205   0.0506551 0.000305923
          38   0.0496367   0.0506283 0.000299044
          39   0.0521961   0.0506685 0.000294066
          40   0.0516798   0.0506938 0.000287799
          41    0.051056   0.0507026 0.000280915
          42   0.0514241   0.0507198 0.000274751
          43   0.0520952   0.0507518 0.000270217
          44   0.0531694   0.0508067 0.000269604
          45    0.053032   0.0508562  0.00026811
          46   0.0516362   0.0508731 0.000262817
          47   0.0488282   0.0508296 0.000260802
          48   0.0494317   0.0508005 0.000256989
          49   0.0510476   0.0508056 0.000251794
          50   0.0537527   0.0508645 0.000253564
          51   0.0520295   0.0508873 0.000249619
          52   0.0503922   0.0508778    0.000245
          53   0.0510403   0.0508809 0.000240396
          54   0.0527005   0.0509146 0.000238295
          55   0.0501546   0.0509008 0.000234362
          56   0.0530242   0.0509387 0.000233225
          57   0.0484776   0.0508955 0.000233096
          58   0.0501307   0.0508823 0.000229449
          59   0.0524189   0.0509084 0.000227034
          60   0.0507381   0.0509055 0.000223268
          61   0.0497288   0.0508862 0.000220439
          62   0.0487351   0.0508515 0.000219597
          63   0.0515446   0.0508625 0.000216387
          64   0.0485521   0.0508264 0.000215996
          65   0.0468183   0.0507648   0.0002213
          66    0.054174   0.0508164 0.000223895
          67   0.0488086   0.0507865  0.00022255
          68   0.0504648   0.0507817 0.000219327
          69    0.047735   0.0507376 0.000220548
          70   0.0512559    0.050745 0.000217522
          71   0.0503979   0.0507401 0.000214513
          72    0.048937   0.0507151 0.000212991
          73   0.0471446   0.0506661 0.000215616
          74   0.0492972   0.0506476 0.000213494
          75   0.0540848   0.0506935  0.00021551
          76   0.0519814   0.0507104  0.00021334
          77   0.0519107    0.050726 0.000211138
          78   0.0518411   0.0507403 0.000208914
          79   0.0525943   0.0507638 0.000207584
          80    0.050945    0.050766 0.000205001
          81   0.0507899   0.0507663 0.000202471
          82   0.0517178   0.0507779 0.000200334
          83   0.0512464   0.0507836    0.000198
          84   0.0502987   0.0507778 0.000195727
          85   0.0499659   0.0507683 0.000193657
          86   0.0507505    0.050768 0.000191405
          87    0.051107   0.0507719 0.000189245
          88    0.047399   0.0507336 0.000190936
          89   0.0511553   0.0507384  0.00018885
          90   0.0526018   0.0507591 0.000187883
          91   0.0488744   0.0507383 0.000186956
          92   0.0513095   0.0507446 0.000185027
          93   0.0478102    0.050713 0.000185708
          94   0.0503379    0.050709 0.000183776
          95   0.0519866   0.0507225 0.000182333
          96   0.0516958   0.0507326 0.000180715
          97   0.0495151     0.05072 0.000179287
          98   0.0548469   0.0507622 0.000182336
          99   0.0502746   0.0507572 0.000180561
         100   0.0542048   0.0507917 0.000182017
