           1        1.57        1.57           0
           2     1.56985     1.56992 5.35036e-05
           3     1.56939     1.56975 0.000148421
           4     1.56864     1.56947 0.000264527
           5     1.56758     1.56909 0.000398544
           6     1.56623     1.56862 0.000548314
           7     1.56457     1.56804 0.000712299
           8     1.56261     1.56736 0.000889326
           9     1.56036     1.56658  0.00107846
          10      1.5578      1.5657  0.00127889
          11     1.55495     1.56473  0.00148995
          12     1.55181     1.56365   0.0017111
          13     1.54837     1.56247  0.00194179
          14     1.54463      1.5612  0.00218151
          15     1.54061     1.55983  0.00242986
          16     1.53629     1.55836  0.00268648
          17     1.53169     1.55679  0.00295098
          18      1.5268     1.55512  0.00322304
          19     1.52163     1.55336   0.0035024
          20     1.51617      1.5515  0.00378882
          21     1.51043     1.54954  0.00408215
          22      1.5044     1.54749  0.00438213
          23     1.49809     1.54534   0.0046886
          24     1.49149      1.5431  0.00500138
          25     1.48462     1.54076  0.00532033
          26     1.47746     1.53833  0.00564532
          27     1.47002      1.5358  0.00597621
          28     1.46231     1.53317  0.00631284
          29     1.45431     1.53045  0.00665509
          30     1.44604     1.52764  0.00700281
          31      1.4375     1.52473  0.00735589
          32     1.42868     1.52173  0.00771417
          33     1.41959     1.51863  0.00807751
          34     1.41023     1.51545  0.00844578
          35      1.4006     1.51216  0.00881884
          36     1.39071     1.50879  0.00919655
          37     1.38056     1.50533  0.00957878
          38     1.37015     1.50177  0.00996537
          39     1.35948     1.49812   0.0103562
          40     1.34857     1.49438    0.010751
          41      1.3374     1.49055   0.0111497
          42       1.326     1.48663   0.0115521
          43     1.31435     1.48263   0.0119581
          44     1.30247     1.47853   0.0123674
          45     1.29036     1.47435     0.01278
          46     1.27803     1.47008   0.0131956
          47     1.26547     1.46573   0.0136141
          48     1.25271     1.46129   0.0140352
          49     1.23973     1.45677   0.0144588
          50     1.22656     1.45217   0.0148846
          51     1.21319     1.44748   0.0153126
          52     1.19963     1.44271   0.0157425
          53      1.1859     1.43787    0.016174
          54     1.17199     1.43294    0.016607
          55     1.15792     1.42794   0.0170413
          56      1.1437     1.42287   0.0174765
          57     1.12933     1.41772   0.0179126
          58     1.11482      1.4125   0.0183493
          59     1.10019      1.4072   0.0187862
          60     1.08544     1.40184   0.0192233
          61     1.07059     1.39641   0.0196602
          62     1.05564     1.39091   0.0200967
          63      1.0406     1.38535   0.0205326
          64      1.0255     1.37973   0.0209675
          65     1.01033     1.37405   0.0214013
          66    0.995109     1.36831   0.0218336
          67    0.979854     1.36251   0.0222642
          68    0.964576     1.35666   0.0226928
          69    0.949286     1.35075   0.0231192
          70    0.933998      1.3448    0.023543
          71    0.918725      1.3388   0.0239641
          72    0.903481     1.33275    0.024382
          73     0.88828     1.32666   0.0247966
          74    0.873135     1.32053   0.0252075
          75     0.85806     1.31437   0.0256145
          76    0.843069     1.30817   0.0260173
          77    0.828176     1.30193   0.0264157
          78    0.813395     1.29567   0.0268093
          79    0.798741     1.28938   0.0271978
          80    0.784228     1.28307   0.0275811
          81     0.76987     1.27673   0.0279588
          82    0.755679     1.27038   0.0283307
          83    0.741669     1.26401   0.0286966
          84    0.727855     1.25762   0.0290561
          85    0.714249     1.25123   0.0294091
          86    0.700864     1.24483   0.0297553
          87    0.687713     1.23843   0.0300945
          88    0.674808     1.23202   0.0304264
          89     0.66216     1.22562   0.0307508
          90     0.64978     1.21922   0.0310677
          91    0.637681     1.21283   0.0313766
          92    0.625872     1.20645   0.0316776
          93    0.614364     1.20008   0.0319703
          94    0.603165     1.19373   0.0322547
          95    0.592285      1.1874   0.0325306
          96    0.581731     1.18109   0.0327978
          97    0.571512     1.17481   0.0330563
          98    0.561635     1.16855   0.0333059
          99    0.552104     1.16233   0.0335465
         100    0.542928     1.15613    0.033778
         101     0.53411     1.14997   0.0340004
         102    0.525654     1.14385   0.0342135
         103    0.517564     1.13777   0.0344174
         104    0.509844     1.13173    0.034612
         105    0.502495     1.12574   0.0347973
         106    0.495519      1.1198   0.0349733
         107    0.488918      1.1139   0.0351399
         108     0.48269     1.10805   0.0352972
         109    0.476836     1.10226   0.0354453
         110    0.471355     1.09653   0.0355841
         111    0.466245     1.09085   0.0357136
         112    0.461505     1.08523   0.0358341
         113     0.45713     1.07967   0.0359455
         114    0.453118     1.07418   0.0360479
         115    0.449466     1.06874   0.0361414
         116    0.446169     1.06338   0.0362262
         117    0.443221     1.05808   0.0363023
         118    0.440618     1.05284   0.0363698
         119    0.438352     1.04768   0.0364289
         120    0.436418     1.04259   0.0364797
         121    0.434811     1.03756   0.0365224
         122    0.433521     1.03261   0.0365571
         123    0.432543     1.02773    0.036584
         124    0.431868     1.02293   0.0366032
         125    0.431489      1.0182   0.0366149
         126    0.431397     1.01354   0.0366193
         127    0.431585     1.00896   0.0366165
         128    0.432043     1.00445   0.0366068
         129    0.432764     1.00002   0.0365903
         130    0.433737    0.995662   0.0365672
         131    0.434953    0.991382   0.0365377
         132    0.436405    0.987178    0.036502
         133    0.438082    0.983049   0.0364603
         134    0.439976    0.978997   0.0364127
         135    0.442078    0.975019   0.0363596
         136    0.444377    0.971118    0.036301
         137    0.446866    0.967291   0.0362371
         138    0.449534    0.963539   0.0361682
         139    0.452372    0.959862   0.0360945
         140    0.455372    0.956258   0.0360161
         141    0.458524    0.952728   0.0359333
         142    0.461821    0.949271   0.0358461
         143    0.465253    0.945886   0.0357549
         144    0.468812    0.942573   0.0356598
         145    0.472489    0.939331   0.0355609
         146    0.476276     0.93616   0.0354585
         147    0.480164    0.933058   0.0353527
         148    0.484146    0.930024   0.0352437
         149    0.488214    0.927059   0.0351317
         150     0.49236    0.924161   0.0350168
         151    0.496577     0.92133   0.0348992
         152    0.500858    0.918563   0.0347791
         153    0.505195    0.915862   0.0346565
         154    0.509582    0.913223   0.0345318
         155    0.514011    0.910648   0.0344049
         156    0.518478    0.908134   0.0342761
         157    0.522975    0.905681   0.0341454
         158    0.527497    0.903287   0.0340131
         159    0.532039    0.900952   0.0338792
         160    0.536593    0.898675   0.0337439
         161    0.541156    0.896454   0.0336073
         162    0.545721    0.894289   0.0334695
         163    0.550284    0.892179   0.0333307
         164    0.554841    0.890122   0.0331908
         165    0.559386    0.888118   0.0330502
         166    0.563917    0.886164   0.0329087
         167    0.568428    0.884262   0.0327666
         168    0.572916    0.882409   0.0326239
         169    0.577378    0.880604   0.0324808
         170     0.58181    0.878846   0.0323372
         171    0.586208    0.877135   0.0321934
         172     0.59057    0.875469   0.0320493
         173    0.594891    0.873847   0.0319051
         174     0.59917    0.872268   0.0317607
         175    0.603403    0.870732   0.0316164
         176    0.607589    0.869237   0.0314721
         177    0.611724    0.867782   0.0313279
         178    0.615806    0.866366   0.0311838
         179    0.619834    0.864989     0.03104
         180    0.623805    0.863649   0.0308965
         181    0.627717    0.862346   0.0307533
         182    0.631569    0.861078   0.0306104
         183    0.635359    0.859844    0.030468
         184    0.639085    0.858644    0.030326
         185    0.642745    0.857477   0.0301845
         186    0.646338    0.856342   0.0300436
         187    0.649863    0.855238   0.0299032
         188    0.653317    0.854164   0.0297634
         189      0.6567    0.853119   0.0296243
         190    0.660011    0.852103   0.0294858
         191    0.663249    0.851114    0.029348
         192    0.666412    0.850152   0.0292109
         193      0.6695    0.849216   0.0290746
         194     0.67251    0.848305    0.028939
         195     0.67544    0.847419   0.0288041
         196    0.678291    0.846556   0.0286701
         197    0.681061    0.845716   0.0285369
         198     0.68375    0.844898   0.0284045
         199    0.686356    0.844101   0.0282729
         200    0.688877    0.843325   0.0281422
         201    0.691314    0.842569   0.0280123
         202    0.693665    0.841832   0.0278833
         203    0.695931    0.841113   0.0277552
         204    0.698109    0.840412    0.027628
         205      0.7002    0.839728   0.0275017
         206    0.702203     0.83906   0.0273763
         207    0.704118    0.838408   0.0272518
         208    0.705943    0.837771   0.0271283
         209    0.707677    0.837149   0.0270056
         210    0.709321     0.83654   0.0268839
         211    0.710875    0.835945   0.0267631
         212    0.712336    0.835362   0.0266432
         213    0.713706    0.834791   0.0265242
         214    0.714984    0.834231   0.0264062
         215     0.71617    0.833682    0.026289
         216    0.717264    0.833143   0.0261729
         217    0.718266    0.832613   0.0260576
         218    0.719177    0.832093   0.0259433
         219    0.719996    0.831581   0.0258299
         220    0.720725    0.831077   0.0257174
         221    0.721364    0.830581   0.0256058
         222    0.721915    0.830091   0.0254951
         223    0.722377    0.829608   0.0253854
         224    0.722751    0.829131   0.0252765
         225    0.723039     0.82866   0.0251686
         226     0.72324    0.828193   0.0250615
         227    0.723357    0.827731   0.0249554
         228     0.72339    0.827274   0.0248501
         229    0.723342     0.82682   0.0247458
         230    0.723214    0.826369   0.0246423
         231    0.723008    0.825922   0.0245397
         232    0.722725    0.825477   0.0244379
         233    0.722369    0.825035    0.024337
         234    0.721941    0.824594    0.024237
         235    0.721444    0.824155   0.0241379
         236    0.720881    0.823717   0.0240395
         237    0.720253    0.823281   0.0239421
         238    0.719565    0.822845   0.0238454
         239    0.718818     0.82241   0.0237496
         240    0.718016    0.821975   0.0236547
         241    0.717162     0.82154   0.0235605
         242    0.716258    0.821105   0.0234672
         243    0.715309     0.82067   0.0233746
         244    0.714317    0.820234   0.0232829
         245    0.713287    0.819797    0.023192
         246    0.712222     0.81936   0.0231018
         247    0.711126    0.818922   0.0230124
         248    0.710004    0.818483   0.0229238
         249    0.708859    0.818042    0.022836
         250    0.707694    0.817601   0.0227489
         251    0.706512    0.817158   0.0226626
         252    0.705318    0.816714    0.022577
         253    0.704115    0.816269   0.0224922
         254    0.702907    0.815823    0.022408
         255    0.701699    0.815376   0.0223246
         256    0.700494    0.814927   0.0222419
         257    0.699298    0.814477   0.0221599
         258    0.698112    0.814026   0.0220786
         259     0.69694    0.813574    0.021998
         260    0.695786    0.813121   0.0219181
         261    0.694653    0.812667   0.0218388
         262    0.693544    0.812212   0.0217602
         263    0.692463    0.811757   0.0216822
         264    0.691414    0.811301   0.0216049
         265      0.6904    0.810845   0.0215281
         266    0.689423    0.810388   0.0214521
         267    0.688487    0.809932   0.0213766
         268    0.687594    0.809475   0.0213017
         269    0.686747    0.809019   0.0212274
         270    0.685948    0.808563   0.0211536
         271    0.685199    0.808108   0.0210805
         272    0.684503    0.807654   0.0210079
         273    0.683863      0.8072   0.0209358
         274    0.683279    0.806748   0.0208643
         275    0.682754    0.806297   0.0207933
         276     0.68229    0.805848   0.0207228
         277    0.681888      0.8054   0.0206528
         278     0.68155    0.804955   0.0205834
         279    0.681276    0.804511   0.0205143
         280    0.681068    0.804071   0.0204458
         281    0.680924    0.803632   0.0203778
         282    0.680847    0.803197   0.0203101
         283    0.680837    0.802764    0.020243
         284    0.680894    0.802335   0.0201762
         285    0.681018     0.80191   0.0201099
         286    0.681209    0.801488   0.0200441
         287    0.681468    0.801069   0.0199786
         288    0.681795    0.800655   0.0199135
         289    0.682189    0.800245   0.0198488
         290    0.682649     0.79984   0.0197845
         291    0.683175    0.799439   0.0197206
         292    0.683766    0.799043    0.019657
         293    0.684423    0.798652   0.0195938
         294    0.685145    0.798266    0.019531
         295     0.68593    0.797885   0.0194685
         296    0.686777    0.797509   0.0194063
         297    0.687685     0.79714   0.0193445
         298    0.688653    0.796776    0.019283
         299    0.689679    0.796417   0.0192219
         300    0.690761    0.796065    0.019161
         301    0.691898    0.795719   0.0191005
         302    0.693087    0.795379   0.0190403
         303    0.694329    0.795046   0.0189803
         304     0.69562    0.794719   0.0189207
         305     0.69696    0.794398   0.0188614
         306    0.698347    0.794084   0.0188024
         307    0.699778    0.793777   0.0187436
         308    0.701251    0.793477   0.0186852
         309    0.702765    0.793183    0.018627
         310    0.704317    0.792897   0.0185692
         311    0.705905    0.792617   0.0185115
         312    0.707528    0.792344   0.0184542
         313    0.709184    0.792078   0.0183972
         314    0.710869     0.79182   0.0183404
         315    0.712584    0.791568   0.0182839
         316    0.714324    0.791324   0.0182277
         317    0.716087    0.791086   0.0181717
         318    0.717871    0.790856    0.018116
         319    0.719673    0.790633   0.0180606
         320    0.721491    0.790417   0.0180055
         321    0.723323    0.790208   0.0179506
         322    0.725165    0.790006    0.017896
         323    0.727017    0.789811   0.0178416
         324    0.728874    0.789623   0.0177876
         325    0.730736    0.789442   0.0177338
         326    0.732599    0.789267   0.0176802
         327     0.73446      0.7891   0.0176269
         328    0.736316    0.788939   0.0175739
         329    0.738166    0.788784   0.0175212
         330    0.740007    0.788637   0.0174687
         331    0.741837    0.788495   0.0174165
         332    0.743652     0.78836   0.0173646
         333     0.74545    0.788231   0.0173129
         334     0.74723    0.788109   0.0172615
         335    0.748987    0.787992   0.0172104
         336    0.750718    0.787881   0.0171595
         337    0.752422    0.787776   0.0171089
         338    0.754094    0.787676   0.0170586
         339    0.755733    0.787582   0.0170085
         340    0.757336    0.787493   0.0169588
         341    0.758901    0.787409   0.0169092
         342    0.760425     0.78733     0.01686
         343    0.761906    0.787256    0.016811
         344    0.763343    0.787186   0.0167623
         345    0.764732    0.787121   0.0167138
         346    0.766072     0.78706   0.0166656
         347    0.767359    0.787004   0.0166177
         348    0.768592    0.786951     0.01657
         349    0.769769    0.786902   0.0165226
         350    0.770889    0.786856   0.0164755
         351    0.771951    0.786813   0.0164286
         352    0.772952    0.786774   0.0163819
         353    0.773893    0.786737   0.0163356
         354    0.774772    0.786704   0.0162895
         355     0.77559    0.786672   0.0162436
         356    0.776345    0.786643    0.016198
         357    0.777037    0.786616   0.0161527
         358    0.777666    0.786591   0.0161076
         359    0.778232    0.786568   0.0160627
         360    0.778737    0.786546   0.0160181
         361     0.77918    0.786526   0.0159737
         362    0.779563    0.786507   0.0159296
         363    0.779888    0.786489   0.0158858
         364    0.780157    0.786471   0.0158421
         365    0.780371    0.786454   0.0157987
         366    0.780531    0.786438   0.0157556
         367    0.780641    0.786422   0.0157126
         368    0.780702    0.786407     0.01567
         369    0.780719    0.786392   0.0156275
         370    0.780694    0.786376   0.0155853
         371     0.78063    0.786361   0.0155433
         372    0.780532    0.786345   0.0155015
         373    0.780403    0.786329   0.0154599
         374    0.780246    0.786313   0.0154186
         375    0.780067    0.786296   0.0153775
         376     0.77987    0.786279   0.0153366
         377     0.77966    0.786261   0.0152959
         378     0.77944    0.786243   0.0152555
         379    0.779217    0.786225   0.0152153
         380    0.778994    0.786206   0.0151752
         381    0.778778    0.786186   0.0151354
         382    0.778572    0.786166   0.0150958
         383    0.778382    0.786146   0.0150564
         384    0.778213    0.786125   0.0150172
         385    0.778068    0.786105   0.0149782
         386    0.777955    0.786083   0.0149394
         387    0.777876    0.786062   0.0149008
         388    0.777837    0.786041   0.0148624
         389    0.777842     0.78602   0.0148243
         390    0.777896    0.785999   0.0147863
         391    0.778002    0.785979   0.0147485
         392    0.778164    0.785959   0.0147108
         393    0.778385    0.785939   0.0146734
         394    0.778668    0.785921   0.0146362
         395    0.779017    0.785903   0.0145992
         396    0.779433    0.785887   0.0145623
         397    0.779918    0.785872   0.0145256
         398    0.780472    0.785859   0.0144891
         399    0.781098    0.785847   0.0144528
         400    0.781796    0.785836   0.0144167
         401    0.782568    0.785828   0.0143807
         402    0.783412    0.785822    0.014345
         403    0.784328    0.785819   0.0143094
         404    0.785316    0.785817    0.014274
         405    0.786373    0.785819   0.0142387
         406    0.787498    0.785823   0.0142036
         407    0.788688     0.78583   0.0141687
         408    0.789943     0.78584    0.014134
         409    0.791259    0.785853   0.0140995
         410    0.792633     0.78587   0.0140651
         411    0.794063     0.78589   0.0140309
         412    0.795545    0.785913   0.0139969
         413    0.797074     0.78594    0.013963
         414    0.798647    0.785971   0.0139293
         415     0.80026    0.786005   0.0138958
         416     0.80191    0.786044   0.0138624
         417    0.803593    0.786086   0.0138292
         418    0.805305    0.786132   0.0137962
         419    0.807042    0.786182   0.0137634
         420    0.808798    0.786235   0.0137307
         421    0.810571    0.786293   0.0136982
         422    0.812355    0.786355   0.0136659
         423    0.814147    0.786421   0.0136338
         424    0.815943     0.78649   0.0136018
         425     0.81774    0.786564     0.01357
         426    0.819534    0.786641   0.0135384
         427    0.821321    0.786722   0.0135069
         428    0.823097    0.786807   0.0134756
         429     0.82486    0.786896   0.0134445
         430    0.826607    0.786988   0.0134135
         431    0.828335    0.787084   0.0133828
         432     0.83004    0.787184   0.0133521
         433    0.831721    0.787287   0.0133217
         434    0.833375    0.787393   0.0132914
         435       0.835    0.787502   0.0132613
         436    0.836593    0.787615   0.0132314
         437    0.838152    0.787731   0.0132016
         438    0.839677    0.787849    0.013172
         439    0.841166    0.787971   0.0131426
         440    0.842616    0.788095   0.0131133
         441    0.844028    0.788222   0.0130842
         442    0.845398    0.788351   0.0130552
         443    0.846727    0.788483   0.0130264
         444    0.848012    0.788617   0.0129977
         445    0.849253    0.788753   0.0129692
         446     0.85045    0.788891   0.0129409
         447    0.851602    0.789032   0.0129127
         448    0.852708    0.789174   0.0128847
         449    0.853768    0.789318   0.0128568
         450    0.854781    0.789463    0.012829
         451    0.855748     0.78961   0.0128014
         452    0.856667    0.789758    0.012774
         453    0.857538    0.789908   0.0127466
         454     0.85836    0.790059   0.0127195
         455    0.859135    0.790211   0.0126924
         456    0.859861    0.790363   0.0126655
         457    0.860539    0.790517   0.0126387
         458    0.861168    0.790671   0.0126121
         459    0.861748    0.790826   0.0125855
         460     0.86228    0.790981   0.0125591
         461    0.862763    0.791137   0.0125329
         462    0.863198    0.791293   0.0125067
         463    0.863584    0.791449   0.0124807
         464    0.863923    0.791605   0.0124547
         465    0.864212    0.791762   0.0124289
         466    0.864453    0.791918   0.0124032
         467    0.864644    0.792073   0.0123777
         468    0.864788    0.792229   0.0123522
         469    0.864883    0.792384   0.0123268
         470    0.864929    0.792538   0.0123016
         471    0.864928    0.792692   0.0122764
         472    0.864879    0.792845   0.0122513
         473    0.864783    0.792997   0.0122264
         474    0.864639    0.793148   0.0122015
         475     0.86445    0.793298   0.0121768
         476    0.864216    0.793447   0.0121521
         477    0.863935    0.793595   0.0121275
         478    0.863608    0.793741    0.012103
         479    0.863236    0.793886   0.0120786
         480    0.862819     0.79403   0.0120543
         481    0.862358    0.794172   0.0120301
         482    0.861853    0.794312    0.012006
         483    0.861306    0.794451   0.0119819
         484    0.860717    0.794588   0.0119579
         485    0.860086    0.794723    0.011934
         486    0.859415    0.794856   0.0119102
         487    0.858705    0.794987   0.0118865
         488    0.857958    0.795116   0.0118628
         489    0.857174    0.795243   0.0118392
         490    0.856355    0.795368   0.0118157
         491    0.855502     0.79549   0.0117923
         492    0.854618    0.795611    0.011769
         493    0.853704    0.795728   0.0117457
         494    0.852761    0.795844   0.0117225
         495    0.851793    0.795957   0.0116993
         496    0.850801    0.796067   0.0116763
         497    0.849787    0.796176   0.0116533
         498    0.848754    0.796281   0.0116303
         499    0.847704    0.796384   0.0116075
         500    0.846638    0.796485   0.0115847
         501     0.84556    0.796583    0.011562
         502    0.844472    0.796678   0.0115394
         503    0.843377    0.796771   0.0115168
         504    0.842276    0.796861   0.0114943
         505    0.841174    0.796949   0.0114719
         506    0.840074    0.797034   0.0114495
         507    0.838978    0.797117   0.0114272
         508    0.837892    0.797197    0.011405
         509    0.836816    0.797275   0.0113829
         510    0.835754     0.79735   0.0113608
         511     0.83471    0.797424   0.0113388
         512    0.833685    0.797494   0.0113169
         513    0.832684    0.797563    0.011295
         514    0.831709    0.797629   0.0112733
         515    0.830763    0.797694   0.0112516
         516     0.82985    0.797756   0.0112299
         517    0.828973    0.797816   0.0112084
         518    0.828134    0.797875   0.0111869
         519    0.827337    0.797932   0.0111655
         520    0.826584    0.797987   0.0111441
         521    0.825879     0.79804   0.0111229
         522    0.825223    0.798092   0.0111017
         523    0.824619    0.798143   0.0110806
         524    0.824069    0.798193   0.0110595
         525    0.823576    0.798241   0.0110386
         526     0.82314    0.798288   0.0110177
         527    0.822766    0.798335   0.0109969
         528    0.822454     0.79838   0.0109762
         529    0.822206    0.798425   0.0109555
         530    0.822025     0.79847   0.0109349
         531     0.82191    0.798514   0.0109144
         532    0.821864    0.798558    0.010894
         533    0.821886    0.798602   0.0108736
         534    0.821979    0.798646   0.0108534
         535    0.822142    0.798689   0.0108332
         536    0.822377    0.798734    0.010813
         537    0.822682    0.798778    0.010793
         538     0.82306    0.798823    0.010773
         539    0.823508    0.798869   0.0107531
         540    0.824027    0.798916   0.0107333
         541    0.824616    0.798963   0.0107136
         542    0.825277    0.799012   0.0106939
         543    0.826006    0.799062   0.0106744
         544    0.826803    0.799113   0.0106549
         545    0.827666    0.799165   0.0106354
         546    0.828596    0.799219   0.0106161
         547     0.82959    0.799274   0.0105968
         548    0.830646    0.799332   0.0105777
         549    0.831762    0.799391   0.0105585
         550    0.832936    0.799452   0.0105395
         551    0.834167    0.799515   0.0105206
         552    0.835453     0.79958   0.0105017
         553    0.836791    0.799647    0.010483
         554    0.838179    0.799717   0.0104643
         555    0.839616    0.799789   0.0104457
         556    0.841099    0.799863   0.0104271
         557    0.842624     0.79994   0.0104087
         558    0.844188    0.800019   0.0103903
         559    0.845789    0.800101   0.0103721
         560    0.847424    0.800185   0.0103539
         561    0.849091    0.800272   0.0103358
         562    0.850786    0.800362   0.0103178
         563    0.852507    0.800455   0.0102999
         564    0.854252     0.80055   0.0102821
         565    0.856015    0.800648   0.0102644
         566    0.857796    0.800749   0.0102467
         567     0.85959    0.800853   0.0102292
         568    0.861397     0.80096   0.0102117
         569    0.863213    0.801069   0.0101944
         570    0.865036    0.801181   0.0101771
         571    0.866862    0.801296   0.0101599
         572    0.868689    0.801414   0.0101428
         573    0.870515    0.801535   0.0101258
         574    0.872337    0.801658    0.010109
         575    0.874152    0.801784   0.0100922
         576     0.87596    0.801913   0.0100755
         577    0.877756    0.802045   0.0100589
         578    0.879538    0.802179   0.0100424
         579    0.881305    0.802315   0.0100259
         580    0.883056    0.802454   0.0100096
         581    0.884788    0.802596  0.00999339
         582    0.886501     0.80274  0.00997726
         583    0.888192    0.802887  0.00996122
         584    0.889859    0.803036  0.00994528
         585    0.891502    0.803187  0.00992943
         586    0.893116    0.803341  0.00991367
         587    0.894702    0.803496    0.009898
         588     0.89626    0.803654  0.00988243
         589    0.897788    0.803814  0.00986694
         590    0.899284    0.803976  0.00985154
         591    0.900749    0.804139  0.00983624
         592    0.902181    0.804305  0.00982101
         593    0.903579    0.804472  0.00980588
         594    0.904942    0.804641  0.00979083
         595    0.906271    0.804812  0.00977586
         596    0.907564    0.804985  0.00976098
         597     0.90882    0.805159  0.00974618
         598     0.91004    0.805334  0.00973146
         599    0.911222    0.805511  0.00971682
         600    0.912367    0.805689  0.00970226
         601    0.913475    0.805868  0.00968777
         602    0.914545    0.806049  0.00967336
         603     0.91558     0.80623  0.00965902
         604    0.916576    0.806413  0.00964476
         605    0.917535    0.806597  0.00963057
         606    0.918456    0.806781  0.00961644
         607    0.919341    0.806967  0.00960239
         608    0.920189    0.807153   0.0095884
         609    0.921001     0.80734  0.00957448
         610    0.921778    0.807528  0.00956062
         611    0.922519    0.807716  0.00954683
         612    0.923224    0.807904  0.00953309
         613    0.923893    0.808094  0.00951942
         614    0.924527    0.808283   0.0095058
         615    0.925126    0.808473  0.00949224
         616    0.925691    0.808664  0.00947874
         617    0.926222    0.808854  0.00946529
         618    0.926719    0.809045   0.0094519
         619    0.927181    0.809236  0.00943856
         620    0.927611    0.809427  0.00942526
         621    0.928008    0.809618  0.00941202
         622    0.928371    0.809809  0.00939882
         623      0.9287    0.809999  0.00938567
         624    0.928996     0.81019  0.00937257
         625    0.929259    0.810381  0.00935951
         626    0.929489    0.810571  0.00934649
         627    0.929687    0.810761  0.00933352
         628    0.929852     0.81095  0.00932058
         629    0.929985     0.81114  0.00930768
         630    0.930085    0.811328  0.00929482
         631    0.930155    0.811517    0.009282
         632    0.930192    0.811705  0.00926921
         633    0.930196    0.811892  0.00925646
         634    0.930168    0.812078  0.00924374
         635    0.930108    0.812264  0.00923105
         636    0.930015    0.812449  0.00921839
         637     0.92989    0.812634  0.00920577
         638    0.929734    0.812817  0.00919317
         639    0.929545       0.813  0.00918059
         640    0.929325    0.813182  0.00916805
         641    0.929071    0.813362  0.00915553
         642    0.928786    0.813542  0.00914303
         643     0.92847    0.813721  0.00913056
         644    0.928121    0.813899  0.00911811
         645    0.927739    0.814075  0.00910568
         646    0.927323     0.81425  0.00909327
         647    0.926873    0.814425  0.00908089
         648    0.926389    0.814597  0.00906851
         649    0.925872    0.814769  0.00905616
         650    0.925321    0.814939  0.00904383
         651    0.924736    0.815107  0.00903151
         652    0.924116    0.815275   0.0090192
         653    0.923462     0.81544  0.00900691
         654    0.922773    0.815604  0.00899464
         655    0.922051    0.815767  0.00898237
         656    0.921293    0.815928  0.00897012
         657    0.920502    0.816087  0.00895788
         658    0.919675    0.816244  0.00894565
         659    0.918814      0.8164  0.00893343
         660    0.917918    0.816554  0.00892122
         661    0.916988    0.816706  0.00890901
         662    0.916023    0.816856  0.00889682
         663    0.915024    0.817004  0.00888463
         664     0.91399     0.81715  0.00887245
         665    0.912924    0.817294  0.00886028
         666    0.911824    0.817436  0.00884811
         667    0.910692    0.817576  0.00883595
         668    0.909526    0.817713  0.00882379
         669     0.90833    0.817849  0.00881164
         670    0.907104    0.817982   0.0087995
         671    0.905848    0.818113  0.00878736
         672    0.904562    0.818242  0.00877523
         673    0.903249    0.818368   0.0087631
         674    0.901909    0.818492  0.00875097
         675    0.900545    0.818614  0.00873885
         676    0.899158    0.818733  0.00872673
         677    0.897747    0.818849  0.00871463
         678    0.896315    0.818964  0.00870252
         679    0.894863    0.819075  0.00869042
         680    0.893392    0.819185  0.00867833
         681    0.891904    0.819291  0.00866624
         682      0.8904    0.819396  0.00865416
         683    0.888883    0.819497  0.00864209
         684    0.887353    0.819597  0.00863002
         685    0.885814    0.819693  0.00861797
         686    0.884268    0.819787  0.00860592
         687    0.882716    0.819879  0.00859388
         688    0.881161    0.819968  0.00858185
         689    0.879604    0.820055  0.00856983
         690    0.878047    0.820139  0.00855782
         691    0.876493     0.82022  0.00854583
         692    0.874943    0.820299  0.00853384
         693    0.873398    0.820376  0.00852187
         694     0.87186     0.82045  0.00850992
         695    0.870331    0.820522  0.00849797
         696    0.868815    0.820591  0.00848605
         697    0.867314    0.820658  0.00847414
         698    0.865827    0.820723  0.00846224
         699    0.864356    0.820786  0.00845037
         700    0.862903    0.820846  0.00843851
         701    0.861468    0.820904  0.00842667
         702    0.860055    0.820959  0.00841485
         703    0.858662    0.821013  0.00840305
         704    0.857291    0.821065  0.00839128
         705    0.855944    0.821114  0.00837952
         706     0.85462    0.821162  0.00836778
         707    0.853322    0.821207  0.00835607
         708     0.85205    0.821251  0.00834438
         709    0.850804    0.821292  0.00833272
         710    0.849584    0.821332  0.00832108
         711     0.84839     0.82137  0.00830946
         712    0.847222    0.821406  0.00829787
         713    0.846081    0.821441   0.0082863
         714    0.844964    0.821474  0.00827476
         715    0.843871    0.821505  0.00826325
         716    0.842803    0.821535  0.00825176
         717    0.841758    0.821563   0.0082403
         718    0.840735     0.82159  0.00822887
         719    0.839735    0.821615  0.00821746
         720    0.838754    0.821639  0.00820608
         721    0.837794    0.821661  0.00819473
         722    0.836852    0.821682  0.00818341
         723    0.835928    0.821702  0.00817211
         724     0.83502    0.821721  0.00816085
         725    0.834127    0.821738  0.00814961
         726    0.833248    0.821754   0.0081384
         727     0.83238    0.821768  0.00812722
         728    0.831521    0.821782  0.00811607
         729    0.830669    0.821794  0.00810494
         730    0.829825    0.821805  0.00809385
         731    0.828985    0.821815  0.00808278
         732    0.828149    0.821823  0.00807174
         733    0.827313    0.821831  0.00806073
         734    0.826476    0.821837  0.00804975
         735    0.825637    0.821842   0.0080388
         736    0.824794    0.821846  0.00802788
         737    0.823947    0.821849  0.00801699
         738    0.823092    0.821851  0.00800613
         739    0.822229    0.821851  0.00799529
         740    0.821356    0.821851  0.00798449
         741    0.820471    0.821849  0.00797371
         742    0.819574    0.821846  0.00796297
         743    0.818663    0.821841  0.00795225
         744    0.817737    0.821836  0.00794157
         745    0.816793    0.821829  0.00793091
         746    0.815831    0.821821  0.00792028
         747    0.814852    0.821812  0.00790968
         748    0.813852    0.821801  0.00789912
         749    0.812832    0.821789  0.00788858
         750    0.811792    0.821776  0.00787807
         751    0.810729    0.821761   0.0078676
         752    0.809643    0.821745  0.00785715
         753    0.808534    0.821727  0.00784674
         754    0.807403    0.821708  0.00783635
         755    0.806248    0.821688    0.007826
         756    0.805069    0.821666  0.00781568
         757    0.803866    0.821642  0.00780539
         758     0.80264    0.821617  0.00779513
         759    0.801391    0.821591  0.00778491
         760    0.800117    0.821562  0.00777472
         761    0.798819    0.821533  0.00776456
         762    0.797497    0.821501  0.00775443
         763    0.796151    0.821468  0.00774434
         764    0.794783    0.821433  0.00773428
         765    0.793393    0.821396  0.00772426
         766    0.791981    0.821358  0.00771427
         767    0.790547    0.821318  0.00770432
         768    0.789094    0.821276   0.0076944
         769     0.78762    0.821232  0.00768452
         770    0.786129    0.821186  0.00767467
         771     0.78462    0.821139  0.00766487
         772    0.783095     0.82109   0.0076551
         773    0.781554    0.821038  0.00764536
         774        0.78    0.820985  0.00763567
         775    0.778433    0.820931  0.00762601
         776    0.776856    0.820874   0.0076164
         777    0.775271    0.820815  0.00760682
         778    0.773678    0.820754  0.00759729
         779     0.77208    0.820692  0.00758779
         780    0.770478    0.820628  0.00757834
         781    0.768874    0.820561  0.00756892
         782     0.76727    0.820493  0.00755955
         783    0.765668    0.820423  0.00755022
         784    0.764069    0.820351  0.00754093
         785    0.762474    0.820278  0.00753169
         786    0.760887    0.820202  0.00752248
         787    0.759309    0.820125  0.00751332
         788    0.757742    0.820045   0.0075042
         789    0.756187    0.819965  0.00749513
         790    0.754648    0.819882   0.0074861
         791    0.753127    0.819797  0.00747711
         792    0.751625    0.819711  0.00746816
         793    0.750144    0.819624  0.00745926
         794    0.748687    0.819534   0.0074504
         795    0.747255    0.819443  0.00744159
         796    0.745851    0.819351  0.00743281
         797    0.744476    0.819257  0.00742408
         798    0.743133    0.819162  0.00741539
         799    0.741826    0.819065  0.00740674
         800    0.740553    0.818967  0.00739813
         801     0.73932    0.818867  0.00738956
         802    0.738127    0.818767  0.00738103
         803    0.736976    0.818665  0.00737255
         804    0.735868    0.818562   0.0073641
         805    0.734805    0.818458  0.00735568
         806    0.733789    0.818353  0.00734731
         807    0.732822    0.818247  0.00733897
         808    0.731906     0.81814  0.00733066
         809    0.731042    0.818032  0.00732239
         810    0.730232    0.817924  0.00731415
         811    0.729478    0.817815  0.00730595
         812    0.728781    0.817705  0.00729777
         813    0.728142    0.817595  0.00728963
         814    0.727564    0.817484  0.00728151
         815    0.727049    0.817373  0.00727342
         816    0.726598    0.817262  0.00726536
         817     0.72621    0.817151  0.00725732
         818    0.725886    0.817039  0.00724931
         819    0.725627    0.816927  0.00724131
         820    0.725435    0.816816  0.00723334
         821    0.725309    0.816704  0.00722539
         822    0.725252    0.816593  0.00721746
         823    0.725264    0.816482  0.00720954
         824    0.725344    0.816372  0.00720164
         825    0.725494    0.816261  0.00719375
         826    0.725711    0.816152  0.00718588
         827    0.725998    0.816043  0.00717802
         828    0.726353    0.815934  0.00717017
         829    0.726776    0.815827  0.00716232
         830    0.727269     0.81572  0.00715449
         831     0.72783    0.815614  0.00714666
         832    0.728459     0.81551  0.00713884
         833    0.729155    0.815406  0.00713102
         834    0.729917    0.815304  0.00712321
         835    0.730745    0.815202   0.0071154
         836    0.731636    0.815102  0.00710759
         837    0.732591    0.815004  0.00709978
         838    0.733607    0.814907  0.00709197
         839    0.734684    0.814811  0.00708416
         840     0.73582    0.814717  0.00707635
         841    0.737014    0.814625  0.00706854
         842    0.738262    0.814534  0.00706073
         843    0.739563    0.814445  0.00705291
         844    0.740914    0.814358  0.00704509
         845    0.742313    0.814273  0.00703727
         846    0.743757    0.814189  0.00702945
         847    0.745244    0.814108  0.00702162
         848    0.746773    0.814028  0.00701379
         849     0.74834    0.813951  0.00700596
         850    0.749943    0.813876  0.00699812
         851    0.751578    0.813802  0.00699028
         852    0.753241    0.813731  0.00698243
         853     0.75493    0.813662  0.00697459
         854    0.756643    0.813596  0.00696674
         855    0.758376    0.813531  0.00695889
         856    0.760128    0.813469  0.00695104
         857    0.761893    0.813409  0.00694319
         858     0.76367    0.813351  0.00693534
         859    0.765455    0.813295  0.00692749
         860    0.767243    0.813241  0.00691964
         861    0.769033     0.81319   0.0069118
         862     0.77082    0.813141  0.00690395
         863    0.772603    0.813094  0.00689611
         864    0.774379    0.813049  0.00688828
         865    0.776144    0.813006  0.00688045
         866    0.777896    0.812966  0.00687262
         867    0.779632    0.812927   0.0068648
         868    0.781351    0.812891  0.00685699
         869    0.783048    0.812857  0.00684918
         870    0.784723    0.812824  0.00684139
         871    0.786373    0.812794   0.0068336
         872    0.787996    0.812765  0.00682582
         873    0.789591    0.812739  0.00681806
         874    0.791155    0.812714   0.0068103
         875    0.792687    0.812691  0.00680256
         876    0.794185     0.81267  0.00679482
         877    0.795647    0.812651   0.0067871
         878    0.797073    0.812633   0.0067794
         879     0.79846    0.812617   0.0067717
         880    0.799808    0.812602  0.00676402
         881    0.801116    0.812589  0.00675636
         882    0.802383    0.812578  0.00674871
         883    0.803607    0.812568  0.00674107
         884    0.804789    0.812559  0.00673345
         885    0.805927    0.812551  0.00672585
         886    0.807021    0.812545  0.00671826
         887    0.808073     0.81254  0.00671069
         888    0.809081    0.812536  0.00670313
         889    0.810044    0.812533  0.00669559
         890    0.810962    0.812532  0.00668807
         891    0.811835    0.812531  0.00668056
         892    0.812663    0.812531  0.00667307
         893    0.813445    0.812532   0.0066656
         894    0.814184    0.812534  0.00665814
         895    0.814878    0.812536  0.00665071
         896    0.815526     0.81254  0.00664328
         897     0.81613    0.812544  0.00663588
         898     0.81669    0.812548  0.00662849
         899    0.817207    0.812554  0.00662112
         900    0.817681    0.812559  0.00661377
         901    0.818112    0.812565  0.00660643
         902    0.818501    0.812572  0.00659911
         903    0.818847    0.812579   0.0065918
         904    0.819153    0.812586  0.00658452
         905    0.819418    0.812594  0.00657724
         906    0.819642    0.812602  0.00656999
         907    0.819827     0.81261  0.00656275
         908    0.819972    0.812618  0.00655553
         909    0.820079    0.812626  0.00654832
         910    0.820149    0.812634  0.00654113
         911    0.820182    0.812642  0.00653395
         912    0.820179    0.812651   0.0065268
         913    0.820141    0.812659  0.00651965
         914     0.82007    0.812667  0.00651252
         915    0.819964    0.812675  0.00650541
         916    0.819828    0.812683  0.00649831
         917     0.81966     0.81269  0.00649123
         918    0.819463    0.812698  0.00648417
         919    0.819236    0.812705  0.00647711
         920    0.818981    0.812712  0.00647008
         921    0.818698    0.812718  0.00646305
         922     0.81839    0.812724  0.00645605
         923    0.818058     0.81273  0.00644906
         924    0.817702    0.812736  0.00644208
         925    0.817324     0.81274  0.00643512
         926    0.816925    0.812745  0.00642817
         927    0.816506    0.812749  0.00642124
         928    0.816068    0.812753  0.00641432
         929    0.815613    0.812756  0.00640741
         930    0.815144    0.812758  0.00640052
         931    0.814659     0.81276  0.00639365
         932    0.814161    0.812762  0.00638679
         933    0.813651    0.812763  0.00637994
         934    0.813129    0.812763  0.00637311
         935    0.812597    0.812763   0.0063663
         936    0.812057    0.812762   0.0063595
         937    0.811509    0.812761  0.00635271
         938    0.810955    0.812759  0.00634594
         939    0.810398    0.812756  0.00633918
         940    0.809838    0.812753  0.00633244
         941    0.809276     0.81275  0.00632571
         942    0.808712    0.812745  0.00631899
         943    0.808148     0.81274  0.00631229
         944    0.807585    0.812735  0.00630561
         945    0.807023    0.812729  0.00629894
         946    0.806465    0.812722  0.00629229
         947    0.805912    0.812715  0.00628564
         948    0.805363    0.812707  0.00627902
         949     0.80482    0.812699  0.00627241
         950    0.804284     0.81269  0.00626581
         951    0.803755    0.812681  0.00625923
         952    0.803233    0.812671  0.00625266
         953    0.802719     0.81266  0.00624611
         954    0.802216     0.81265  0.00623957
         955    0.801721    0.812638  0.00623305
         956    0.801236    0.812626  0.00622654
         957     0.80076    0.812614  0.00622005
         958    0.800293    0.812601  0.00621357
         959    0.799836    0.812588   0.0062071
         960    0.799388    0.812574  0.00620065
         961    0.798951     0.81256  0.00619422
         962    0.798526    0.812545   0.0061878
         963    0.798112     0.81253  0.00618139
         964    0.797708    0.812515  0.00617499
         965    0.797314    0.812499  0.00616862
         966    0.796929    0.812483  0.00616225
         967    0.796553    0.812466   0.0061559
         968    0.796188     0.81245  0.00614956
         969    0.795832    0.812432  0.00614324
         970    0.795485    0.812415  0.00613693
         971    0.795148    0.812397  0.00613064
         972     0.79482    0.812379  0.00612436
         973    0.794501    0.812361  0.00611809
         974     0.79419    0.812342  0.00611184
         975    0.793887    0.812323   0.0061056
         976    0.793592    0.812304  0.00609937
         977    0.793304    0.812284  0.00609316
         978    0.793023    0.812265  0.00608696
         979    0.792749    0.812245  0.00608078
         980    0.792482    0.812225  0.00607461
         981    0.792221    0.812204  0.00606845
         982    0.791966    0.812184   0.0060623
         983    0.791717    0.812163  0.00605617
         984    0.791474    0.812142  0.00605005
         985    0.791238    0.812121  0.00604395
         986    0.791008    0.812099  0.00603786
         987    0.790785    0.812078  0.00603178
         988    0.790567    0.812056  0.00602571
         989    0.790356    0.812034  0.00601966
         990    0.790151    0.812012  0.00601362
         991    0.789953     0.81199  0.00600759
         992    0.789762    0.811967  0.00600158
         993    0.789578    0.811945  0.00599558
         994    0.789401    0.811922  0.00598959
         995    0.789232    0.811899  0.00598361
         996    0.789072    0.811876  0.00597765
         997    0.788919    0.811853   0.0059717
         998    0.788775     0.81183  0.00596576
         999    0.788641    0.811807  0.00595983
        1000    0.788517    0.811784  0.00595392
        1001    0.788402     0.81176  0.00594802
        1002    0.788299    0.811737  0.00594213
        1003    0.788207    0.811713  0.00593625
        1004    0.788127     0.81169  0.00593038
        1005    0.788061    0.811666  0.00592453
        1006    0.788008    0.811643  0.00591868
        1007    0.787969    0.811619  0.00591285
        1008    0.787944    0.811596  0.00590703
        1009    0.787935    0.811572  0.00590123
        1010    0.787944    0.811549  0.00589543
        1011    0.787969    0.811526  0.00588965
        1012    0.788013    0.811502  0.00588387
        1013    0.788077    0.811479  0.00587811
        1014     0.78816    0.811456  0.00587236
        1015    0.788263    0.811433  0.00586662
        1016    0.788388    0.811411  0.00586089
        1017    0.788536    0.811388  0.00585517
        1018    0.788707    0.811366  0.00584946
        1019    0.788902    0.811344  0.00584376
        1020    0.789123    0.811322  0.00583807
        1021    0.789371    0.811301  0.00583239
        1022    0.789646    0.811279  0.00582672
        1023    0.789949    0.811259  0.00582106
        1024    0.790279    0.811238  0.00581541
        1025    0.790637    0.811218  0.00580978
        1026    0.791023    0.811198  0.00580415
        1027    0.791439    0.811179  0.00579853
        1028    0.791885     0.81116  0.00579292
        1029    0.792361    0.811142  0.00578732
        1030    0.792868    0.811124  0.00578172
        1031    0.793403    0.811107  0.00577614
        1032    0.793968     0.81109  0.00577057
        1033    0.794562    0.811074  0.00576501
        1034    0.795185    0.811059  0.00575945
        1035    0.795834    0.811044   0.0057539
        1036    0.796511     0.81103  0.00574837
        1037    0.797213    0.811017  0.00574284
        1038     0.79794    0.811004  0.00573732
        1039    0.798693    0.810993  0.00573181
        1040    0.799469    0.810982  0.00572631
        1041    0.800266    0.810971  0.00572082
        1042    0.801083    0.810962  0.00571534
        1043     0.80192    0.810953  0.00570986
        1044    0.802774    0.810945   0.0057044
        1045    0.803645    0.810938  0.00569894
        1046    0.804528    0.810932   0.0056935
        1047    0.805422    0.810927  0.00568806
        1048    0.806326    0.810922  0.00568264
        1049    0.807237    0.810919  0.00567722
        1050    0.808153    0.810916  0.00567182
        1051    0.809071    0.810915  0.00566642
        1052    0.809991    0.810914  0.00566103
        1053    0.810909    0.810914  0.00565566
        1054    0.811824    0.810915  0.00565029
        1055    0.812731    0.810916  0.00564494
        1056    0.813628    0.810919  0.00563959
        1057    0.814514    0.810922  0.00563426
        1058    0.815385    0.810926  0.00562893
        1059    0.816239    0.810931  0.00562362
        1060    0.817073    0.810937  0.00561832
        1061    0.817887    0.810944  0.00561303
        1062    0.818678    0.810951  0.00560775
        1063    0.819442    0.810959  0.00560248
        1064    0.820179    0.810968  0.00559722
        1065    0.820887    0.810977  0.00559197
        1066    0.821564    0.810987  0.00558673
        1067    0.822206    0.810998  0.00558151
        1068    0.822813    0.811009  0.00557629
        1069    0.823381     0.81102  0.00557109
        1070     0.82391    0.811032  0.00556589
        1071    0.824399    0.811045  0.00556071
        1072    0.824845    0.811058  0.00555554
        1073    0.825246    0.811071  0.00555038
        1074    0.825603    0.811084  0.00554522
        1075    0.825913    0.811098  0.00554008
        1076    0.826176    0.811112  0.00553495
        1077    0.826391    0.811126  0.00552983
        1078    0.826557    0.811141  0.00552472
        1079    0.826672    0.811155  0.00551962
        1080    0.826737    0.811169  0.00551453
        1081    0.826749    0.811184  0.00550944
        1082    0.826709    0.811198  0.00550437
        1083    0.826617    0.811212  0.00549931
        1084    0.826473    0.811227  0.00549425
        1085    0.826277     0.81124  0.00548921
        1086    0.826027    0.811254  0.00548417
        1087    0.825725    0.811267  0.00547914
        1088     0.82537     0.81128  0.00547412
        1089    0.824962    0.811293  0.00546911
        1090    0.824501    0.811305   0.0054641
        1091    0.823989    0.811317  0.00545911
        1092    0.823424    0.811328  0.00545412
        1093    0.822806    0.811338  0.00544914
        1094    0.822138    0.811348  0.00544417
        1095    0.821419    0.811357   0.0054392
        1096     0.82065    0.811366  0.00543425
        1097    0.819833    0.811373   0.0054293
        1098     0.81897     0.81138  0.00542436
        1099     0.81806    0.811386  0.00541942
        1100    0.817105    0.811392   0.0054145
        1101    0.816106    0.811396  0.00540958
        1102    0.815064    0.811399  0.00540468
        1103     0.81398    0.811402  0.00539978
        1104    0.812857    0.811403  0.00539489
        1105    0.811693    0.811403     0.00539
        1106    0.810493    0.811402  0.00538513
        1107    0.809257      0.8114  0.00538027
        1108    0.807987    0.811397  0.00537541
        1109    0.806687    0.811393  0.00537057
        1110    0.805356    0.811388  0.00536573
        1111    0.803997    0.811381   0.0053609
        1112    0.802614    0.811373  0.00535609
        1113    0.801207    0.811364  0.00535129
        1114    0.799778    0.811354  0.00534649
        1115    0.798331    0.811342  0.00534171
        1116    0.796867    0.811329  0.00533694
        1117     0.79539    0.811315  0.00533218
        1118    0.793901    0.811299  0.00532743
        1119    0.792403    0.811282   0.0053227
        1120    0.790898    0.811264  0.00531798
        1121    0.789389    0.811244  0.00531327
        1122    0.787878    0.811224  0.00530857
        1123    0.786368    0.811201  0.00530389
        1124    0.784863    0.811178  0.00529923
        1125    0.783365    0.811153  0.00529457
        1126    0.781878    0.811127  0.00528994
        1127    0.780404      0.8111  0.00528531
        1128    0.778945    0.811072   0.0052807
        1129    0.777505    0.811042  0.00527611
        1130    0.776088    0.811011  0.00527153
        1131    0.774696    0.810979  0.00526697
        1132    0.773332    0.810946  0.00526242
        1133       0.772    0.810911  0.00525789
        1134    0.770701    0.810876  0.00525337
        1135    0.769439    0.810839  0.00524887
        1136    0.768216    0.810802  0.00524438
        1137    0.767035    0.810763  0.00523991
        1138    0.765898    0.810724  0.00523546
        1139    0.764811    0.810683  0.00523101
        1140    0.763775    0.810642  0.00522659
        1141    0.762792      0.8106  0.00522217
        1142    0.761866    0.810558  0.00521778
        1143    0.760997    0.810514  0.00521339
        1144    0.760188     0.81047  0.00520902
        1145    0.759442    0.810426  0.00520466
        1146    0.758761    0.810381  0.00520031
        1147    0.758147    0.810335  0.00519598
        1148    0.757602    0.810289  0.00519166
        1149    0.757127    0.810243  0.00518735
        1150    0.756725    0.810196  0.00518304
        1151    0.756397     0.81015  0.00517875
        1152    0.756145    0.810103  0.00517447
        1153     0.75597    0.810056  0.00517019
        1154    0.755873    0.810009  0.00516593
        1155    0.755854    0.809962  0.00516167
        1156    0.755916    0.809915  0.00515741
        1157    0.756057    0.809869  0.00515316
        1158    0.756279    0.809822  0.00514892
        1159    0.756582    0.809776  0.00514469
        1160    0.756966    0.809731  0.00514045
        1161    0.757432    0.809686  0.00513622
        1162    0.757979    0.809641  0.00513199
        1163    0.758606    0.809598  0.00512777
        1164    0.759314    0.809554  0.00512355
        1165    0.760102    0.809512  0.00511932
        1166    0.760968     0.80947   0.0051151
        1167    0.761913     0.80943  0.00511088
        1168    0.762935     0.80939  0.00510666
        1169    0.764033    0.809351  0.00510244
        1170    0.765205    0.809313  0.00509822
        1171     0.76645    0.809277    0.005094
        1172    0.767767    0.809241  0.00508977
        1173    0.769153    0.809207  0.00508555
        1174    0.770607    0.809174  0.00508132
        1175    0.772127    0.809143   0.0050771
        1176    0.773711    0.809112  0.00507287
        1177    0.775356    0.809084  0.00506864
        1178    0.777061    0.809057  0.00506441
        1179    0.778822    0.809031  0.00506018
        1180    0.780637    0.809007  0.00505595
        1181    0.782503    0.808984  0.00505172
        1182    0.784418    0.808964  0.00504749
        1183    0.786379    0.808945  0.00504325
        1184    0.788383    0.808927  0.00503902
        1185    0.790426    0.808912   0.0050348
        1186    0.792507    0.808898  0.00503057
        1187     0.79462    0.808886  0.00502635
        1188    0.796765    0.808876  0.00502213
        1189    0.798939    0.808867  0.00501791
        1190    0.801138    0.808861   0.0050137
        1191    0.803359    0.808856  0.00500949
        1192    0.805599    0.808853  0.00500529
        1193    0.807854    0.808852  0.00500109
        1194     0.81012    0.808854   0.0049969
        1195    0.812395    0.808856  0.00499272
        1196    0.814676    0.808861  0.00498855
        1197    0.816959    0.808868  0.00498439
        1198    0.819242    0.808877  0.00498023
        1199    0.821522    0.808887  0.00497609
        1200    0.823794      0.8089  0.00497196
        1201    0.826056    0.808914  0.00496784
        1202    0.828305     0.80893  0.00496374
        1203    0.830539    0.808948  0.00495964
        1204    0.832754    0.808968  0.00495556
        1205    0.834949    0.808989   0.0049515
        1206    0.837119    0.809013  0.00494745
        1207    0.839261    0.809038  0.00494341
        1208    0.841374    0.809065  0.00493939
        1209    0.843455    0.809093  0.00493539
        1210      0.8455    0.809123   0.0049314
        1211    0.847507    0.809155  0.00492743
        1212    0.849473    0.809188  0.00492348
        1213    0.851395    0.809223  0.00491954
        1214    0.853273    0.809259  0.00491562
        1215    0.855102    0.809297  0.00491172
        1216    0.856883    0.809336  0.00490784
        1217    0.858612    0.809377  0.00490397
        1218    0.860287    0.809418  0.00490012
        1219    0.861906    0.809461  0.00489629
        1220     0.86347    0.809506  0.00489248
        1221    0.864976    0.809551  0.00488868
        1222    0.866421    0.809598   0.0048849
        1223    0.867806    0.809645  0.00488114
        1224    0.869128    0.809694   0.0048774
        1225    0.870388    0.809743  0.00487367
        1226    0.871582    0.809794  0.00486995
        1227    0.872711    0.809845  0.00486625
        1228    0.873772    0.809897  0.00486257
        1229    0.874767     0.80995   0.0048589
        1230    0.875696    0.810003  0.00485524
        1231    0.876558    0.810057   0.0048516
        1232    0.877354    0.810112  0.00484797
        1233    0.878082    0.810167  0.00484435
        1234    0.878744    0.810223  0.00484074
        1235    0.879339    0.810279  0.00483715
        1236    0.879868    0.810335  0.00483356
        1237    0.880333    0.810392  0.00482998
        1238    0.880732    0.810448  0.00482642
        1239    0.881068    0.810505  0.00482286
        1240     0.88134    0.810563  0.00481931
        1241    0.881551     0.81062  0.00481576
        1242    0.881702    0.810677  0.00481223
        1243    0.881794    0.810734  0.00480869
        1244    0.881832    0.810791  0.00480517
        1245    0.881816    0.810848  0.00480165
        1246    0.881747    0.810905  0.00479813
        1247    0.881627    0.810962  0.00479462
        1248     0.88146    0.811019  0.00479111
        1249    0.881248    0.811075   0.0047876
        1250    0.880992    0.811131   0.0047841
        1251    0.880697    0.811186   0.0047806
        1252    0.880365    0.811242   0.0047771
        1253    0.879998    0.811296   0.0047736
        1254      0.8796    0.811351  0.00477011
        1255    0.879171    0.811405  0.00476661
        1256    0.878717    0.811459  0.00476312
        1257    0.878238    0.811512  0.00475963
        1258    0.877739    0.811564  0.00475613
        1259    0.877222    0.811616  0.00475264
        1260    0.876692    0.811668  0.00474915
        1261    0.876151    0.811719  0.00474566
        1262    0.875602     0.81177  0.00474217
        1263    0.875049     0.81182  0.00473868
        1264    0.874496     0.81187  0.00473519
        1265    0.873945    0.811919   0.0047317
        1266    0.873398    0.811967  0.00472821
        1267    0.872859    0.812015  0.00472472
        1268     0.87233    0.812063  0.00472124
        1269    0.871813     0.81211  0.00471775
        1270    0.871312    0.812156  0.00471427
        1271     0.87083    0.812203  0.00471078
        1272    0.870369    0.812248   0.0047073
        1273     0.86993    0.812294  0.00470382
        1274    0.869515    0.812339  0.00470035
        1275    0.869131    0.812383  0.00469687
        1276    0.868778    0.812427   0.0046934
        1277    0.868456    0.812471  0.00468993
        1278    0.868167    0.812515  0.00468646
        1279    0.867914    0.812558    0.004683
        1280    0.867698    0.812601  0.00467953
        1281    0.867523    0.812644  0.00467608
        1282    0.867388    0.812687  0.00467263
        1283    0.867294    0.812729  0.00466918
        1284    0.867244    0.812772  0.00466573
        1285    0.867237    0.812814   0.0046623
        1286    0.867275    0.812857  0.00465886
        1287    0.867357    0.812899  0.00465543
        1288    0.867484    0.812941  0.00465201
        1289    0.867657    0.812984   0.0046486
        1290    0.867877    0.813026  0.00464519
        1291    0.868144    0.813069  0.00464179
        1292    0.868456    0.813112  0.00463839
        1293    0.868814    0.813155  0.00463501
        1294    0.869217    0.813198  0.00463163
        1295    0.869664    0.813242  0.00462825
        1296    0.870156    0.813286  0.00462489
        1297    0.870691     0.81333  0.00462154
        1298    0.871269    0.813375  0.00461819
        1299    0.871889     0.81342  0.00461486
        1300    0.872552    0.813465  0.00461153
        1301    0.873253    0.813511  0.00460822
        1302    0.873992    0.813558  0.00460491
        1303    0.874768    0.813605  0.00460162
        1304    0.875577    0.813652  0.00459833
        1305    0.876419      0.8137  0.00459506
        1306    0.877291    0.813749   0.0045918
        1307    0.878191    0.813798  0.00458855
        1308    0.879116    0.813848  0.00458532
        1309    0.880065    0.813899  0.00458209
        1310    0.881035     0.81395  0.00457888
        1311    0.882024    0.814002  0.00457568
        1312    0.883029    0.814054   0.0045725
        1313    0.884046    0.814108  0.00456933
        1314    0.885073    0.814162  0.00456617
        1315    0.886108    0.814217  0.00456302
        1316    0.887148    0.814272  0.00455989
        1317     0.88819    0.814328  0.00455677
        1318    0.889232    0.814385  0.00455367
        1319    0.890269    0.814442  0.00455058
        1320      0.8913    0.814501  0.00454751
        1321    0.892322     0.81456  0.00454445
        1322    0.893332    0.814619   0.0045414
        1323    0.894328    0.814679  0.00453837
        1324    0.895306     0.81474  0.00453535
        1325    0.896264    0.814802  0.00453234
        1326    0.897198    0.814864  0.00452935
        1327    0.898107    0.814927  0.00452637
        1328    0.898986     0.81499  0.00452341
        1329    0.899835    0.815054  0.00452045
        1330    0.900651    0.815118  0.00451751
        1331    0.901431    0.815183  0.00451458
        1332    0.902172    0.815248  0.00451167
        1333    0.902874    0.815314  0.00450876
        1334    0.903534     0.81538  0.00450587
        1335    0.904152    0.815447  0.00450298
        1336    0.904723    0.815514  0.00450011
        1337    0.905245    0.815581  0.00449724
        1338    0.905718    0.815648  0.00449438
        1339     0.90614    0.815716  0.00449154
        1340    0.906508    0.815783  0.00448869
        1341    0.906822    0.815851  0.00448586
        1342    0.907081    0.815919  0.00448303
        1343    0.907283    0.815987  0.00448021
        1344    0.907427    0.816055  0.00447739
        1345    0.907512    0.816123  0.00447458
        1346    0.907537    0.816191  0.00447177
        1347      0.9075    0.816259  0.00446897
        1348    0.907403    0.816327  0.00446616
        1349    0.907243    0.816394  0.00446336
        1350    0.907023    0.816461  0.00446056
        1351     0.90674    0.816528  0.00445776
        1352    0.906393    0.816594  0.00445496
        1353    0.905983     0.81666  0.00445215
        1354    0.905509    0.816726  0.00444935
        1355    0.904971    0.816791  0.00444654
        1356    0.904369    0.816856  0.00444373
        1357    0.903703     0.81692  0.00444092
        1358    0.902974    0.816983   0.0044381
        1359    0.902181    0.817046  0.00443528
        1360    0.901326    0.817108  0.00443245
        1361    0.900408    0.817169  0.00442961
        1362    0.899428    0.817229  0.00442677
        1363    0.898387    0.817289  0.00442393
        1364    0.897284    0.817348  0.00442107
        1365    0.896123    0.817405  0.00441821
        1366    0.894902    0.817462  0.00441534
        1367    0.893623    0.817518  0.00441246
        1368    0.892286    0.817572  0.00440957
        1369    0.890893    0.817626  0.00440668
        1370    0.889445    0.817678  0.00440377
        1371    0.887943     0.81773  0.00440086
        1372    0.886388     0.81778  0.00439794
        1373     0.88478    0.817829    0.004395
        1374    0.883121    0.817876  0.00439206
        1375     0.88141    0.817922  0.00438911
        1376    0.879651    0.817967  0.00438615
        1377    0.877843    0.818011  0.00438318
        1378     0.87599    0.818053   0.0043802
        1379    0.874093    0.818093  0.00437721
        1380    0.872152    0.818132  0.00437422
        1381    0.870168     0.81817  0.00437121
        1382    0.868144    0.818206   0.0043682
        1383    0.866082    0.818241  0.00436518
        1384    0.863984    0.818274  0.00436215
        1385    0.861849    0.818305  0.00435911
        1386    0.859681    0.818335  0.00435607
        1387     0.85748    0.818364  0.00435302
        1388    0.855248     0.81839  0.00434997
        1389    0.852985    0.818415   0.0043469
        1390    0.850693    0.818438  0.00434384
        1391    0.848375     0.81846  0.00434077
        1392    0.846032     0.81848   0.0043377
        1393    0.843665    0.818498  0.00433462
        1394    0.841278    0.818514  0.00433154
        1395     0.83887    0.818529  0.00432846
        1396    0.836445    0.818541  0.00432538
        1397    0.834003    0.818552   0.0043223
        1398    0.831546    0.818562  0.00431922
        1399    0.829077    0.818569  0.00431614
        1400    0.826595    0.818575  0.00431306
        1401    0.824103    0.818579  0.00430998
        1402    0.821603    0.818581  0.00430691
        1403    0.819097    0.818581  0.00430384
        1404    0.816587     0.81858  0.00430077
        1405    0.814074    0.818577  0.00429771
        1406    0.811559    0.818572  0.00429466
        1407    0.809044    0.818565  0.00429161
        1408    0.806531    0.818557  0.00428857
        1409    0.804021    0.818546  0.00428554
        1410    0.801517    0.818534  0.00428252
        1411    0.799019     0.81852   0.0042795
        1412     0.79653    0.818505   0.0042765
        1413     0.79405    0.818487  0.00427351
        1414    0.791583    0.818468  0.00427053
        1415    0.789128    0.818448  0.00426756
        1416     0.78669    0.818425  0.00426461
        1417    0.784267    0.818401  0.00426167
        1418    0.781864    0.818375  0.00425874
        1419    0.779481    0.818348  0.00425583
        1420     0.77712    0.818319  0.00425293
        1421    0.774784    0.818288  0.00425005
        1422    0.772474    0.818256  0.00424718
        1423    0.770192    0.818222  0.00424433
        1424    0.767938    0.818187  0.00424149
        1425    0.765714     0.81815  0.00423868
        1426    0.763521    0.818112  0.00423588
        1427    0.761361    0.818072   0.0042331
        1428    0.759235    0.818031  0.00423033
        1429    0.757145    0.817988  0.00422759
        1430    0.755094    0.817944  0.00422486
        1431    0.753084    0.817899  0.00422215
        1432    0.751115    0.817852  0.00421946
        1433    0.749189    0.817804  0.00421679
        1434    0.747308    0.817755  0.00421413
        1435    0.745473    0.817705   0.0042115
        1436    0.743685    0.817653  0.00420888
        1437    0.741945    0.817601  0.00420628
        1438    0.740256    0.817547   0.0042037
        1439    0.738619    0.817492  0.00420114
        1440    0.737035    0.817436  0.00419859
        1441    0.735505    0.817379  0.00419606
        1442     0.73403    0.817321  0.00419355
        1443    0.732611    0.817263  0.00419105
        1444    0.731251    0.817203  0.00418858
        1445     0.72995    0.817143  0.00418611
        1446     0.72871    0.817082  0.00418366
        1447     0.72753     0.81702  0.00418123
        1448    0.726412    0.816957  0.00417881
        1449    0.725357    0.816894   0.0041764
        1450    0.724366     0.81683  0.00417401
        1451     0.72344    0.816766  0.00417163
        1452    0.722578    0.816701  0.00416926
        1453    0.721782    0.816636  0.00416691
        1454    0.721053     0.81657  0.00416456
        1455    0.720391    0.816504  0.00416222
        1456    0.719796    0.816437  0.00415989
        1457    0.719269    0.816371  0.00415757
        1458     0.71881    0.816304  0.00415526
        1459    0.718419    0.816237  0.00415295
        1460    0.718096    0.816169  0.00415065
        1461    0.717841    0.816102  0.00414836
        1462    0.717654    0.816035  0.00414606
        1463    0.717534    0.815967  0.00414378
        1464    0.717482      0.8159  0.00414149
        1465    0.717496    0.815833  0.00413921
        1466    0.717578    0.815766  0.00413693
        1467    0.717727    0.815699  0.00413465
        1468    0.717941    0.815633  0.00413237
        1469     0.71822    0.815566  0.00413009
        1470    0.718564      0.8155  0.00412781
        1471    0.718971    0.815435  0.00412552
        1472     0.71944    0.815369  0.00412323
        1473    0.719972    0.815305  0.00412094
        1474    0.720564     0.81524  0.00411865
        1475    0.721217    0.815177  0.00411635
        1476    0.721928    0.815113  0.00411405
        1477      0.7227    0.815051  0.00411174
        1478    0.723528    0.814989  0.00410942
        1479    0.724412    0.814928   0.0041071
        1480     0.72535    0.814867  0.00410477
        1481    0.726341    0.814807  0.00410243
        1482    0.727383    0.814748  0.00410009
        1483    0.728476     0.81469  0.00409774
        1484    0.729619    0.814633  0.00409538
        1485    0.730809    0.814577  0.00409301
        1486    0.732046    0.814521  0.00409063
        1487    0.733327    0.814466  0.00408824
        1488    0.734652    0.814413  0.00408585
        1489    0.736019     0.81436  0.00408344
        1490    0.737426    0.814308  0.00408103
        1491    0.738872    0.814258  0.00407861
        1492    0.740356    0.814208  0.00407617
        1493    0.741876     0.81416  0.00407373
        1494    0.743432    0.814113  0.00407128
        1495    0.745021    0.814066  0.00406882
        1496    0.746644    0.814021  0.00406635
        1497    0.748299    0.813977  0.00406387
        1498    0.749985    0.813935  0.00406138
        1499    0.751699    0.813893  0.00405888
        1500     0.75344    0.813853  0.00405638
        1501    0.755208    0.813814  0.00405386
        1502    0.757001    0.813776  0.00405134
        1503    0.758818    0.813739  0.00404881
        1504    0.760658    0.813704  0.00404627
        1505    0.762519     0.81367  0.00404373
        1506    0.764399    0.813637  0.00404117
        1507    0.766298    0.813606  0.00403861
        1508    0.768215    0.813576  0.00403605
        1509    0.770148    0.813547  0.00403347
        1510    0.772097     0.81352   0.0040309
        1511     0.77406    0.813493  0.00402831
        1512    0.776036    0.813469  0.00402573
        1513    0.778023    0.813445  0.00402313
        1514    0.780018    0.813423  0.00402054
        1515    0.782021    0.813402  0.00401794
        1516    0.784031    0.813383  0.00401533
        1517    0.786046    0.813365  0.00401273
        1518    0.788064    0.813348  0.00401012
        1519    0.790085    0.813333  0.00400751
        1520    0.792106    0.813319  0.00400489
        1521    0.794126    0.813307  0.00400228
        1522    0.796144    0.813295  0.00399967
        1523     0.79816    0.813285  0.00399705
        1524    0.800171    0.813277  0.00399444
        1525    0.802174    0.813269  0.00399183
        1526    0.804168    0.813263  0.00398922
        1527    0.806152    0.813259  0.00398661
        1528    0.808123    0.813255    0.003984
        1529    0.810079    0.813253  0.00398139
        1530    0.812019    0.813253  0.00397879
        1531    0.813941    0.813253  0.00397619
        1532    0.815844    0.813255   0.0039736
        1533    0.817725    0.813258  0.00397101
        1534    0.819583    0.813262  0.00396842
        1535    0.821417    0.813267  0.00396584
        1536    0.823225    0.813274  0.00396326
        1537    0.825005    0.813281  0.00396069
        1538    0.826755     0.81329  0.00395813
        1539    0.828473      0.8133  0.00395557
        1540    0.830158    0.813311  0.00395301
        1541    0.831809    0.813323  0.00395047
        1542    0.833424    0.813336  0.00394792
        1543    0.835001     0.81335  0.00394539
        1544     0.83654    0.813365  0.00394286
        1545    0.838037    0.813381  0.00394034
        1546    0.839492    0.813398  0.00393783
        1547    0.840905    0.813415  0.00393533
        1548    0.842274    0.813434  0.00393283
        1549    0.843598    0.813454  0.00393034
        1550    0.844874    0.813474  0.00392785
        1551    0.846103    0.813495  0.00392538
        1552    0.847284    0.813517  0.00392291
        1553    0.848417    0.813539  0.00392045
        1554    0.849499    0.813562  0.00391799
        1555     0.85053    0.813586  0.00391555
        1556    0.851507     0.81361  0.00391311
        1557     0.85243    0.813635  0.00391067
        1558      0.8533    0.813661  0.00390824
        1559    0.854115    0.813687  0.00390582
        1560    0.854874    0.813713  0.00390341
        1561    0.855578     0.81374    0.003901
        1562    0.856225    0.813767   0.0038986
        1563    0.856814    0.813795   0.0038962
        1564    0.857346    0.813823  0.00389381
        1565    0.857821    0.813851  0.00389142
        1566    0.858238    0.813879  0.00388904
        1567    0.858599    0.813908  0.00388666
        1568    0.858902    0.813936  0.00388429
        1569    0.859149    0.813965  0.00388192
        1570    0.859339    0.813994  0.00387956
        1571    0.859471    0.814023   0.0038772
        1572    0.859545    0.814052  0.00387484
        1573    0.859562    0.814081  0.00387248
        1574    0.859524     0.81411  0.00387013
        1575     0.85943    0.814138  0.00386778
        1576    0.859281    0.814167  0.00386543
        1577    0.859079    0.814196  0.00386309
        1578    0.858822    0.814224  0.00386074
        1579    0.858511    0.814252   0.0038584
        1580    0.858146     0.81428  0.00385606
        1581    0.857728    0.814307  0.00385371
        1582    0.857259    0.814334  0.00385137
        1583    0.856739    0.814361  0.00384903
        1584     0.85617    0.814388  0.00384669
        1585    0.855552    0.814413  0.00384436
        1586    0.854887    0.814439  0.00384202
        1587    0.854175    0.814464  0.00383968
        1588    0.853416    0.814489  0.00383734
        1589    0.852613    0.814513    0.003835
        1590    0.851765    0.814536  0.00383266
        1591    0.850876    0.814559  0.00383032
        1592    0.849946    0.814581  0.00382797
        1593    0.848978    0.814603  0.00382563
        1594    0.847973    0.814624  0.00382329
        1595    0.846932    0.814644  0.00382095
        1596    0.845858    0.814663   0.0038186
        1597     0.84475    0.814682  0.00381626
        1598     0.84361      0.8147  0.00381391
        1599     0.84244    0.814718  0.00381157
        1600    0.841241    0.814734  0.00380922
        1601    0.840015     0.81475  0.00380687
        1602    0.838765    0.814765  0.00380453
        1603    0.837491    0.814779  0.00380218
        1604    0.836196    0.814793  0.00379983
        1605     0.83488    0.814805  0.00379749
        1606    0.833547    0.814817  0.00379514
        1607    0.832198    0.814828  0.00379279
        1608    0.830835    0.814838  0.00379045
        1609     0.82946    0.814847   0.0037881
        1610    0.828077    0.814855  0.00378576
        1611    0.826685    0.814862  0.00378342
        1612    0.825288    0.814869  0.00378107
        1613    0.823888    0.814874  0.00377873
        1614    0.822486    0.814879   0.0037764
        1615    0.821086    0.814883  0.00377406
        1616    0.819689    0.814886  0.00377173
        1617    0.818298    0.814888  0.00376939
        1618    0.816916    0.814889  0.00376706
        1619    0.815543     0.81489  0.00376474
        1620     0.81418    0.814889  0.00376241
        1621     0.81283    0.814888  0.00376009
        1622    0.811494    0.814886  0.00375778
        1623    0.810175    0.814883  0.00375546
        1624    0.808873    0.814879  0.00375315
        1625    0.807591    0.814875  0.00375084
        1626    0.806332    0.814869  0.00374854
        1627    0.805096    0.814863  0.00374624
        1628    0.803886    0.814857  0.00374395
        1629    0.802703    0.814849  0.00374166
        1630     0.80155    0.814841  0.00373937
        1631    0.800428    0.814832  0.00373709
        1632    0.799339    0.814823  0.00373481
        1633    0.798285    0.814813  0.00373254
        1634    0.797267    0.814802  0.00373027
        1635    0.796288    0.814791    0.003728
        1636    0.795349    0.814779  0.00372574
        1637    0.794451    0.814766  0.00372349
        1638    0.793597    0.814753  0.00372124
        1639    0.792788     0.81474  0.00371899
        1640    0.792025    0.814726  0.00371675
        1641    0.791309    0.814712  0.00371451
        1642    0.790643    0.814697  0.00371228
        1643    0.790027    0.814682  0.00371005
        1644    0.789463    0.814667  0.00370782
        1645    0.788952    0.814651   0.0037056
        1646    0.788495    0.814635  0.00370338
        1647    0.788093    0.814619  0.00370117
        1648    0.787747    0.814603  0.00369896
        1649    0.787457    0.814586  0.00369676
        1650    0.787225     0.81457  0.00369455
        1651     0.78705    0.814553  0.00369235
        1652    0.786934    0.814536  0.00369015
        1653    0.786877     0.81452  0.00368796
        1654     0.78688    0.814503  0.00368577
        1655    0.786941    0.814486  0.00368358
        1656    0.787062     0.81447  0.00368139
        1657    0.787242    0.814453  0.00367921
        1658    0.787482    0.814437  0.00367702
        1659    0.787781    0.814421  0.00367484
        1660    0.788138    0.814405  0.00367266
        1661    0.788554     0.81439  0.00367048
        1662    0.789027    0.814374  0.00366831
        1663    0.789557    0.814359  0.00366613
        1664    0.790142    0.814345  0.00366396
        1665    0.790781    0.814331  0.00366178
        1666    0.791473    0.814317  0.00365961
        1667    0.792216    0.814304  0.00365744
        1668     0.79301    0.814291  0.00365527
        1669    0.793853    0.814279   0.0036531
        1670    0.794743    0.814267  0.00365093
        1671    0.795678    0.814256  0.00364876
        1672    0.796655    0.814245   0.0036466
        1673    0.797674    0.814235  0.00364443
        1674    0.798732    0.814226  0.00364227
        1675    0.799828    0.814218   0.0036401
        1676    0.800959     0.81421  0.00363794
        1677    0.802123    0.814202  0.00363578
        1678    0.803316    0.814196  0.00363361
        1679    0.804537     0.81419  0.00363146
        1680    0.805782    0.814185   0.0036293
        1681     0.80705    0.814181  0.00362714
        1682    0.808338    0.814177  0.00362499
        1683    0.809643    0.814175  0.00362283
        1684    0.810962    0.814173  0.00362068
        1685    0.812292    0.814172  0.00361853
        1686    0.813631    0.814171  0.00361639
        1687    0.814977    0.814172  0.00361424
        1688    0.816327    0.814173   0.0036121
        1689    0.817677    0.814175  0.00360996
        1690    0.819026    0.814178  0.00360783
        1691     0.82037    0.814182   0.0036057
        1692    0.821707    0.814186  0.00360357
        1693    0.823035    0.814191  0.00360145
        1694    0.824352    0.814197  0.00359932
        1695    0.825655    0.814204  0.00359721
        1696    0.826941    0.814212  0.00359509
        1697    0.828209     0.81422  0.00359298
        1698    0.829456    0.814229  0.00359088
        1699     0.83068    0.814239  0.00358878
        1700     0.83188    0.814249  0.00358668
        1701    0.833052     0.81426  0.00358459
        1702    0.834196    0.814272   0.0035825
        1703     0.83531    0.814284  0.00358042
        1704    0.836393    0.814297  0.00357834
        1705    0.837442    0.814311  0.00357627
        1706    0.838457    0.814325   0.0035742
        1707    0.839437     0.81434  0.00357214
        1708     0.84038    0.814355  0.00357008
        1709    0.841284    0.814371  0.00356803
        1710     0.84215    0.814387  0.00356598
        1711    0.842976    0.814404  0.00356393
        1712    0.843762    0.814421  0.00356189
        1713    0.844508    0.814438  0.00355986
        1714    0.845213    0.814456  0.00355782
        1715    0.845877    0.814475   0.0035558
        1716    0.846498    0.814493  0.00355377
        1717    0.847076    0.814512  0.00355175
        1718    0.847612    0.814531  0.00354974
        1719    0.848106    0.814551  0.00354773
        1720    0.848559    0.814571  0.00354572
        1721    0.848969    0.814591  0.00354372
        1722    0.849339    0.814611  0.00354172
        1723    0.849667    0.814631  0.00353972
        1724    0.849954    0.814652  0.00353773
        1725    0.850203    0.814672  0.00353573
        1726    0.850413    0.814693  0.00353375
        1727    0.850586    0.814714  0.00353176
        1728    0.850723    0.814735  0.00352978
        1729    0.850823    0.814756   0.0035278
        1730    0.850888    0.814776  0.00352582
        1731     0.85092    0.814797  0.00352385
        1732     0.85092    0.814818  0.00352187
        1733    0.850888    0.814839   0.0035199
        1734    0.850827     0.81486  0.00351793
        1735    0.850737     0.81488  0.00351597
        1736    0.850619    0.814901    0.003514
        1737    0.850475    0.814921  0.00351204
        1738    0.850306    0.814942  0.00351008
        1739    0.850115    0.814962  0.00350812
        1740      0.8499    0.814982  0.00350616
        1741    0.849665    0.815002   0.0035042
        1742    0.849411    0.815022  0.00350225
        1743    0.849138    0.815041  0.00350029
        1744    0.848848    0.815061  0.00349834
        1745    0.848542     0.81508  0.00349639
        1746    0.848222    0.815099  0.00349443
        1747    0.847888    0.815118  0.00349248
        1748    0.847542    0.815136  0.00349054
        1749    0.847185    0.815155  0.00348859
        1750     0.84682    0.815173  0.00348664
        1751    0.846446    0.815191   0.0034847
        1752    0.846065    0.815208  0.00348275
        1753    0.845677    0.815226  0.00348081
        1754    0.845284    0.815243  0.00347887
        1755    0.844886     0.81526  0.00347692
        1756    0.844485    0.815276  0.00347498
        1757    0.844082    0.815293  0.00347305
        1758    0.843677    0.815309  0.00347111
        1759     0.84327    0.815325  0.00346917
        1760    0.842862     0.81534  0.00346723
        1761    0.842454    0.815356   0.0034653
        1762    0.842046    0.815371  0.00346337
        1763    0.841639    0.815386  0.00346143
        1764    0.841233      0.8154   0.0034595
        1765     0.84083    0.815415  0.00345757
        1766    0.840429    0.815429  0.00345564
        1767    0.840031    0.815443  0.00345372
        1768    0.839637    0.815457  0.00345179
        1769    0.839246     0.81547  0.00344986
        1770    0.838858    0.815483  0.00344794
        1771    0.838475    0.815496  0.00344602
        1772    0.838095    0.815509   0.0034441
        1773     0.83772    0.815521  0.00344218
        1774     0.83735    0.815534  0.00344026
        1775    0.836983    0.815546  0.00343834
        1776    0.836621    0.815558  0.00343643
        1777    0.836262    0.815569  0.00343451
        1778    0.835908    0.815581   0.0034326
        1779    0.835558    0.815592  0.00343069
        1780    0.835213    0.815603  0.00342878
        1781    0.834871    0.815614  0.00342687
        1782    0.834533    0.815625  0.00342496
        1783    0.834199    0.815635  0.00342306
        1784    0.833871    0.815645  0.00342116
        1785    0.833547    0.815655  0.00341925
        1786    0.833228    0.815665  0.00341735
        1787    0.832913    0.815675  0.00341546
        1788    0.832601    0.815684  0.00341356
        1789    0.832294    0.815693  0.00341166
        1790    0.831991    0.815703  0.00340977
        1791    0.831693    0.815711  0.00340788
        1792    0.831398     0.81572  0.00340599
        1793    0.831106    0.815729   0.0034041
        1794    0.830818    0.815737  0.00340221
        1795    0.830534    0.815745  0.00340032
        1796    0.830254    0.815754  0.00339844
        1797    0.829977    0.815761  0.00339656
        1798    0.829703    0.815769  0.00339468
        1799    0.829433    0.815777   0.0033928
        1800    0.829166    0.815784  0.00339092
        1801    0.828902    0.815792  0.00338905
        1802    0.828641    0.815799  0.00338718
        1803    0.828383    0.815806   0.0033853
        1804    0.828128    0.815812  0.00338343
        1805    0.827875    0.815819  0.00338157
        1806    0.827624    0.815826   0.0033797
        1807    0.827374    0.815832  0.00337784
        1808    0.827126    0.815838  0.00337597
        1809    0.826879    0.815844  0.00337411
        1810    0.826634     0.81585  0.00337225
        1811     0.82639    0.815856   0.0033704
        1812    0.826146    0.815862  0.00336854
        1813    0.825901    0.815867  0.00336669
        1814    0.825655    0.815873  0.00336484
        1815    0.825409    0.815878  0.00336299
        1816    0.825161    0.815883  0.00336114
        1817    0.824912    0.815888  0.00335929
        1818    0.824662    0.815893  0.00335745
        1819    0.824408    0.815898  0.00335561
        1820     0.82415    0.815902  0.00335377
        1821     0.82389    0.815907  0.00335193
        1822    0.823626    0.815911  0.00335009
        1823    0.823357    0.815915  0.00334825
        1824    0.823081    0.815919  0.00334642
        1825    0.822799    0.815923  0.00334459
        1826    0.822509    0.815926  0.00334276
        1827    0.822212     0.81593  0.00334093
        1828    0.821907    0.815933  0.00333911
        1829    0.821592    0.815936  0.00333728
        1830    0.821267    0.815939  0.00333546
        1831    0.820931    0.815942  0.00333364
        1832    0.820582    0.815944  0.00333182
        1833    0.820222    0.815947     0.00333
        1834    0.819849    0.815949  0.00332819
        1835    0.819462    0.815951  0.00332637
        1836    0.819061    0.815952  0.00332456
        1837    0.818646    0.815954  0.00332275
        1838    0.818216    0.815955  0.00332095
        1839    0.817769    0.815956  0.00331914
        1840    0.817305    0.815957  0.00331734
        1841    0.816825    0.815957  0.00331554
        1842    0.816327    0.815957  0.00331374
        1843    0.815809    0.815957  0.00331194
        1844    0.815273    0.815957  0.00331014
        1845    0.814716    0.815956  0.00330835
        1846    0.814139    0.815955  0.00330655
        1847     0.81354    0.815954  0.00330476
        1848    0.812921    0.815952  0.00330298
        1849     0.81228     0.81595  0.00330119
        1850    0.811617    0.815948  0.00329941
        1851    0.810933    0.815945  0.00329763
        1852    0.810227    0.815942  0.00329585
        1853    0.809499    0.815939  0.00329407
        1854    0.808748    0.815935   0.0032923
        1855    0.807972    0.815931  0.00329052
        1856    0.807174    0.815926  0.00328875
        1857    0.806354    0.815921  0.00328699
        1858    0.805511    0.815915  0.00328522
        1859    0.804644    0.815909  0.00328346
        1860    0.803755    0.815902   0.0032817
        1861    0.802843    0.815895  0.00327995
        1862    0.801909    0.815888  0.00327819
        1863    0.800954     0.81588  0.00327644
        1864    0.799978    0.815871   0.0032747
        1865    0.798982    0.815862  0.00327295
        1866    0.797967    0.815853  0.00327121
        1867    0.796932    0.815843  0.00326948
        1868     0.79588    0.815832  0.00326774
        1869     0.79481    0.815821  0.00326602
        1870    0.793724    0.815809  0.00326429
        1871    0.792623    0.815796  0.00326257
        1872    0.791507    0.815783  0.00326085
        1873    0.790378     0.81577  0.00325914
        1874    0.789237    0.815756  0.00325743
        1875    0.788087    0.815741  0.00325573
        1876    0.786927    0.815726  0.00325403
        1877    0.785761     0.81571  0.00325233
        1878    0.784589    0.815693  0.00325064
        1879    0.783414    0.815676  0.00324896
        1880    0.782236    0.815658  0.00324728
        1881    0.781059     0.81564  0.00324561
        1882    0.779885    0.815621  0.00324394
        1883    0.778715    0.815601  0.00324227
        1884    0.777551    0.815581  0.00324062
        1885    0.776395     0.81556  0.00323896
        1886     0.77525    0.815539  0.00323732
        1887    0.774116    0.815517  0.00323567
        1888    0.772998    0.815494  0.00323404
        1889    0.771897    0.815471  0.00323241
        1890    0.770815    0.815448  0.00323079
        1891    0.769754    0.815423  0.00322917
        1892    0.768717    0.815399  0.00322756
        1893    0.767706    0.815374  0.00322595
        1894    0.766723    0.815348  0.00322435
        1895    0.765771    0.815322  0.00322275
        1896    0.764852    0.815295  0.00322116
        1897    0.763967    0.815268  0.00321958
        1898    0.763118    0.815241    0.003218
        1899    0.762309    0.815213  0.00321643
        1900    0.761541    0.815184  0.00321486
        1901    0.760816    0.815156  0.00321329
        1902    0.760136    0.815127  0.00321173
        1903    0.759504    0.815098  0.00321018
        1904    0.758921    0.815068  0.00320863
        1905    0.758389    0.815038  0.00320708
        1906     0.75791    0.815008  0.00320554
        1907    0.757485    0.814978    0.003204
        1908    0.757115    0.814948  0.00320246
        1909    0.756801    0.814917  0.00320093
        1910    0.756546    0.814887   0.0031994
        1911    0.756351    0.814856  0.00319787
        1912    0.756214    0.814826  0.00319635
        1913    0.756137    0.814795  0.00319482
        1914     0.75612    0.814764   0.0031933
        1915    0.756163    0.814734  0.00319178
        1916    0.756266    0.814703  0.00319026
        1917    0.756429    0.814673  0.00318874
        1918    0.756653    0.814643  0.00318722
        1919    0.756938    0.814612   0.0031857
        1920    0.757283    0.814583  0.00318419
        1921    0.757688    0.814553  0.00318267
        1922    0.758152    0.814524  0.00318114
        1923    0.758674    0.814495  0.00317962
        1924    0.759255    0.814466   0.0031781
        1925    0.759892    0.814438  0.00317658
        1926    0.760584     0.81441  0.00317505
        1927    0.761329    0.814382  0.00317352
        1928    0.762127    0.814355  0.00317199
        1929    0.762975    0.814328  0.00317046
        1930    0.763871    0.814302  0.00316892
        1931    0.764815    0.814277  0.00316739
        1932    0.765803    0.814251  0.00316585
        1933    0.766833    0.814227   0.0031643
        1934    0.767904    0.814203  0.00316276
        1935    0.769012     0.81418  0.00316121
        1936    0.770156    0.814157  0.00315966
        1937    0.771333    0.814135   0.0031581
        1938     0.77254    0.814113  0.00315655
        1939    0.773775    0.814092  0.00315499
        1940    0.775035    0.814072  0.00315343
        1941    0.776317    0.814053  0.00315186
        1942    0.777618    0.814034  0.00315029
        1943    0.778936    0.814016  0.00314872
        1944    0.780267    0.813999  0.00314715
        1945    0.781609    0.813982  0.00314558
        1946    0.782958    0.813966    0.003144
        1947    0.784313    0.813951  0.00314243
        1948     0.78567    0.813936  0.00314085
        1949    0.787026    0.813923  0.00313926
        1950    0.788379    0.813909  0.00313768
        1951    0.789726    0.813897   0.0031361
        1952    0.791063    0.813885  0.00313451
        1953    0.792388    0.813874  0.00313293
        1954    0.793698    0.813864  0.00313134
        1955    0.794991    0.813854  0.00312975
        1956    0.796263    0.813845  0.00312817
        1957    0.797512    0.813837  0.00312658
        1958    0.798736    0.813829  0.00312499
        1959    0.799932    0.813822  0.00312341
        1960    0.801098    0.813816  0.00312182
        1961    0.802233     0.81381  0.00312023
        1962    0.803334    0.813804  0.00311865
        1963    0.804399      0.8138  0.00311706
        1964    0.805426    0.813795  0.00311548
        1965    0.806413    0.813792  0.00311389
        1966    0.807358    0.813788  0.00311231
        1967    0.808261    0.813786  0.00311073
        1968     0.80912    0.813783  0.00310915
        1969    0.809935    0.813781  0.00310757
        1970    0.810704     0.81378    0.003106
        1971    0.811426    0.813779  0.00310442
        1972      0.8121    0.813778  0.00310285
        1973    0.812727    0.813777  0.00310127
        1974    0.813306    0.813777   0.0030997
        1975    0.813838    0.813777  0.00309813
        1976    0.814323    0.813777  0.00309656
        1977     0.81476    0.813778    0.003095
        1978    0.815152    0.813778  0.00309343
        1979    0.815497    0.813779  0.00309187
        1980    0.815798     0.81378  0.00309031
        1981    0.816055    0.813781  0.00308875
        1982     0.81627    0.813783  0.00308719
        1983    0.816445    0.813784  0.00308564
        1984    0.816582    0.813785  0.00308408
        1985    0.816683    0.813787  0.00308253
        1986    0.816749    0.813788  0.00308098
        1987    0.816781     0.81379  0.00307942
        1988    0.816782    0.813791  0.00307788
        1989    0.816755    0.813793  0.00307633
        1990    0.816701    0.813794  0.00307478
        1991    0.816624    0.813796  0.00307324
        1992    0.816528    0.813797   0.0030717
        1993    0.816413    0.813798  0.00307016
        1994    0.816283      0.8138  0.00306862
        1995    0.816141    0.813801  0.00306708
        1996    0.815991    0.813802  0.00306554
        1997    0.815834    0.813803  0.00306401
        1998    0.815677    0.813804  0.00306247
        1999    0.815522    0.813805  0.00306094
        2000    0.815371    0.813806  0.00305941
