           1     1.70403     1.70403           0
           2     1.72261     1.71332  0.00657003
           3     1.70231     1.70965  0.00530674
           4      1.7084     1.70934  0.00398932
           5     1.69524     1.70652  0.00406793
           6     1.72422     1.70947  0.00432917
           7     1.71212     1.70985   0.0037272
           8     1.68705       1.707  0.00421218
           9     1.71969     1.70841  0.00397327
          10     1.73777     1.71134  0.00453293
          11      1.6984     1.71017  0.00427078
          12     1.67451      1.7072  0.00483958
          13     1.74821     1.71035  0.00539849
          14     1.73935     1.71242  0.00539576
          15     1.71883     1.71285  0.00505294
          16      1.7321     1.71405  0.00487827
          17     1.69267     1.71279  0.00475067
          18     1.68372     1.71118  0.00475333
          19      1.7356     1.71246  0.00467368
          20     1.71755     1.71272  0.00444691
          21     1.74815     1.71441  0.00454389
          22     1.69746     1.71364  0.00440219
          23     1.71663     1.71377  0.00421271
          24     1.70017      1.7132   0.0040751
          25     1.70474     1.71286   0.0039261
          26     1.67589     1.71144  0.00402433
          27     1.69992     1.71101  0.00389782
          28      1.7065     1.71085  0.00376195
          29     1.71521       1.711  0.00363523
          30     1.72496     1.71147  0.00354371
          31     1.72455     1.71189  0.00345445
          32     1.71153     1.71188  0.00334651
          33     1.71041     1.71183   0.0032454
          34     1.72391     1.71219  0.00316934
          35     1.68743     1.71148  0.00315677
          36     1.71011     1.71144  0.00306931
          37     1.73042     1.71196  0.00302889
          38     1.66243     1.71065  0.00321736
          39      1.7093     1.71062  0.00313505
          40     1.74166     1.71139  0.00315125
          41     1.71179      1.7114  0.00307441
          42     1.64904     1.70992  0.00334058
          43     1.73796     1.71057  0.00332595
          44     1.70161     1.71037  0.00325659
          45     1.74209     1.71107  0.00325965
          46     1.71926     1.71125  0.00319365
          47     1.74423     1.71195  0.00320187
          48     1.72602     1.71225  0.00314855
          49     1.72518     1.71251  0.00309533
          50     1.69597     1.71218  0.00305106
          51     1.70935     1.71212  0.00299174
          52     1.69913     1.71187  0.00294461
          53     1.71337      1.7119  0.00288919
          54     1.68522     1.71141  0.00287763
          55     1.72865     1.71172  0.00284234
          56     1.70556     1.71161  0.00279371
          57     1.68238      1.7111  0.00279138
          58      1.6948     1.71082  0.00275737
          59     1.71208     1.71084  0.00271072
          60     1.72798     1.71112  0.00268055
          61     1.72311     1.71132   0.0026438
          62     1.71394     1.71136  0.00260149
          63     1.74953     1.71197  0.00262979
          64     1.73847     1.71238  0.00262109
          65     1.73764     1.71277  0.00260941
          66     1.71439      1.7128  0.00256999
          67     1.72128     1.71292  0.00253475
          68     1.69326     1.71263  0.00251391
          69     1.70032     1.71245  0.00248379
          70     1.68368     1.71204   0.0024821
          71     1.72467     1.71222   0.0024535
          72     1.68638     1.71186  0.00244553
          73     1.70738      1.7118   0.0024128
          74     1.70173     1.71167  0.00238403
          75     1.69871     1.71149  0.00235849
          76     1.69098     1.71122  0.00234286
          77     1.76233     1.71189  0.00240462
          78     1.73013     1.71212  0.00238514
          79     1.74763     1.71257  0.00239694
          80      1.7444     1.71297  0.00239978
          81     1.71959     1.71305  0.00237154
          82     1.70581     1.71296  0.00234427
          83     1.70313     1.71284  0.00231901
          84     1.70074      1.7127  0.00229588
          85     1.70595     1.71262  0.00227024
          86     1.71177     1.71261  0.00224386
          87     1.72747     1.71278  0.00222457
          88     1.72771     1.71295  0.00220575
          89     1.71014     1.71292  0.00218119
          90     1.72825     1.71309  0.00216359
          91     1.71525     1.71311  0.00213995
          92     1.71034     1.71308   0.0021169
          93     1.72436      1.7132  0.00209761
          94     1.68875     1.71294  0.00209136
          95     1.71728     1.71299  0.00206985
          96      1.7442     1.71331  0.00207366
          97     1.71211      1.7133  0.00205232
          98     1.73052     1.71348  0.00203888
          99     1.70057     1.71335  0.00202245
         100     1.70135     1.71323  0.00200578
