           1    -3.27311    -3.27311           0
           2    -3.27498    -3.27405 0.000663328
           3    -3.27425    -3.27411 0.000445707
           4      -3.273    -3.27384 0.000411656
           5    -3.27174    -3.27342  0.00049895
           6    -3.27534    -3.27374   0.0005087
           7    -3.27352    -3.27371 0.000436949
           8    -3.27318    -3.27364 0.000387242
           9      -3.273    -3.27357  0.00035078
          10    -3.27407    -3.27362 0.000319256
          11    -3.27359    -3.27362 0.000290245
          12    -3.27352    -3.27361 0.000266169
          13    -3.27463    -3.27369 0.000256952
          14    -3.27398    -3.27371 0.000239438
          15    -3.27414    -3.27374 0.000225239
          16    -3.27393    -3.27375 0.000211494
          17    -3.27307    -3.27371 0.000202767
          18    -3.27217    -3.27362 0.000208802
          19    -3.27467    -3.27368 0.000204895
          20    -3.27333    -3.27366 0.000195398
          21    -3.27293    -3.27363 0.000189174
          22    -3.27459    -3.27367  0.00018555
          23    -3.27335    -3.27366 0.000178017
          24    -3.27327    -3.27364 0.000171327
          25    -3.27445    -3.27367 0.000167496
          26    -3.27239    -3.27362  0.00016812
          27    -3.27523    -3.27368 0.000172133
          28    -3.27336    -3.27367 0.000166374
          29    -3.27379    -3.27368 0.000160689
          30    -3.27353    -3.27367 0.000155409
          31    -3.27167    -3.27361 0.000163194
          32    -3.27492    -3.27365 0.000163152
          33    -3.27284    -3.27362  0.00016002
          34    -3.27356    -3.27362 0.000155326
          35    -3.27256    -3.27359 0.000153791
          36    -3.27366    -3.27359 0.000149532
          37    -3.27283    -3.27357 0.000146887
          38    -3.27141    -3.27352 0.000153633
          39    -3.27405    -3.27353 0.000150297
          40     -3.2738    -3.27354 0.000146688
          41    -3.27485    -3.27357 0.000146569
          42    -3.27182    -3.27353 0.000148857
          43    -3.27387    -3.27353 0.000145607
          44    -3.27157    -3.27349 0.000148979
          45    -3.27168    -3.27345 0.000151023
          46    -3.27404    -3.27346  0.00014829
          47    -3.27396    -3.27347 0.000145517
          48    -3.27379    -3.27348 0.000142633
          49    -3.27262    -3.27346 0.000140807
          50    -3.27256    -3.27344 0.000139149
          51    -3.27443    -3.27346 0.000137748
          52    -3.27155    -3.27343 0.000139912
          53    -3.27495    -3.27345 0.000140181
          54    -3.27319    -3.27345  0.00013767
          55    -3.27352    -3.27345 0.000135173
          56     -3.2729    -3.27344 0.000133112
          57    -3.27427    -3.27346 0.000131567
          58    -3.27096    -3.27341 0.000136154
          59    -3.27232    -3.27339 0.000135096
          60    -3.27345     -3.2734 0.000132848
          61     -3.2715    -3.27336 0.000134243
          62     -3.2733    -3.27336 0.000132082
          63    -3.27458    -3.27338 0.000131397
          64    -3.27453     -3.2734  0.00013057
          65    -3.27424    -3.27341 0.000129193
          66    -3.27325    -3.27341 0.000127259
          67    -3.27331    -3.27341 0.000125368
          68     -3.2721    -3.27339 0.000124993
          69    -3.27341    -3.27339 0.000123181
          70    -3.27337    -3.27339 0.000121422
          71    -3.27365    -3.27339 0.000119768
          72    -3.27361     -3.2734  0.00011814
          73    -3.27316    -3.27339 0.000116565
          74     -3.2734    -3.27339  0.00011499
          75    -3.27347    -3.27339 0.000113461
          76    -3.27279    -3.27339 0.000112244
          77    -3.27377    -3.27339 0.000110896
          78    -3.27492    -3.27341 0.000111188
          79    -3.27296    -3.27341 0.000109927
          80    -3.27372    -3.27341 0.000108626
          81    -3.27326    -3.27341   0.0001073
          82    -3.27435    -3.27342  0.00010661
          83     -3.2736    -3.27342 0.000105348
          84    -3.27496    -3.27344 0.000105684
          85    -3.27413    -3.27345 0.000104753
          86    -3.27533    -3.27347   0.0001058
          87    -3.27335    -3.27347 0.000104593
          88    -3.27322    -3.27347 0.000103442
          89     -3.2724    -3.27345  0.00010297
          90    -3.27488    -3.27347 0.000103044
          91    -3.27303    -3.27346 0.000102026
          92    -3.27339    -3.27346  0.00010092
          93    -3.27439    -3.27347 0.000100325
          94     -3.2707    -3.27344 0.000103514
          95    -3.27577    -3.27347 0.000105287
          96    -3.27408    -3.27348 0.000104385
          97    -3.27415    -3.27348 0.000103537
          98    -3.27384    -3.27349 0.000102544
          99     -3.2725    -3.27348 0.000101989
         100     -3.2718    -3.27346 0.000102339
