           1   -0.372586   -0.372586           0
           2   -0.399253    -0.38592  0.00942809
           3   -0.411531   -0.394457   0.0093859
           4   -0.365496   -0.387217  0.00942707
           5    -0.37757   -0.385287  0.00773654
           6   -0.395348   -0.386964  0.00662634
           7   -0.349351   -0.381591  0.00755027
           8   -0.363812   -0.379369  0.00692584
           9   -0.436827   -0.385753  0.00860992
          10   -0.450381   -0.392216  0.00988117
          11   -0.406561    -0.39352  0.00906853
          12   -0.458988   -0.398975  0.00981768
          13   -0.412902   -0.400047  0.00912073
          14   -0.394849   -0.399675   0.0084768
          15   -0.434345   -0.401987  0.00822074
          16    -0.40613   -0.402246  0.00771102
          17   -0.367503   -0.400202  0.00752339
          18    -0.36228   -0.398095  0.00739452
          19   -0.390998   -0.397722  0.00701476
          20   -0.405105   -0.398091  0.00667373
          21   -0.458528   -0.400969  0.00694882
          22    -0.41089    -0.40142  0.00664758
          23   -0.421917   -0.402311  0.00641802
          24   -0.410158   -0.402638  0.00615892
          25   -0.417109   -0.403217   0.0059397
          26   -0.359592   -0.401539  0.00594352
          27   -0.415417   -0.402053  0.00574557
          28   -0.439185   -0.403379  0.00569136
          29   -0.434015   -0.404435  0.00559229
          30   -0.499666    -0.40761  0.00624213
          31   -0.425829   -0.408197  0.00606837
          32    -0.38104   -0.407349  0.00593779
          33   -0.393875    -0.40694  0.00577187
          34    -0.37483   -0.405996  0.00567885
          35   -0.369035    -0.40494  0.00561393
          36   -0.358635   -0.403654   0.0056034
          37   -0.334103   -0.401774  0.00575863
          38   -0.362017   -0.400728  0.00570133
          39   -0.392784   -0.400524  0.00555878
          40   -0.389928   -0.400259  0.00542612
          41   -0.428559   -0.400949   0.0053375
          42   -0.401079   -0.400953  0.00521042
          43   -0.405962   -0.401069  0.00509055
          44   -0.435676   -0.401856  0.00503525
          45   -0.472177   -0.403418  0.00516015
          46   -0.450782   -0.404448  0.00514968
          47   -0.447751   -0.405369  0.00512187
          48   -0.426311   -0.405806  0.00503371
          49   -0.436162   -0.406425  0.00496896
          50   -0.498523   -0.408267  0.00519979
          51   -0.372893   -0.407573  0.00514388
          52   -0.368201   -0.406816  0.00510038
          53    -0.40944   -0.406866  0.00500439
          54   -0.413321   -0.406985  0.00491314
          55   -0.395996   -0.406785  0.00482787
          56   -0.398874   -0.406644  0.00474373
          57   -0.438209   -0.407198  0.00469272
          58   -0.389214   -0.406888  0.00462204
          59   -0.416491   -0.407051  0.00454656
          60   -0.410411   -0.407107  0.00447113
          61   -0.361464   -0.406358  0.00446001
          62   -0.380983   -0.405949  0.00440681
          63   -0.401272   -0.405875  0.00433749
          64   -0.367034   -0.405268  0.00431196
          65   -0.317451   -0.403917  0.00445225
          66    -0.43359   -0.404367  0.00440743
          67   -0.359027    -0.40369  0.00439329
          68   -0.337399   -0.402715  0.00443553
          69   -0.380817   -0.402398  0.00438258
          70   -0.355204   -0.401723  0.00437153
          71   -0.370449   -0.401283  0.00433209
          72   -0.336569   -0.400384  0.00436417
          73   -0.329688   -0.399416  0.00441053
          74   -0.346889   -0.398706  0.00440768
          75   -0.402066   -0.398751  0.00434913
          76   -0.364905   -0.398305  0.00431465
          77   -0.361921   -0.397833  0.00428441
          78   -0.375775    -0.39755  0.00423881
          79   -0.366991   -0.397163  0.00420276
          80   -0.395911   -0.397148  0.00415026
          81   -0.404179   -0.397234  0.00409993
          82   -0.387628   -0.397117   0.0040516
          83   -0.385443   -0.396977  0.00400523
          84    -0.41352   -0.397173  0.00396239
          85   -0.436764   -0.397639  0.00394305
          86   -0.472799   -0.398513  0.00399288
          87   -0.402999   -0.398565  0.00394732
          88   -0.372907   -0.398273  0.00391321
          89   -0.373952      -0.398  0.00387878
          90   -0.456796   -0.398653  0.00389031
          91   -0.403768   -0.398709  0.00384796
          92   -0.365616    -0.39835  0.00382291
          93   -0.369579    -0.39804   0.0037943
          94   -0.365919   -0.397699  0.00376929
          95   -0.399817   -0.397721  0.00372968
          96    -0.42154   -0.397969  0.00369908
          97   -0.427155    -0.39827  0.00367316
          98   -0.474252   -0.399045   0.0037166
          99   -0.451971    -0.39958  0.00371731
         100   -0.459247   -0.400177  0.00372772
