           1    -4.97714    -4.97714           0
           2     -4.9976    -4.98737  0.00723336
           3    -4.97656    -4.98377  0.00564805
           4     -4.9814    -4.98317  0.00426686
           5    -4.96698    -4.97994  0.00447728
           6    -4.99956    -4.98321   0.0047786
           7    -4.98564    -4.98355  0.00410857
           8    -4.96023    -4.98064  0.00451242
           9    -4.99269    -4.98198  0.00420494
          10    -5.01184    -4.98496  0.00472747
          11    -4.97199    -4.98378  0.00444235
          12    -4.94803     -4.9808  0.00497208
          13    -5.02283    -4.98404  0.00554194
          14    -5.01333    -4.98613    0.005527
          15    -4.99298    -4.98659  0.00517736
          16    -5.00603     -4.9878   0.0049944
          17    -4.96574     -4.9865  0.00486623
          18    -4.95589     -4.9848  0.00488401
          19    -5.01027    -4.98614  0.00480729
          20    -4.99088    -4.98638  0.00457276
          21    -5.02108    -4.98803  0.00464389
          22    -4.97204    -4.98731  0.00448932
          23    -4.98997    -4.98742  0.00429563
          24    -4.97344    -4.98684  0.00415597
          25    -4.97919    -4.98653  0.00400097
          26    -4.94829    -4.98506  0.00410862
          27    -4.97516     -4.9847   0.0039728
          28    -4.97986    -4.98452  0.00383467
          29      -4.989    -4.98468  0.00370556
          30    -4.99849    -4.98514  0.00361052
          31    -4.99623     -4.9855  0.00351173
          32    -4.98644    -4.98552  0.00340211
          33    -4.98325    -4.98546  0.00329972
          34    -4.99747    -4.98581  0.00322153
          35    -4.95999    -4.98507  0.00321283
          36    -4.98377    -4.98504  0.00312379
          37    -5.00325    -4.98553  0.00307791
          38    -4.93384    -4.98417   0.0032837
          39    -4.98335    -4.98415  0.00319957
          40    -5.01545    -4.98493  0.00321388
          41    -4.98664    -4.98497  0.00313577
          42    -4.92086    -4.98344  0.00341245
          43    -5.01183     -4.9841  0.00339635
          44    -4.97318    -4.98386  0.00332822
          45    -5.01377    -4.98452  0.00331998
          46    -4.99331    -4.98471  0.00325329
          47    -5.01819    -4.98542  0.00326114
          48    -4.99981    -4.98572  0.00320693
          49    -4.99779    -4.98597  0.00315093
          50    -4.96852    -4.98562  0.00310718
          51    -4.98378    -4.98559  0.00304646
          52    -4.97069     -4.9853  0.00300132
          53    -4.98832    -4.98536  0.00294523
          54    -4.95841    -4.98486  0.00293266
          55    -5.00217    -4.98517  0.00289619
          56    -4.97846    -4.98505  0.00284695
          57    -4.95665    -4.98455  0.00284029
          58    -4.96576    -4.98423  0.00280974
          59     -4.9844    -4.98423  0.00276212
          60    -5.00143    -4.98452  0.00273093
          61    -4.99461    -4.98468  0.00269116
          62    -4.98724    -4.98473  0.00264807
          63    -5.02411    -4.98535  0.00267881
          64      -5.013    -4.98578  0.00267157
          65    -5.01187    -4.98618  0.00266046
          66    -4.98764    -4.98621  0.00262024
          67    -4.99459    -4.98633  0.00258412
          68    -4.96536    -4.98602  0.00256445
          69    -4.97373    -4.98585  0.00253346
          70    -4.95705    -4.98543  0.00253046
          71    -4.99832    -4.98562  0.00250132
          72    -4.95999    -4.98526  0.00249177
          73    -4.98054    -4.98519  0.00245847
          74    -4.97512    -4.98506  0.00242902
          75    -4.97219    -4.98489  0.00240269
          76    -4.96377    -4.98461  0.00238708
          77     -5.0361    -4.98528  0.00244796
          78    -5.00505    -4.98553  0.00242967
          79    -5.02059    -4.98598  0.00243911
          80    -5.01813    -4.98638  0.00244151
          81    -4.99285    -4.98646  0.00241268
          82    -4.98016    -4.98638  0.00238447
          83    -4.97673    -4.98626  0.00235858
          84     -4.9757    -4.98614  0.00233385
          85    -4.98008    -4.98607  0.00230748
          86     -4.9871    -4.98608  0.00228068
          87    -5.00083    -4.98625  0.00226075
          88    -5.00093    -4.98642  0.00224121
          89    -4.98254    -4.98637  0.00221645
          90    -5.00313    -4.98656  0.00219963
          91    -4.98828    -4.98658  0.00217554
          92    -4.98373    -4.98655  0.00215212
          93    -4.99875    -4.98668  0.00213297
          94    -4.95945    -4.98639  0.00212986
          95    -4.99306    -4.98646   0.0021086
          96    -5.01828    -4.98679  0.00211253
          97    -4.98625    -4.98678  0.00209076
          98    -5.00435    -4.98696   0.0020771
          99    -4.97307    -4.98682  0.00206085
         100    -4.97315    -4.98669  0.00204477
