           1     9.74319     9.74319           0
           2     9.78238     9.76278   0.0138557
           3     9.72123     9.74893   0.0146015
           4     9.71765     9.74111   0.0128768
           5     9.74707      9.7423   0.0103564
           6     9.75798     9.74492  0.00895391
           7     9.74374     9.74475  0.00767636
           8      9.7414     9.74433  0.00672825
           9     9.74115     9.74398  0.00598994
          10     9.76663     9.74624  0.00580358
          11      9.7641     9.74787  0.00549831
          12     9.75369     9.74835  0.00506153
          13     9.73606     9.74741   0.0047597
          14     9.77075     9.74907   0.0047028
          15     9.72839     9.74769  0.00458688
          16     9.73361     9.74681   0.0043838
          17     9.75948     9.74756  0.00418877
          18     9.73798     9.74703  0.00398976
          19     9.73202     9.74624  0.00385713
          20     9.73664     9.74576  0.00369398
          21     9.71024     9.74407   0.0038861
          22     9.72938      9.7434  0.00376633
          23     9.76401      9.7443  0.00370769
          24     9.74862     9.74448  0.00355758
          25     9.69091     9.74233    0.004009
          26     9.73185     9.74193  0.00387505
          27     9.75346     9.74236  0.00375498
          28     9.72188     9.74163  0.00369139
          29      9.7493     9.74189  0.00357357
          30     9.74576     9.74202  0.00345678
          31     9.74734     9.74219  0.00334952
          32     9.72736     9.74173  0.00327675
          33     9.74229     9.74174   0.0031775
          34     9.73108     9.74143  0.00309948
          35     9.72992      9.7411  0.00302833
          36      9.7167     9.74042   0.0030191
          37      9.7041     9.73944  0.00309296
          38     9.77865     9.74047  0.00317904
          39     9.70782     9.73964  0.00320585
          40     9.75786     9.74009  0.00315792
          41      9.7551     9.74046  0.00310203
          42     9.73541     9.74034   0.0030305
          43     9.74192     9.74037  0.00296025
          44     9.74513     9.74048  0.00289495
          45     9.71997     9.74003  0.00286626
          46     9.71918     9.73957  0.00283956
          47     9.75343     9.73987  0.00279441
          48     9.75078      9.7401  0.00274542
          49     9.67686     9.73881  0.00297727
          50     9.73574     9.73874  0.00291835
          51        9.76     9.73916  0.00289075
          52     9.76358     9.73963  0.00287304
          53      9.7401     9.73964  0.00281885
          54     9.75741     9.73997   0.0027858
          55     9.72164     9.73964    0.002755
          56     9.75366     9.73989  0.00271716
          57     9.72611     9.73964  0.00268021
          58     9.73989     9.73965  0.00263401
          59     9.71594     9.73925  0.00261984
          60     9.77597     9.73986  0.00264668
          61     9.69544     9.73913   0.0027016
          62     9.81393     9.74034  0.00291496
          63     9.71691     9.73997  0.00289231
          64     9.76259     9.74032  0.00286865
          65     9.75388     9.74053   0.0028321
          66     9.72513     9.74029  0.00279877
          67       9.729     9.74013  0.00276207
          68     9.74423     9.74019  0.00272211
          69     9.76412     9.74053  0.00270467
          70     9.71971     9.74024  0.00268234
          71     9.73358     9.74014   0.0026462
          72     9.73665     9.74009  0.00260989
          73     9.69728     9.73951  0.00263923
          74     9.73353     9.73943   0.0026048
          75     9.72591     9.73925   0.0025763
          76     9.75494     9.73945  0.00255066
          77      9.7025     9.73897  0.00256227
          78     9.74915      9.7391  0.00253274
          79     9.76269      9.7394  0.00251822
          80     9.70855     9.73902  0.00251609
          81     9.72117      9.7388  0.00249465
          82     9.71647     9.73852  0.00247904
          83     9.71417     9.73823  0.00246648
          84     9.75233      9.7384  0.00244282
          85     9.76404      9.7387  0.00243263
          86     9.74188     9.73874  0.00240463
          87     9.72107     9.73853  0.00238555
          88     9.76902     9.73888  0.00238346
          89     9.69897     9.73843  0.00239849
          90     9.71709     9.73819  0.00238354
          91     9.76725     9.73851  0.00237864
          92     9.71017      9.7382  0.00237265
          93     9.75109     9.73834  0.00235118
          94     9.74657     9.73843   0.0023278
          95     9.68309     9.73785  0.00237507
          96      9.7399     9.73787  0.00235043
          97     9.71545     9.73764  0.00233753
          98     9.74015     9.73766  0.00231382
          99     9.74854     9.73777  0.00229306
         100     9.71282     9.73752  0.00228366
