           1    -5.41778    -5.41778           0
           2    -5.41718    -5.41748 0.000212678
           3    -5.41777    -5.41757 0.000161962
           4    -5.41904    -5.41794 0.000339208
           5    -5.41734    -5.41782 0.000291671
           6    -5.41755    -5.41777  0.00024652
           7    -5.41795     -5.4178 0.000212643
           8    -5.41705    -5.41771 0.000205705
           9    -5.41793    -5.41773 0.000184328
          10    -5.41683    -5.41764 0.000186665
          11    -5.41712    -5.41759 0.000175604
          12    -5.41793    -5.41762 0.000163228
          13    -5.41803    -5.41765 0.000153694
          14    -5.41678    -5.41759 0.000154827
          15    -5.41778     -5.4176 0.000145025
          16    -5.41675    -5.41755 0.000145351
          17    -5.41749    -5.41755 0.000136847
          18    -5.41718    -5.41753 0.000130758
          19     -5.4176    -5.41753 0.000123935
          20    -5.41769    -5.41754 0.000117985
          21    -5.41755    -5.41754 0.000112368
          22    -5.41903    -5.41761  0.00012608
          23     -5.4173    -5.41759 0.000121323
          24    -5.41722    -5.41758  0.00011724
          25    -5.41806     -5.4176 0.000114156
          26    -5.41699    -5.41757 0.000112157
          27    -5.41736    -5.41757 0.000108286
          28    -5.41734    -5.41756 0.000104712
          29    -5.41726    -5.41755 0.000101612
          30    -5.41717    -5.41753 9.89959e-05
          31    -5.41682    -5.41751 9.84831e-05
          32     -5.4174    -5.41751 9.54689e-05
          33    -5.41713     -5.4175 9.32571e-05
          34    -5.41746     -5.4175 9.05222e-05
          35    -5.41872    -5.41753 9.44245e-05
          36    -5.41987     -5.4176 0.000111914
          37    -5.41792     -5.4176 0.000109231
          38    -5.41775    -5.41761 0.000106427
          39    -5.41796    -5.41762  0.00010407
          40     -5.4163    -5.41758 0.000106522
          41    -5.41748    -5.41758 0.000103954
          42    -5.41737    -5.41758 0.000101596
          43    -5.41755    -5.41758 9.92348e-05
          44    -5.41898    -5.41761 0.000101955
          45    -5.41781    -5.41761 9.97838e-05
          46    -5.41826    -5.41763 9.86041e-05
          47    -5.41623     -5.4176  0.00010086
          48    -5.41744    -5.41759 9.88107e-05
          49    -5.41714    -5.41758 9.72226e-05
          50     -5.4176    -5.41758 9.52785e-05
          51    -5.41636    -5.41756 9.63748e-05
          52    -5.41692    -5.41755  9.5296e-05
          53    -5.41849    -5.41757 9.51398e-05
          54    -5.41729    -5.41756 9.35132e-05
          55    -5.41696    -5.41755 9.24535e-05
          56    -5.41751    -5.41755 9.08061e-05
          57    -5.41767    -5.41755 8.92375e-05
          58     -5.4178    -5.41756 8.78015e-05
          59    -5.41759    -5.41756 8.63149e-05
          60    -5.41766    -5.41756 8.48928e-05
          61    -5.41814    -5.41757 8.40285e-05
          62    -5.41729    -5.41756  8.2789e-05
          63    -5.41787    -5.41757 8.16186e-05
          64    -5.41749    -5.41757 8.03517e-05
          65    -5.41706    -5.41756 7.94877e-05
          66    -5.41715    -5.41755 7.85252e-05
          67    -5.41746    -5.41755 7.73651e-05
          68    -5.41787    -5.41756 7.63651e-05
          69    -5.41811    -5.41756 7.56851e-05
          70    -5.41895    -5.41758 7.71482e-05
          71     -5.4189     -5.4176 7.82552e-05
          72    -5.41752     -5.4176 7.71772e-05
          73    -5.41837    -5.41761 7.68278e-05
          74    -5.41745    -5.41761  7.5819e-05
          75    -5.41831    -5.41762 7.53847e-05
          76    -5.41826    -5.41763 7.48574e-05
          77    -5.41786    -5.41763 7.39439e-05
          78    -5.41821    -5.41764 7.33702e-05
          79    -5.41802    -5.41764 7.26012e-05
          80    -5.41806    -5.41765 7.18799e-05
          81    -5.41803    -5.41765 7.11473e-05
          82    -5.41832    -5.41766 7.07463e-05
          83    -5.41775    -5.41766 6.99017e-05
          84    -5.41853    -5.41767 6.98255e-05
          85    -5.41754    -5.41767 6.90215e-05
          86    -5.41882    -5.41768 6.95078e-05
          87    -5.41835    -5.41769 6.91306e-05
          88    -5.41783    -5.41769 6.83621e-05
          89    -5.41873     -5.4177 6.85818e-05
          90    -5.41848    -5.41771 6.83586e-05
          91    -5.41753    -5.41771 6.76355e-05
          92    -5.41875    -5.41772 6.78363e-05
          93     -5.4184    -5.41773  6.7492e-05
          94    -5.41813    -5.41773 6.69063e-05
          95    -5.41876    -5.41774 6.70666e-05
          96    -5.41801    -5.41775 6.64247e-05
          97    -5.41821    -5.41775 6.59125e-05
          98    -5.41783    -5.41775 6.52441e-05
          99    -5.41805    -5.41776 6.46527e-05
         100    -5.41849    -5.41776 6.44174e-05
