           1     1.80962     1.80962           0
           2     1.83632     1.82297  0.00944105
           3     1.84859     1.83151  0.00939453
           4     1.80253     1.82426  0.00943529
           5      1.8145     1.82231  0.00774759
           6     1.83243       1.824  0.00663725
           7     1.78652     1.81864   0.0075455
           8     1.80089     1.81642  0.00692095
           9     1.87382      1.8228   0.0086025
          10     1.88732     1.82925  0.00986966
          11     1.84348     1.83055  0.00905672
          12     1.89609     1.83601  0.00981164
          13      1.8499     1.83708   0.0091149
          14     1.83189     1.83671  0.00847135
          15      1.8714     1.83902  0.00821623
          16     1.84313     1.83928  0.00770672
          17     1.80443     1.83723  0.00752103
          18     1.79923     1.83512  0.00739356
          19     1.82807     1.83475  0.00701372
          20     1.84209     1.83511  0.00667264
          21      1.8954     1.83798  0.00694511
          22     1.84767     1.83842  0.00664338
          23     1.85882     1.83931  0.00641347
          24     1.84723     1.83964  0.00615473
          25     1.85421     1.84022  0.00593608
          26      1.7966     1.83855  0.00594012
          27     1.85225     1.83905  0.00574176
          28     1.87593     1.84037  0.00568571
          29     1.87069     1.84142  0.00558497
          30      1.9364     1.84458  0.00623199
          31     1.86286     1.84517  0.00605877
          32     1.81799     1.84432  0.00592867
          33      1.8308     1.84391  0.00576314
          34     1.81175     1.84297  0.00567076
          35     1.80591     1.84191  0.00560673
          36     1.79553     1.84062  0.00559705
          37     1.77108     1.83874  0.00575268
          38       1.799     1.83769  0.00569555
          39     1.82979     1.83749  0.00555312
          40     1.82696     1.83723  0.00542053
          41     1.86561     1.83792  0.00533235
          42     1.83808     1.83792  0.00520539
          43     1.84289     1.83804  0.00508562
          44     1.87256     1.83882  0.00503017
          45     1.90911     1.84039  0.00515519
          46     1.88774     1.84142  0.00514488
          47     1.88471     1.84234   0.0051172
          48     1.86325     1.84277  0.00502911
          49       1.873     1.84339  0.00496416
          50     1.93538     1.84523  0.00519461
          51     1.80993     1.84454  0.00513865
          52     1.80516     1.84378  0.00509533
          53     1.84639     1.84383  0.00499943
          54     1.85021     1.84395  0.00490825
          55     1.83286     1.84375  0.00482314
          56     1.83577      1.8436  0.00473912
          57     1.87524     1.84416  0.00468836
          58     1.82626     1.84385  0.00461766
          59      1.8535     1.84401  0.00454229
          60     1.84745     1.84407  0.00446695
          61     1.79849     1.84332  0.00445578
          62     1.81805     1.84292  0.00440252
          63     1.83837     1.84284  0.00433323
          64     1.80412     1.84224  0.00430755
          65     1.75457     1.84089  0.00444743
          66     1.87067     1.84134  0.00440288
          67      1.7961     1.84067  0.00438865
          68     1.77441     1.83969  0.00443096
          69      1.8178     1.83937  0.00437809
          70     1.79213      1.8387  0.00436727
          71     1.80741     1.83826  0.00432793
          72     1.77353     1.83736  0.00436019
          73     1.76662     1.83639  0.00440682
          74      1.7839     1.83568  0.00440399
          75     1.83912     1.83573  0.00434551
          76     1.80205     1.83528  0.00431086
          77     1.79905     1.83481  0.00428048
          78      1.8129     1.83453  0.00423481
          79     1.80415     1.83415  0.00419863
          80       1.833     1.83413  0.00414617
          81     1.84126     1.83422  0.00409592
          82     1.82469     1.83411  0.00404762
          83     1.82255     1.83397  0.00400125
          84     1.85067     1.83416  0.00395855
          85     1.87377     1.83463  0.00393931
          86     1.90966      1.8355  0.00398895
          87     1.83991     1.83555  0.00394342
          88     1.80987     1.83526  0.00390939
          89     1.81098     1.83499  0.00387497
          90     1.89383     1.83564  0.00388668
          91     1.84086      1.8357  0.00384439
          92     1.80263     1.83534  0.00381937
          93     1.80663     1.83503  0.00379076
          94     1.80299     1.83469  0.00376573
          95     1.83689     1.83471  0.00372617
          96     1.85839     1.83496  0.00369551
          97      1.8639     1.83526  0.00366943
          98     1.91103     1.83603  0.00371255
          99     1.88877     1.83657  0.00371307
         100     1.89613     1.83716  0.00372341
