           1     1.22231     1.22231           0
           2      1.2139      1.2181  0.00297299
           3     1.22539     1.22053   0.0028032
           4     1.22529     1.22172   0.0023413
           5     1.22033     1.22144  0.00188956
           6       1.218     1.22087  0.00165965
           7     1.22394     1.22131  0.00147948
           8     1.22414     1.22166  0.00133634
           9     1.22332     1.22185  0.00120055
          10     1.21693     1.22136  0.00117672
          11     1.22239     1.22145  0.00107353
          12     1.22293     1.22157 0.000991126
          13     1.22356     1.22173 0.000926644
          14     1.21683     1.22138 0.000924002
          15     1.22587     1.22168 0.000909729
          16     1.22071     1.22162 0.000854884
          17     1.22177     1.22162 0.000804643
          18     1.22234     1.22166 0.000760907
          19      1.2264     1.22191 0.000760512
          20     1.22684     1.22216 0.000761321
          21     1.22813     1.22244 0.000776384
          22     1.22695     1.22265 0.000767595
          23     1.21826     1.22246 0.000757618
          24     1.22034     1.22237  0.00073118
          25     1.23107     1.22272 0.000780309
          26     1.22216      1.2227 0.000750596
          27     1.22437     1.22276  0.00072534
          28     1.22149     1.22271 0.000700844
          29     1.22251     1.22271 0.000676713
          30     1.21894     1.22258 0.000665681
          31     1.22263     1.22258  0.00064421
          32     1.22546     1.22267 0.000630316
          33     1.22095     1.22262 0.000613377
          34     1.22445     1.22267 0.000597682
          35     1.22397     1.22271 0.000581753
          36     1.22569     1.22279 0.000571442
          37     1.22699     1.22291 0.000567156
          38     1.21571     1.22272 0.000583026
          39     1.22874     1.22287 0.000588166
          40     1.21786     1.22275 0.000586628
          41     1.22179     1.22272 0.000572782
          42      1.2243     1.22276 0.000560372
          43     1.22434      1.2228 0.000548539
          44     1.22246     1.22279 0.000536125
          45      1.2243     1.22282 0.000525256
          46       1.229     1.22296 0.000530743
          47     1.21964     1.22289 0.000524131
          48     1.22235     1.22288 0.000513331
          49     1.23233     1.22307 0.000537904
          50     1.22387     1.22308 0.000527383
          51     1.21904       1.223 0.000522969
          52     1.21714     1.22289 0.000524916
          53     1.22112     1.22286 0.000516079
          54     1.22039     1.22281  0.00050855
          55     1.22461     1.22285 0.000500355
          56     1.21859     1.22277 0.000497167
          57     1.22527     1.22281 0.000490376
          58     1.22202      1.2228 0.000482111
          59     1.22608     1.22286  0.00047713
          60     1.21496     1.22272  0.00048697
          61     1.23134     1.22286 0.000499042
          62     1.20891     1.22264 0.000539382
          63     1.22957     1.22275  0.00054191
          64     1.21825     1.22268 0.000537977
          65     1.22165     1.22266 0.000529933
          66     1.22657     1.22272  0.00052519
          67     1.22468     1.22275 0.000518163
          68     1.22538     1.22279 0.000511986
          69     1.21721     1.22271 0.000510905
          70     1.22535     1.22275 0.000504997
          71     1.22514     1.22278 0.000499004
          72     1.22596     1.22283 0.000494018
          73     1.22901     1.22291 0.000494467
          74     1.22288     1.22291 0.000487785
          75     1.22738     1.22297 0.000484905
          76      1.2184     1.22291 0.000482235
          77     1.22745     1.22297 0.000479562
          78     1.21659     1.22289 0.000480335
          79     1.21783     1.22282 0.000478507
          80     1.22759     1.22288 0.000476227
          81     1.22811     1.22295 0.000474707
          82     1.22674     1.22299 0.000471165
          83     1.22778     1.22305 0.000469004
          84     1.21923     1.22301 0.000465616
          85     1.22156     1.22299 0.000460447
          86     1.22485     1.22301 0.000455601
          87     1.22488     1.22303 0.000450873
          88     1.21575     1.22295  0.00045328
          89       1.229     1.22302 0.000453264
          90      1.2251     1.22304  0.00044882
          91     1.21882     1.22299 0.000446277
          92     1.23018     1.22307 0.000448217
          93     1.21787     1.22302 0.000446879
          94     1.22065     1.22299 0.000442836
          95     1.23224     1.22309 0.000448751
          96     1.22352     1.22309   0.0004441
          97     1.22748     1.22314 0.000441819
          98     1.22128     1.22312 0.000437716
          99     1.21758     1.22306  0.00043686
         100     1.22709      1.2231 0.000434341
