           1    0.814872    0.814872           0
           2    0.809266    0.812069    0.001982
           3    0.816925    0.813688   0.0018688
           4     0.81686    0.814481  0.00156086
           5    0.813552    0.814295   0.0012597
           6    0.811997    0.813912  0.00110643
           7    0.815961    0.814205  0.00098632
           8    0.816095    0.814441 0.000890892
           9     0.81555    0.814564  0.00080037
          10    0.811289    0.814237  0.00078448
          11     0.81493      0.8143 0.000715689
          12    0.815286    0.814382 0.000660751
          13    0.815709    0.814484 0.000617763
          14    0.811223    0.814251 0.000616001
          15    0.817249    0.814451 0.000606486
          16    0.813805    0.814411 0.000569922
          17    0.814512    0.814417 0.000536429
          18     0.81489    0.814443 0.000507271
          19    0.817597    0.814609 0.000507008
          20    0.817893    0.814773 0.000507547
          21    0.818755    0.814963 0.000517589
          22    0.817964    0.815099  0.00051173
          23     0.81217    0.814972 0.000505078
          24    0.813559    0.814913 0.000487454
          25    0.820711    0.815145 0.000520206
          26    0.814771     0.81513 0.000500397
          27    0.816244    0.815172  0.00048356
          28    0.814327    0.815142 0.000467229
          29    0.815005    0.815137 0.000451142
          30    0.812628    0.815053 0.000443788
          31     0.81509    0.815054 0.000429473
          32    0.816972    0.815114 0.000420211
          33    0.813965    0.815079 0.000408918
          34    0.816297    0.815115 0.000398455
          35     0.81598     0.81514 0.000387836
          36    0.817125    0.815195 0.000380961
          37    0.817995    0.815271 0.000378104
          38     0.81047    0.815144 0.000388684
          39    0.819159    0.815247 0.000392111
          40     0.81191    0.815164 0.000391086
          41    0.814527    0.815148 0.000381855
          42    0.816199    0.815173 0.000373581
          43    0.816225    0.815198 0.000365692
          44    0.814973    0.815193 0.000357417
          45    0.816197    0.815215  0.00035017
          46    0.819335    0.815305 0.000353829
          47    0.813091    0.815258  0.00034942
          48    0.814899     0.81525 0.000342221
          49    0.821554    0.815379 0.000358603
          50    0.815911    0.815389 0.000351589
          51    0.812693    0.815337 0.000348646
          52     0.81143    0.815261 0.000349944
          53    0.814078    0.815239 0.000344053
          54     0.81359    0.815209 0.000339034
          55    0.816408     0.81523  0.00033357
          56    0.812391     0.81518 0.000331444
          57    0.816847    0.815209 0.000326917
          58    0.814681      0.8152 0.000321408
          59    0.817385    0.815237 0.000318087
          60    0.809976    0.815149 0.000324647
          61    0.820892    0.815243 0.000332694
          62    0.805939    0.815093 0.000359588
          63    0.819711    0.815166 0.000361273
          64    0.812169     0.81512 0.000358651
          65    0.814435    0.815109 0.000353288
          66     0.81771    0.815149 0.000350127
          67    0.816453    0.815168 0.000345442
          68    0.816922    0.815194 0.000341324
          69    0.811476     0.81514 0.000340603
          70      0.8169    0.815165 0.000336664
          71    0.816758    0.815188 0.000332669
          72    0.817305    0.815217 0.000329346
          73    0.819341    0.815273 0.000329645
          74    0.815254    0.815273  0.00032519
          75    0.818252    0.815313  0.00032327
          76    0.812268    0.815273  0.00032149
          77    0.818299    0.815312 0.000319708
          78     0.81106    0.815258 0.000320223
          79    0.811884    0.815215 0.000319005
          80    0.818395    0.815255 0.000317485
          81    0.818742    0.815298 0.000316472
          82    0.817826    0.815329  0.00031411
          83    0.818519    0.815367 0.000312669
          84    0.812823    0.815337 0.000310411
          85    0.814375    0.815325 0.000306965
          86    0.816565     0.81534 0.000303734
          87     0.81659    0.815354 0.000300582
          88    0.810499    0.815299 0.000302187
          89    0.819335    0.815344 0.000302176
          90    0.816735     0.81536 0.000299213
          91    0.812546    0.815329 0.000297518
          92    0.820122    0.815381 0.000298811
          93    0.811911    0.815344 0.000297919
          94    0.813764    0.815327 0.000295224
          95    0.821494    0.815392 0.000299168
          96    0.815683    0.815395 0.000296067
          97     0.81832    0.815425 0.000294546
          98    0.814187    0.815412 0.000291811
          99    0.811718    0.815375  0.00029124
         100    0.818058    0.815402 0.000289561
