           1     1.20641     1.20641           0
           2     1.22421     1.21531  0.00629403
           3      1.2324     1.22101  0.00626302
           4     1.20168     1.21618  0.00629019
           5     1.20967     1.21487  0.00516506
           6     1.22162       1.216  0.00442483
           7     1.19101     1.21243  0.00503033
           8     1.20059     1.21095  0.00461397
           9     1.24922      1.2152    0.005735
          10     1.25822      1.2195  0.00657977
          11     1.22899     1.22037  0.00603781
          12     1.26406     1.22401   0.0065411
          13     1.23327     1.22472   0.0060766
          14     1.22126     1.22447  0.00564757
          15      1.2476     1.22601  0.00547748
          16     1.22875     1.22618  0.00513781
          17     1.20295     1.22482  0.00501402
          18     1.19948     1.22341  0.00492904
          19     1.21871     1.22316  0.00467582
          20     1.22806     1.22341  0.00444843
          21      1.2636     1.22532  0.00463007
          22     1.23178     1.22562  0.00442892
          23     1.23922     1.22621  0.00427565
          24     1.23149     1.22643  0.00410315
          25     1.23614     1.22682  0.00395738
          26     1.19774      1.2257  0.00396008
          27     1.23483     1.22604  0.00382784
          28     1.25062     1.22691  0.00379047
          29     1.24713     1.22761  0.00372332
          30     1.29093     1.22972  0.00415466
          31      1.2419     1.23011  0.00403918
          32       1.212     1.22955  0.00395244
          33     1.22054     1.22928   0.0038421
          34     1.20783     1.22864  0.00378051
          35     1.20394     1.22794  0.00373782
          36     1.19702     1.22708  0.00373136
          37     1.18072     1.22583  0.00383512
          38     1.19933     1.22513  0.00379703
          39     1.21986     1.22499  0.00370208
          40     1.21797     1.22482  0.00361369
          41     1.24374     1.22528   0.0035549
          42     1.22539     1.22528  0.00347026
          43     1.22859     1.22536  0.00339041
          44     1.24837     1.22588  0.00335345
          45     1.27274     1.22692  0.00343679
          46     1.25849     1.22761  0.00342992
          47     1.25647     1.22822  0.00341147
          48     1.24217     1.22852  0.00335274
          49     1.24867     1.22893  0.00330944
          50     1.29025     1.23015  0.00346307
          51     1.20662     1.22969  0.00342577
          52     1.20344     1.22919  0.00339689
          53     1.23092     1.22922  0.00333296
          54     1.23348      1.2293  0.00327217
          55     1.22191     1.22916  0.00321543
          56     1.22385     1.22907  0.00315941
          57     1.25016     1.22944  0.00312557
          58     1.21751     1.22923  0.00307844
          59     1.23566     1.22934   0.0030282
          60     1.23163     1.22938  0.00297797
          61     1.19899     1.22888  0.00297052
          62     1.21203     1.22861  0.00293501
          63     1.22558     1.22856  0.00288882
          64     1.20275     1.22816   0.0028717
          65     1.16971     1.22726  0.00296496
          66     1.24712     1.22756  0.00293526
          67      1.1974     1.22711  0.00292577
          68     1.18294     1.22646  0.00295398
          69     1.21187     1.22625  0.00291873
          70     1.19475      1.2258  0.00291151
          71     1.20494     1.22551  0.00288529
          72     1.18236     1.22491  0.00290679
          73     1.17775     1.22426  0.00293788
          74     1.18926     1.22379    0.002936
          75     1.22608     1.22382  0.00289701
          76     1.20137     1.22352  0.00287391
          77     1.19937     1.22321  0.00285366
          78      1.2086     1.22302  0.00282321
          79     1.20277     1.22277  0.00279909
          80       1.222     1.22276  0.00276411
          81     1.22751     1.22281  0.00273061
          82     1.21646     1.22274  0.00269841
          83     1.21503     1.22264   0.0026675
          84     1.23378     1.22278  0.00263904
          85     1.24918     1.22309  0.00262621
          86     1.27311     1.22367   0.0026593
          87     1.22661      1.2237  0.00262895
          88     1.20658     1.22351  0.00260626
          89     1.20732     1.22333  0.00258331
          90     1.26255     1.22376  0.00259112
          91     1.22724      1.2238  0.00256293
          92     1.20175     1.22356  0.00254625
          93     1.20442     1.22335  0.00252718
          94     1.20199     1.22313  0.00251049
          95     1.22459     1.22314  0.00248411
          96     1.23893     1.22331  0.00246367
          97      1.2426     1.22351  0.00244629
          98     1.27402     1.22402  0.00247504
          99     1.25918     1.22438  0.00247538
         100     1.26409     1.22477  0.00248228
