           1     1.13602     1.13602           0
           2     1.14841     1.14221  0.00438002
           3     1.13488     1.13977  0.00353783
           4     1.13893     1.13956  0.00265955
           5     1.13016     1.13768  0.00271195
           6     1.14948     1.13965  0.00288612
           7     1.14141      1.1399   0.0024848
           8      1.1247       1.138  0.00280812
           9     1.14646     1.13894  0.00264885
          10     1.15851      1.1409  0.00302195
          11     1.13227     1.14011  0.00284719
          12     1.11634     1.13813  0.00322639
          13     1.16547     1.14023  0.00359899
          14     1.15957     1.14161  0.00359717
          15     1.14589      1.1419  0.00336863
          16     1.15473      1.1427  0.00325218
          17     1.12845     1.14186  0.00316711
          18     1.12248     1.14079  0.00316889
          19     1.15707     1.14164  0.00311578
          20     1.14504     1.14181  0.00296461
          21     1.16543     1.14294  0.00302926
          22     1.13164     1.14242  0.00293479
          23     1.14442     1.14251  0.00280847
          24     1.13345     1.14213  0.00271673
          25      1.1365     1.14191   0.0026174
          26     1.11726     1.14096  0.00268289
          27     1.13328     1.14068  0.00259855
          28     1.13766     1.14057  0.00250796
          29     1.14347     1.14067  0.00242349
          30     1.14997     1.14098  0.00236247
          31      1.1497     1.14126  0.00230297
          32     1.14102     1.14125  0.00223101
          33     1.14027     1.14122   0.0021636
          34     1.14928     1.14146  0.00211289
          35     1.12495     1.14099  0.00210451
          36     1.14007     1.14096  0.00204621
          37     1.15361      1.1413  0.00201926
          38     1.10829     1.14044  0.00214491
          39     1.13953     1.14041  0.00209004
          40      1.1611     1.14093  0.00210083
          41     1.14119     1.14094   0.0020496
          42     1.09936     1.13995  0.00222706
          43     1.15864     1.14038   0.0022173
          44     1.13441     1.14024  0.00217106
          45      1.1614     1.14071   0.0021731
          46     1.14618     1.14083   0.0021291
          47     1.16282      1.1413  0.00213458
          48     1.15068      1.1415  0.00209903
          49     1.15012     1.14167  0.00206356
          50     1.13064     1.14145  0.00203404
          51     1.13957     1.14142  0.00199449
          52     1.13276     1.14125  0.00196308
          53     1.14225     1.14127  0.00192613
          54     1.12348     1.14094  0.00191842
          55     1.15244     1.14115  0.00189489
          56     1.13704     1.14107  0.00186248
          57     1.12158     1.14073  0.00186092
          58     1.12987     1.14054  0.00183825
          59     1.14138     1.14056  0.00180714
          60     1.15199     1.14075  0.00178704
          61     1.14874     1.14088  0.00176253
          62     1.14263     1.14091  0.00173433
          63     1.16635     1.14131  0.00175319
          64     1.15898     1.14159  0.00174739
          65     1.15843     1.14185   0.0017396
          66     1.14293     1.14186  0.00171332
          67     1.14752     1.14195  0.00168983
          68     1.12884     1.14176  0.00167594
          69     1.13355     1.14164  0.00165586
          70     1.12245     1.14136  0.00165474
          71     1.14978     1.14148  0.00163567
          72     1.12426     1.14124  0.00163035
          73     1.13825      1.1412  0.00160853
          74     1.13449     1.14111  0.00158936
          75     1.13247     1.14099  0.00157233
          76     1.12732     1.14081  0.00156191
          77     1.17489     1.14126  0.00160308
          78     1.15342     1.14141  0.00159009
          79     1.16509     1.14171  0.00159796
          80     1.16293     1.14198  0.00159985
          81     1.14639     1.14203  0.00158103
          82      1.1372     1.14197  0.00156284
          83     1.13542     1.14189  0.00154601
          84     1.13383      1.1418  0.00153059
          85      1.1373     1.14175  0.00151349
          86     1.14118     1.14174  0.00149591
          87     1.15165     1.14185  0.00148304
          88     1.15181     1.14197   0.0014705
          89     1.14009     1.14195  0.00145413
          90     1.15216     1.14206  0.00144239
          91      1.1435     1.14207  0.00142663
          92     1.14023     1.14205  0.00141127
          93     1.14957     1.14214   0.0013984
          94     1.12583     1.14196  0.00139424
          95     1.14486     1.14199   0.0013799
          96      1.1628     1.14221  0.00138244
          97      1.1414      1.1422  0.00136821
          98     1.15368     1.14232  0.00135925
          99     1.13371     1.14223   0.0013483
         100     1.13424     1.14215  0.00133719
