           1     2.41726     2.41726           0
           2     2.36741     2.39233   0.0176248
           3     2.47965     2.42144   0.0265105
           4      2.4052     2.41738   0.0201914
           5     2.50227     2.43436   0.0221705
           6     2.24534     2.40285   0.0341807
           7     2.37775     2.39927   0.0294852
           8      2.3441     2.39237   0.0265937
           9     2.27964     2.37985   0.0264246
          10     2.15015     2.35688    0.032256
          11     2.35804     2.35698   0.0293238
          12     2.45338     2.36501   0.0279588
          13      2.1963     2.35204   0.0286626
          14     2.31542     2.34942   0.0267343
          15      2.2836     2.34503   0.0253095
          16     2.38327     2.34742   0.0238402
          17     2.40181     2.35062   0.0226515
          18     2.48297     2.35797   0.0225548
          19     2.24859     2.35222   0.0220903
          20     2.33789      2.3515   0.0209974
          21     2.21364     2.34494   0.0209988
          22     2.43705     2.34912   0.0204575
          23     2.30252      2.3471   0.0196681
          24     2.37175     2.34812   0.0188754
          25     2.35257      2.3483   0.0181212
          26     2.52281     2.35501   0.0186258
          27     2.38585     2.35616    0.017971
          28     2.40975     2.35807   0.0174308
          29     2.33122     2.35714   0.0168543
          30     2.27404     2.35437   0.0165186
          31     2.23324     2.35047   0.0164414
          32     2.31276     2.34929   0.0159698
          33     2.36737     2.34984   0.0154952
          34     2.30039     2.34838   0.0151076
          35     2.49997     2.35271   0.0152841
          36     2.48844     2.35648   0.0153175
          37      2.3381     2.35599   0.0149116
          38     2.63229     2.36326   0.0161951
          39      2.3485     2.36288   0.0157843
          40     2.17064     2.35807   0.0161047
          41      2.3335     2.35747   0.0157231
          42     2.65201     2.36449   0.0168402
          43     2.34212     2.36397   0.0164566
          44     2.37736     2.36427   0.0160854
          45     2.22195     2.36111   0.0160358
          46     2.39193     2.36178   0.0157012
          47     2.15986     2.35748   0.0159441
          48      2.2416     2.35507   0.0157936
          49     2.37005     2.35537   0.0154743
          50     2.47596     2.35778   0.0153516
          51     2.39868     2.35859   0.0150715
          52     2.45961     2.36053   0.0149063
          53     2.33131     2.35998   0.0146353
          54     2.45045     2.36165   0.0144598
          55     2.33996     2.36126   0.0142023
          56     2.36616     2.36135    0.013949
          57     2.49986     2.36378   0.0139143
          58     2.63834     2.36851   0.0144573
          59     2.45353     2.36995   0.0142839
          60     2.29034     2.36862   0.0141073
          61     2.31331     2.36772   0.0139051
          62      2.3436     2.36733   0.0136863
          63     2.13069     2.36357    0.013975
          64     2.17104     2.36056   0.0140767
          65     2.19396       2.358   0.0140916
          66      2.3363     2.35767   0.0138819
          67     2.32473     2.35718   0.0136834
          68     2.36059     2.35723   0.0134823
          69     2.41289     2.35804    0.013311
          70     2.39052      2.3585   0.0131289
          71     2.22408     2.35661   0.0130798
          72     2.49248      2.3585   0.0130336
          73     2.32537     2.35804   0.0128629
          74     2.35614     2.35802   0.0126891
          75     2.45598     2.35932    0.012587
          76     2.47803     2.36088   0.0125179
          77     2.03501     2.35665   0.0130512
          78     2.17898     2.35437   0.0130811
          79     2.24761     2.35302   0.0129852
          80     2.28027     2.35211   0.0128547
          81     2.32878     2.35182   0.0126992
          82     2.31019     2.35132   0.0125545
          83     2.36039     2.35143   0.0124037
          84     2.47211     2.35286   0.0123389
          85     2.35467     2.35288   0.0121938
          86     2.28275     2.35207   0.0120792
          87     2.26752      2.3511   0.0119794
          88     2.29151     2.35042   0.0118624
          89     2.35428     2.35046   0.0117292
          90     2.22845     2.34911    0.011677
          91     2.41281     2.34981   0.0115696
          92     2.41702     2.35054   0.0114669
          93     2.29995     2.34999   0.0113565
          94     2.47141     2.35129   0.0113089
          95     2.26484     2.35038   0.0112264
          96     2.33679     2.35023   0.0111104
          97     2.38016     2.35054   0.0110001
          98     2.33459     2.35038   0.0108891
          99     2.45421     2.35143   0.0108295
         100     2.33507     2.35127   0.0107224
