1.13631   -0.575616   -0.488031
-1.26448   -1.18666   0.314186
0.363723   1.96839   -0.384326
1.6993   -0.337176   0.0762368
0.02657   -0.212962   1.49649
0.287347   0.063429   1.20426
0.79093   -0.994913   1.83575
-1.78426   -0.202224   0.492505
2.07815   -0.426207   -0.404115
0.24626   0.813742   0.429481
0.22733   -0.479241   0.00197097
0.183782   -0.781097   0.823286
-1.70794   0.370166   1.75308
-0.813297   0.219144   1.79215
1.09427   0.314529   -0.943644
0.387803   -0.171941   0.359979
-0.790294   -0.107095   0.490689
0.196042   0.957059   -0.535089
-0.40001   -1.51057   2.18662
0.0985888   0.0637977   -0.829253
0.525222   2.95308   1.02022
-0.259204   1.20833   1.24801
-1.73939   -1.70197   -0.233029
1.62564   -1.95561   -2.1506
-1.54243   1.00191   -1.22503
2.28165   -0.809797   -0.448731
-2.31823   -2.15685   -0.123878
2.46916   0.321917   -0.564188
-0.137495   1.43277   0.421267
0.632164   2.2068   0.80573
-0.0999701   -0.840712   -1.27764
-1.08036   1.17439   -0.948225
0.395909   -1.05616   -0.301683
1.18775   1.37681   -1.43418
-0.102901   -1.36222   -0.598733
-1.54255   0.51052   -1.68126
-1.15162   -2.58122   0.961387
-1.61285   -0.203187   0.0546298
-0.726609   -2.09807   -0.553743
-0.976287   1.1033   1.56595
-0.806172   0.85737   -0.7245
-0.221055   -0.218897   -1.47184
-0.170406   0.366954   0.844632
-0.275905   1.82722   -0.492971
0.620607   -0.681303   -1.3603
0.174635   0.628018   -0.52836
-0.379559   1.23917   0.14285
-1.17215   -0.236916   1.06391
0.00938407   0.701668   -0.793923
-1.71514   -0.680251   -0.586547
-0.0253173   -0.0927217   1.08592
0.827585   2.35409   -0.0303514
-0.703434   0.975719   0.733438
0.0305041   -0.0471818   0.255899
0.458037   -0.0407396   -1.51068
-0.898132   -1.37422   0.0392668
3.35726   1.49752   -1.17921
0.271256   1.52169   -0.63704
-0.0673935   -0.41549   -0.764817
0.423778   0.210992   0.829176
-0.285404   0.364754   0.325166
1.35053   -0.398896   0.648527
0.136471   -0.907642   2.13456
0.403833   -0.165475   0.134588
1.40604   0.468059   0.177196
-1.29007   1.07181   0.111287
-0.43742   -0.0103238   -0.221849
0.26173   0.520717   -0.480875
0.54917   -2.21391   0.387846
-0.0183859   -0.143014   0.0844241
-0.463075   -0.960851   0.574758
0.506407   -1.79469   -0.736727
0.124659   -0.942521   0.0531964
-1.6724   0.625763   -2.43225
-1.43506   -0.817776   -0.57132
1.53471   -1.31699   -2.11375
-1.46405   -1.13149   -1.44799
1.26507   -0.578504   -1.12831
-0.834451   0.655254   0.234679
1.07902   -0.599023   1.24445
-1.10303   -2.07657   -0.655372
-0.637629   1.45996   -0.790428
0.411994   -0.300165   0.131787
-2.54245   0.526561   -0.618207
2.63009   -0.393801   -0.363034
1.57426   0.628577   -0.943936
-0.245813   1.16497   -0.639699
0.186643   -2.16886   -0.440364
1.55444   0.305254   0.776935
1.23808   2.81727   -1.84784
-0.77829   0.382035   -0.493151
0.603571   3.43691   0.147627
-0.883855   2.67502   -0.331076
1.17937   1.63978   2.33687
-0.136537   1.12251   -0.193505
-1.43031   -1.23894   -0.611549
0.288034   -2.23164   -0.661848
0.674932   0.605828   1.00231
-3.12407   0.416813   0.100054
0.636371   -0.69448   -0.943105
1.52147   -1.3704   0.259066
-0.700971   -0.330751   1.01862
1.31332   0.302021   2.64846
0.790043   -0.549538   1.98226
-0.0575271   -1.80803   1.63506
-0.733428   0.195947   1.78042
-0.700556   -0.736549   0.798276
0.132463   -0.206235   -1.18528
