                 1         -0.442835         -0.442835                 0
                 2         -0.445597         -0.444216       0.000976505
                 3         -0.435598         -0.441343        0.00243428
                 4         -0.439416         -0.440861        0.00187279
                 5         -0.443435         -0.441376        0.00156736
                 6          -0.43901         -0.440982        0.00135482
                 7         -0.442111         -0.441143        0.00117084
                 8         -0.440633         -0.441079        0.00102622
                 9         -0.448554          -0.44191        0.00120219
                10         -0.441792         -0.441898        0.00108203
                11         -0.443842         -0.442075       0.000997988
                12         -0.437336          -0.44168       0.000989863
                13         -0.442725          -0.44176       0.000916978
                14         -0.442805         -0.441835        0.00085451
                15         -0.442566         -0.441884       0.000798931
                16         -0.443838         -0.442006       0.000758279
                17         -0.446155          -0.44225       0.000751933
                18         -0.443717         -0.442331       0.000714562
                19         -0.435222         -0.441957       0.000768715
                20         -0.440138         -0.441866       0.000735642
                21          -0.44457         -0.441995       0.000711788
                22         -0.435673         -0.441708       0.000735162
                23         -0.442175         -0.441728       0.000703479
                24         -0.439969         -0.441655       0.000677973
                25          -0.43887         -0.441543       0.000659944
                26         -0.444963         -0.441675       0.000647535
                27          -0.43836         -0.441552       0.000635082
                28          -0.44264         -0.441591       0.000613588
                29         -0.441713         -0.441595       0.000592444
                30         -0.439189         -0.441515         0.0005781
                31         -0.444726         -0.441618       0.000568655
                32         -0.444802         -0.441718       0.000559522
                33         -0.439266         -0.441644       0.000547477
                34         -0.442451         -0.441667        0.00053189
                35         -0.444888         -0.441759        0.00052459
                36          -0.43822         -0.441661       0.000519149
                37         -0.439558         -0.441604       0.000508219
                38         -0.443638         -0.441658       0.000497654
                39         -0.440249         -0.441622       0.000486203
                40         -0.444321         -0.441689       0.000478707
                41         -0.443276         -0.441728       0.000468593
                42         -0.440982          -0.44171       0.000457773
                43         -0.445658         -0.441802        0.00045624
                44         -0.445053         -0.441876       0.000451813
                45         -0.446332         -0.441975       0.000452497
                46         -0.443169         -0.442001       0.000443404
                47         -0.436563         -0.441885       0.000448811
                48         -0.444794         -0.441946       0.000443534
                49          -0.44094         -0.441925       0.000434957
                50         -0.447758         -0.442042       0.000441626
                51         -0.440801         -0.442017       0.000433636
                52         -0.438401         -0.441948       0.000430838
                53         -0.439693         -0.441905       0.000424805
                54         -0.444123         -0.441946       0.000418919
                55         -0.443406         -0.441973       0.000412142
                56         -0.439988         -0.441937       0.000406304
                57         -0.441181         -0.441924       0.000399393
                58         -0.447148         -0.442014       0.000402533
                59         -0.442614         -0.442024       0.000395839
                60         -0.441693         -0.442019        0.00038928
                61         -0.443481         -0.442043       0.000383635
                62         -0.447467          -0.44213       0.000387296
                63         -0.438919         -0.442079       0.000384488
                64         -0.447553         -0.442165       0.000387874
                65         -0.440117         -0.442133       0.000383183
                66         -0.439968         -0.442101       0.000378779
                67          -0.44815         -0.442191       0.000383735
                68         -0.439478         -0.442151       0.000380161
                69         -0.442806          -0.44216        0.00037477
                70          -0.44212          -0.44216       0.000369416
                71         -0.441344         -0.442148       0.000364392
                72         -0.438795         -0.442102       0.000362296
                73         -0.440424         -0.442079       0.000358061
                74         -0.442782         -0.442088       0.000353348
                75         -0.437108         -0.442022       0.000354821
                76         -0.438577         -0.441977       0.000353036
                77         -0.446335         -0.442033       0.000352959
                78         -0.437913          -0.44198       0.000352365
                79         -0.440403          -0.44196       0.000348469
                80         -0.446248         -0.442014       0.000348211
                81         -0.444011         -0.442039       0.000344783
                82         -0.443202         -0.442053        0.00034087
                83         -0.441858         -0.442051       0.000336772
                84         -0.443659          -0.44207       0.000333307
                85         -0.438595         -0.442029       0.000331883
                86         -0.441694         -0.442025       0.000328047
                87          -0.43841         -0.441983       0.000326897
                88         -0.444585         -0.442013       0.000324516
                89         -0.442862         -0.442022        0.00032101
                90         -0.438577         -0.441984       0.000319718
                91         -0.438515         -0.441946       0.000318469
                92         -0.437551         -0.441898        0.00031857
                93         -0.442759         -0.441908       0.000315279
                94         -0.443734         -0.441927       0.000312523
                95         -0.440878         -0.441916       0.000309428
                96         -0.441245         -0.441909       0.000306284
                97         -0.441408         -0.441904        0.00030317
                98         -0.444052         -0.441926       0.000300868
                99         -0.442566         -0.441932       0.000297898
               100         -0.445733          -0.44197       0.000297333
