                 2          0.193164          0.197712       0.000720599
              1.95          0.197923          0.204616       0.000769725
               1.9          0.208485          0.212198       0.000784037
              1.85          0.216955          0.220681        0.00080668
               1.8           0.24192          0.229392       0.000766524
              1.75            0.2331           0.23852       0.000925345
               1.7          0.263319          0.249929       0.000823065
              1.65           0.25286          0.257227       0.000918899
               1.6          0.278717          0.269056        0.00104693
              1.55          0.270514          0.281576        0.00114018
               1.5          0.292329          0.295388        0.00113754
              1.45          0.288619          0.304493        0.00116354
               1.4          0.327724          0.317759        0.00127077
              1.35          0.330608          0.333379        0.00119912
               1.3          0.369178          0.346773        0.00144935
              1.25          0.359935          0.356073        0.00164946
               1.2          0.343986          0.369879        0.00151089
              1.15          0.380717          0.384768        0.00146964
               1.1          0.413066          0.393658        0.00183302
              1.05          0.373247           0.40363        0.00203314
                 1          0.433848          0.416676        0.00265125
              0.95          0.394052          0.428309         0.0025204
               0.9          0.471811          0.435479        0.00267848
              0.85          0.471071           0.43882         0.0030888
               0.8          0.470047          0.440928        0.00334875
              0.75          0.399755          0.437591        0.00429458
               0.7           0.44899          0.427332        0.00525916
              0.65          0.468464          0.417211        0.00584478
               0.6          0.444666          0.410044        0.00604337
              0.55           0.31511          0.373125        0.00606825
               0.5          0.377938          0.319416        0.00875286
              0.45          0.310852          0.198149         0.0126549
               0.4          0.118062          0.110116         0.0116274
              0.35         0.0181577         0.0267233        0.00790484
               0.3                 0        0.00297684        0.00143339
              0.25                 0                 0                 0
