                 2           0.19329          0.197689       0.000708886
              1.95           0.19566          0.204536        0.00070873
               1.9          0.204963          0.211779       0.000754806
              1.85          0.218077          0.219291       0.000819494
               1.8          0.237136          0.229992       0.000812747
              1.75          0.236505          0.238294       0.000964142
               1.7          0.254947          0.248607       0.000941303
              1.65          0.251648          0.260115       0.000982874
               1.6          0.275732          0.269142        0.00111553
              1.55          0.284023          0.281844        0.00107521
               1.5          0.284665          0.292924        0.00118413
              1.45          0.291124           0.30588         0.0013454
               1.4          0.324224          0.319433        0.00144105
              1.35           0.32288          0.331396        0.00137476
               1.3          0.367143          0.342777        0.00158409
              1.25          0.365571          0.358627        0.00170458
               1.2          0.360532           0.36849        0.00179626
              1.15          0.343737          0.382392        0.00202581
               1.1          0.395671          0.392236         0.0023216
              1.05            0.4257          0.410885        0.00242883
                 1          0.466764          0.414939        0.00253128
              0.95           0.40076           0.43097        0.00295587
               0.9          0.442151          0.438419        0.00347958
              0.85          0.535961          0.432564        0.00333757
               0.8          0.433735          0.434501        0.00367413
              0.75          0.411417          0.426866        0.00522729
               0.7          0.451259          0.429271        0.00634694
              0.65          0.492583          0.405731        0.00750994
               0.6          0.374133          0.397338        0.00687141
              0.55          0.343924          0.357933        0.00792915
               0.5          0.327626          0.299892         0.0120055
              0.45          0.100832          0.176323         0.0138506
               0.4          0.013902          0.111822         0.0158826
              0.35        0.00521404         0.0197999        0.00812561
               0.3                 0        0.00544797         0.0039719
              0.25                 0                 0                 0
