                 2          -0.46268         -0.461873       0.000377853
              1.95           -0.4738         -0.472237       0.000388144
               1.9          -0.48972         -0.482681       0.000400284
              1.85          -0.49612         -0.493209       0.000441223
               1.8          -0.51088         -0.504399       0.000424711
              1.75          -0.50636         -0.516364       0.000475512
               1.7           -0.5298         -0.529316       0.000438183
              1.65           -0.5436         -0.540896       0.000436641
               1.6          -0.56096         -0.554644        0.00044648
              1.55          -0.56824         -0.568787       0.000454689
               1.5          -0.58212         -0.582678       0.000450296
              1.45           -0.5948         -0.597973       0.000495693
               1.4          -0.61016         -0.613038       0.000456089
              1.35           -0.6232         -0.629558       0.000429406
               1.3           -0.6444         -0.646106       0.000439839
              1.25          -0.65824         -0.664179       0.000479299
               1.2          -0.68784         -0.682337       0.000549504
              1.15          -0.69608         -0.700496       0.000591402
               1.1          -0.72236         -0.720685       0.000586687
              1.05          -0.74444         -0.739742        0.00059103
                 1          -0.75536         -0.761111       0.000672836
              0.95          -0.78692         -0.783216       0.000642412
               0.9           -0.8094         -0.803933       0.000665252
              0.85           -0.8344         -0.827046       0.000665646
               0.8          -0.85044         -0.848453       0.000856016
              0.75           -0.8706         -0.869878       0.000861159
               0.7          -0.92024         -0.894144         0.0010779
              0.65          -0.89552         -0.912504        0.00120958
               0.6           -0.9448         -0.936576        0.00135105
              0.55          -0.96976         -0.956682        0.00151324
               0.5          -0.95052          -0.97214         0.0015456
              0.45          -0.99452         -0.989052        0.00103507
               0.4          -0.99944         -0.994486       0.000851198
              0.35          -0.99984          -0.99926       0.000319585
               0.3                -1         -0.999864       0.000101666
              0.25                -1                -1                 0
