                 2           1.26346             1.345         0.0077019
              1.95           1.52923           1.42236         0.0087126
               1.9           1.54505           1.51927        0.00978062
              1.85           1.77572           1.59632         0.0118774
               1.8           1.88656           1.70534         0.0113828
              1.75           1.64425           1.79044         0.0124609
               1.7           1.68414           1.91883         0.0134439
              1.65           2.14868           2.03474         0.0149752
               1.6           2.31137           2.17035         0.0183325
              1.55           2.22849            2.3273         0.0158631
               1.5           2.69981           2.52945         0.0205591
              1.45           2.51415           2.74405         0.0253736
               1.4           3.34071           2.96427         0.0252345
              1.35           3.11828           3.26974         0.0296679
               1.3            3.9192           3.60166         0.0294883
              1.25           4.00586           3.98139         0.0429657
               1.2           4.72137           4.40092         0.0517708
              1.15           4.50045           5.00117          0.063641
               1.1           6.83636           5.51137         0.0620033
              1.05             8.056           6.48636         0.0942701
                 1           5.92008           7.24698          0.111814
              0.95           7.35676            8.8366          0.140895
               0.9           11.7304           10.1985          0.143889
              0.85           17.7285            12.484          0.212695
               0.8           11.2509           15.1813          0.305462
              0.75           18.8052           19.0081          0.415322
               0.7           39.0614           25.8422          0.603153
              0.65           29.4743           32.0096          0.849446
               0.6           51.5291           45.3863            1.0879
              0.55           70.1294           60.6338           1.35884
               0.5           56.6134           77.3837           1.49794
              0.45           108.128           101.093           1.14171
               0.4           124.823            118.92           1.06594
              0.35           142.829           141.875          0.473855
               0.3           166.667           166.495          0.152201
              0.25               200               200               nan
