                 2          -0.47144         -0.462308       0.000382712
              1.95          -0.47236         -0.472158       0.000417989
               1.9          -0.48508         -0.482272       0.000422381
              1.85          -0.49488         -0.493758       0.000338554
               1.8          -0.51352         -0.504726       0.000397207
              1.75            -0.511         -0.516879       0.000423063
               1.7           -0.5384         -0.528798       0.000429406
              1.65          -0.53828          -0.54134       0.000424693
               1.6          -0.55716         -0.555091       0.000406066
              1.55          -0.57044         -0.568636       0.000392953
               1.5          -0.58228          -0.58272       0.000402197
              1.45          -0.60108         -0.598373       0.000467598
               1.4          -0.60936         -0.613207       0.000406153
              1.35          -0.62708         -0.629586       0.000443193
               1.3          -0.64956          -0.64626       0.000454844
              1.25           -0.6638         -0.664102       0.000491199
               1.2          -0.67936         -0.681971       0.000503642
              1.15          -0.69304          -0.70072       0.000498496
               1.1          -0.71488          -0.72159       0.000455875
              1.05          -0.74056         -0.740552       0.000529558
                 1           -0.7612         -0.761707       0.000520332
              0.95          -0.78796         -0.782116        0.00046331
               0.9          -0.80216         -0.803885       0.000550374
              0.85          -0.82484         -0.826166       0.000605042
               0.8            -0.853         -0.848802       0.000692551
              0.75           -0.8754          -0.87274       0.000832124
               0.7          -0.88176         -0.891626       0.000799052
              0.65          -0.89528         -0.914279       0.000881938
               0.6          -0.93996         -0.935522        0.00120756
              0.55          -0.96268          -0.95555        0.00118049
               0.5          -0.97152         -0.972319        0.00110486
              0.45          -0.97864         -0.987816       0.000912134
               0.4          -0.99496         -0.994834       0.000627018
              0.35          -0.99944          -0.99907       0.000288761
               0.3                -1         -0.999932       3.31817e-05
              0.25                -1                -1                 0
