                 2            0.0039         0.0281974        0.00124416
              1.95           0.01878           0.02791         0.0012059
               1.9            0.0257         0.0329806        0.00121552
              1.85           0.03084         0.0332376        0.00109056
               1.8           0.03126          0.033842        0.00151872
              1.75           0.03406         0.0371434        0.00138063
               1.7           0.04638         0.0395728        0.00152355
              1.65           0.05018          0.039715        0.00142395
               1.6           0.06596          0.043944        0.00163526
              1.55            0.0369          0.046801        0.00172586
               1.5           0.06432         0.0516452        0.00164082
              1.45           0.06138          0.053132        0.00185573
               1.4           0.09412         0.0554406         0.0023585
              1.35             0.052         0.0608456        0.00263935
               1.3           0.10136         0.0676258        0.00282787
              1.25           0.04908         0.0813582        0.00255089
               1.2           0.04786          0.086886        0.00284365
              1.15            0.0808          0.102875        0.00291806
               1.1           0.17628          0.114703        0.00382482
              1.05           0.10524          0.123727        0.00372073
                 1           0.14942          0.152113        0.00541534
              0.95           0.24608          0.167768        0.00514975
               0.9           0.25032          0.209554        0.00598768
              0.85           0.21778          0.242021        0.00790762
               0.8           0.24668           0.29505        0.00969707
              0.75           0.31702          0.357719         0.0103145
               0.7           0.33606          0.433458         0.0138157
              0.65            0.5408          0.572824         0.0143426
               0.6           0.90268          0.654039         0.0190753
              0.55           0.93852          0.808031         0.0141663
               0.5           0.95896          0.888333         0.0185351
              0.45           0.98366          0.961749        0.00671734
               0.4           0.99906          0.993707        0.00148048
              0.35           0.99896          0.998658       0.000533352
               0.3                 1          0.999817       0.000134401
              0.25                 1                 1                 0
