                 2           1.53352           1.35299        0.00689796
              1.95           1.43721           1.44406        0.00745437
               1.9           1.44785            1.4945        0.00725269
              1.85           1.64458            1.5881        0.00925244
               1.8           1.75236           1.70118        0.00985041
              1.75           1.80917           1.80052        0.00976255
               1.7           2.09094           1.90862          0.011248
              1.65           2.20528           2.01342         0.0123165
               1.6           2.18165           2.18675         0.0129128
              1.55           2.24232           2.36096         0.0150368
               1.5           2.62043           2.53789         0.0152908
              1.45           2.72047           2.69512         0.0169657
               1.4           3.11471           2.96774         0.0206109
              1.35           3.28551           3.27265         0.0247054
               1.3             4.138           3.58669         0.0310606
              1.25            3.9223           3.94539         0.0358129
               1.2            4.3779           4.38036         0.0375196
              1.15           4.32007           4.88273         0.0421257
               1.1           5.61989           5.62225         0.0544147
              1.05           6.06888           6.46089          0.058688
                 1           7.60456           7.40945         0.0824413
              0.95           8.53726            8.6333         0.0985265
               0.9           11.0609           10.2677          0.143741
              0.85           13.6727           12.3728          0.173355
               0.8           17.7031           15.2989           0.24911
              0.75           20.8692           20.3413          0.346493
               0.7           21.6909            24.504          0.405508
              0.65            22.617           32.9167          0.581766
               0.6           48.5731           44.6619          0.952623
              0.55           66.7254            59.403           1.01624
               0.5           78.0807            77.309           1.06699
              0.45           92.2272             99.97          0.996168
               0.4           121.095           119.448          0.767859
              0.35           142.506           141.737          0.395058
               0.3           166.667           166.604         0.0354321
              0.25               200               200               nan
