                 2           0.04536          0.025699        0.00147415
              1.95           0.03292         0.0282918        0.00161631
               1.9           0.03522         0.0321006        0.00171155
              1.85            0.0437         0.0340754        0.00156227
               1.8            0.0197         0.0317174        0.00177435
              1.75           0.05006         0.0364262        0.00190909
               1.7           0.04002          0.041597        0.00167941
              1.65           0.06404         0.0404064        0.00176719
               1.6           0.03456         0.0478484        0.00219986
              1.55           0.09378         0.0442902        0.00207537
               1.5            0.0265         0.0531338        0.00254034
              1.45           0.08248         0.0534096        0.00269348
               1.4           0.04784          0.058469        0.00269694
              1.35           0.08202         0.0590944        0.00279097
               1.3           0.03838           0.06971        0.00290866
              1.25           0.06436         0.0853986        0.00362875
               1.2           0.06586         0.0896704        0.00383316
              1.15           0.07502          0.100823        0.00435033
               1.1           0.14136          0.112885        0.00462526
              1.05           0.11924          0.123067        0.00567854
                 1            0.2145          0.150247         0.0059952
              0.95           0.28664          0.162498           0.00827
               0.9           0.12552          0.183097        0.00916079
              0.85           0.40912          0.234579         0.0111759
               0.8           0.22214          0.293122         0.0113387
              0.75           0.19698          0.365603         0.0147077
               0.7           0.59976          0.452555         0.0170754
              0.65           0.68946          0.540182         0.0200086
               0.6            0.8337          0.659782         0.0244416
              0.55           0.85458          0.826707         0.0169843
               0.5           0.77908          0.834229         0.0267141
              0.45           0.98464           0.97118         0.0047084
               0.4           0.99944           0.99165        0.00195918
              0.35           0.99918          0.997206        0.00224644
               0.3                 1          0.999888       6.40234e-05
              0.25                 1                 1                 0
